{"/Users/sth1pal/Documents/Development/JavaScript/nodejs/ts6/dev/hsLibs/d3/hsGraphD3/src/AbstractGraph.ts": {"path":"/Users/sth1pal/Documents/Development/JavaScript/nodejs/ts6/dev/hsLibs/d3/hsGraphD3/src/AbstractGraph.ts","statementMap":{"0":{"start":{"line":7,"column":0},"end":{"line":7,"column":41}},"1":{"start":{"line":7,"column":57},"end":{"line":7,"column":78}},"2":{"start":{"line":8,"column":0},"end":{"line":8,"column":51}},"3":{"start":{"line":10,"column":0},"end":{"line":10,"column":37}},"4":{"start":{"line":11,"column":0},"end":{"line":11,"column":45}},"5":{"start":{"line":17,"column":0},"end":{"line":17,"column":43}},"6":{"start":{"line":18,"column":0},"end":{"line":18,"column":42}},"7":{"start":{"line":19,"column":0},"end":{"line":19,"column":41}},"8":{"start":{"line":20,"column":0},"end":{"line":20,"column":41}},"9":{"start":{"line":21,"column":0},"end":{"line":21,"column":43}},"10":{"start":{"line":23,"column":26},"end":{"line":23,"column":30}},"11":{"start":{"line":37,"column":12},"end":{"line":37,"column":46}},"12":{"start":{"line":41,"column":8},"end":{"line":41,"column":25}},"13":{"start":{"line":42,"column":8},"end":{"line":42,"column":43}},"14":{"start":{"line":43,"column":8},"end":{"line":43,"column":62}},"15":{"start":{"line":44,"column":8},"end":{"line":44,"column":40}},"16":{"start":{"line":45,"column":8},"end":{"line":45,"column":50}},"17":{"start":{"line":46,"column":8},"end":{"line":46,"column":46}},"18":{"start":{"line":46,"column":32},"end":{"line":46,"column":45}},"19":{"start":{"line":50,"column":8},"end":{"line":50,"column":38}},"20":{"start":{"line":54,"column":8},"end":{"line":54,"column":36}},"21":{"start":{"line":62,"column":21},"end":{"line":62,"column":66}},"22":{"start":{"line":63,"column":8},"end":{"line":63,"column":26}},"23":{"start":{"line":64,"column":8},"end":{"line":64,"column":82}},"24":{"start":{"line":64,"column":57},"end":{"line":64,"column":80}},"25":{"start":{"line":73,"column":8},"end":{"line":73,"column":22}},"26":{"start":{"line":74,"column":8},"end":{"line":74,"column":51}},"27":{"start":{"line":84,"column":25},"end":{"line":84,"column":41}},"28":{"start":{"line":85,"column":8},"end":{"line":94,"column":10}},"29":{"start":{"line":98,"column":8},"end":{"line":104,"column":10}},"30":{"start":{"line":109,"column":20},"end":{"line":109,"column":31}},"31":{"start":{"line":110,"column":8},"end":{"line":118,"column":9}},"32":{"start":{"line":111,"column":12},"end":{"line":117,"column":13}},"33":{"start":{"line":112,"column":16},"end":{"line":112,"column":145}},"34":{"start":{"line":113,"column":16},"end":{"line":113,"column":57}},"35":{"start":{"line":114,"column":16},"end":{"line":114,"column":59}},"36":{"start":{"line":115,"column":16},"end":{"line":115,"column":106}},"37":{"start":{"line":116,"column":16},"end":{"line":116,"column":40}},"38":{"start":{"line":127,"column":20},"end":{"line":131,"column":57}},"39":{"start":{"line":134,"column":8},"end":{"line":134,"column":80}},"40":{"start":{"line":135,"column":8},"end":{"line":135,"column":47}},"41":{"start":{"line":136,"column":8},"end":{"line":136,"column":46}},"42":{"start":{"line":137,"column":8},"end":{"line":137,"column":48}},"43":{"start":{"line":138,"column":8},"end":{"line":138,"column":82}},"44":{"start":{"line":139,"column":8},"end":{"line":139,"column":19}},"45":{"start":{"line":147,"column":8},"end":{"line":147,"column":88}},"46":{"start":{"line":26,"column":0},"end":{"line":149,"column":1}}},"fnMap":{"0":{"name":"(anonymous_0)","decl":{"start":{"line":40,"column":4},"end":{"line":40,"column":15}},"loc":{"start":{"line":40,"column":24},"end":{"line":47,"column":5}}},"1":{"name":"(anonymous_1)","decl":{"start":{"line":46,"column":26},"end":{"line":46,"column":28}},"loc":{"start":{"line":46,"column":32},"end":{"line":46,"column":45}}},"2":{"name":"(anonymous_2)","decl":{"start":{"line":49,"column":4},"end":{"line":49,"column":14}},"loc":{"start":{"line":49,"column":23},"end":{"line":51,"column":5}}},"3":{"name":"(anonymous_3)","decl":{"start":{"line":53,"column":4},"end":{"line":53,"column":14}},"loc":{"start":{"line":53,"column":23},"end":{"line":55,"column":5}}},"4":{"name":"(anonymous_4)","decl":{"start":{"line":61,"column":11},"end":{"line":61,"column":16}},"loc":{"start":{"line":61,"column":45},"end":{"line":65,"column":5}}},"5":{"name":"(anonymous_5)","decl":{"start":{"line":64,"column":32},"end":{"line":64,"column":33}},"loc":{"start":{"line":64,"column":57},"end":{"line":64,"column":80}}},"6":{"name":"(anonymous_6)","decl":{"start":{"line":72,"column":11},"end":{"line":72,"column":19}},"loc":{"start":{"line":72,"column":72},"end":{"line":75,"column":5}}},"7":{"name":"(anonymous_7)","decl":{"start":{"line":83,"column":12},"end":{"line":83,"column":24}},"loc":{"start":{"line":83,"column":25},"end":{"line":95,"column":5}}},"8":{"name":"(anonymous_8)","decl":{"start":{"line":97,"column":12},"end":{"line":97,"column":27}},"loc":{"start":{"line":97,"column":28},"end":{"line":105,"column":5}}},"9":{"name":"(anonymous_9)","decl":{"start":{"line":108,"column":12},"end":{"line":108,"column":17}},"loc":{"start":{"line":108,"column":18},"end":{"line":119,"column":5}}},"10":{"name":"(anonymous_10)","decl":{"start":{"line":126,"column":12},"end":{"line":126,"column":24}},"loc":{"start":{"line":126,"column":39},"end":{"line":140,"column":5}}},"11":{"name":"(anonymous_11)","decl":{"start":{"line":146,"column":12},"end":{"line":146,"column":24}},"loc":{"start":{"line":146,"column":39},"end":{"line":148,"column":5}}}},"branchMap":{"0":{"loc":{"start":{"line":62,"column":45},"end":{"line":62,"column":49}},"type":"cond-expr","locations":[{"start":{"line":62,"column":45},"end":{"line":62,"column":49}},{"start":{"line":62,"column":52},"end":{"line":62,"column":66}}]},"1":{"loc":{"start":{"line":110,"column":8},"end":{"line":118,"column":9}},"type":"if","locations":[{"start":{"line":110,"column":8},"end":{"line":118,"column":9}},{"start":{"line":110,"column":8},"end":{"line":118,"column":9}}]},"2":{"loc":{"start":{"line":110,"column":12},"end":{"line":110,"column":21}},"type":"binary-expr","locations":[{"start":{"line":110,"column":12},"end":{"line":110,"column":21}},{"start":{"line":110,"column":25},"end":{"line":110,"column":50}}]},"3":{"loc":{"start":{"line":111,"column":12},"end":{"line":117,"column":13}},"type":"if","locations":[{"start":{"line":111,"column":12},"end":{"line":117,"column":13}},{"start":{"line":111,"column":12},"end":{"line":117,"column":13}}]},"4":{"loc":{"start":{"line":111,"column":16},"end":{"line":111,"column":58}},"type":"binary-expr","locations":[{"start":{"line":111,"column":16},"end":{"line":111,"column":58}},{"start":{"line":111,"column":62},"end":{"line":111,"column":106}}]}},"s":{"0":1,"1":1,"2":1,"3":1,"4":1,"5":1,"6":1,"7":1,"8":1,"9":1,"10":1,"11":1,"12":1,"13":1,"14":1,"15":1,"16":1,"17":1,"18":0,"19":0,"20":2,"21":0,"22":0,"23":0,"24":0,"25":0,"26":0,"27":1,"28":1,"29":1,"30":0,"31":0,"32":0,"33":0,"34":0,"35":0,"36":0,"37":0,"38":1,"39":1,"40":1,"41":1,"42":1,"43":1,"44":1,"45":1,"46":1},"f":{"0":1,"1":0,"2":0,"3":2,"4":0,"5":0,"6":0,"7":1,"8":1,"9":0,"10":1,"11":1},"b":{"0":[0,0],"1":[0,0],"2":[0,0],"3":[0,0],"4":[0,0]}}
,"/Users/sth1pal/Documents/Development/JavaScript/nodejs/ts6/dev/hsLibs/d3/hsGraphD3/src/Axis.ts": {"path":"/Users/sth1pal/Documents/Development/JavaScript/nodejs/ts6/dev/hsLibs/d3/hsGraphD3/src/Axis.ts","statementMap":{"0":{"start":{"line":7,"column":1},"end":{"line":7,"column":37}},"1":{"start":{"line":8,"column":0},"end":{"line":8,"column":41}},"2":{"start":{"line":8,"column":57},"end":{"line":8,"column":69}},"3":{"start":{"line":9,"column":0},"end":{"line":9,"column":51}},"4":{"start":{"line":12,"column":0},"end":{"line":12,"column":45}},"5":{"start":{"line":14,"column":25},"end":{"line":14,"column":27}},"6":{"start":{"line":15,"column":25},"end":{"line":15,"column":27}},"7":{"start":{"line":17,"column":0},"end":{"line":20,"column":1}},"8":{"start":{"line":18,"column":4},"end":{"line":18,"column":23}},"9":{"start":{"line":19,"column":4},"end":{"line":19,"column":23}},"10":{"start":{"line":40,"column":8},"end":{"line":40,"column":48}},"11":{"start":{"line":37,"column":12},"end":{"line":37,"column":30}},"12":{"start":{"line":41,"column":8},"end":{"line":41,"column":60}},"13":{"start":{"line":42,"column":8},"end":{"line":42,"column":58}},"14":{"start":{"line":45,"column":33},"end":{"line":45,"column":47}},"15":{"start":{"line":48,"column":8},"end":{"line":62,"column":11}},"16":{"start":{"line":66,"column":8},"end":{"line":66,"column":58}},"17":{"start":{"line":66,"column":34},"end":{"line":66,"column":56}},"18":{"start":{"line":36,"column":0},"end":{"line":68,"column":1}},"19":{"start":{"line":75,"column":8},"end":{"line":75,"column":60}},"20":{"start":{"line":76,"column":8},"end":{"line":76,"column":23}},"21":{"start":{"line":77,"column":8},"end":{"line":77,"column":45}},"22":{"start":{"line":80,"column":33},"end":{"line":80,"column":47}},"23":{"start":{"line":85,"column":23},"end":{"line":85,"column":38}},"24":{"start":{"line":86,"column":22},"end":{"line":86,"column":57}},"25":{"start":{"line":88,"column":8},"end":{"line":89,"column":76}},"26":{"start":{"line":90,"column":8},"end":{"line":93,"column":56}},"27":{"start":{"line":95,"column":8},"end":{"line":103,"column":9}},"28":{"start":{"line":96,"column":12},"end":{"line":96,"column":48}},"29":{"start":{"line":97,"column":30},"end":{"line":97,"column":116}},"30":{"start":{"line":98,"column":12},"end":{"line":98,"column":69}},"31":{"start":{"line":100,"column":12},"end":{"line":100,"column":50}},"32":{"start":{"line":101,"column":30},"end":{"line":101,"column":115}},"33":{"start":{"line":102,"column":12},"end":{"line":102,"column":69}},"34":{"start":{"line":104,"column":8},"end":{"line":104,"column":33}},"35":{"start":{"line":105,"column":8},"end":{"line":110,"column":63}},"36":{"start":{"line":111,"column":8},"end":{"line":111,"column":28}},"37":{"start":{"line":112,"column":8},"end":{"line":115,"column":37}},"38":{"start":{"line":71,"column":0},"end":{"line":117,"column":1}}},"fnMap":{"0":{"name":"(anonymous_0)","decl":{"start":{"line":17,"column":0},"end":{"line":17,"column":11}},"loc":{"start":{"line":17,"column":21},"end":{"line":20,"column":1}}},"1":{"name":"(anonymous_1)","decl":{"start":{"line":39,"column":4},"end":{"line":39,"column":15}},"loc":{"start":{"line":39,"column":28},"end":{"line":43,"column":5}}},"2":{"name":"(anonymous_2)","decl":{"start":{"line":45,"column":4},"end":{"line":45,"column":14}},"loc":{"start":{"line":45,"column":28},"end":{"line":45,"column":49}}},"3":{"name":"(anonymous_3)","decl":{"start":{"line":47,"column":11},"end":{"line":47,"column":24}},"loc":{"start":{"line":47,"column":25},"end":{"line":63,"column":5}}},"4":{"name":"(anonymous_4)","decl":{"start":{"line":65,"column":11},"end":{"line":65,"column":25}},"loc":{"start":{"line":65,"column":26},"end":{"line":67,"column":5}}},"5":{"name":"(anonymous_5)","decl":{"start":{"line":66,"column":26},"end":{"line":66,"column":29}},"loc":{"start":{"line":66,"column":34},"end":{"line":66,"column":56}}},"6":{"name":"(anonymous_6)","decl":{"start":{"line":74,"column":4},"end":{"line":74,"column":15}},"loc":{"start":{"line":74,"column":43},"end":{"line":78,"column":5}}},"7":{"name":"(anonymous_7)","decl":{"start":{"line":80,"column":4},"end":{"line":80,"column":14}},"loc":{"start":{"line":80,"column":28},"end":{"line":80,"column":49}}},"8":{"name":"(anonymous_8)","decl":{"start":{"line":82,"column":11},"end":{"line":82,"column":24}},"loc":{"start":{"line":82,"column":25},"end":{"line":82,"column":30}}},"9":{"name":"(anonymous_9)","decl":{"start":{"line":84,"column":11},"end":{"line":84,"column":25}},"loc":{"start":{"line":84,"column":26},"end":{"line":116,"column":9}}}},"branchMap":{"0":{"loc":{"start":{"line":17,"column":12},"end":{"line":17,"column":21}},"type":"binary-expr","locations":[{"start":{"line":17,"column":12},"end":{"line":17,"column":21}},{"start":{"line":17,"column":12},"end":{"line":17,"column":21}}]},"1":{"loc":{"start":{"line":95,"column":8},"end":{"line":103,"column":9}},"type":"if","locations":[{"start":{"line":95,"column":8},"end":{"line":103,"column":9}},{"start":{"line":95,"column":8},"end":{"line":103,"column":9}}]},"2":{"loc":{"start":{"line":114,"column":28},"end":{"line":114,"column":49}},"type":"binary-expr","locations":[{"start":{"line":114,"column":28},"end":{"line":114,"column":49}},{"start":{"line":114,"column":53},"end":{"line":114,"column":67}}]}},"s":{"0":1,"1":1,"2":1,"3":1,"4":1,"5":1,"6":1,"7":1,"8":1,"9":1,"10":1,"11":1,"12":1,"13":1,"14":1,"15":1,"16":0,"17":0,"18":1,"19":2,"20":2,"21":2,"22":0,"23":0,"24":0,"25":0,"26":0,"27":0,"28":0,"29":0,"30":0,"31":0,"32":0,"33":0,"34":0,"35":0,"36":0,"37":0,"38":1},"f":{"0":1,"1":1,"2":1,"3":1,"4":0,"5":0,"6":2,"7":0,"8":2,"9":0},"b":{"0":[1,1],"1":[0,0],"2":[0,0]}}
,"/Users/sth1pal/Documents/Development/JavaScript/nodejs/ts6/dev/hsLibs/d3/hsGraphD3/src/Canvas.ts": {"path":"/Users/sth1pal/Documents/Development/JavaScript/nodejs/ts6/dev/hsLibs/d3/hsGraphD3/src/Canvas.ts","statementMap":{"0":{"start":{"line":3,"column":0},"end":{"line":3,"column":41}},"1":{"start":{"line":4,"column":0},"end":{"line":4,"column":55}},"2":{"start":{"line":5,"column":0},"end":{"line":5,"column":49}},"3":{"start":{"line":12,"column":8},"end":{"line":12,"column":50}},"4":{"start":{"line":13,"column":8},"end":{"line":13,"column":60}},"5":{"start":{"line":14,"column":8},"end":{"line":14,"column":62}},"6":{"start":{"line":17,"column":33},"end":{"line":17,"column":49}},"7":{"start":{"line":20,"column":8},"end":{"line":32,"column":11}},"8":{"start":{"line":40,"column":39},"end":{"line":40,"column":66}},"9":{"start":{"line":41,"column":8},"end":{"line":47,"column":55}},"10":{"start":{"line":48,"column":8},"end":{"line":56,"column":37}},"11":{"start":{"line":10,"column":0},"end":{"line":58,"column":1}}},"fnMap":{"0":{"name":"(anonymous_0)","decl":{"start":{"line":11,"column":4},"end":{"line":11,"column":15}},"loc":{"start":{"line":11,"column":31},"end":{"line":15,"column":5}}},"1":{"name":"(anonymous_1)","decl":{"start":{"line":17,"column":4},"end":{"line":17,"column":14}},"loc":{"start":{"line":17,"column":28},"end":{"line":17,"column":51}}},"2":{"name":"(anonymous_2)","decl":{"start":{"line":19,"column":11},"end":{"line":19,"column":24}},"loc":{"start":{"line":19,"column":25},"end":{"line":33,"column":5}}},"3":{"name":"(anonymous_3)","decl":{"start":{"line":39,"column":11},"end":{"line":39,"column":25}},"loc":{"start":{"line":39,"column":26},"end":{"line":57,"column":5}}}},"branchMap":{},"s":{"0":1,"1":1,"2":1,"3":1,"4":1,"5":1,"6":1,"7":1,"8":0,"9":0,"10":0,"11":1},"f":{"0":1,"1":1,"2":1,"3":0},"b":{}}
,"/Users/sth1pal/Documents/Development/JavaScript/nodejs/ts6/dev/hsLibs/d3/hsGraphD3/src/Defaults.ts": {"path":"/Users/sth1pal/Documents/Development/JavaScript/nodejs/ts6/dev/hsLibs/d3/hsGraphD3/src/Defaults.ts","statementMap":{"0":{"start":{"line":15,"column":0},"end":{"line":15,"column":37}},"1":{"start":{"line":15,"column":51},"end":{"line":15,"column":67}},"2":{"start":{"line":58,"column":12},"end":{"line":58,"column":39}},"3":{"start":{"line":61,"column":8},"end":{"line":61,"column":50}},"4":{"start":{"line":65,"column":8},"end":{"line":72,"column":9}},"5":{"start":{"line":66,"column":12},"end":{"line":66,"column":104}},"6":{"start":{"line":68,"column":12},"end":{"line":70,"column":13}},"7":{"start":{"line":69,"column":16},"end":{"line":69,"column":80}},"8":{"start":{"line":71,"column":12},"end":{"line":71,"column":33}},"9":{"start":{"line":57,"column":19},"end":{"line":57,"column":50}},"10":{"start":{"line":56,"column":0},"end":{"line":74,"column":2}},"11":{"start":{"line":77,"column":13},"end":{"line":83,"column":2}},"12":{"start":{"line":78,"column":4},"end":{"line":82,"column":6}},"13":{"start":{"line":91,"column":13},"end":{"line":105,"column":2}},"14":{"start":{"line":92,"column":4},"end":{"line":104,"column":6}},"15":{"start":{"line":107,"column":13},"end":{"line":117,"column":2}},"16":{"start":{"line":108,"column":4},"end":{"line":116,"column":6}}},"fnMap":{"0":{"name":"(anonymous_0)","decl":{"start":{"line":56,"column":0},"end":{"line":null,"column":-1}},"loc":{"start":{"line":56,"column":0},"end":{"line":74,"column":2}}},"1":{"name":"(anonymous_1)","decl":{"start":{"line":60,"column":11},"end":{"line":60,"column":16}},"loc":{"start":{"line":60,"column":88},"end":{"line":62,"column":5}}},"2":{"name":"(anonymous_2)","decl":{"start":{"line":64,"column":11},"end":{"line":64,"column":21}},"loc":{"start":{"line":64,"column":39},"end":{"line":73,"column":5}}},"3":{"name":"(anonymous_3)","decl":{"start":{"line":77,"column":27},"end":{"line":77,"column":28}},"loc":{"start":{"line":77,"column":81},"end":{"line":83,"column":1}}},"4":{"name":"(anonymous_4)","decl":{"start":{"line":91,"column":27},"end":{"line":91,"column":28}},"loc":{"start":{"line":91,"column":118},"end":{"line":105,"column":1}}},"5":{"name":"(anonymous_5)","decl":{"start":{"line":107,"column":27},"end":{"line":107,"column":28}},"loc":{"start":{"line":107,"column":51},"end":{"line":117,"column":1}}}},"branchMap":{"0":{"loc":{"start":{"line":65,"column":8},"end":{"line":72,"column":9}},"type":"if","locations":[{"start":{"line":65,"column":8},"end":{"line":72,"column":9}},{"start":{"line":65,"column":8},"end":{"line":72,"column":9}}]},"1":{"loc":{"start":{"line":66,"column":45},"end":{"line":66,"column":68}},"type":"binary-expr","locations":[{"start":{"line":66,"column":45},"end":{"line":66,"column":68}},{"start":{"line":66,"column":72},"end":{"line":66,"column":103}}]},"2":{"loc":{"start":{"line":69,"column":35},"end":{"line":69,"column":51}},"type":"binary-expr","locations":[{"start":{"line":69,"column":35},"end":{"line":69,"column":51}},{"start":{"line":69,"column":55},"end":{"line":69,"column":79}}]},"3":{"loc":{"start":{"line":77,"column":56},"end":{"line":77,"column":70}},"type":"default-arg","locations":[{"start":{"line":77,"column":56},"end":{"line":77,"column":70}}]},"4":{"loc":{"start":{"line":91,"column":65},"end":{"line":91,"column":66}},"type":"default-arg","locations":[{"start":{"line":91,"column":65},"end":{"line":91,"column":66}}]},"5":{"loc":{"start":{"line":91,"column":88},"end":{"line":91,"column":102}},"type":"default-arg","locations":[{"start":{"line":91,"column":88},"end":{"line":91,"column":102}}]},"6":{"loc":{"start":{"line":107,"column":33},"end":{"line":107,"column":35}},"type":"default-arg","locations":[{"start":{"line":107,"column":33},"end":{"line":107,"column":35}}]}},"s":{"0":2,"1":2,"2":1,"3":5,"4":1,"5":1,"6":0,"7":0,"8":0,"9":2,"10":2,"11":2,"12":8,"13":2,"14":0,"15":2,"16":2},"f":{"0":1,"1":5,"2":1,"3":8,"4":0,"5":2},"b":{"0":[1,0],"1":[1,1],"2":[0,0],"3":[4],"4":[0],"5":[0],"6":[2]}}
,"/Users/sth1pal/Documents/Development/JavaScript/nodejs/ts6/dev/hsLibs/d3/hsGraphD3/src/Graph2DCartesian.ts": {"path":"/Users/sth1pal/Documents/Development/JavaScript/nodejs/ts6/dev/hsLibs/d3/hsGraphD3/src/Graph2DCartesian.ts","statementMap":{"0":{"start":{"line":81,"column":0},"end":{"line":81,"column":41}},"1":{"start":{"line":81,"column":57},"end":{"line":81,"column":81}},"2":{"start":{"line":82,"column":0},"end":{"line":82,"column":37}},"3":{"start":{"line":86,"column":0},"end":{"line":86,"column":50}},"4":{"start":{"line":89,"column":0},"end":{"line":89,"column":42}},"5":{"start":{"line":97,"column":8},"end":{"line":97,"column":20}},"6":{"start":{"line":94,"column":12},"end":{"line":94,"column":73}},"7":{"start":{"line":98,"column":8},"end":{"line":98,"column":81}},"8":{"start":{"line":99,"column":8},"end":{"line":99,"column":81}},"9":{"start":{"line":100,"column":38},"end":{"line":100,"column":68}},"10":{"start":{"line":101,"column":24},"end":{"line":101,"column":37}},"11":{"start":{"line":102,"column":8},"end":{"line":102,"column":94}},"12":{"start":{"line":103,"column":8},"end":{"line":103,"column":95}},"13":{"start":{"line":104,"column":8},"end":{"line":104,"column":35}},"14":{"start":{"line":113,"column":8},"end":{"line":113,"column":47}},"15":{"start":{"line":119,"column":12},"end":{"line":119,"column":65}},"16":{"start":{"line":120,"column":49},"end":{"line":120,"column":73}},"17":{"start":{"line":121,"column":12},"end":{"line":121,"column":76}},"18":{"start":{"line":122,"column":12},"end":{"line":122,"column":76}},"19":{"start":{"line":123,"column":12},"end":{"line":123,"column":36}},"20":{"start":{"line":125,"column":39},"end":{"line":125,"column":75}},"21":{"start":{"line":126,"column":23},"end":{"line":126,"column":53}},"22":{"start":{"line":127,"column":23},"end":{"line":127,"column":53}},"23":{"start":{"line":128,"column":20},"end":{"line":128,"column":42}},"24":{"start":{"line":129,"column":20},"end":{"line":129,"column":42}},"25":{"start":{"line":130,"column":8},"end":{"line":134,"column":9}},"26":{"start":{"line":131,"column":12},"end":{"line":133,"column":73}},"27":{"start":{"line":135,"column":8},"end":{"line":139,"column":9}},"28":{"start":{"line":136,"column":12},"end":{"line":138,"column":73}},"29":{"start":{"line":93,"column":0},"end":{"line":141,"column":1}}},"fnMap":{"0":{"name":"(anonymous_0)","decl":{"start":{"line":96,"column":4},"end":{"line":96,"column":15}},"loc":{"start":{"line":96,"column":24},"end":{"line":105,"column":5}}},"1":{"name":"(anonymous_1)","decl":{"start":{"line":112,"column":11},"end":{"line":112,"column":19}},"loc":{"start":{"line":112,"column":72},"end":{"line":114,"column":5}}},"2":{"name":"(anonymous_2)","decl":{"start":{"line":116,"column":14},"end":{"line":116,"column":22}},"loc":{"start":{"line":116,"column":33},"end":{"line":140,"column":5}}},"3":{"name":"expandDomain","decl":{"start":{"line":118,"column":17},"end":{"line":118,"column":29}},"loc":{"start":{"line":118,"column":82},"end":{"line":124,"column":9}}}},"branchMap":{"0":{"loc":{"start":{"line":119,"column":31},"end":{"line":119,"column":47}},"type":"binary-expr","locations":[{"start":{"line":119,"column":31},"end":{"line":119,"column":47}},{"start":{"line":119,"column":51},"end":{"line":119,"column":64}}]},"1":{"loc":{"start":{"line":130,"column":8},"end":{"line":134,"column":9}},"type":"if","locations":[{"start":{"line":130,"column":8},"end":{"line":134,"column":9}},{"start":{"line":130,"column":8},"end":{"line":134,"column":9}}]},"2":{"loc":{"start":{"line":135,"column":8},"end":{"line":139,"column":9}},"type":"if","locations":[{"start":{"line":135,"column":8},"end":{"line":139,"column":9}},{"start":{"line":135,"column":8},"end":{"line":139,"column":9}}]}},"s":{"0":1,"1":1,"2":1,"3":1,"4":1,"5":1,"6":1,"7":1,"8":1,"9":1,"10":1,"11":1,"12":1,"13":1,"14":0,"15":0,"16":0,"17":0,"18":0,"19":0,"20":0,"21":0,"22":0,"23":0,"24":0,"25":0,"26":0,"27":0,"28":0,"29":1},"f":{"0":1,"1":0,"2":0,"3":0},"b":{"0":[0,0],"1":[0,0],"2":[0,0]}}
,"/Users/sth1pal/Documents/Development/JavaScript/nodejs/ts6/dev/hsLibs/d3/hsGraphD3/src/GraphComponent.ts": {"path":"/Users/sth1pal/Documents/Development/JavaScript/nodejs/ts6/dev/hsLibs/d3/hsGraphD3/src/GraphComponent.ts","statementMap":{"0":{"start":{"line":57,"column":8},"end":{"line":57,"column":23}},"1":{"start":{"line":58,"column":8},"end":{"line":58,"column":27}},"2":{"start":{"line":59,"column":8},"end":{"line":59,"column":30}},"3":{"start":{"line":49,"column":0},"end":{"line":70,"column":1}}},"fnMap":{"0":{"name":"(anonymous_0)","decl":{"start":{"line":56,"column":4},"end":{"line":56,"column":15}},"loc":{"start":{"line":56,"column":47},"end":{"line":60,"column":5}}}},"branchMap":{},"s":{"0":7,"1":7,"2":7,"3":1},"f":{"0":7},"b":{}}
,"/Users/sth1pal/Documents/Development/JavaScript/nodejs/ts6/dev/hsLibs/d3/hsGraphD3/src/Grid.ts": {"path":"/Users/sth1pal/Documents/Development/JavaScript/nodejs/ts6/dev/hsLibs/d3/hsGraphD3/src/Grid.ts","statementMap":{"0":{"start":{"line":7,"column":0},"end":{"line":7,"column":41}},"1":{"start":{"line":7,"column":57},"end":{"line":7,"column":69}},"2":{"start":{"line":8,"column":0},"end":{"line":8,"column":51}},"3":{"start":{"line":13,"column":0},"end":{"line":13,"column":45}},"4":{"start":{"line":14,"column":0},"end":{"line":14,"column":45}},"5":{"start":{"line":15,"column":0},"end":{"line":15,"column":41}},"6":{"start":{"line":18,"column":0},"end":{"line":21,"column":1}},"7":{"start":{"line":19,"column":4},"end":{"line":19,"column":21}},"8":{"start":{"line":20,"column":4},"end":{"line":20,"column":21}},"9":{"start":{"line":40,"column":8},"end":{"line":40,"column":49}},"10":{"start":{"line":35,"column":12},"end":{"line":38,"column":6}},"11":{"start":{"line":41,"column":8},"end":{"line":41,"column":91}},"12":{"start":{"line":42,"column":8},"end":{"line":42,"column":91}},"13":{"start":{"line":43,"column":8},"end":{"line":43,"column":89}},"14":{"start":{"line":44,"column":8},"end":{"line":44,"column":89}},"15":{"start":{"line":47,"column":26},"end":{"line":47,"column":41}},"16":{"start":{"line":50,"column":8},"end":{"line":59,"column":11}},"17":{"start":{"line":63,"column":8},"end":{"line":63,"column":53}},"18":{"start":{"line":64,"column":8},"end":{"line":64,"column":53}},"19":{"start":{"line":65,"column":8},"end":{"line":65,"column":53}},"20":{"start":{"line":66,"column":8},"end":{"line":66,"column":53}},"21":{"start":{"line":34,"column":0},"end":{"line":68,"column":1}},"22":{"start":{"line":74,"column":26},"end":{"line":74,"column":38}},"23":{"start":{"line":74,"column":50},"end":{"line":74,"column":63}},"24":{"start":{"line":74,"column":75},"end":{"line":74,"column":96}},"25":{"start":{"line":75,"column":26},"end":{"line":75,"column":47}},"26":{"start":{"line":76,"column":8},"end":{"line":76,"column":51}},"27":{"start":{"line":77,"column":8},"end":{"line":77,"column":85}},"28":{"start":{"line":81,"column":22},"end":{"line":81,"column":58}},"29":{"start":{"line":82,"column":39},"end":{"line":82,"column":72}},"30":{"start":{"line":83,"column":23},"end":{"line":83,"column":48}},"31":{"start":{"line":84,"column":23},"end":{"line":84,"column":48}},"32":{"start":{"line":85,"column":22},"end":{"line":85,"column":69}},"33":{"start":{"line":86,"column":8},"end":{"line":89,"column":51}},"34":{"start":{"line":90,"column":18},"end":{"line":94,"column":9}},"35":{"start":{"line":95,"column":26},"end":{"line":95,"column":79}},"36":{"start":{"line":96,"column":8},"end":{"line":96,"column":34}},"37":{"start":{"line":97,"column":8},"end":{"line":99,"column":44}},"38":{"start":{"line":100,"column":8},"end":{"line":102,"column":56}},"39":{"start":{"line":101,"column":36},"end":{"line":101,"column":54}},"40":{"start":{"line":102,"column":36},"end":{"line":102,"column":54}},"41":{"start":{"line":70,"column":0},"end":{"line":104,"column":1}}},"fnMap":{"0":{"name":"(anonymous_0)","decl":{"start":{"line":18,"column":0},"end":{"line":18,"column":11}},"loc":{"start":{"line":18,"column":22},"end":{"line":21,"column":1}}},"1":{"name":"(anonymous_1)","decl":{"start":{"line":39,"column":4},"end":{"line":39,"column":15}},"loc":{"start":{"line":39,"column":28},"end":{"line":45,"column":5}}},"2":{"name":"(anonymous_2)","decl":{"start":{"line":47,"column":4},"end":{"line":47,"column":7}},"loc":{"start":{"line":47,"column":21},"end":{"line":47,"column":43}}},"3":{"name":"(anonymous_3)","decl":{"start":{"line":49,"column":11},"end":{"line":49,"column":24}},"loc":{"start":{"line":49,"column":25},"end":{"line":60,"column":5}}},"4":{"name":"(anonymous_4)","decl":{"start":{"line":62,"column":4},"end":{"line":62,"column":18}},"loc":{"start":{"line":62,"column":19},"end":{"line":67,"column":5}}},"5":{"name":"(anonymous_5)","decl":{"start":{"line":74,"column":4},"end":{"line":74,"column":25}},"loc":{"start":{"line":74,"column":96},"end":{"line":78,"column":5}}},"6":{"name":"(anonymous_6)","decl":{"start":{"line":80,"column":4},"end":{"line":80,"column":18}},"loc":{"start":{"line":80,"column":19},"end":{"line":103,"column":5}}},"7":{"name":"(anonymous_7)","decl":{"start":{"line":101,"column":31},"end":{"line":101,"column":32}},"loc":{"start":{"line":101,"column":36},"end":{"line":101,"column":54}}},"8":{"name":"(anonymous_8)","decl":{"start":{"line":102,"column":31},"end":{"line":102,"column":32}},"loc":{"start":{"line":102,"column":36},"end":{"line":102,"column":54}}}},"branchMap":{"0":{"loc":{"start":{"line":18,"column":12},"end":{"line":18,"column":22}},"type":"binary-expr","locations":[{"start":{"line":18,"column":12},"end":{"line":18,"column":22}},{"start":{"line":18,"column":12},"end":{"line":18,"column":22}}]},"1":{"loc":{"start":{"line":74,"column":80},"end":{"line":74,"column":96}},"type":"default-arg","locations":[{"start":{"line":74,"column":80},"end":{"line":74,"column":96}}]},"2":{"loc":{"start":{"line":81,"column":52},"end":{"line":81,"column":53}},"type":"cond-expr","locations":[{"start":{"line":81,"column":52},"end":{"line":81,"column":53}},{"start":{"line":81,"column":56},"end":{"line":81,"column":58}}]},"3":{"loc":{"start":{"line":91,"column":30},"end":{"line":91,"column":49}},"type":"cond-expr","locations":[{"start":{"line":91,"column":30},"end":{"line":91,"column":49}},{"start":{"line":91,"column":52},"end":{"line":91,"column":71}}]},"4":{"loc":{"start":{"line":92,"column":30},"end":{"line":92,"column":36}},"type":"cond-expr","locations":[{"start":{"line":92,"column":30},"end":{"line":92,"column":36}},{"start":{"line":92,"column":39},"end":{"line":92,"column":45}}]},"5":{"loc":{"start":{"line":93,"column":30},"end":{"line":93,"column":49}},"type":"cond-expr","locations":[{"start":{"line":93,"column":30},"end":{"line":93,"column":49}},{"start":{"line":93,"column":52},"end":{"line":93,"column":71}}]}},"s":{"0":1,"1":1,"2":1,"3":1,"4":1,"5":1,"6":1,"7":1,"8":1,"9":1,"10":1,"11":1,"12":1,"13":1,"14":1,"15":1,"16":1,"17":0,"18":0,"19":0,"20":0,"21":1,"22":4,"23":4,"24":4,"25":4,"26":4,"27":4,"28":0,"29":0,"30":0,"31":0,"32":0,"33":0,"34":0,"35":0,"36":0,"37":0,"38":0,"39":0,"40":0,"41":1},"f":{"0":1,"1":1,"2":1,"3":1,"4":0,"5":4,"6":0,"7":0,"8":0},"b":{"0":[1,1],"1":[0],"2":[0,0],"3":[0,0],"4":[0,0],"5":[0,0]}}
,"/Users/sth1pal/Documents/Development/JavaScript/nodejs/ts6/dev/hsLibs/d3/hsGraphD3/src/Plot.ts": {"path":"/Users/sth1pal/Documents/Development/JavaScript/nodejs/ts6/dev/hsLibs/d3/hsGraphD3/src/Plot.ts","statementMap":{"0":{"start":{"line":9,"column":0},"end":{"line":9,"column":41}},"1":{"start":{"line":9,"column":57},"end":{"line":9,"column":69}},"2":{"start":{"line":11,"column":0},"end":{"line":11,"column":51}},"3":{"start":{"line":14,"column":0},"end":{"line":14,"column":45}},"4":{"start":{"line":19,"column":26},"end":{"line":19,"column":27}},"5":{"start":{"line":45,"column":8},"end":{"line":45,"column":50}},"6":{"start":{"line":42,"column":12},"end":{"line":42,"column":37}},"7":{"start":{"line":37,"column":8},"end":{"line":37,"column":38}},"8":{"start":{"line":38,"column":8},"end":{"line":38,"column":50}},"9":{"start":{"line":50,"column":26},"end":{"line":50,"column":42}},"10":{"start":{"line":54,"column":8},"end":{"line":56,"column":11}},"11":{"start":{"line":55,"column":12},"end":{"line":55,"column":36}},"12":{"start":{"line":61,"column":8},"end":{"line":61,"column":74}},"13":{"start":{"line":70,"column":24},"end":{"line":70,"column":46}},"14":{"start":{"line":71,"column":8},"end":{"line":82,"column":9}},"15":{"start":{"line":72,"column":30},"end":{"line":72,"column":59}},"16":{"start":{"line":73,"column":24},"end":{"line":73,"column":88}},"17":{"start":{"line":74,"column":27},"end":{"line":74,"column":60}},"18":{"start":{"line":75,"column":34},"end":{"line":75,"column":61}},"19":{"start":{"line":76,"column":26},"end":{"line":76,"column":44}},"20":{"start":{"line":77,"column":12},"end":{"line":77,"column":83}},"21":{"start":{"line":78,"column":12},"end":{"line":78,"column":37}},"22":{"start":{"line":79,"column":12},"end":{"line":79,"column":64}},"23":{"start":{"line":81,"column":12},"end":{"line":81,"column":128}},"24":{"start":{"line":33,"column":21},"end":{"line":33,"column":69}},"25":{"start":{"line":30,"column":0},"end":{"line":84,"column":1}}},"fnMap":{"0":{"name":"(anonymous_0)","decl":{"start":{"line":44,"column":4},"end":{"line":44,"column":15}},"loc":{"start":{"line":44,"column":28},"end":{"line":47,"column":5}}},"1":{"name":"(anonymous_1)","decl":{"start":{"line":36,"column":11},"end":{"line":36,"column":16}},"loc":{"start":{"line":36,"column":58},"end":{"line":39,"column":5}}},"2":{"name":"(anonymous_2)","decl":{"start":{"line":50,"column":4},"end":{"line":50,"column":7}},"loc":{"start":{"line":50,"column":21},"end":{"line":50,"column":44}}},"3":{"name":"(anonymous_3)","decl":{"start":{"line":53,"column":4},"end":{"line":53,"column":18}},"loc":{"start":{"line":53,"column":29},"end":{"line":57,"column":5}}},"4":{"name":"(anonymous_4)","decl":{"start":{"line":54,"column":28},"end":{"line":54,"column":29}},"loc":{"start":{"line":54,"column":55},"end":{"line":56,"column":9}}},"5":{"name":"(anonymous_5)","decl":{"start":{"line":60,"column":4},"end":{"line":60,"column":17}},"loc":{"start":{"line":60,"column":18},"end":{"line":62,"column":5}}},"6":{"name":"(anonymous_6)","decl":{"start":{"line":69,"column":4},"end":{"line":69,"column":12}},"loc":{"start":{"line":69,"column":45},"end":{"line":83,"column":5}}}},"branchMap":{"0":{"loc":{"start":{"line":71,"column":8},"end":{"line":82,"column":9}},"type":"if","locations":[{"start":{"line":71,"column":8},"end":{"line":82,"column":9}},{"start":{"line":71,"column":8},"end":{"line":82,"column":9}}]}},"s":{"0":1,"1":1,"2":1,"3":1,"4":1,"5":1,"6":1,"7":0,"8":0,"9":0,"10":0,"11":0,"12":1,"13":0,"14":0,"15":0,"16":0,"17":0,"18":0,"19":0,"20":0,"21":0,"22":0,"23":0,"24":1,"25":1},"f":{"0":1,"1":0,"2":0,"3":0,"4":0,"5":1,"6":0},"b":{"0":[0,0]}}
,"/Users/sth1pal/Documents/Development/JavaScript/nodejs/ts6/dev/hsLibs/d3/hsGraphD3/src/Scale.ts": {"path":"/Users/sth1pal/Documents/Development/JavaScript/nodejs/ts6/dev/hsLibs/d3/hsGraphD3/src/Scale.ts","statementMap":{"0":{"start":{"line":7,"column":0},"end":{"line":7,"column":55}},"1":{"start":{"line":9,"column":0},"end":{"line":9,"column":49}},"2":{"start":{"line":24,"column":13},"end":{"line":30,"column":2}},"3":{"start":{"line":25,"column":4},"end":{"line":29,"column":6}},"4":{"start":{"line":34,"column":20},"end":{"line":34,"column":38}},"5":{"start":{"line":36,"column":26},"end":{"line":36,"column":42}},"6":{"start":{"line":43,"column":8},"end":{"line":46,"column":11}},"7":{"start":{"line":33,"column":0},"end":{"line":48,"column":1}}},"fnMap":{"0":{"name":"(anonymous_0)","decl":{"start":{"line":24,"column":31},"end":{"line":24,"column":32}},"loc":{"start":{"line":24,"column":75},"end":{"line":30,"column":1}}},"1":{"name":"(anonymous_1)","decl":{"start":{"line":34,"column":4},"end":{"line":34,"column":19}},"loc":{"start":{"line":34,"column":4},"end":{"line":34,"column":40}}},"2":{"name":"(anonymous_2)","decl":{"start":{"line":36,"column":4},"end":{"line":36,"column":7}},"loc":{"start":{"line":36,"column":21},"end":{"line":36,"column":44}}},"3":{"name":"(anonymous_3)","decl":{"start":{"line":39,"column":4},"end":{"line":39,"column":18}},"loc":{"start":{"line":39,"column":19},"end":{"line":39,"column":24}}},"4":{"name":"(anonymous_4)","decl":{"start":{"line":42,"column":11},"end":{"line":42,"column":24}},"loc":{"start":{"line":42,"column":25},"end":{"line":47,"column":5}}}},"branchMap":{"0":{"loc":{"start":{"line":24,"column":41},"end":{"line":24,"column":42}},"type":"default-arg","locations":[{"start":{"line":24,"column":41},"end":{"line":24,"column":42}}]},"1":{"loc":{"start":{"line":24,"column":53},"end":{"line":24,"column":54}},"type":"default-arg","locations":[{"start":{"line":24,"column":53},"end":{"line":24,"column":54}}]}},"s":{"0":1,"1":1,"2":1,"3":2,"4":1,"5":1,"6":1,"7":1},"f":{"0":2,"1":1,"2":1,"3":0,"4":1},"b":{"0":[0],"1":[0]}}
}
