{"/Users/sth1pal/Documents/Development/JavaScript/nodejs/ts6/dev/hsLibs/d3/hsGraphD3/src/Axis.ts": {"path":"/Users/sth1pal/Documents/Development/JavaScript/nodejs/ts6/dev/hsLibs/d3/hsGraphD3/src/Axis.ts","statementMap":{"0":{"start":{"line":30,"column":0},"end":{"line":30,"column":38}},"1":{"start":{"line":31,"column":0},"end":{"line":31,"column":42}},"2":{"start":{"line":31,"column":57},"end":{"line":31,"column":69}},"3":{"start":{"line":32,"column":0},"end":{"line":32,"column":52}},"4":{"start":{"line":37,"column":0},"end":{"line":37,"column":46}},"5":{"start":{"line":42,"column":0},"end":{"line":42,"column":46}},"6":{"start":{"line":43,"column":0},"end":{"line":43,"column":46}},"7":{"start":{"line":45,"column":0},"end":{"line":45,"column":null}},"8":{"start":{"line":46,"column":4},"end":{"line":46,"column":null}},"9":{"start":{"line":47,"column":4},"end":{"line":47,"column":null}},"10":{"start":{"line":75,"column":8},"end":{"line":75,"column":30}},"11":{"start":{"line":72,"column":12},"end":{"line":72,"column":30}},"12":{"start":{"line":76,"column":8},"end":{"line":76,"column":65}},"13":{"start":{"line":77,"column":8},"end":{"line":77,"column":63}},"14":{"start":{"line":80,"column":33},"end":{"line":80,"column":50}},"15":{"start":{"line":83,"column":8},"end":{"line":88,"column":10}},"16":{"start":{"line":98,"column":34},"end":{"line":98,"column":56}},"17":{"start":{"line":99,"column":8},"end":{"line":101,"column":null}},"18":{"start":{"line":100,"column":12},"end":{"line":100,"column":91}},"19":{"start":{"line":100,"column":38},"end":{"line":100,"column":89}},"20":{"start":{"line":69,"column":0},"end":{"line":69,"column":13}},"21":{"start":{"line":70,"column":11},"end":{"line":70,"column":25}},"22":{"start":{"line":113,"column":8},"end":{"line":113,"column":23}},"23":{"start":{"line":114,"column":8},"end":{"line":114,"column":59}},"24":{"start":{"line":115,"column":8},"end":{"line":115,"column":23}},"25":{"start":{"line":116,"column":8},"end":{"line":116,"column":45}},"26":{"start":{"line":120,"column":8},"end":{"line":128,"column":10}},"27":{"start":{"line":132,"column":8},"end":{"line":132,"column":64}},"28":{"start":{"line":136,"column":22},"end":{"line":136,"column":41}},"29":{"start":{"line":137,"column":38},"end":{"line":137,"column":70}},"30":{"start":{"line":138,"column":8},"end":{"line":139,"column":57}},"31":{"start":{"line":141,"column":8},"end":{"line":141,"column":42}},"32":{"start":{"line":142,"column":8},"end":{"line":142,"column":43}},"33":{"start":{"line":143,"column":25},"end":{"line":143,"column":65}},"34":{"start":{"line":144,"column":8},"end":{"line":144,"column":46}},"35":{"start":{"line":146,"column":8},"end":{"line":146,"column":46}},"36":{"start":{"line":147,"column":8},"end":{"line":149,"column":null}},"37":{"start":{"line":148,"column":12},"end":{"line":148,"column":75}},"38":{"start":{"line":150,"column":8},"end":{"line":154,"column":null}},"39":{"start":{"line":151,"column":12},"end":{"line":151,"column":56}},"40":{"start":{"line":153,"column":12},"end":{"line":153,"column":75}},"41":{"start":{"line":155,"column":8},"end":{"line":159,"column":null}},"42":{"start":{"line":156,"column":12},"end":{"line":156,"column":75}},"43":{"start":{"line":158,"column":12},"end":{"line":158,"column":81}},"44":{"start":{"line":163,"column":41},"end":{"line":163,"column":73}},"45":{"start":{"line":164,"column":22},"end":{"line":164,"column":41}},"46":{"start":{"line":165,"column":8},"end":{"line":193,"column":null}},"47":{"start":{"line":166,"column":42},"end":{"line":166,"column":68}},"48":{"start":{"line":167,"column":24},"end":{"line":167,"column":43}},"49":{"start":{"line":168,"column":37},"end":{"line":168,"column":123}},"50":{"start":{"line":169,"column":28},"end":{"line":169,"column":104}},"51":{"start":{"line":170,"column":12},"end":{"line":170,"column":32}},"52":{"start":{"line":171,"column":12},"end":{"line":176,"column":null}},"53":{"start":{"line":172,"column":16},"end":{"line":172,"column":40}},"54":{"start":{"line":173,"column":19},"end":{"line":176,"column":null}},"55":{"start":{"line":174,"column":16},"end":{"line":174,"column":68}},"56":{"start":{"line":175,"column":16},"end":{"line":175,"column":33}},"57":{"start":{"line":177,"column":23},"end":{"line":177,"column":103}},"58":{"start":{"line":178,"column":12},"end":{"line":178,"column":91}},"59":{"start":{"line":180,"column":42},"end":{"line":180,"column":68}},"60":{"start":{"line":181,"column":24},"end":{"line":181,"column":43}},"61":{"start":{"line":182,"column":37},"end":{"line":182,"column":123}},"62":{"start":{"line":183,"column":28},"end":{"line":183,"column":45}},"63":{"start":{"line":184,"column":12},"end":{"line":184,"column":30}},"64":{"start":{"line":185,"column":12},"end":{"line":190,"column":null}},"65":{"start":{"line":186,"column":16},"end":{"line":186,"column":41}},"66":{"start":{"line":187,"column":16},"end":{"line":187,"column":35}},"67":{"start":{"line":188,"column":19},"end":{"line":190,"column":null}},"68":{"start":{"line":189,"column":16},"end":{"line":189,"column":66}},"69":{"start":{"line":191,"column":23},"end":{"line":191,"column":103}},"70":{"start":{"line":192,"column":12},"end":{"line":192,"column":91}},"71":{"start":{"line":198,"column":8},"end":{"line":204,"column":null}},"72":{"start":{"line":199,"column":12},"end":{"line":199,"column":45}},"73":{"start":{"line":200,"column":12},"end":{"line":200,"column":null}},"74":{"start":{"line":200,"column":50},"end":{"line":200,"column":80}},"75":{"start":{"line":202,"column":12},"end":{"line":202,"column":45}},"76":{"start":{"line":203,"column":12},"end":{"line":203,"column":null}},"77":{"start":{"line":203,"column":50},"end":{"line":203,"column":80}},"78":{"start":{"line":205,"column":8},"end":{"line":205,"column":41}},"79":{"start":{"line":206,"column":8},"end":{"line":206,"column":20}},"80":{"start":{"line":106,"column":0},"end":{"line":106,"column":13}}},"fnMap":{"0":{"name":"(anonymous_0)","decl":{"start":{"line":45,"column":0},"end":{"line":45,"column":12}},"loc":{"start":{"line":45,"column":21},"end":{"line":48,"column":1}}},"1":{"name":"(anonymous_1)","decl":{"start":{"line":74,"column":4},"end":{"line":74,"column":16}},"loc":{"start":{"line":74,"column":28},"end":{"line":78,"column":5}}},"2":{"name":"(anonymous_2)","decl":{"start":{"line":80,"column":4},"end":{"line":80,"column":15}},"loc":{"start":{"line":80,"column":28},"end":{"line":80,"column":52}}},"3":{"name":"(anonymous_3)","decl":{"start":{"line":82,"column":11},"end":{"line":82,"column":25}},"loc":{"start":{"line":82,"column":25},"end":{"line":89,"column":5}}},"4":{"name":"(anonymous_4)","decl":{"start":{"line":91,"column":4},"end":{"line":91,"column":14}},"loc":{"start":{"line":91,"column":29},"end":{"line":92,"column":5}}},"5":{"name":"(anonymous_5)","decl":{"start":{"line":94,"column":4},"end":{"line":94,"column":13}},"loc":{"start":{"line":94,"column":13},"end":{"line":95,"column":5}}},"6":{"name":"(anonymous_6)","decl":{"start":{"line":97,"column":4},"end":{"line":97,"column":19}},"loc":{"start":{"line":97,"column":19},"end":{"line":102,"column":5}}},"7":{"name":"(anonymous_7)","decl":{"start":{"line":100,"column":30},"end":{"line":100,"column":34}},"loc":{"start":{"line":100,"column":38},"end":{"line":100,"column":89}}},"8":{"name":"(anonymous_8)","decl":{"start":{"line":112,"column":4},"end":{"line":112,"column":16}},"loc":{"start":{"line":112,"column":43},"end":{"line":117,"column":5}}},"9":{"name":"(anonymous_9)","decl":{"start":{"line":119,"column":11},"end":{"line":119,"column":25}},"loc":{"start":{"line":119,"column":25},"end":{"line":129,"column":5}}},"10":{"name":"(anonymous_10)","decl":{"start":{"line":131,"column":4},"end":{"line":131,"column":15}},"loc":{"start":{"line":131,"column":23},"end":{"line":133,"column":5}}},"11":{"name":"(anonymous_11)","decl":{"start":{"line":135,"column":11},"end":{"line":135,"column":26}},"loc":{"start":{"line":135,"column":26},"end":{"line":160,"column":5}}},"12":{"name":"(anonymous_12)","decl":{"start":{"line":162,"column":4},"end":{"line":162,"column":16}},"loc":{"start":{"line":162,"column":33},"end":{"line":194,"column":5}}},"13":{"name":"(anonymous_13)","decl":{"start":{"line":196,"column":4},"end":{"line":196,"column":13}},"loc":{"start":{"line":196,"column":52},"end":{"line":207,"column":5}}}},"branchMap":{"0":{"loc":{"start":{"line":45,"column":12},"end":{"line":45,"column":21}},"type":"binary-expr","locations":[{"start":{"line":45,"column":12},"end":{"line":45,"column":21}},{"start":{"line":45,"column":12},"end":{"line":45,"column":null}}]},"1":{"loc":{"start":{"line":99,"column":8},"end":{"line":101,"column":null}},"type":"if","locations":[{"start":{"line":99,"column":8},"end":{"line":101,"column":null}},{"start":{"line":99,"column":8},"end":{"line":101,"column":null}}]},"2":{"loc":{"start":{"line":100,"column":62},"end":{"line":100,"column":84}},"type":"cond-expr","locations":[{"start":{"line":100,"column":62},"end":{"line":100,"column":84}},{"start":{"line":100,"column":87},"end":{"line":100,"column":89}}]},"3":{"loc":{"start":{"line":147,"column":8},"end":{"line":149,"column":null}},"type":"if","locations":[{"start":{"line":147,"column":8},"end":{"line":149,"column":null}},{"start":{"line":147,"column":8},"end":{"line":149,"column":null}}]},"4":{"loc":{"start":{"line":150,"column":8},"end":{"line":154,"column":null}},"type":"if","locations":[{"start":{"line":150,"column":8},"end":{"line":154,"column":null}},{"start":{"line":150,"column":8},"end":{"line":154,"column":null}}]},"5":{"loc":{"start":{"line":155,"column":8},"end":{"line":159,"column":null}},"type":"if","locations":[{"start":{"line":155,"column":8},"end":{"line":159,"column":null}},{"start":{"line":155,"column":8},"end":{"line":159,"column":null}}]},"6":{"loc":{"start":{"line":165,"column":8},"end":{"line":193,"column":null}},"type":"if","locations":[{"start":{"line":165,"column":8},"end":{"line":193,"column":null}},{"start":{"line":165,"column":8},"end":{"line":193,"column":null}}]},"7":{"loc":{"start":{"line":168,"column":65},"end":{"line":168,"column":103}},"type":"cond-expr","locations":[{"start":{"line":168,"column":65},"end":{"line":168,"column":103}},{"start":{"line":168,"column":107},"end":{"line":168,"column":123}}]},"8":{"loc":{"start":{"line":168,"column":93},"end":{"line":168,"column":94}},"type":"cond-expr","locations":[{"start":{"line":168,"column":93},"end":{"line":168,"column":94}},{"start":{"line":168,"column":97},"end":{"line":168,"column":103}}]},"9":{"loc":{"start":{"line":168,"column":66},"end":{"line":168,"column":76}},"type":"binary-expr","locations":[{"start":{"line":168,"column":66},"end":{"line":168,"column":76}},{"start":{"line":168,"column":80},"end":{"line":168,"column":90}}]},"10":{"loc":{"start":{"line":169,"column":82},"end":{"line":169,"column":99}},"type":"cond-expr","locations":[{"start":{"line":169,"column":82},"end":{"line":169,"column":99}},{"start":{"line":169,"column":102},"end":{"line":169,"column":103}}]},"11":{"loc":{"start":{"line":171,"column":12},"end":{"line":176,"column":null}},"type":"if","locations":[{"start":{"line":171,"column":12},"end":{"line":176,"column":null}},{"start":{"line":171,"column":12},"end":{"line":176,"column":null}}]},"12":{"loc":{"start":{"line":173,"column":19},"end":{"line":176,"column":null}},"type":"if","locations":[{"start":{"line":173,"column":19},"end":{"line":176,"column":null}},{"start":{"line":173,"column":19},"end":{"line":176,"column":null}}]},"13":{"loc":{"start":{"line":177,"column":54},"end":{"line":177,"column":99}},"type":"cond-expr","locations":[{"start":{"line":177,"column":54},"end":{"line":177,"column":99}},{"start":{"line":177,"column":102},"end":{"line":177,"column":103}}]},"14":{"loc":{"start":{"line":182,"column":65},"end":{"line":182,"column":103}},"type":"cond-expr","locations":[{"start":{"line":182,"column":65},"end":{"line":182,"column":103}},{"start":{"line":182,"column":107},"end":{"line":182,"column":123}}]},"15":{"loc":{"start":{"line":182,"column":93},"end":{"line":182,"column":94}},"type":"cond-expr","locations":[{"start":{"line":182,"column":93},"end":{"line":182,"column":94}},{"start":{"line":182,"column":97},"end":{"line":182,"column":103}}]},"16":{"loc":{"start":{"line":182,"column":66},"end":{"line":182,"column":76}},"type":"binary-expr","locations":[{"start":{"line":182,"column":66},"end":{"line":182,"column":76}},{"start":{"line":182,"column":80},"end":{"line":182,"column":90}}]},"17":{"loc":{"start":{"line":185,"column":12},"end":{"line":190,"column":null}},"type":"if","locations":[{"start":{"line":185,"column":12},"end":{"line":190,"column":null}},{"start":{"line":185,"column":12},"end":{"line":190,"column":null}}]},"18":{"loc":{"start":{"line":188,"column":19},"end":{"line":190,"column":null}},"type":"if","locations":[{"start":{"line":188,"column":19},"end":{"line":190,"column":null}},{"start":{"line":188,"column":19},"end":{"line":190,"column":null}}]},"19":{"loc":{"start":{"line":191,"column":54},"end":{"line":191,"column":99}},"type":"cond-expr","locations":[{"start":{"line":191,"column":54},"end":{"line":191,"column":99}},{"start":{"line":191,"column":102},"end":{"line":191,"column":103}}]},"20":{"loc":{"start":{"line":198,"column":8},"end":{"line":204,"column":null}},"type":"if","locations":[{"start":{"line":198,"column":8},"end":{"line":204,"column":null}},{"start":{"line":198,"column":8},"end":{"line":204,"column":null}}]},"21":{"loc":{"start":{"line":200,"column":12},"end":{"line":200,"column":null}},"type":"if","locations":[{"start":{"line":200,"column":12},"end":{"line":200,"column":null}},{"start":{"line":200,"column":12},"end":{"line":200,"column":null}}]},"22":{"loc":{"start":{"line":203,"column":12},"end":{"line":203,"column":null}},"type":"if","locations":[{"start":{"line":203,"column":12},"end":{"line":203,"column":null}},{"start":{"line":203,"column":12},"end":{"line":203,"column":null}}]}},"s":{"0":8,"1":8,"2":8,"3":8,"4":8,"5":8,"6":8,"7":8,"8":8,"9":8,"10":10,"11":10,"12":10,"13":10,"14":18,"15":10,"16":8,"17":8,"18":8,"19":16,"20":8,"21":8,"22":20,"23":20,"24":20,"25":20,"26":20,"27":16,"28":16,"29":16,"30":16,"31":16,"32":16,"33":16,"34":16,"35":16,"36":16,"37":0,"38":16,"39":16,"40":0,"41":16,"42":16,"43":0,"44":16,"45":16,"46":16,"47":8,"48":8,"49":8,"50":8,"51":8,"52":8,"53":0,"54":8,"55":0,"56":0,"57":8,"58":8,"59":8,"60":8,"61":8,"62":8,"63":8,"64":8,"65":0,"66":0,"67":8,"68":0,"69":8,"70":8,"71":16,"72":8,"73":8,"74":8,"75":8,"76":8,"77":8,"78":16,"79":16,"80":8},"f":{"0":8,"1":10,"2":18,"3":10,"4":8,"5":8,"6":8,"7":16,"8":20,"9":20,"10":16,"11":16,"12":16,"13":16},"b":{"0":[8,8],"1":[8,0],"2":[16,0],"3":[0,16],"4":[16,0],"5":[16,0],"6":[8,8],"7":[8,0],"8":[1,7],"9":[8,1],"10":[0,8],"11":[0,8],"12":[0,8],"13":[0,8],"14":[8,0],"15":[7,1],"16":[8,7],"17":[0,8],"18":[0,8],"19":[0,8],"20":[8,8],"21":[8,0],"22":[8,0]}}
,"/Users/sth1pal/Documents/Development/JavaScript/nodejs/ts6/dev/hsLibs/d3/hsGraphD3/src/Canvas.ts": {"path":"/Users/sth1pal/Documents/Development/JavaScript/nodejs/ts6/dev/hsLibs/d3/hsGraphD3/src/Canvas.ts","statementMap":{"0":{"start":{"line":32,"column":0},"end":{"line":32,"column":56}},"1":{"start":{"line":33,"column":0},"end":{"line":33,"column":50}},"2":{"start":{"line":42,"column":8},"end":{"line":42,"column":32}},"3":{"start":{"line":45,"column":33},"end":{"line":45,"column":52}},"4":{"start":{"line":48,"column":8},"end":{"line":48,"column":50}},"5":{"start":{"line":52,"column":8},"end":{"line":52,"column":59}},"6":{"start":{"line":63,"column":23},"end":{"line":63,"column":47}},"7":{"start":{"line":64,"column":21},"end":{"line":64,"column":50}},"8":{"start":{"line":65,"column":8},"end":{"line":67,"column":54}},"9":{"start":{"line":38,"column":0},"end":{"line":38,"column":13}},"10":{"start":{"line":39,"column":11},"end":{"line":39,"column":27}}},"fnMap":{"0":{"name":"(anonymous_0)","decl":{"start":{"line":41,"column":4},"end":{"line":41,"column":16}},"loc":{"start":{"line":41,"column":31},"end":{"line":43,"column":5}}},"1":{"name":"(anonymous_1)","decl":{"start":{"line":45,"column":4},"end":{"line":45,"column":15}},"loc":{"start":{"line":45,"column":28},"end":{"line":45,"column":54}}},"2":{"name":"(anonymous_2)","decl":{"start":{"line":47,"column":11},"end":{"line":47,"column":25}},"loc":{"start":{"line":47,"column":25},"end":{"line":49,"column":5}}},"3":{"name":"(anonymous_3)","decl":{"start":{"line":51,"column":4},"end":{"line":51,"column":14}},"loc":{"start":{"line":51,"column":29},"end":{"line":53,"column":5}}},"4":{"name":"(anonymous_4)","decl":{"start":{"line":55,"column":4},"end":{"line":55,"column":13}},"loc":{"start":{"line":55,"column":13},"end":{"line":56,"column":5}}},"5":{"name":"(anonymous_5)","decl":{"start":{"line":62,"column":11},"end":{"line":62,"column":26}},"loc":{"start":{"line":62,"column":26},"end":{"line":68,"column":5}}}},"branchMap":{},"s":{"0":8,"1":8,"2":10,"3":18,"4":10,"5":8,"6":8,"7":8,"8":8,"9":8,"10":8},"f":{"0":10,"1":18,"2":10,"3":8,"4":8,"5":8},"b":{}}
,"/Users/sth1pal/Documents/Development/JavaScript/nodejs/ts6/dev/hsLibs/d3/hsGraphD3/src/CartSeriesPlot.ts": {"path":"/Users/sth1pal/Documents/Development/JavaScript/nodejs/ts6/dev/hsLibs/d3/hsGraphD3/src/CartSeriesPlot.ts","statementMap":{"0":{"start":{"line":14,"column":0},"end":{"line":14,"column":52}},"1":{"start":{"line":23,"column":0},"end":{"line":23,"column":50}},"2":{"start":{"line":24,"column":0},"end":{"line":24,"column":50}},"3":{"start":{"line":42,"column":8},"end":{"line":42,"column":31}},"4":{"start":{"line":43,"column":8},"end":{"line":43,"column":25}},"5":{"start":{"line":47,"column":8},"end":{"line":51,"column":10}},"6":{"start":{"line":58,"column":20},"end":{"line":58,"column":39}},"7":{"start":{"line":59,"column":8},"end":{"line":59,"column":null}},"8":{"start":{"line":59,"column":28},"end":{"line":59,"column":55}},"9":{"start":{"line":60,"column":8},"end":{"line":60,"column":null}},"10":{"start":{"line":60,"column":28},"end":{"line":60,"column":53}},"11":{"start":{"line":61,"column":8},"end":{"line":61,"column":19}},"12":{"start":{"line":67,"column":8},"end":{"line":67,"column":37}},"13":{"start":{"line":68,"column":8},"end":{"line":68,"column":66}},"14":{"start":{"line":69,"column":8},"end":{"line":69,"column":66}},"15":{"start":{"line":70,"column":8},"end":{"line":70,"column":54}},"16":{"start":{"line":72,"column":45},"end":{"line":72,"column":79}},"17":{"start":{"line":73,"column":8},"end":{"line":73,"column":null}},"18":{"start":{"line":73,"column":27},"end":{"line":73,"column":59}},"19":{"start":{"line":75,"column":21},"end":{"line":75,"column":45}},"20":{"start":{"line":76,"column":8},"end":{"line":76,"column":39}},"21":{"start":{"line":78,"column":21},"end":{"line":78,"column":45}},"22":{"start":{"line":79,"column":8},"end":{"line":79,"column":37}},"23":{"start":{"line":81,"column":24},"end":{"line":81,"column":51}},"24":{"start":{"line":82,"column":8},"end":{"line":82,"column":51}},"25":{"start":{"line":83,"column":8},"end":{"line":83,"column":47}},"26":{"start":{"line":92,"column":46},"end":{"line":92,"column":81}},"27":{"start":{"line":93,"column":8},"end":{"line":93,"column":null}},"28":{"start":{"line":93,"column":40},"end":{"line":93,"column":93}},"29":{"start":{"line":94,"column":8},"end":{"line":94,"column":null}},"30":{"start":{"line":94,"column":40},"end":{"line":94,"column":90}},"31":{"start":{"line":95,"column":8},"end":{"line":95,"column":null}},"32":{"start":{"line":95,"column":40},"end":{"line":95,"column":90}},"33":{"start":{"line":34,"column":0},"end":{"line":34,"column":22}}},"fnMap":{"0":{"name":"(anonymous_0)","decl":{"start":{"line":41,"column":4},"end":{"line":41,"column":16}},"loc":{"start":{"line":41,"column":74},"end":{"line":44,"column":5}}},"1":{"name":"(anonymous_1)","decl":{"start":{"line":46,"column":4},"end":{"line":46,"column":8}},"loc":{"start":{"line":46,"column":18},"end":{"line":52,"column":5}}},"2":{"name":"(anonymous_2)","decl":{"start":{"line":57,"column":11},"end":{"line":57,"column":22}},"loc":{"start":{"line":57,"column":22},"end":{"line":62,"column":5}}},"3":{"name":"(anonymous_3)","decl":{"start":{"line":66,"column":11},"end":{"line":66,"column":21}},"loc":{"start":{"line":66,"column":47},"end":{"line":84,"column":5}}},"4":{"name":"(anonymous_4)","decl":{"start":{"line":86,"column":4},"end":{"line":86,"column":13}},"loc":{"start":{"line":86,"column":43},"end":{"line":87,"column":5}}},"5":{"name":"(anonymous_5)","decl":{"start":{"line":91,"column":11},"end":{"line":91,"column":26}},"loc":{"start":{"line":91,"column":39},"end":{"line":96,"column":5}}}},"branchMap":{"0":{"loc":{"start":{"line":59,"column":8},"end":{"line":59,"column":null}},"type":"if","locations":[{"start":{"line":59,"column":8},"end":{"line":59,"column":null}},{"start":{"line":59,"column":8},"end":{"line":59,"column":null}}]},"1":{"loc":{"start":{"line":60,"column":8},"end":{"line":60,"column":null}},"type":"if","locations":[{"start":{"line":60,"column":8},"end":{"line":60,"column":null}},{"start":{"line":60,"column":8},"end":{"line":60,"column":null}}]},"2":{"loc":{"start":{"line":73,"column":8},"end":{"line":73,"column":null}},"type":"if","locations":[{"start":{"line":73,"column":8},"end":{"line":73,"column":null}},{"start":{"line":73,"column":8},"end":{"line":73,"column":null}}]},"3":{"loc":{"start":{"line":93,"column":8},"end":{"line":93,"column":null}},"type":"if","locations":[{"start":{"line":93,"column":8},"end":{"line":93,"column":null}},{"start":{"line":93,"column":8},"end":{"line":93,"column":null}}]},"4":{"loc":{"start":{"line":94,"column":8},"end":{"line":94,"column":null}},"type":"if","locations":[{"start":{"line":94,"column":8},"end":{"line":94,"column":null}},{"start":{"line":94,"column":8},"end":{"line":94,"column":null}}]},"5":{"loc":{"start":{"line":95,"column":8},"end":{"line":95,"column":null}},"type":"if","locations":[{"start":{"line":95,"column":8},"end":{"line":95,"column":null}},{"start":{"line":95,"column":8},"end":{"line":95,"column":null}}]}},"s":{"0":8,"1":8,"2":8,"3":8,"4":8,"5":8,"6":8,"7":8,"8":4,"9":8,"10":0,"11":8,"12":8,"13":8,"14":8,"15":8,"16":8,"17":8,"18":4,"19":8,"20":8,"21":8,"22":8,"23":8,"24":8,"25":8,"26":8,"27":8,"28":5,"29":8,"30":6,"31":8,"32":1,"33":8},"f":{"0":8,"1":8,"2":8,"3":8,"4":8,"5":8},"b":{"0":[4,4],"1":[0,8],"2":[4,4],"3":[5,3],"4":[6,2],"5":[1,7]}}
,"/Users/sth1pal/Documents/Development/JavaScript/nodejs/ts6/dev/hsLibs/d3/hsGraphD3/src/Graph.ts": {"path":"/Users/sth1pal/Documents/Development/JavaScript/nodejs/ts6/dev/hsLibs/d3/hsGraphD3/src/Graph.ts","statementMap":{"0":{"start":{"line":59,"column":0},"end":{"line":59,"column":42}},"1":{"start":{"line":59,"column":57},"end":{"line":59,"column":70}},"2":{"start":{"line":61,"column":0},"end":{"line":61,"column":38}},"3":{"start":{"line":62,"column":0},"end":{"line":62,"column":38}},"4":{"start":{"line":67,"column":0},"end":{"line":67,"column":44}},"5":{"start":{"line":69,"column":0},"end":{"line":69,"column":43}},"6":{"start":{"line":71,"column":0},"end":{"line":71,"column":42}},"7":{"start":{"line":72,"column":0},"end":{"line":72,"column":42}},"8":{"start":{"line":73,"column":0},"end":{"line":73,"column":44}},"9":{"start":{"line":83,"column":23},"end":{"line":83,"column":27}},"10":{"start":{"line":237,"column":12},"end":{"line":237,"column":46}},"11":{"start":{"line":240,"column":12},"end":{"line":240,"column":32}},"12":{"start":{"line":242,"column":14},"end":{"line":242,"column":46}},"13":{"start":{"line":245,"column":8},"end":{"line":245,"column":25}},"14":{"start":{"line":246,"column":8},"end":{"line":246,"column":43}},"15":{"start":{"line":247,"column":8},"end":{"line":247,"column":62}},"16":{"start":{"line":248,"column":8},"end":{"line":248,"column":40}},"17":{"start":{"line":249,"column":8},"end":{"line":249,"column":61}},"18":{"start":{"line":250,"column":8},"end":{"line":250,"column":28}},"19":{"start":{"line":251,"column":8},"end":{"line":251,"column":22}},"20":{"start":{"line":252,"column":8},"end":{"line":252,"column":46}},"21":{"start":{"line":252,"column":32},"end":{"line":252,"column":45}},"22":{"start":{"line":256,"column":8},"end":{"line":256,"column":36}},"23":{"start":{"line":260,"column":8},"end":{"line":260,"column":36}},"24":{"start":{"line":265,"column":8},"end":{"line":267,"column":10}},"25":{"start":{"line":290,"column":40},"end":{"line":290,"column":66}},"26":{"start":{"line":291,"column":22},"end":{"line":291,"column":26}},"27":{"start":{"line":294,"column":12},"end":{"line":294,"column":59}},"28":{"start":{"line":295,"column":12},"end":{"line":298,"column":null}},"29":{"start":{"line":296,"column":16},"end":{"line":296,"column":55}},"30":{"start":{"line":297,"column":16},"end":{"line":297,"column":41}},"31":{"start":{"line":299,"column":51},"end":{"line":299,"column":79}},"32":{"start":{"line":300,"column":12},"end":{"line":300,"column":72}},"33":{"start":{"line":301,"column":12},"end":{"line":301,"column":40}},"34":{"start":{"line":304,"column":23},"end":{"line":304,"column":42}},"35":{"start":{"line":305,"column":8},"end":{"line":305,"column":113}},"36":{"start":{"line":307,"column":8},"end":{"line":307,"column":37}},"37":{"start":{"line":309,"column":8},"end":{"line":325,"column":10}},"38":{"start":{"line":312,"column":20},"end":{"line":320,"column":null}},"39":{"start":{"line":313,"column":24},"end":{"line":313,"column":86}},"40":{"start":{"line":314,"column":24},"end":{"line":314,"column":121}},"41":{"start":{"line":315,"column":57},"end":{"line":315,"column":107}},"42":{"start":{"line":316,"column":24},"end":{"line":318,"column":null}},"43":{"start":{"line":317,"column":28},"end":{"line":317,"column":72}},"44":{"start":{"line":320,"column":31},"end":{"line":320,"column":67}},"45":{"start":{"line":321,"column":20},"end":{"line":321,"column":62}},"46":{"start":{"line":323,"column":12},"end":{"line":323,"column":56}},"47":{"start":{"line":341,"column":8},"end":{"line":341,"column":49}},"48":{"start":{"line":352,"column":8},"end":{"line":352,"column":62}},"49":{"start":{"line":352,"column":40},"end":{"line":352,"column":60}},"50":{"start":{"line":357,"column":8},"end":{"line":357,"column":48}},"51":{"start":{"line":358,"column":8},"end":{"line":358,"column":25}},"52":{"start":{"line":360,"column":8},"end":{"line":363,"column":11}},"53":{"start":{"line":361,"column":12},"end":{"line":361,"column":57}},"54":{"start":{"line":362,"column":12},"end":{"line":362,"column":42}},"55":{"start":{"line":368,"column":8},"end":{"line":368,"column":85}},"56":{"start":{"line":368,"column":57},"end":{"line":368,"column":83}},"57":{"start":{"line":379,"column":8},"end":{"line":382,"column":10}},"58":{"start":{"line":386,"column":25},"end":{"line":386,"column":45}},"59":{"start":{"line":387,"column":8},"end":{"line":387,"column":50}},"60":{"start":{"line":388,"column":8},"end":{"line":388,"column":94}},"61":{"start":{"line":388,"column":40},"end":{"line":388,"column":92}},"62":{"start":{"line":395,"column":8},"end":{"line":405,"column":10}},"63":{"start":{"line":417,"column":8},"end":{"line":423,"column":10}},"64":{"start":{"line":428,"column":20},"end":{"line":428,"column":31}},"65":{"start":{"line":430,"column":8},"end":{"line":438,"column":null}},"66":{"start":{"line":431,"column":12},"end":{"line":437,"column":null}},"67":{"start":{"line":432,"column":16},"end":{"line":432,"column":146}},"68":{"start":{"line":433,"column":16},"end":{"line":433,"column":57}},"69":{"start":{"line":434,"column":16},"end":{"line":434,"column":59}},"70":{"start":{"line":435,"column":16},"end":{"line":435,"column":106}},"71":{"start":{"line":436,"column":16},"end":{"line":436,"column":40}},"72":{"start":{"line":447,"column":8},"end":{"line":451,"column":58}},"73":{"start":{"line":459,"column":8},"end":{"line":459,"column":88}},"74":{"start":{"line":226,"column":0},"end":{"line":226,"column":22}}},"fnMap":{"0":{"name":"(anonymous_0)","decl":{"start":{"line":244,"column":4},"end":{"line":244,"column":16}},"loc":{"start":{"line":244,"column":24},"end":{"line":253,"column":5}}},"1":{"name":"(anonymous_1)","decl":{"start":{"line":252,"column":26},"end":{"line":252,"column":29}},"loc":{"start":{"line":252,"column":32},"end":{"line":252,"column":45}}},"2":{"name":"(anonymous_2)","decl":{"start":{"line":255,"column":4},"end":{"line":255,"column":15}},"loc":{"start":{"line":255,"column":23},"end":{"line":257,"column":5}}},"3":{"name":"(anonymous_3)","decl":{"start":{"line":259,"column":4},"end":{"line":259,"column":15}},"loc":{"start":{"line":259,"column":23},"end":{"line":261,"column":5}}},"4":{"name":"(anonymous_4)","decl":{"start":{"line":264,"column":4},"end":{"line":264,"column":15}},"loc":{"start":{"line":264,"column":21},"end":{"line":268,"column":5}}},"5":{"name":"(anonymous_5)","decl":{"start":{"line":276,"column":11},"end":{"line":276,"column":21}},"loc":{"start":{"line":276,"column":66},"end":{"line":277,"column":5}}},"6":{"name":"(anonymous_6)","decl":{"start":{"line":289,"column":11},"end":{"line":289,"column":17}},"loc":{"start":{"line":289,"column":42},"end":{"line":326,"column":5}}},"7":{"name":"renderLifecycle","decl":{"start":{"line":293,"column":17},"end":{"line":293,"column":32}},"loc":{"start":{"line":293,"column":32},"end":{"line":302,"column":9}}},"8":{"name":"(anonymous_8)","decl":{"start":{"line":310,"column":20},"end":{"line":310,"column":21}},"loc":{"start":{"line":310,"column":70},"end":{"line":324,"column":13}}},"9":{"name":"listener","decl":{"start":{"line":311,"column":25},"end":{"line":311,"column":33}},"loc":{"start":{"line":311,"column":33},"end":{"line":322,"column":17}}},"10":{"name":"(anonymous_10)","decl":{"start":{"line":339,"column":11},"end":{"line":339,"column":20}},"loc":{"start":{"line":339,"column":55},"end":{"line":342,"column":5}}},"11":{"name":"(anonymous_11)","decl":{"start":{"line":351,"column":4},"end":{"line":351,"column":14}},"loc":{"start":{"line":351,"column":25},"end":{"line":353,"column":5}}},"12":{"name":"(anonymous_12)","decl":{"start":{"line":352,"column":32},"end":{"line":352,"column":36}},"loc":{"start":{"line":352,"column":40},"end":{"line":352,"column":60}}},"13":{"name":"(anonymous_13)","decl":{"start":{"line":356,"column":4},"end":{"line":356,"column":13}},"loc":{"start":{"line":356,"column":55},"end":{"line":364,"column":5}}},"14":{"name":"(anonymous_14)","decl":{"start":{"line":360,"column":32},"end":{"line":360,"column":33}},"loc":{"start":{"line":360,"column":56},"end":{"line":363,"column":9}}},"15":{"name":"(anonymous_15)","decl":{"start":{"line":367,"column":4},"end":{"line":367,"column":19}},"loc":{"start":{"line":367,"column":44},"end":{"line":369,"column":5}}},"16":{"name":"(anonymous_16)","decl":{"start":{"line":368,"column":32},"end":{"line":368,"column":33}},"loc":{"start":{"line":368,"column":57},"end":{"line":368,"column":83}}},"17":{"name":"(anonymous_17)","decl":{"start":{"line":378,"column":14},"end":{"line":378,"column":28}},"loc":{"start":{"line":378,"column":28},"end":{"line":383,"column":5}}},"18":{"name":"(anonymous_18)","decl":{"start":{"line":385,"column":14},"end":{"line":385,"column":26}},"loc":{"start":{"line":385,"column":26},"end":{"line":389,"column":5}}},"19":{"name":"(anonymous_19)","decl":{"start":{"line":388,"column":32},"end":{"line":388,"column":36}},"loc":{"start":{"line":388,"column":40},"end":{"line":388,"column":92}}},"20":{"name":"(anonymous_20)","decl":{"start":{"line":394,"column":12},"end":{"line":394,"column":25}},"loc":{"start":{"line":394,"column":25},"end":{"line":406,"column":5}}},"21":{"name":"(anonymous_21)","decl":{"start":{"line":416,"column":12},"end":{"line":416,"column":28}},"loc":{"start":{"line":416,"column":41},"end":{"line":424,"column":5}}},"22":{"name":"(anonymous_22)","decl":{"start":{"line":427,"column":12},"end":{"line":427,"column":18}},"loc":{"start":{"line":427,"column":18},"end":{"line":439,"column":5}}},"23":{"name":"(anonymous_23)","decl":{"start":{"line":446,"column":12},"end":{"line":446,"column":25}},"loc":{"start":{"line":446,"column":39},"end":{"line":452,"column":5}}},"24":{"name":"(anonymous_24)","decl":{"start":{"line":458,"column":12},"end":{"line":458,"column":25}},"loc":{"start":{"line":458,"column":39},"end":{"line":460,"column":5}}}},"branchMap":{"0":{"loc":{"start":{"line":295,"column":12},"end":{"line":298,"column":null}},"type":"if","locations":[{"start":{"line":295,"column":12},"end":{"line":298,"column":null}},{"start":{"line":295,"column":12},"end":{"line":298,"column":null}}]},"1":{"loc":{"start":{"line":313,"column":50},"end":{"line":313,"column":58}},"type":"binary-expr","locations":[{"start":{"line":313,"column":50},"end":{"line":313,"column":58}},{"start":{"line":313,"column":62},"end":{"line":313,"column":85}}]},"2":{"loc":{"start":{"line":315,"column":95},"end":{"line":315,"column":99}},"type":"cond-expr","locations":[{"start":{"line":315,"column":95},"end":{"line":315,"column":99}},{"start":{"line":315,"column":102},"end":{"line":315,"column":107}}]},"3":{"loc":{"start":{"line":316,"column":24},"end":{"line":318,"column":null}},"type":"if","locations":[{"start":{"line":316,"column":24},"end":{"line":318,"column":null}},{"start":{"line":316,"column":24},"end":{"line":318,"column":null}}]},"4":{"loc":{"start":{"line":316,"column":28},"end":{"line":316,"column":38}},"type":"binary-expr","locations":[{"start":{"line":316,"column":28},"end":{"line":316,"column":38}},{"start":{"line":316,"column":42},"end":{"line":316,"column":66}}]},"5":{"loc":{"start":{"line":430,"column":8},"end":{"line":438,"column":null}},"type":"if","locations":[{"start":{"line":430,"column":8},"end":{"line":438,"column":null}},{"start":{"line":430,"column":8},"end":{"line":438,"column":null}}]},"6":{"loc":{"start":{"line":431,"column":12},"end":{"line":437,"column":null}},"type":"if","locations":[{"start":{"line":431,"column":12},"end":{"line":437,"column":null}},{"start":{"line":431,"column":12},"end":{"line":437,"column":null}}]},"7":{"loc":{"start":{"line":431,"column":16},"end":{"line":431,"column":58}},"type":"binary-expr","locations":[{"start":{"line":431,"column":16},"end":{"line":431,"column":58}},{"start":{"line":431,"column":62},"end":{"line":431,"column":106}}]}},"s":{"0":8,"1":8,"2":8,"3":8,"4":8,"5":8,"6":8,"7":8,"8":8,"9":8,"10":10,"11":10,"12":10,"13":10,"14":10,"15":10,"16":10,"17":10,"18":10,"19":10,"20":10,"21":0,"22":8,"23":16,"24":3,"25":8,"26":8,"27":8,"28":8,"29":8,"30":8,"31":8,"32":8,"33":8,"34":8,"35":8,"36":8,"37":8,"38":0,"39":0,"40":0,"41":0,"42":0,"43":0,"44":0,"45":0,"46":0,"47":8,"48":8,"49":40,"50":8,"51":8,"52":8,"53":40,"54":40,"55":8,"56":40,"57":10,"58":10,"59":10,"60":10,"61":50,"62":10,"63":10,"64":10,"65":10,"66":10,"67":0,"68":0,"69":0,"70":0,"71":0,"72":10,"73":10,"74":8},"f":{"0":10,"1":0,"2":8,"3":16,"4":3,"5":0,"6":8,"7":8,"8":0,"9":0,"10":8,"11":8,"12":40,"13":8,"14":40,"15":8,"16":40,"17":10,"18":10,"19":50,"20":10,"21":10,"22":10,"23":10,"24":10},"b":{"0":[8,0],"1":[0,0],"2":[0,0],"3":[0,0],"4":[0,0],"5":[10,0],"6":[0,10],"7":[10,10]}}
,"/Users/sth1pal/Documents/Development/JavaScript/nodejs/ts6/dev/hsLibs/d3/hsGraphD3/src/GraphCartesian.ts": {"path":"/Users/sth1pal/Documents/Development/JavaScript/nodejs/ts6/dev/hsLibs/d3/hsGraphD3/src/GraphCartesian.ts","statementMap":{"0":{"start":{"line":83,"column":0},"end":{"line":83,"column":37}},"1":{"start":{"line":83,"column":52},"end":{"line":83,"column":74}},"2":{"start":{"line":88,"column":0},"end":{"line":88,"column":47}},"3":{"start":{"line":90,"column":0},"end":{"line":90,"column":47}},"4":{"start":{"line":92,"column":0},"end":{"line":92,"column":47}},"5":{"start":{"line":96,"column":0},"end":{"line":96,"column":24}},"6":{"start":{"line":97,"column":0},"end":{"line":97,"column":22}},"7":{"start":{"line":98,"column":0},"end":{"line":98,"column":22}},"8":{"start":{"line":99,"column":0},"end":{"line":99,"column":28}},"9":{"start":{"line":100,"column":0},"end":{"line":100,"column":25}},"10":{"start":{"line":101,"column":0},"end":{"line":101,"column":24}},"11":{"start":{"line":102,"column":0},"end":{"line":102,"column":21}},"12":{"start":{"line":110,"column":8},"end":{"line":110,"column":29}},"13":{"start":{"line":111,"column":47},"end":{"line":111,"column":74}},"14":{"start":{"line":112,"column":8},"end":{"line":112,"column":84}},"15":{"start":{"line":113,"column":8},"end":{"line":113,"column":84}},"16":{"start":{"line":114,"column":8},"end":{"line":114,"column":89}},"17":{"start":{"line":126,"column":8},"end":{"line":126,"column":43}},"18":{"start":{"line":134,"column":47},"end":{"line":134,"column":74}},"19":{"start":{"line":135,"column":24},"end":{"line":135,"column":58}},"20":{"start":{"line":136,"column":23},"end":{"line":136,"column":41}},"21":{"start":{"line":137,"column":8},"end":{"line":137,"column":146}},"22":{"start":{"line":138,"column":8},"end":{"line":138,"column":146}},"23":{"start":{"line":139,"column":8},"end":{"line":139,"column":96}},"24":{"start":{"line":147,"column":20},"end":{"line":147,"column":42}},"25":{"start":{"line":148,"column":21},"end":{"line":148,"column":40}},"26":{"start":{"line":149,"column":8},"end":{"line":149,"column":83}},"27":{"start":{"line":150,"column":8},"end":{"line":150,"column":83}},"28":{"start":{"line":151,"column":8},"end":{"line":151,"column":83}},"29":{"start":{"line":152,"column":8},"end":{"line":152,"column":19}},"30":{"start":{"line":158,"column":8},"end":{"line":158,"column":30}},"31":{"start":{"line":159,"column":8},"end":{"line":159,"column":43}},"32":{"start":{"line":160,"column":8},"end":{"line":160,"column":43}},"33":{"start":{"line":107,"column":0},"end":{"line":107,"column":13}}},"fnMap":{"0":{"name":"(anonymous_0)","decl":{"start":{"line":109,"column":14},"end":{"line":109,"column":26}},"loc":{"start":{"line":109,"column":26},"end":{"line":115,"column":5}}},"1":{"name":"(anonymous_1)","decl":{"start":{"line":125,"column":11},"end":{"line":125,"column":20}},"loc":{"start":{"line":125,"column":59},"end":{"line":127,"column":5}}},"2":{"name":"(anonymous_2)","decl":{"start":{"line":133,"column":14},"end":{"line":133,"column":23}},"loc":{"start":{"line":133,"column":23},"end":{"line":140,"column":5}}},"3":{"name":"(anonymous_3)","decl":{"start":{"line":146,"column":14},"end":{"line":146,"column":28}},"loc":{"start":{"line":146,"column":58},"end":{"line":153,"column":5}}},"4":{"name":"(anonymous_4)","decl":{"start":{"line":157,"column":4},"end":{"line":157,"column":14}},"loc":{"start":{"line":157,"column":25},"end":{"line":161,"column":5}}}},"branchMap":{"0":{"loc":{"start":{"line":112,"column":38},"end":{"line":112,"column":64}},"type":"binary-expr","locations":[{"start":{"line":112,"column":38},"end":{"line":112,"column":64}},{"start":{"line":112,"column":69},"end":{"line":112,"column":83}}]},"1":{"loc":{"start":{"line":113,"column":38},"end":{"line":113,"column":64}},"type":"binary-expr","locations":[{"start":{"line":113,"column":38},"end":{"line":113,"column":64}},{"start":{"line":113,"column":69},"end":{"line":113,"column":83}}]},"2":{"loc":{"start":{"line":114,"column":38},"end":{"line":114,"column":65}},"type":"binary-expr","locations":[{"start":{"line":114,"column":38},"end":{"line":114,"column":65}},{"start":{"line":114,"column":69},"end":{"line":114,"column":88}}]},"3":{"loc":{"start":{"line":149,"column":62},"end":{"line":149,"column":69}},"type":"cond-expr","locations":[{"start":{"line":149,"column":62},"end":{"line":149,"column":69}},{"start":{"line":149,"column":73},"end":{"line":149,"column":82}}]},"4":{"loc":{"start":{"line":149,"column":20},"end":{"line":149,"column":27}},"type":"binary-expr","locations":[{"start":{"line":149,"column":20},"end":{"line":149,"column":27}},{"start":{"line":149,"column":32},"end":{"line":149,"column":58}}]},"5":{"loc":{"start":{"line":150,"column":62},"end":{"line":150,"column":69}},"type":"cond-expr","locations":[{"start":{"line":150,"column":62},"end":{"line":150,"column":69}},{"start":{"line":150,"column":73},"end":{"line":150,"column":82}}]},"6":{"loc":{"start":{"line":150,"column":20},"end":{"line":150,"column":27}},"type":"binary-expr","locations":[{"start":{"line":150,"column":20},"end":{"line":150,"column":27}},{"start":{"line":150,"column":32},"end":{"line":150,"column":58}}]},"7":{"loc":{"start":{"line":151,"column":62},"end":{"line":151,"column":70}},"type":"cond-expr","locations":[{"start":{"line":151,"column":62},"end":{"line":151,"column":70}},{"start":{"line":151,"column":73},"end":{"line":151,"column":82}}]},"8":{"loc":{"start":{"line":151,"column":20},"end":{"line":151,"column":28}},"type":"binary-expr","locations":[{"start":{"line":151,"column":20},"end":{"line":151,"column":28}},{"start":{"line":151,"column":32},"end":{"line":151,"column":59}}]}},"s":{"0":8,"1":8,"2":8,"3":8,"4":8,"5":8,"6":8,"7":8,"8":8,"9":8,"10":8,"11":8,"12":10,"13":10,"14":10,"15":10,"16":10,"17":8,"18":8,"19":8,"20":8,"21":8,"22":8,"23":8,"24":8,"25":8,"26":8,"27":8,"28":8,"29":8,"30":8,"31":8,"32":8,"33":8},"f":{"0":10,"1":8,"2":8,"3":8,"4":8},"b":{"0":[10,10],"1":[10,10],"2":[10,10],"3":[0,8],"4":[8,0],"5":[0,8],"6":[8,0],"7":[0,8],"8":[8,0]}}
,"/Users/sth1pal/Documents/Development/JavaScript/nodejs/ts6/dev/hsLibs/d3/hsGraphD3/src/GraphComponent.ts": {"path":"/Users/sth1pal/Documents/Development/JavaScript/nodejs/ts6/dev/hsLibs/d3/hsGraphD3/src/GraphComponent.ts","statementMap":{"0":{"start":{"line":85,"column":8},"end":{"line":85,"column":23}},"1":{"start":{"line":86,"column":8},"end":{"line":88,"column":null}},"2":{"start":{"line":87,"column":12},"end":{"line":87,"column":66}},"3":{"start":{"line":89,"column":8},"end":{"line":89,"column":60}},"4":{"start":{"line":77,"column":0},"end":{"line":77,"column":22}}},"fnMap":{"0":{"name":"(anonymous_0)","decl":{"start":{"line":84,"column":4},"end":{"line":84,"column":16}},"loc":{"start":{"line":84,"column":46},"end":{"line":90,"column":5}}}},"branchMap":{"0":{"loc":{"start":{"line":86,"column":8},"end":{"line":88,"column":null}},"type":"if","locations":[{"start":{"line":86,"column":8},"end":{"line":88,"column":null}},{"start":{"line":86,"column":8},"end":{"line":88,"column":null}}]}},"s":{"0":50,"1":50,"2":40,"3":50,"4":8},"f":{"0":50},"b":{"0":[40,10]}}
,"/Users/sth1pal/Documents/Development/JavaScript/nodejs/ts6/dev/hsLibs/d3/hsGraphD3/src/Grid.ts": {"path":"/Users/sth1pal/Documents/Development/JavaScript/nodejs/ts6/dev/hsLibs/d3/hsGraphD3/src/Grid.ts","statementMap":{"0":{"start":{"line":30,"column":0},"end":{"line":30,"column":42}},"1":{"start":{"line":30,"column":57},"end":{"line":30,"column":69}},"2":{"start":{"line":31,"column":0},"end":{"line":31,"column":52}},"3":{"start":{"line":37,"column":0},"end":{"line":37,"column":46}},"4":{"start":{"line":38,"column":0},"end":{"line":38,"column":46}},"5":{"start":{"line":39,"column":0},"end":{"line":39,"column":42}},"6":{"start":{"line":42,"column":0},"end":{"line":42,"column":null}},"7":{"start":{"line":43,"column":4},"end":{"line":43,"column":null}},"8":{"start":{"line":44,"column":4},"end":{"line":44,"column":null}},"9":{"start":{"line":67,"column":8},"end":{"line":67,"column":31}},"10":{"start":{"line":62,"column":12},"end":{"line":65,"column":6}},"11":{"start":{"line":70,"column":26},"end":{"line":70,"column":44}},"12":{"start":{"line":73,"column":8},"end":{"line":83,"column":10}},"13":{"start":{"line":87,"column":8},"end":{"line":87,"column":96}},"14":{"start":{"line":88,"column":8},"end":{"line":88,"column":96}},"15":{"start":{"line":89,"column":8},"end":{"line":89,"column":94}},"16":{"start":{"line":90,"column":8},"end":{"line":90,"column":94}},"17":{"start":{"line":97,"column":8},"end":{"line":102,"column":null}},"18":{"start":{"line":98,"column":12},"end":{"line":98,"column":57}},"19":{"start":{"line":99,"column":12},"end":{"line":99,"column":57}},"20":{"start":{"line":100,"column":12},"end":{"line":100,"column":57}},"21":{"start":{"line":101,"column":12},"end":{"line":101,"column":57}},"22":{"start":{"line":59,"column":0},"end":{"line":59,"column":13}},"23":{"start":{"line":60,"column":11},"end":{"line":60,"column":26}},"24":{"start":{"line":110,"column":26},"end":{"line":110,"column":38}},"25":{"start":{"line":110,"column":50},"end":{"line":110,"column":63}},"26":{"start":{"line":110,"column":75},"end":{"line":110,"column":80}},"27":{"start":{"line":111,"column":26},"end":{"line":111,"column":47}},"28":{"start":{"line":112,"column":8},"end":{"line":112,"column":51}},"29":{"start":{"line":113,"column":8},"end":{"line":113,"column":85}},"30":{"start":{"line":117,"column":37},"end":{"line":117,"column":82}},"31":{"start":{"line":118,"column":8},"end":{"line":137,"column":null}},"32":{"start":{"line":119,"column":26},"end":{"line":119,"column":45}},"33":{"start":{"line":120,"column":26},"end":{"line":120,"column":62}},"34":{"start":{"line":121,"column":27},"end":{"line":121,"column":46}},"35":{"start":{"line":122,"column":27},"end":{"line":122,"column":46}},"36":{"start":{"line":123,"column":12},"end":{"line":123,"column":39}},"37":{"start":{"line":124,"column":22},"end":{"line":126,"column":85}},"38":{"start":{"line":127,"column":65},"end":{"line":127,"column":136}},"39":{"start":{"line":127,"column":134},"end":{"line":127,"column":135}},"40":{"start":{"line":128,"column":12},"end":{"line":128,"column":38}},"41":{"start":{"line":129,"column":12},"end":{"line":136,"column":64}},"42":{"start":{"line":132,"column":44},"end":{"line":132,"column":62}},"43":{"start":{"line":133,"column":44},"end":{"line":133,"column":62}},"44":{"start":{"line":135,"column":44},"end":{"line":135,"column":62}},"45":{"start":{"line":136,"column":44},"end":{"line":136,"column":62}},"46":{"start":{"line":106,"column":0},"end":{"line":106,"column":13}}},"fnMap":{"0":{"name":"(anonymous_0)","decl":{"start":{"line":42,"column":0},"end":{"line":42,"column":12}},"loc":{"start":{"line":42,"column":22},"end":{"line":45,"column":1}}},"1":{"name":"(anonymous_1)","decl":{"start":{"line":66,"column":4},"end":{"line":66,"column":16}},"loc":{"start":{"line":66,"column":28},"end":{"line":68,"column":5}}},"2":{"name":"(anonymous_2)","decl":{"start":{"line":70,"column":4},"end":{"line":70,"column":8}},"loc":{"start":{"line":70,"column":21},"end":{"line":70,"column":46}}},"3":{"name":"(anonymous_3)","decl":{"start":{"line":72,"column":11},"end":{"line":72,"column":25}},"loc":{"start":{"line":72,"column":25},"end":{"line":84,"column":5}}},"4":{"name":"(anonymous_4)","decl":{"start":{"line":86,"column":4},"end":{"line":86,"column":14}},"loc":{"start":{"line":86,"column":25},"end":{"line":91,"column":5}}},"5":{"name":"(anonymous_5)","decl":{"start":{"line":93,"column":4},"end":{"line":93,"column":13}},"loc":{"start":{"line":93,"column":13},"end":{"line":94,"column":5}}},"6":{"name":"(anonymous_6)","decl":{"start":{"line":96,"column":4},"end":{"line":96,"column":19}},"loc":{"start":{"line":96,"column":19},"end":{"line":103,"column":5}}},"7":{"name":"(anonymous_7)","decl":{"start":{"line":110,"column":4},"end":{"line":110,"column":26}},"loc":{"start":{"line":110,"column":96},"end":{"line":114,"column":5}}},"8":{"name":"(anonymous_8)","decl":{"start":{"line":116,"column":4},"end":{"line":116,"column":19}},"loc":{"start":{"line":116,"column":19},"end":{"line":138,"column":5}}},"9":{"name":"(anonymous_9)","decl":{"start":{"line":127,"column":124},"end":{"line":127,"column":125}},"loc":{"start":{"line":127,"column":134},"end":{"line":127,"column":135}}},"10":{"name":"(anonymous_10)","decl":{"start":{"line":132,"column":39},"end":{"line":132,"column":40}},"loc":{"start":{"line":132,"column":44},"end":{"line":132,"column":62}}},"11":{"name":"(anonymous_11)","decl":{"start":{"line":133,"column":39},"end":{"line":133,"column":40}},"loc":{"start":{"line":133,"column":44},"end":{"line":133,"column":62}}},"12":{"name":"(anonymous_12)","decl":{"start":{"line":135,"column":39},"end":{"line":135,"column":40}},"loc":{"start":{"line":135,"column":44},"end":{"line":135,"column":62}}},"13":{"name":"(anonymous_13)","decl":{"start":{"line":136,"column":39},"end":{"line":136,"column":40}},"loc":{"start":{"line":136,"column":44},"end":{"line":136,"column":62}}}},"branchMap":{"0":{"loc":{"start":{"line":42,"column":12},"end":{"line":42,"column":22}},"type":"binary-expr","locations":[{"start":{"line":42,"column":12},"end":{"line":42,"column":22}},{"start":{"line":42,"column":12},"end":{"line":42,"column":null}}]},"1":{"loc":{"start":{"line":97,"column":8},"end":{"line":102,"column":null}},"type":"if","locations":[{"start":{"line":97,"column":8},"end":{"line":102,"column":null}},{"start":{"line":97,"column":8},"end":{"line":102,"column":null}}]},"2":{"loc":{"start":{"line":110,"column":80},"end":{"line":110,"column":96}},"type":"default-arg","locations":[{"start":{"line":110,"column":80},"end":{"line":110,"column":96}}]},"3":{"loc":{"start":{"line":118,"column":8},"end":{"line":137,"column":null}},"type":"if","locations":[{"start":{"line":118,"column":8},"end":{"line":137,"column":null}},{"start":{"line":118,"column":8},"end":{"line":137,"column":null}}]},"4":{"loc":{"start":{"line":120,"column":56},"end":{"line":120,"column":57}},"type":"cond-expr","locations":[{"start":{"line":120,"column":56},"end":{"line":120,"column":57}},{"start":{"line":120,"column":60},"end":{"line":120,"column":62}}]},"5":{"loc":{"start":{"line":125,"column":16},"end":{"line":125,"column":85}},"type":"cond-expr","locations":[{"start":{"line":125,"column":16},"end":{"line":125,"column":85}},{"start":{"line":126,"column":16},"end":{"line":126,"column":85}}]}},"s":{"0":8,"1":8,"2":8,"3":8,"4":8,"5":8,"6":8,"7":8,"8":8,"9":10,"10":10,"11":18,"12":10,"13":8,"14":8,"15":8,"16":8,"17":8,"18":8,"19":8,"20":8,"21":8,"22":8,"23":8,"24":32,"25":32,"26":32,"27":32,"28":32,"29":32,"30":32,"31":32,"32":30,"33":30,"34":30,"35":30,"36":30,"37":30,"38":30,"39":187,"40":30,"41":30,"42":187,"43":187,"44":187,"45":187,"46":8},"f":{"0":8,"1":10,"2":18,"3":10,"4":8,"5":8,"6":8,"7":32,"8":32,"9":187,"10":187,"11":187,"12":187,"13":187},"b":{"0":[8,8],"1":[8,0],"2":[0],"3":[30,2],"4":[15,15],"5":[16,14]}}
,"/Users/sth1pal/Documents/Development/JavaScript/nodejs/ts6/dev/hsLibs/d3/hsGraphD3/src/Scale.ts": {"path":"/Users/sth1pal/Documents/Development/JavaScript/nodejs/ts6/dev/hsLibs/d3/hsGraphD3/src/Scale.ts","statementMap":{"0":{"start":{"line":49,"column":0},"end":{"line":49,"column":46}},"1":{"start":{"line":49,"column":59},"end":{"line":49,"column":72}},"2":{"start":{"line":51,"column":0},"end":{"line":51,"column":56}},"3":{"start":{"line":54,"column":0},"end":{"line":54,"column":42}},"4":{"start":{"line":132,"column":13},"end":{"line":143,"column":2}},"5":{"start":{"line":133,"column":30},"end":{"line":141,"column":6}},"6":{"start":{"line":142,"column":4},"end":{"line":142,"column":15}},"7":{"start":{"line":152,"column":32},"end":{"line":152,"column":49}},"8":{"start":{"line":154,"column":26},"end":{"line":154,"column":45}},"9":{"start":{"line":161,"column":8},"end":{"line":164,"column":10}},"10":{"start":{"line":174,"column":8},"end":{"line":174,"column":null}},"11":{"start":{"line":174,"column":25},"end":{"line":174,"column":32}},"12":{"start":{"line":175,"column":21},"end":{"line":180,"column":10}},"13":{"start":{"line":181,"column":8},"end":{"line":181,"column":77}},"14":{"start":{"line":149,"column":0},"end":{"line":149,"column":13}},"15":{"start":{"line":150,"column":11},"end":{"line":150,"column":27}},"16":{"start":{"line":185,"column":13},"end":{"line":190,"column":2}},"17":{"start":{"line":194,"column":26},"end":{"line":194,"column":37}},"18":{"start":{"line":194,"column":49},"end":{"line":194,"column":72}},"19":{"start":{"line":194,"column":84},"end":{"line":194,"column":97}},"20":{"start":{"line":194,"column":109},"end":{"line":194,"column":121}},"21":{"start":{"line":200,"column":12},"end":{"line":205,"column":null}},"22":{"start":{"line":201,"column":16},"end":{"line":201,"column":33}},"23":{"start":{"line":202,"column":16},"end":{"line":202,"column":29}},"24":{"start":{"line":204,"column":16},"end":{"line":204,"column":39}},"25":{"start":{"line":211,"column":12},"end":{"line":216,"column":null}},"26":{"start":{"line":212,"column":16},"end":{"line":212,"column":34}},"27":{"start":{"line":213,"column":16},"end":{"line":213,"column":29}},"28":{"start":{"line":215,"column":16},"end":{"line":215,"column":40}},"29":{"start":{"line":219,"column":24},"end":{"line":219,"column":36}},"30":{"start":{"line":220,"column":28},"end":{"line":220,"column":56}},"31":{"start":{"line":220,"column":46},"end":{"line":220,"column":56}},"32":{"start":{"line":222,"column":8},"end":{"line":222,"column":29}},"33":{"start":{"line":223,"column":8},"end":{"line":223,"column":31}},"34":{"start":{"line":224,"column":8},"end":{"line":224,"column":48}},"35":{"start":{"line":224,"column":33},"end":{"line":224,"column":47}},"36":{"start":{"line":225,"column":8},"end":{"line":225,"column":79}},"37":{"start":{"line":225,"column":60},"end":{"line":225,"column":78}},"38":{"start":{"line":226,"column":8},"end":{"line":226,"column":38}},"39":{"start":{"line":228,"column":8},"end":{"line":228,"column":39}},"40":{"start":{"line":229,"column":8},"end":{"line":229,"column":37}},"41":{"start":{"line":230,"column":8},"end":{"line":230,"column":34}},"42":{"start":{"line":231,"column":8},"end":{"line":231,"column":21}},"43":{"start":{"line":236,"column":27},"end":{"line":236,"column":78}},"44":{"start":{"line":236,"column":52},"end":{"line":236,"column":77}},"45":{"start":{"line":238,"column":35},"end":{"line":238,"column":64}},"46":{"start":{"line":241,"column":25},"end":{"line":241,"column":44}},"47":{"start":{"line":242,"column":8},"end":{"line":245,"column":10}},"48":{"start":{"line":251,"column":8},"end":{"line":251,"column":55}},"49":{"start":{"line":250,"column":26},"end":{"line":250,"column":49}},"50":{"start":{"line":250,"column":61},"end":{"line":250,"column":74}},"51":{"start":{"line":250,"column":86},"end":{"line":250,"column":98}},"52":{"start":{"line":254,"column":16},"end":{"line":254,"column":33}},"53":{"start":{"line":257,"column":22},"end":{"line":257,"column":38}},"54":{"start":{"line":258,"column":8},"end":{"line":258,"column":53}},"55":{"start":{"line":259,"column":8},"end":{"line":259,"column":51}},"56":{"start":{"line":260,"column":8},"end":{"line":260,"column":56}},"57":{"start":{"line":261,"column":8},"end":{"line":261,"column":56}},"58":{"start":{"line":262,"column":8},"end":{"line":262,"column":39}},"59":{"start":{"line":263,"column":8},"end":{"line":263,"column":21}},"60":{"start":{"line":267,"column":8},"end":{"line":267,"column":43}},"61":{"start":{"line":267,"column":21},"end":{"line":267,"column":42}},"62":{"start":{"line":271,"column":8},"end":{"line":271,"column":33}},"63":{"start":{"line":278,"column":8},"end":{"line":278,"column":88}},"64":{"start":{"line":277,"column":51},"end":{"line":277,"column":64}},"65":{"start":{"line":281,"column":26},"end":{"line":281,"column":40}},"66":{"start":{"line":284,"column":38},"end":{"line":284,"column":58}},"67":{"start":{"line":285,"column":8},"end":{"line":288,"column":10}},"68":{"start":{"line":294,"column":8},"end":{"line":294,"column":81}},"69":{"start":{"line":293,"column":26},"end":{"line":293,"column":37}},"70":{"start":{"line":293,"column":49},"end":{"line":293,"column":72}},"71":{"start":{"line":293,"column":84},"end":{"line":293,"column":97}},"72":{"start":{"line":297,"column":26},"end":{"line":297,"column":42}},"73":{"start":{"line":300,"column":38},"end":{"line":300,"column":58}},"74":{"start":{"line":301,"column":8},"end":{"line":304,"column":10}},"75":{"start":{"line":309,"column":72},"end":{"line":309,"column":121}},"76":{"start":{"line":313,"column":72},"end":{"line":313,"column":118}}},"fnMap":{"0":{"name":"(anonymous_0)","decl":{"start":{"line":132,"column":28},"end":{"line":132,"column":29}},"loc":{"start":{"line":132,"column":81},"end":{"line":143,"column":1}}},"1":{"name":"(anonymous_1)","decl":{"start":{"line":152,"column":4},"end":{"line":152,"column":16}},"loc":{"start":{"line":152,"column":28},"end":{"line":152,"column":51}}},"2":{"name":"(anonymous_2)","decl":{"start":{"line":154,"column":4},"end":{"line":154,"column":8}},"loc":{"start":{"line":154,"column":21},"end":{"line":154,"column":47}}},"3":{"name":"(anonymous_3)","decl":{"start":{"line":155,"column":4},"end":{"line":155,"column":14}},"loc":{"start":{"line":155,"column":14},"end":{"line":155,"column":25}}},"4":{"name":"(anonymous_4)","decl":{"start":{"line":156,"column":4},"end":{"line":156,"column":13}},"loc":{"start":{"line":156,"column":13},"end":{"line":156,"column":24}}},"5":{"name":"(anonymous_5)","decl":{"start":{"line":157,"column":4},"end":{"line":157,"column":19}},"loc":{"start":{"line":157,"column":19},"end":{"line":157,"column":24}}},"6":{"name":"(anonymous_6)","decl":{"start":{"line":160,"column":11},"end":{"line":160,"column":25}},"loc":{"start":{"line":160,"column":25},"end":{"line":165,"column":5}}},"7":{"name":"(anonymous_7)","decl":{"start":{"line":173,"column":11},"end":{"line":173,"column":17}},"loc":{"start":{"line":173,"column":83},"end":{"line":182,"column":5}}},"8":{"name":"(anonymous_8)","decl":{"start":{"line":194,"column":4},"end":{"line":194,"column":26}},"loc":{"start":{"line":194,"column":121},"end":{"line":194,"column":125}}},"9":{"name":"(anonymous_9)","decl":{"start":{"line":196,"column":4},"end":{"line":196,"column":12}},"loc":{"start":{"line":196,"column":12},"end":{"line":232,"column":5}}},"10":{"name":"_range","decl":{"start":{"line":199,"column":17},"end":{"line":199,"column":23}},"loc":{"start":{"line":199,"column":32},"end":{"line":206,"column":9}}},"11":{"name":"_domain","decl":{"start":{"line":210,"column":17},"end":{"line":210,"column":24}},"loc":{"start":{"line":210,"column":31},"end":{"line":217,"column":9}}},"12":{"name":"(anonymous_12)","decl":{"start":{"line":220,"column":28},"end":{"line":220,"column":29}},"loc":{"start":{"line":220,"column":46},"end":{"line":220,"column":56}}},"13":{"name":"(anonymous_13)","decl":{"start":{"line":224,"column":21},"end":{"line":224,"column":30}},"loc":{"start":{"line":224,"column":33},"end":{"line":224,"column":47}}},"14":{"name":"(anonymous_14)","decl":{"start":{"line":225,"column":21},"end":{"line":225,"column":22}},"loc":{"start":{"line":225,"column":60},"end":{"line":225,"column":78}}},"15":{"name":"(anonymous_15)","decl":{"start":{"line":236,"column":14},"end":{"line":236,"column":22}},"loc":{"start":{"line":236,"column":22},"end":{"line":236,"column":80}}},"16":{"name":"(anonymous_16)","decl":{"start":{"line":236,"column":34},"end":{"line":236,"column":35}},"loc":{"start":{"line":236,"column":52},"end":{"line":236,"column":77}}},"17":{"name":"(anonymous_17)","decl":{"start":{"line":238,"column":14},"end":{"line":238,"column":23}},"loc":{"start":{"line":238,"column":23},"end":{"line":238,"column":66}}},"18":{"name":"(anonymous_18)","decl":{"start":{"line":240,"column":4},"end":{"line":240,"column":12}},"loc":{"start":{"line":240,"column":12},"end":{"line":246,"column":5}}},"19":{"name":"(anonymous_19)","decl":{"start":{"line":250,"column":4},"end":{"line":250,"column":26}},"loc":{"start":{"line":250,"column":98},"end":{"line":252,"column":5}}},"20":{"name":"(anonymous_20)","decl":{"start":{"line":254,"column":4},"end":{"line":254,"column":11}},"loc":{"start":{"line":254,"column":11},"end":{"line":254,"column":35}}},"21":{"name":"(anonymous_21)","decl":{"start":{"line":256,"column":4},"end":{"line":256,"column":12}},"loc":{"start":{"line":256,"column":12},"end":{"line":264,"column":5}}},"22":{"name":"(anonymous_22)","decl":{"start":{"line":266,"column":14},"end":{"line":266,"column":22}},"loc":{"start":{"line":266,"column":22},"end":{"line":268,"column":5}}},"23":{"name":"(anonymous_23)","decl":{"start":{"line":267,"column":15},"end":{"line":267,"column":18}},"loc":{"start":{"line":267,"column":21},"end":{"line":267,"column":42}}},"24":{"name":"(anonymous_24)","decl":{"start":{"line":270,"column":14},"end":{"line":270,"column":23}},"loc":{"start":{"line":270,"column":23},"end":{"line":272,"column":5}}},"25":{"name":"(anonymous_25)","decl":{"start":{"line":277,"column":4},"end":{"line":277,"column":16}},"loc":{"start":{"line":277,"column":78},"end":{"line":279,"column":5}}},"26":{"name":"(anonymous_26)","decl":{"start":{"line":281,"column":14},"end":{"line":281,"column":21}},"loc":{"start":{"line":281,"column":21},"end":{"line":281,"column":42}}},"27":{"name":"(anonymous_27)","decl":{"start":{"line":283,"column":14},"end":{"line":283,"column":23}},"loc":{"start":{"line":283,"column":23},"end":{"line":289,"column":5}}},"28":{"name":"(anonymous_28)","decl":{"start":{"line":293,"column":4},"end":{"line":293,"column":26}},"loc":{"start":{"line":293,"column":111},"end":{"line":295,"column":5}}},"29":{"name":"(anonymous_29)","decl":{"start":{"line":297,"column":14},"end":{"line":297,"column":21}},"loc":{"start":{"line":297,"column":21},"end":{"line":297,"column":44}}},"30":{"name":"(anonymous_30)","decl":{"start":{"line":299,"column":14},"end":{"line":299,"column":23}},"loc":{"start":{"line":299,"column":23},"end":{"line":305,"column":5}}},"31":{"name":"(anonymous_31)","decl":{"start":{"line":309,"column":4},"end":{"line":309,"column":16}},"loc":{"start":{"line":309,"column":68},"end":{"line":309,"column":123}}},"32":{"name":"(anonymous_32)","decl":{"start":{"line":313,"column":4},"end":{"line":313,"column":16}},"loc":{"start":{"line":313,"column":68},"end":{"line":313,"column":120}}}},"branchMap":{"0":{"loc":{"start":{"line":138,"column":17},"end":{"line":138,"column":25}},"type":"binary-expr","locations":[{"start":{"line":138,"column":17},"end":{"line":138,"column":25}},{"start":{"line":138,"column":29},"end":{"line":138,"column":35}}]},"1":{"loc":{"start":{"line":139,"column":17},"end":{"line":139,"column":25}},"type":"binary-expr","locations":[{"start":{"line":139,"column":17},"end":{"line":139,"column":25}},{"start":{"line":139,"column":29},"end":{"line":139,"column":35}}]},"2":{"loc":{"start":{"line":174,"column":8},"end":{"line":174,"column":null}},"type":"if","locations":[{"start":{"line":174,"column":8},"end":{"line":174,"column":null}},{"start":{"line":174,"column":8},"end":{"line":174,"column":null}}]},"3":{"loc":{"start":{"line":200,"column":12},"end":{"line":205,"column":null}},"type":"if","locations":[{"start":{"line":200,"column":12},"end":{"line":205,"column":null}},{"start":{"line":200,"column":12},"end":{"line":205,"column":null}}]},"4":{"loc":{"start":{"line":211,"column":12},"end":{"line":216,"column":null}},"type":"if","locations":[{"start":{"line":211,"column":12},"end":{"line":216,"column":null}},{"start":{"line":211,"column":12},"end":{"line":216,"column":null}}]},"5":{"loc":{"start":{"line":243,"column":53},"end":{"line":243,"column":66}},"type":"cond-expr","locations":[{"start":{"line":243,"column":53},"end":{"line":243,"column":66}},{"start":{"line":243,"column":77},"end":{"line":243,"column":89}}]},"6":{"loc":{"start":{"line":243,"column":13},"end":{"line":243,"column":23}},"type":"binary-expr","locations":[{"start":{"line":243,"column":13},"end":{"line":243,"column":23}},{"start":{"line":243,"column":27},"end":{"line":243,"column":50}}]},"7":{"loc":{"start":{"line":244,"column":53},"end":{"line":244,"column":66}},"type":"cond-expr","locations":[{"start":{"line":244,"column":53},"end":{"line":244,"column":66}},{"start":{"line":244,"column":77},"end":{"line":244,"column":89}}]},"8":{"loc":{"start":{"line":244,"column":13},"end":{"line":244,"column":23}},"type":"binary-expr","locations":[{"start":{"line":244,"column":13},"end":{"line":244,"column":23}},{"start":{"line":244,"column":27},"end":{"line":244,"column":50}}]},"9":{"loc":{"start":{"line":271,"column":15},"end":{"line":271,"column":26}},"type":"binary-expr","locations":[{"start":{"line":271,"column":15},"end":{"line":271,"column":26}},{"start":{"line":271,"column":30},"end":{"line":271,"column":32}}]},"10":{"loc":{"start":{"line":286,"column":59},"end":{"line":286,"column":73}},"type":"cond-expr","locations":[{"start":{"line":286,"column":59},"end":{"line":286,"column":73}},{"start":{"line":286,"column":76},"end":{"line":286,"column":86}}]},"11":{"loc":{"start":{"line":286,"column":21},"end":{"line":286,"column":32}},"type":"binary-expr","locations":[{"start":{"line":286,"column":21},"end":{"line":286,"column":32}},{"start":{"line":286,"column":36},"end":{"line":286,"column":57}}]},"12":{"loc":{"start":{"line":287,"column":59},"end":{"line":287,"column":73}},"type":"cond-expr","locations":[{"start":{"line":287,"column":59},"end":{"line":287,"column":73}},{"start":{"line":287,"column":76},"end":{"line":287,"column":86}}]},"13":{"loc":{"start":{"line":287,"column":21},"end":{"line":287,"column":32}},"type":"binary-expr","locations":[{"start":{"line":287,"column":21},"end":{"line":287,"column":32}},{"start":{"line":287,"column":36},"end":{"line":287,"column":57}}]},"14":{"loc":{"start":{"line":302,"column":51},"end":{"line":302,"column":65}},"type":"cond-expr","locations":[{"start":{"line":302,"column":51},"end":{"line":302,"column":65}},{"start":{"line":302,"column":68},"end":{"line":302,"column":78}}]},"15":{"loc":{"start":{"line":302,"column":13},"end":{"line":302,"column":24}},"type":"binary-expr","locations":[{"start":{"line":302,"column":13},"end":{"line":302,"column":24}},{"start":{"line":302,"column":28},"end":{"line":302,"column":49}}]},"16":{"loc":{"start":{"line":303,"column":51},"end":{"line":303,"column":65}},"type":"cond-expr","locations":[{"start":{"line":303,"column":51},"end":{"line":303,"column":65}},{"start":{"line":303,"column":68},"end":{"line":303,"column":78}}]},"17":{"loc":{"start":{"line":303,"column":13},"end":{"line":303,"column":24}},"type":"binary-expr","locations":[{"start":{"line":303,"column":13},"end":{"line":303,"column":24}},{"start":{"line":303,"column":28},"end":{"line":303,"column":49}}]}},"s":{"0":8,"1":8,"2":8,"3":8,"4":8,"5":30,"6":30,"7":10,"8":18,"9":10,"10":24,"11":0,"12":24,"13":24,"14":8,"15":8,"16":8,"17":24,"18":24,"19":24,"20":24,"21":54,"22":24,"23":24,"24":30,"25":42,"26":25,"27":25,"28":17,"29":24,"30":24,"31":941,"32":24,"33":24,"34":24,"35":0,"36":24,"37":16,"38":24,"39":24,"40":24,"41":24,"42":24,"43":24,"44":30,"45":0,"46":24,"47":24,"48":0,"49":0,"50":0,"51":0,"52":0,"53":0,"54":0,"55":0,"56":0,"57":0,"58":0,"59":0,"60":0,"61":0,"62":0,"63":0,"64":0,"65":0,"66":0,"67":0,"68":24,"69":24,"70":24,"71":24,"72":40,"73":24,"74":24,"75":24,"76":0},"f":{"0":30,"1":10,"2":18,"3":8,"4":8,"5":8,"6":10,"7":24,"8":24,"9":24,"10":54,"11":42,"12":941,"13":0,"14":16,"15":24,"16":30,"17":0,"18":24,"19":0,"20":0,"21":0,"22":0,"23":0,"24":0,"25":0,"26":0,"27":0,"28":24,"29":40,"30":24,"31":24,"32":0},"b":{"0":[30,20],"1":[30,20],"2":[0,24],"3":[24,30],"4":[25,17],"5":[16,8],"6":[24,16],"7":[16,8],"8":[24,16],"9":[0,0],"10":[0,0],"11":[0,0],"12":[0,0],"13":[0,0],"14":[20,4],"15":[24,20],"16":[20,4],"17":[24,20]}}
,"/Users/sth1pal/Documents/Development/JavaScript/nodejs/ts6/dev/hsLibs/d3/hsGraphD3/src/Series.ts": {"path":"/Users/sth1pal/Documents/Development/JavaScript/nodejs/ts6/dev/hsLibs/d3/hsGraphD3/src/Series.ts","statementMap":{"0":{"start":{"line":34,"column":0},"end":{"line":34,"column":38}},"1":{"start":{"line":35,"column":0},"end":{"line":35,"column":42}},"2":{"start":{"line":35,"column":57},"end":{"line":35,"column":71}},"3":{"start":{"line":41,"column":0},"end":{"line":41,"column":52}},"4":{"start":{"line":45,"column":0},"end":{"line":45,"column":43}},"5":{"start":{"line":62,"column":4},"end":{"line":65,"column":null}},"6":{"start":{"line":63,"column":8},"end":{"line":63,"column":71}},"7":{"start":{"line":64,"column":8},"end":{"line":64,"column":31}},"8":{"start":{"line":67,"column":4},"end":{"line":83,"column":null}},"9":{"start":{"line":68,"column":24},"end":{"line":68,"column":90}},"10":{"start":{"line":68,"column":81},"end":{"line":68,"column":88}},"11":{"start":{"line":69,"column":8},"end":{"line":69,"column":52}},"12":{"start":{"line":70,"column":8},"end":{"line":70,"column":52}},"13":{"start":{"line":72,"column":23},"end":{"line":72,"column":52}},"14":{"start":{"line":73,"column":8},"end":{"line":82,"column":null}},"15":{"start":{"line":73,"column":26},"end":{"line":73,"column":110}},"16":{"start":{"line":75,"column":28},"end":{"line":75,"column":74}},"17":{"start":{"line":75,"column":63},"end":{"line":75,"column":72}},"18":{"start":{"line":76,"column":12},"end":{"line":76,"column":56}},"19":{"start":{"line":77,"column":12},"end":{"line":77,"column":56}},"20":{"start":{"line":78,"column":12},"end":{"line":81,"column":null}},"21":{"start":{"line":79,"column":16},"end":{"line":79,"column":42}},"22":{"start":{"line":80,"column":16},"end":{"line":80,"column":42}},"23":{"start":{"line":84,"column":4},"end":{"line":84,"column":18}},"24":{"start":{"line":88,"column":4},"end":{"line":91,"column":null}},"25":{"start":{"line":89,"column":8},"end":{"line":89,"column":71}},"26":{"start":{"line":90,"column":8},"end":{"line":90,"column":20}},"27":{"start":{"line":92,"column":4},"end":{"line":106,"column":null}},"28":{"start":{"line":93,"column":8},"end":{"line":96,"column":11}},"29":{"start":{"line":94,"column":36},"end":{"line":94,"column":42}},"30":{"start":{"line":95,"column":12},"end":{"line":95,"column":null}},"31":{"start":{"line":95,"column":47},"end":{"line":95,"column":68}},"32":{"start":{"line":98,"column":23},"end":{"line":98,"column":52}},"33":{"start":{"line":99,"column":8},"end":{"line":105,"column":null}},"34":{"start":{"line":99,"column":26},"end":{"line":99,"column":110}},"35":{"start":{"line":101,"column":12},"end":{"line":104,"column":15}},"36":{"start":{"line":102,"column":40},"end":{"line":102,"column":49}},"37":{"start":{"line":103,"column":16},"end":{"line":103,"column":null}},"38":{"start":{"line":103,"column":51},"end":{"line":103,"column":72}},"39":{"start":{"line":107,"column":4},"end":{"line":107,"column":18}},"40":{"start":{"line":111,"column":33},"end":{"line":111,"column":45}},"41":{"start":{"line":112,"column":4},"end":{"line":121,"column":7}},"42":{"start":{"line":113,"column":21},"end":{"line":113,"column":40}},"43":{"start":{"line":114,"column":8},"end":{"line":114,"column":51}},"44":{"start":{"line":115,"column":8},"end":{"line":120,"column":12}},"45":{"start":{"line":115,"column":31},"end":{"line":120,"column":10}},"46":{"start":{"line":116,"column":12},"end":{"line":119,"column":null}},"47":{"start":{"line":117,"column":36},"end":{"line":117,"column":115}},"48":{"start":{"line":117,"column":116},"end":{"line":117,"column":122}},"49":{"start":{"line":118,"column":36},"end":{"line":118,"column":111}},"50":{"start":{"line":150,"column":8},"end":{"line":150,"column":32}},"51":{"start":{"line":147,"column":12},"end":{"line":147,"column":37}},"52":{"start":{"line":135,"column":8},"end":{"line":141,"column":null}},"53":{"start":{"line":136,"column":12},"end":{"line":136,"column":55}},"54":{"start":{"line":137,"column":12},"end":{"line":137,"column":58}},"55":{"start":{"line":139,"column":12},"end":{"line":139,"column":55}},"56":{"start":{"line":140,"column":12},"end":{"line":140,"column":55}},"57":{"start":{"line":144,"column":41},"end":{"line":144,"column":83}},"58":{"start":{"line":154,"column":26},"end":{"line":154,"column":45}},"59":{"start":{"line":159,"column":26},"end":{"line":159,"column":65}},"60":{"start":{"line":160,"column":8},"end":{"line":160,"column":108}},"61":{"start":{"line":160,"column":56},"end":{"line":160,"column":106}},"62":{"start":{"line":164,"column":8},"end":{"line":168,"column":10}},"63":{"start":{"line":164,"column":56},"end":{"line":166,"column":null}},"64":{"start":{"line":177,"column":8},"end":{"line":179,"column":11}},"65":{"start":{"line":177,"column":56},"end":{"line":178,"column":null}},"66":{"start":{"line":184,"column":8},"end":{"line":184,"column":18}},"67":{"start":{"line":198,"column":8},"end":{"line":207,"column":null}},"68":{"start":{"line":200,"column":12},"end":{"line":200,"column":135}},"69":{"start":{"line":200,"column":50},"end":{"line":200,"column":133}},"70":{"start":{"line":203,"column":12},"end":{"line":206,"column":15}},"71":{"start":{"line":204,"column":32},"end":{"line":204,"column":66}},"72":{"start":{"line":205,"column":16},"end":{"line":205,"column":94}},"73":{"start":{"line":208,"column":8},"end":{"line":208,"column":23}},"74":{"start":{"line":217,"column":30},"end":{"line":217,"column":59}},"75":{"start":{"line":218,"column":8},"end":{"line":228,"column":null}},"76":{"start":{"line":219,"column":27},"end":{"line":219,"column":95}},"77":{"start":{"line":220,"column":34},"end":{"line":220,"column":58}},"78":{"start":{"line":221,"column":26},"end":{"line":221,"column":44}},"79":{"start":{"line":222,"column":12},"end":{"line":222,"column":84}},"80":{"start":{"line":223,"column":12},"end":{"line":223,"column":37}},"81":{"start":{"line":224,"column":12},"end":{"line":224,"column":79}},"82":{"start":{"line":225,"column":12},"end":{"line":225,"column":26}},"83":{"start":{"line":227,"column":12},"end":{"line":227,"column":135}},"84":{"start":{"line":126,"column":0},"end":{"line":126,"column":13}},"85":{"start":{"line":127,"column":11},"end":{"line":127,"column":27}},"86":{"start":{"line":131,"column":21},"end":{"line":131,"column":76}}},"fnMap":{"0":{"name":"expandNumDomain","decl":{"start":{"line":61,"column":9},"end":{"line":61,"column":24}},"loc":{"start":{"line":61,"column":84},"end":{"line":85,"column":1}}},"1":{"name":"(anonymous_1)","decl":{"start":{"line":68,"column":46},"end":{"line":68,"column":47}},"loc":{"start":{"line":68,"column":81},"end":{"line":68,"column":88}}},"2":{"name":"(anonymous_2)","decl":{"start":{"line":75,"column":50},"end":{"line":75,"column":51}},"loc":{"start":{"line":75,"column":63},"end":{"line":75,"column":72}}},"3":{"name":"expandOrdinalDomain","decl":{"start":{"line":87,"column":9},"end":{"line":87,"column":28}},"loc":{"start":{"line":87,"column":88},"end":{"line":108,"column":1}}},"4":{"name":"(anonymous_4)","decl":{"start":{"line":93,"column":29},"end":{"line":93,"column":30}},"loc":{"start":{"line":93,"column":37},"end":{"line":96,"column":9}}},"5":{"name":"(anonymous_5)","decl":{"start":{"line":101,"column":33},"end":{"line":101,"column":34}},"loc":{"start":{"line":101,"column":41},"end":{"line":104,"column":13}}},"6":{"name":"stretchDomains","decl":{"start":{"line":110,"column":9},"end":{"line":110,"column":23}},"loc":{"start":{"line":110,"column":91},"end":{"line":123,"column":1}}},"7":{"name":"(anonymous_7)","decl":{"start":{"line":112,"column":26},"end":{"line":112,"column":29}},"loc":{"start":{"line":112,"column":32},"end":{"line":121,"column":5}}},"8":{"name":"(anonymous_8)","decl":{"start":{"line":115,"column":22},"end":{"line":115,"column":25}},"loc":{"start":{"line":115,"column":28},"end":{"line":120,"column":10}}},"9":{"name":"(anonymous_9)","decl":{"start":{"line":149,"column":4},"end":{"line":149,"column":16}},"loc":{"start":{"line":149,"column":28},"end":{"line":151,"column":5}}},"10":{"name":"(anonymous_10)","decl":{"start":{"line":134,"column":11},"end":{"line":134,"column":17}},"loc":{"start":{"line":134,"column":64},"end":{"line":142,"column":5}}},"11":{"name":"(anonymous_11)","decl":{"start":{"line":144,"column":11},"end":{"line":144,"column":17}},"loc":{"start":{"line":144,"column":27},"end":{"line":144,"column":85}}},"12":{"name":"(anonymous_12)","decl":{"start":{"line":154,"column":4},"end":{"line":154,"column":8}},"loc":{"start":{"line":154,"column":21},"end":{"line":154,"column":47}}},"13":{"name":"(anonymous_13)","decl":{"start":{"line":156,"column":4},"end":{"line":156,"column":14}},"loc":{"start":{"line":156,"column":25},"end":{"line":161,"column":5}}},"14":{"name":"(anonymous_14)","decl":{"start":{"line":160,"column":28},"end":{"line":160,"column":29}},"loc":{"start":{"line":160,"column":56},"end":{"line":160,"column":106}}},"15":{"name":"(anonymous_15)","decl":{"start":{"line":163,"column":4},"end":{"line":163,"column":13}},"loc":{"start":{"line":163,"column":55},"end":{"line":169,"column":5}}},"16":{"name":"(anonymous_16)","decl":{"start":{"line":164,"column":28},"end":{"line":164,"column":29}},"loc":{"start":{"line":164,"column":56},"end":{"line":166,"column":null}}},"17":{"name":"(anonymous_17)","decl":{"start":{"line":176,"column":4},"end":{"line":176,"column":19}},"loc":{"start":{"line":176,"column":44},"end":{"line":180,"column":5}}},"18":{"name":"(anonymous_18)","decl":{"start":{"line":177,"column":28},"end":{"line":177,"column":29}},"loc":{"start":{"line":177,"column":56},"end":{"line":178,"column":null}}},"19":{"name":"(anonymous_19)","decl":{"start":{"line":183,"column":4},"end":{"line":183,"column":18}},"loc":{"start":{"line":183,"column":18},"end":{"line":185,"column":5}}},"20":{"name":"(anonymous_20)","decl":{"start":{"line":197,"column":4},"end":{"line":197,"column":16}},"loc":{"start":{"line":197,"column":58},"end":{"line":209,"column":5}}},"21":{"name":"(anonymous_21)","decl":{"start":{"line":200,"column":32},"end":{"line":200,"column":33}},"loc":{"start":{"line":200,"column":50},"end":{"line":200,"column":133}}},"22":{"name":"(anonymous_22)","decl":{"start":{"line":203,"column":32},"end":{"line":203,"column":33}},"loc":{"start":{"line":203,"column":59},"end":{"line":206,"column":13}}},"23":{"name":"(anonymous_23)","decl":{"start":{"line":216,"column":4},"end":{"line":216,"column":13}},"loc":{"start":{"line":216,"column":48},"end":{"line":229,"column":5}}}},"branchMap":{"0":{"loc":{"start":{"line":62,"column":4},"end":{"line":65,"column":null}},"type":"if","locations":[{"start":{"line":62,"column":4},"end":{"line":65,"column":null}},{"start":{"line":62,"column":4},"end":{"line":65,"column":null}}]},"1":{"loc":{"start":{"line":67,"column":4},"end":{"line":83,"column":null}},"type":"if","locations":[{"start":{"line":67,"column":4},"end":{"line":83,"column":null}},{"start":{"line":67,"column":4},"end":{"line":83,"column":null}}]},"2":{"loc":{"start":{"line":73,"column":8},"end":{"line":82,"column":null}},"type":"if","locations":[{"start":{"line":73,"column":8},"end":{"line":82,"column":null}},{"start":{"line":73,"column":8},"end":{"line":82,"column":null}}]},"3":{"loc":{"start":{"line":78,"column":12},"end":{"line":81,"column":null}},"type":"if","locations":[{"start":{"line":78,"column":12},"end":{"line":81,"column":null}},{"start":{"line":78,"column":12},"end":{"line":81,"column":null}}]},"4":{"loc":{"start":{"line":88,"column":4},"end":{"line":91,"column":null}},"type":"if","locations":[{"start":{"line":88,"column":4},"end":{"line":91,"column":null}},{"start":{"line":88,"column":4},"end":{"line":91,"column":null}}]},"5":{"loc":{"start":{"line":92,"column":4},"end":{"line":106,"column":null}},"type":"if","locations":[{"start":{"line":92,"column":4},"end":{"line":106,"column":null}},{"start":{"line":92,"column":4},"end":{"line":106,"column":null}}]},"6":{"loc":{"start":{"line":95,"column":12},"end":{"line":95,"column":null}},"type":"if","locations":[{"start":{"line":95,"column":12},"end":{"line":95,"column":null}},{"start":{"line":95,"column":12},"end":{"line":95,"column":null}}]},"7":{"loc":{"start":{"line":99,"column":8},"end":{"line":105,"column":null}},"type":"if","locations":[{"start":{"line":99,"column":8},"end":{"line":105,"column":null}},{"start":{"line":99,"column":8},"end":{"line":105,"column":null}}]},"8":{"loc":{"start":{"line":103,"column":16},"end":{"line":103,"column":null}},"type":"if","locations":[{"start":{"line":103,"column":16},"end":{"line":103,"column":null}},{"start":{"line":103,"column":16},"end":{"line":103,"column":null}}]},"9":{"loc":{"start":{"line":115,"column":31},"end":{"line":120,"column":10}},"type":"if","locations":[{"start":{"line":115,"column":31},"end":{"line":120,"column":10}},{"start":{"line":115,"column":31},"end":{"line":120,"column":10}}]},"10":{"loc":{"start":{"line":117,"column":16},"end":{"line":117,"column":122}},"type":"switch","locations":[{"start":{"line":117,"column":16},"end":{"line":117,"column":122}},{"start":{"line":118,"column":16},"end":{"line":118,"column":111}}]},"11":{"loc":{"start":{"line":135,
[...]
c":{"start":{"line":82,"column":8},"end":{"line":82,"column":null}},"type":"if","locations":[{"start":{"line":82,"column":8},"end":{"line":82,"column":null}},{"start":{"line":82,"column":8},"end":{"line":82,"column":null}}]},"4":{"loc":{"start":{"line":82,"column":12},"end":{"line":82,"column":34}},"type":"binary-expr","locations":[{"start":{"line":82,"column":12},"end":{"line":82,"column":34}},{"start":{"line":82,"column":38},"end":{"line":82,"column":62}}]},"5":{"loc":{"start":{"line":90,"column":8},"end":{"line":98,"column":null}},"type":"if","locations":[{"start":{"line":90,"column":8},"end":{"line":98,"column":null}},{"start":{"line":90,"column":8},"end":{"line":98,"column":null}}]},"6":{"loc":{"start":{"line":102,"column":20},"end":{"line":102,"column":29}},"type":"binary-expr","locations":[{"start":{"line":102,"column":20},"end":{"line":102,"column":29}},{"start":{"line":102,"column":33},"end":{"line":102,"column":84}}]},"7":{"loc":{"start":{"line":107,"column":20},"end":{"line":107,"column":29}},"type":"binary-expr","locations":[{"start":{"line":107,"column":20},"end":{"line":107,"column":29}},{"start":{"line":107,"column":33},"end":{"line":107,"column":84}}]},"8":{"loc":{"start":{"line":109,"column":8},"end":{"line":117,"column":null}},"type":"if","locations":[{"start":{"line":109,"column":8},"end":{"line":117,"column":null}},{"start":{"line":109,"column":8},"end":{"line":117,"column":null}}]},"9":{"loc":{"start":{"line":115,"column":58},"end":{"line":115,"column":71}},"type":"cond-expr","locations":[{"start":{"line":115,"column":58},"end":{"line":115,"column":71}},{"start":{"line":116,"column":16},"end":{"line":116,"column":87}}]},"10":{"loc":{"start":{"line":137,"column":81},"end":{"line":137,"column":88}},"type":"default-arg","locations":[{"start":{"line":137,"column":81},"end":{"line":137,"column":88}}]}},"s":{"0":8,"1":8,"2":8,"3":8,"4":8,"5":45,"6":45,"7":45,"8":8,"9":167,"10":8,"11":8,"12":8,"13":8,"14":8,"15":1,"16":1,"17":8,"18":5,"19":5,"20":5,"21":20,"22":5,"23":5,"24":5,"25":5,"26":5,"27":1,"28":1,"29":1,"30":1,"31":1,"32":1,"33":1,"34":1,"35":1,"36":1,"37":1,"38":10,"39":10,"40":10,"41":10,"42":10,"43":40,"44":40,"45":40,"46":0,"47":6,"48":6,"49":5,"50":8},"f":{"0":45,"1":8,"2":167,"3":8,"4":8,"5":1,"6":5,"7":20,"8":5,"9":5,"10":1,"11":1,"12":10,"13":40,"14":40,"15":40,"16":6,"17":0,"18":5},"b":{"0":[35],"1":[2,43],"2":[5,162],"3":[1,7],"4":[8,1],"5":[5,0],"6":[5,5],"7":[1,1],"8":[1,0],"9":[1,0],"10":[0]}}
,"/Users/sth1pal/Documents/Development/JavaScript/nodejs/ts6/dev/hsLibs/d3/hsGraphD3/src/plots/OrdinalSeriesPlot.ts": {"path":"/Users/sth1pal/Documents/Development/JavaScript/nodejs/ts6/dev/hsLibs/d3/hsGraphD3/src/plots/OrdinalSeriesPlot.ts","statementMap":{"0":{"start":{"line":22,"column":0},"end":{"line":22,"column":46}},"1":{"start":{"line":22,"column":61},"end":{"line":22,"column":86}},"2":{"start":{"line":30,"column":0},"end":{"line":30,"column":57}},"3":{"start":{"line":55,"column":18},"end":{"line":55,"column":40}},"4":{"start":{"line":56,"column":15},"end":{"line":56,"column":37}},"5":{"start":{"line":59,"column":4},"end":{"line":61,"column":78}},"6":{"start":{"line":60,"column":14},"end":{"line":60,"column":17}},"7":{"start":{"line":61,"column":38},"end":{"line":61,"column":77}},"8":{"start":{"line":54,"column":0},"end":{"line":54,"column":16}},"9":{"start":{"line":71,"column":41},"end":{"line":71,"column":60}},"10":{"start":{"line":72,"column":8},"end":{"line":72,"column":22}},"11":{"start":{"line":73,"column":8},"end":{"line":73,"column":33}},"12":{"start":{"line":74,"column":8},"end":{"line":74,"column":36}},"13":{"start":{"line":75,"column":8},"end":{"line":75,"column":34}},"14":{"start":{"line":76,"column":8},"end":{"line":76,"column":19}},"15":{"start":{"line":82,"column":8},"end":{"line":82,"column":37}},"16":{"start":{"line":86,"column":8},"end":{"line":86,"column":39}},"17":{"start":{"line":98,"column":47},"end":{"line":98,"column":87}},"18":{"start":{"line":99,"column":8},"end":{"line":107,"column":null}},"19":{"start":{"line":100,"column":32},"end":{"line":101,"column":43}},"20":{"start":{"line":101,"column":38},"end":{"line":101,"column":42}},"21":{"start":{"line":102,"column":12},"end":{"line":102,"column":36}},"22":{"start":{"line":103,"column":12},"end":{"line":106,"column":70}},"23":{"start":{"line":68,"column":0},"end":{"line":68,"column":22}}},"fnMap":{"0":{"name":"accessor","decl":{"start":{"line":54,"column":16},"end":{"line":54,"column":24}},"loc":{"start":{"line":54,"column":74},"end":{"line":62,"column":1}}},"1":{"name":"(anonymous_1)","decl":{"start":{"line":60,"column":8},"end":{"line":60,"column":11}},"loc":{"start":{"line":60,"column":14},"end":{"line":60,"column":17}}},"2":{"name":"(anonymous_2)","decl":{"start":{"line":61,"column":8},"end":{"line":61,"column":9}},"loc":{"start":{"line":61,"column":38},"end":{"line":61,"column":77}}},"3":{"name":"(anonymous_3)","decl":{"start":{"line":70,"column":4},"end":{"line":70,"column":15}},"loc":{"start":{"line":70,"column":15},"end":{"line":77,"column":5}}},"4":{"name":"(anonymous_4)","decl":{"start":{"line":81,"column":4},"end":{"line":81,"column":14}},"loc":{"start":{"line":81,"column":40},"end":{"line":83,"column":5}}},"5":{"name":"(anonymous_5)","decl":{"start":{"line":85,"column":4},"end":{"line":85,"column":13}},"loc":{"start":{"line":85,"column":43},"end":{"line":87,"column":5}}},"6":{"name":"(anonymous_6)","decl":{"start":{"line":91,"column":14},"end":{"line":91,"column":29}},"loc":{"start":{"line":91,"column":61},"end":{"line":92,"column":5}}},"7":{"name":"(anonymous_7)","decl":{"start":{"line":94,"column":14},"end":{"line":94,"column":26}},"loc":{"start":{"line":94,"column":58},"end":{"line":95,"column":5}}},"8":{"name":"(anonymous_8)","decl":{"start":{"line":97,"column":14},"end":{"line":97,"column":26}},"loc":{"start":{"line":97,"column":51},"end":{"line":108,"column":5}}},"9":{"name":"(anonymous_9)","decl":{"start":{"line":101,"column":33},"end":{"line":101,"column":34}},"loc":{"start":{"line":101,"column":38},"end":{"line":101,"column":42}}}},"branchMap":{"0":{"loc":{"start":{"line":54,"column":73},"end":{"line":54,"column":74}},"type":"default-arg","locations":[{"start":{"line":54,"column":73},"end":{"line":54,"column":74}}]},"1":{"loc":{"start":{"line":60,"column":8},"end":{"line":60,"column":17}},"type":"cond-expr","locations":[{"start":{"line":60,"column":8},"end":{"line":60,"column":17}},{"start":{"line":61,"column":8},"end":{"line":61,"column":77}}]},"2":{"loc":{"start":{"line":61,"column":58},"end":{"line":61,"column":63}},"type":"cond-expr","locations":[{"start":{"line":61,"column":58},"end":{"line":61,"column":63}},{"start":{"line":61,"column":66},"end":{"line":61,"column":76}}]},"3":{"loc":{"start":{"line":99,"column":8},"end":{"line":107,"column":null}},"type":"if","locations":[{"start":{"line":99,"column":8},"end":{"line":107,"column":null}},{"start":{"line":99,"column":8},"end":{"line":107,"column":null}}]}},"s":{"0":8,"1":8,"2":8,"3":0,"4":0,"5":0,"6":0,"7":0,"8":8,"9":0,"10":0,"11":0,"12":0,"13":0,"14":0,"15":0,"16":0,"17":0,"18":0,"19":0,"20":0,"21":0,"22":0,"23":8},"f":{"0":0,"1":0,"2":0,"3":0,"4":0,"5":0,"6":0,"7":0,"8":0,"9":0},"b":{"0":[0],"1":[0,0],"2":[0,0],"3":[0,0]}}
,"/Users/sth1pal/Documents/Development/JavaScript/nodejs/ts6/dev/hsLibs/d3/hsGraphD3/src/plots/TimeSeries.ts": {"path":"/Users/sth1pal/Documents/Development/JavaScript/nodejs/ts6/dev/hsLibs/d3/hsGraphD3/src/plots/TimeSeries.ts","statementMap":{"0":{"start":{"line":76,"column":0},"end":{"line":76,"column":46}},"1":{"start":{"line":76,"column":61},"end":{"line":76,"column":79}},"2":{"start":{"line":80,"column":0},"end":{"line":80,"column":49}},"3":{"start":{"line":81,"column":0},"end":{"line":81,"column":59}},"4":{"start":{"line":87,"column":0},"end":{"line":87,"column":125}},"5":{"start":{"line":87,"column":91},"end":{"line":87,"column":123}},"6":{"start":{"line":96,"column":8},"end":{"line":96,"column":37}},"7":{"start":{"line":97,"column":24},"end":{"line":97,"column":71}},"8":{"start":{"line":101,"column":20},"end":{"line":101,"column":39}},"9":{"start":{"line":103,"column":8},"end":{"line":103,"column":19}},"10":{"start":{"line":107,"column":8},"end":{"line":107,"column":37}},"11":{"start":{"line":111,"column":8},"end":{"line":111,"column":39}},"12":{"start":{"line":112,"column":8},"end":{"line":112,"column":null}},"13":{"start":{"line":112,"column":46},"end":{"line":112,"column":118}},"14":{"start":{"line":113,"column":18},"end":{"line":113,"column":60}},"15":{"start":{"line":114,"column":8},"end":{"line":119,"column":null}},"16":{"start":{"line":115,"column":34},"end":{"line":115,"column":75}},"17":{"start":{"line":116,"column":38},"end":{"line":116,"column":66}},"18":{"start":{"line":117,"column":12},"end":{"line":117,"column":null}},"19":{"start":{"line":117,"column":49},"end":{"line":117,"column":68}},"20":{"start":{"line":118,"column":12},"end":{"line":118,"column":47}},"21":{"start":{"line":123,"column":8},"end":{"line":123,"column":null}},"22":{"start":{"line":123,"column":34},"end":{"line":123,"column":74}},"23":{"start":{"line":124,"column":46},"end":{"line":124,"column":88}},"24":{"start":{"line":125,"column":8},"end":{"line":125,"column":null}},"25":{"start":{"line":125,"column":46},"end":{"line":125,"column":124}},"26":{"start":{"line":126,"column":18},"end":{"line":126,"column":60}},"27":{"start":{"line":127,"column":8},"end":{"line":137,"column":null}},"28":{"start":{"line":128,"column":26},"end":{"line":128,"column":59}},"29":{"start":{"line":129,"column":32},"end":{"line":129,"column":101}},"30":{"start":{"line":129,"column":96},"end":{"line":129,"column":100}},"31":{"start":{"line":130,"column":12},"end":{"line":130,"column":36}},"32":{"start":{"line":131,"column":12},"end":{"line":136,"column":51}},"33":{"start":{"line":141,"column":8},"end":{"line":141,"column":49}},"34":{"start":{"line":145,"column":8},"end":{"line":148,"column":47}},"35":{"start":{"line":152,"column":8},"end":{"line":155,"column":47}},"36":{"start":{"line":89,"column":0},"end":{"line":89,"column":13}}},"fnMap":{"0":{"name":"(anonymous_0)","decl":{"start":{"line":87,"column":32},"end":{"line":87,"column":33}},"loc":{"start":{"line":87,"column":91},"end":{"line":87,"column":123}}},"1":{"name":"(anonymous_1)","decl":{"start":{"line":95,"column":4},"end":{"line":95,"column":16}},"loc":{"start":{"line":95,"column":74},"end":{"line":98,"column":5}}},"2":{"name":"(anonymous_2)","decl":{"start":{"line":100,"column":4},"end":{"line":100,"column":15}},"loc":{"start":{"line":100,"column":15},"end":{"line":104,"column":5}}},"3":{"name":"(anonymous_3)","decl":{"start":{"line":106,"column":4},"end":{"line":106,"column":14}},"loc":{"start":{"line":106,"column":40},"end":{"line":108,"column":5}}},"4":{"name":"(anonymous_4)","decl":{"start":{"line":110,"column":4},"end":{"line":110,"column":13}},"loc":{"start":{"line":110,"column":50},"end":{"line":120,"column":5}}},"5":{"name":"(anonymous_5)","decl":{"start":{"line":122,"column":4},"end":{"line":122,"column":19}},"loc":{"start":{"line":122,"column":51},"end":{"line":138,"column":5}}},"6":{"name":"(anonymous_6)","decl":{"start":{"line":129,"column":91},"end":{"line":129,"column":92}},"loc":{"start":{"line":129,"column":96},"end":{"line":129,"column":100}}},"7":{"name":"(anonymous_7)","decl":{"start":{"line":140,"column":4},"end":{"line":140,"column":18}},"loc":{"start":{"line":140,"column":41},"end":{"line":142,"column":5}}},"8":{"name":"(anonymous_8)","decl":{"start":{"line":144,"column":4},"end":{"line":144,"column":16}},"loc":{"start":{"line":144,"column":48},"end":{"line":149,"column":5}}},"9":{"name":"(anonymous_9)","decl":{"start":{"line":151,"column":4},"end":{"line":151,"column":16}},"loc":{"start":{"line":151,"column":48},"end":{"line":156,"column":5}}}},"branchMap":{"0":{"loc":{"start":{"line":112,"column":8},"end":{"line":112,"column":null}},"type":"if","locations":[{"start":{"line":112,"column":8},"end":{"line":112,"column":null}},{"start":{"line":112,"column":8},"end":{"line":112,"column":null}}]},"1":{"loc":{"start":{"line":114,"column":8},"end":{"line":119,"column":null}},"type":"if","locations":[{"start":{"line":114,"column":8},"end":{"line":119,"column":null}},{"start":{"line":114,"column":8},"end":{"line":119,"column":null}}]},"2":{"loc":{"start":{"line":117,"column":12},"end":{"line":117,"column":null}},"type":"if","locations":[{"start":{"line":117,"column":12},"end":{"line":117,"column":null}},{"start":{"line":117,"column":12},"end":{"line":117,"column":null}}]},"3":{"loc":{"start":{"line":123,"column":8},"end":{"line":123,"column":null}},"type":"if","locations":[{"start":{"line":123,"column":8},"end":{"line":123,"column":null}},{"start":{"line":123,"column":8},"end":{"line":123,"column":null}}]},"4":{"loc":{"start":{"line":125,"column":8},"end":{"line":125,"column":null}},"type":"if","locations":[{"start":{"line":125,"column":8},"end":{"line":125,"column":null}},{"start":{"line":125,"column":8},"end":{"line":125,"column":null}}]},"5":{"loc":{"start":{"line":127,"column":8},"end":{"line":137,"column":null}},"type":"if","locations":[{"start":{"line":127,"column":8},"end":{"line":137,"column":null}},{"start":{"line":127,"column":8},"end":{"line":137,"column":null}}]}},"s":{"0":8,"1":8,"2":8,"3":8,"4":8,"5":1,"6":1,"7":1,"8":1,"9":1,"10":1,"11":1,"12":1,"13":0,"14":1,"15":1,"16":1,"17":1,"18":1,"19":1,"20":1,"21":0,"22":0,"23":0,"24":0,"25":0,"26":0,"27":0,"28":0,"29":0,"30":0,"31":0,"32":0,"33":1,"34":1,"35":0,"36":8},"f":{"0":1,"1":1,"2":1,"3":1,"4":1,"5":0,"6":0,"7":1,"8":1,"9":0},"b":{"0":[0,1],"1":[1,0],"2":[1,0],"3":[0,0],"4":[0,0],"5":[0,0]}}
,"/Users/sth1pal/Documents/Development/JavaScript/nodejs/ts6/dev/hsLibs/d3/hsGraphD3/src/plots/Voronoi.ts": {"path":"/Users/sth1pal/Documents/Development/JavaScript/nodejs/ts6/dev/hsLibs/d3/hsGraphD3/src/plots/Voronoi.ts","statementMap":{"0":{"start":{"line":110,"column":0},"end":{"line":110,"column":46}},"1":{"start":{"line":110,"column":61},"end":{"line":110,"column":76}},"2":{"start":{"line":111,"column":0},"end":{"line":111,"column":51}},"3":{"start":{"line":113,"column":0},"end":{"line":113,"column":59}},"4":{"start":{"line":120,"column":0},"end":{"line":120,"column":49}},"5":{"start":{"line":122,"column":0},"end":{"line":122,"column":117}},"6":{"start":{"line":122,"column":86},"end":{"line":122,"column":115}},"7":{"start":{"line":128,"column":20},"end":{"line":128,"column":39}},"8":{"start":{"line":129,"column":8},"end":{"line":129,"column":35}},"9":{"start":{"line":130,"column":8},"end":{"line":130,"column":19}},"10":{"start":{"line":134,"column":23},"end":{"line":134,"column":38}},"11":{"start":{"line":135,"column":8},"end":{"line":135,"column":null}},"12":{"start":{"line":135,"column":46},"end":{"line":135,"column":121}},"13":{"start":{"line":136,"column":8},"end":{"line":136,"column":null}},"14":{"start":{"line":136,"column":46},"end":{"line":136,"column":121}},"15":{"start":{"line":137,"column":18},"end":{"line":137,"column":60}},"16":{"start":{"line":138,"column":18},"end":{"line":138,"column":60}},"17":{"start":{"line":139,"column":34},"end":{"line":139,"column":65}},"18":{"start":{"line":140,"column":8},"end":{"line":144,"column":76}},"19":{"start":{"line":141,"column":17},"end":{"line":141,"column":41}},"20":{"start":{"line":142,"column":17},"end":{"line":142,"column":41}},"21":{"start":{"line":145,"column":8},"end":{"line":145,"column":36}},"22":{"start":{"line":149,"column":46},"end":{"line":149,"column":86}},"23":{"start":{"line":150,"column":8},"end":{"line":154,"column":null}},"24":{"start":{"line":151,"column":25},"end":{"line":153,"column":49}},"25":{"start":{"line":165,"column":19},"end":{"line":165,"column":20}},"26":{"start":{"line":166,"column":19},"end":{"line":166,"column":23}},"27":{"start":{"line":167,"column":8},"end":{"line":173,"column":11}},"28":{"start":{"line":168,"column":22},"end":{"line":168,"column":83}},"29":{"start":{"line":169,"column":12},"end":{"line":172,"column":null}},"30":{"start":{"line":170,"column":16},"end":{"line":170,"column":25}},"31":{"start":{"line":171,"column":16},"end":{"line":171,"column":25}},"32":{"start":{"line":174,"column":8},"end":{"line":174,"column":20}},"33":{"start":{"line":184,"column":20},"end":{"line":188,"column":18}},"34":{"start":{"line":185,"column":12},"end":{"line":185,"column":27}},"35":{"start":{"line":186,"column":12},"end":{"line":186,"column":27}},"36":{"start":{"line":187,"column":12},"end":{"line":187,"column":23}},"37":{"start":{"line":189,"column":8},"end":{"line":189,"column":86}},"38":{"start":{"line":124,"column":0},"end":{"line":124,"column":13}}},"fnMap":{"0":{"name":"(anonymous_0)","decl":{"start":{"line":122,"column":27},"end":{"line":122,"column":28}},"loc":{"start":{"line":122,"column":86},"end":{"line":122,"column":115}}},"1":{"name":"(anonymous_1)","decl":{"start":{"line":127,"column":4},"end":{"line":127,"column":15}},"loc":{"start":{"line":127,"column":15},"end":{"line":131,"column":5}}},"2":{"name":"(anonymous_2)","decl":{"start":{"line":133,"column":11},"end":{"line":133,"column":26}},"loc":{"start":{"line":133,"column":46},"end":{"line":146,"column":5}}},"3":{"name":"(anonymous_3)","decl":{"start":{"line":141,"column":12},"end":{"line":141,"column":13}},"loc":{"start":{"line":141,"column":17},"end":{"line":141,"column":41}}},"4":{"name":"(anonymous_4)","decl":{"start":{"line":142,"column":12},"end":{"line":142,"column":13}},"loc":{"start":{"line":142,"column":17},"end":{"line":142,"column":41}}},"5":{"name":"(anonymous_5)","decl":{"start":{"line":148,"column":14},"end":{"line":148,"column":26}},"loc":{"start":{"line":148,"column":58},"end":{"line":155,"column":5}}},"6":{"name":"(anonymous_6)","decl":{"start":{"line":164,"column":4},"end":{"line":164,"column":10}},"loc":{"start":{"line":164,"column":54},"end":{"line":175,"column":5}}},"7":{"name":"(anonymous_7)","decl":{"start":{"line":167,"column":24},"end":{"line":167,"column":25}},"loc":{"start":{"line":167,"column":33},"end":{"line":173,"column":9}}},"8":{"name":"(anonymous_8)","decl":{"start":{"line":183,"column":4},"end":{"line":183,"column":10}},"loc":{"start":{"line":183,"column":38},"end":{"line":190,"column":5}}},"9":{"name":"(anonymous_9)","decl":{"start":{"line":184,"column":35},"end":{"line":184,"column":36}},"loc":{"start":{"line":184,"column":46},"end":{"line":188,"column":9}}}},"branchMap":{"0":{"loc":{"start":{"line":135,"column":8},"end":{"line":135,"column":null}},"type":"if","locations":[{"start":{"line":135,"column":8},"end":{"line":135,"column":null}},{"start":{"line":135,"column":8},"end":{"line":135,"column":null}}]},"1":{"loc":{"start":{"line":136,"column":8},"end":{"line":136,"column":null}},"type":"if","locations":[{"start":{"line":136,"column":8},"end":{"line":136,"column":null}},{"start":{"line":136,"column":8},"end":{"line":136,"column":null}}]},"2":{"loc":{"start":{"line":150,"column":8},"end":{"line":154,"column":null}},"type":"if","locations":[{"start":{"line":150,"column":8},"end":{"line":154,"column":null}},{"start":{"line":150,"column":8},"end":{"line":154,"column":null}}]},"3":{"loc":{"start":{"line":169,"column":12},"end":{"line":172,"column":null}},"type":"if","locations":[{"start":{"line":169,"column":12},"end":{"line":172,"column":null}},{"start":{"line":169,"column":12},"end":{"line":172,"column":null}}]},"4":{"loc":{"start":{"line":189,"column":31},"end":{"line":189,"column":77}},"type":"cond-expr","locations":[{"start":{"line":189,"column":31},"end":{"line":189,"column":77}},{"start":{"line":189,"column":80},"end":{"line":189,"column":85}}]}},"s":{"0":8,"1":8,"2":8,"3":8,"4":8,"5":8,"6":1,"7":1,"8":1,"9":1,"10":1,"11":1,"12":0,"13":1,"14":0,"15":1,"16":1,"17":1,"18":1,"19":4,"20":4,"21":1,"22":1,"23":1,"24":1,"25":0,"26":0,"27":0,"28":0,"29":0,"30":0,"31":0,"32":0,"33":0,"34":0,"35":0,"36":0,"37":0,"38":8},"f":{"0":1,"1":1,"2":1,"3":4,"4":4,"5":1,"6":0,"7":0,"8":0,"9":0},"b":{"0":[0,1],"1":[0,1],"2":[1,0],"3":[0,0],"4":[0,0]}}
}
