{"/Users/sth1pal/Documents/Development/JavaScript/nodejs/ts6/dev/hsLibs/d3/hsGraphD3/src/Axis.ts": {"path":"/Users/sth1pal/Documents/Development/JavaScript/nodejs/ts6/dev/hsLibs/d3/hsGraphD3/src/Axis.ts","statementMap":{"0":{"start":{"line":8,"column":0},"end":{"line":8,"column":41}},"1":{"start":{"line":8,"column":57},"end":{"line":8,"column":72}},"2":{"start":{"line":9,"column":0},"end":{"line":9,"column":51}},"3":{"start":{"line":12,"column":0},"end":{"line":12,"column":42}},"4":{"start":{"line":14,"column":25},"end":{"line":14,"column":27}},"5":{"start":{"line":15,"column":25},"end":{"line":15,"column":27}},"6":{"start":{"line":17,"column":0},"end":{"line":20,"column":1}},"7":{"start":{"line":18,"column":4},"end":{"line":18,"column":23}},"8":{"start":{"line":19,"column":4},"end":{"line":19,"column":23}},"9":{"start":{"line":27,"column":8},"end":{"line":27,"column":19}},"10":{"start":{"line":28,"column":8},"end":{"line":28,"column":23}},"11":{"start":{"line":29,"column":8},"end":{"line":29,"column":87}},"12":{"start":{"line":33,"column":23},"end":{"line":33,"column":41}},"13":{"start":{"line":34,"column":22},"end":{"line":34,"column":57}},"14":{"start":{"line":36,"column":8},"end":{"line":39,"column":56}},"15":{"start":{"line":41,"column":8},"end":{"line":49,"column":9}},"16":{"start":{"line":42,"column":30},"end":{"line":42,"column":119}},"17":{"start":{"line":43,"column":12},"end":{"line":43,"column":64}},"18":{"start":{"line":44,"column":12},"end":{"line":44,"column":69}},"19":{"start":{"line":46,"column":30},"end":{"line":46,"column":118}},"20":{"start":{"line":47,"column":12},"end":{"line":47,"column":66}},"21":{"start":{"line":48,"column":12},"end":{"line":48,"column":69}},"22":{"start":{"line":50,"column":8},"end":{"line":50,"column":33}},"23":{"start":{"line":51,"column":8},"end":{"line":51,"column":28}},"24":{"start":{"line":52,"column":8},"end":{"line":53,"column":202}},"25":{"start":{"line":22,"column":0},"end":{"line":55,"column":1}}},"fnMap":{"0":{"name":"(anonymous_0)","decl":{"start":{"line":17,"column":0},"end":{"line":17,"column":11}},"loc":{"start":{"line":17,"column":21},"end":{"line":20,"column":1}}},"1":{"name":"(anonymous_1)","decl":{"start":{"line":26,"column":4},"end":{"line":26,"column":15}},"loc":{"start":{"line":26,"column":43},"end":{"line":30,"column":5}}},"2":{"name":"(anonymous_2)","decl":{"start":{"line":32,"column":4},"end":{"line":32,"column":9}},"loc":{"start":{"line":32,"column":20},"end":{"line":54,"column":5}}}},"branchMap":{"0":{"loc":{"start":{"line":17,"column":12},"end":{"line":17,"column":21}},"type":"binary-expr","locations":[{"start":{"line":17,"column":12},"end":{"line":17,"column":21}},{"start":{"line":17,"column":12},"end":{"line":17,"column":21}}]},"1":{"loc":{"start":{"line":41,"column":8},"end":{"line":49,"column":9}},"type":"if","locations":[{"start":{"line":41,"column":8},"end":{"line":49,"column":9}},{"start":{"line":41,"column":8},"end":{"line":49,"column":9}}]}},"s":{"0":1,"1":1,"2":1,"3":1,"4":1,"5":1,"6":1,"7":1,"8":1,"9":2,"10":2,"11":2,"12":0,"13":0,"14":0,"15":0,"16":0,"17":0,"18":0,"19":0,"20":0,"21":0,"22":0,"23":0,"24":0,"25":1},"f":{"0":1,"1":2,"2":0},"b":{"0":[1,1],"1":[0,0]}}
,"/Users/sth1pal/Documents/Development/JavaScript/nodejs/ts6/dev/hsLibs/d3/hsGraphD3/src/Defaults.ts": {"path":"/Users/sth1pal/Documents/Development/JavaScript/nodejs/ts6/dev/hsLibs/d3/hsGraphD3/src/Defaults.ts","statementMap":{"0":{"start":{"line":31,"column":4},"end":{"line":33,"column":6}},"1":{"start":{"line":35,"column":4},"end":{"line":38,"column":6}},"2":{"start":{"line":40,"column":4},"end":{"line":40,"column":33}},"3":{"start":{"line":42,"column":4},"end":{"line":53,"column":6}},"4":{"start":{"line":55,"column":4},"end":{"line":55,"column":49}},"5":{"start":{"line":58,"column":8},"end":{"line":62,"column":10}},"6":{"start":{"line":24,"column":0},"end":{"line":64,"column":1}},"7":{"start":{"line":67,"column":4},"end":{"line":71,"column":6}},"8":{"start":{"line":66,"column":0},"end":{"line":72,"column":1}},"9":{"start":{"line":81,"column":4},"end":{"line":93,"column":6}},"10":{"start":{"line":97,"column":4},"end":{"line":105,"column":6}}},"fnMap":{"0":{"name":"(anonymous_0)","decl":{"start":{"line":29,"column":4},"end":{"line":29,"column":15}},"loc":{"start":{"line":29,"column":32},"end":{"line":29,"column":37}}},"1":{"name":"(anonymous_1)","decl":{"start":{"line":57,"column":4},"end":{"line":57,"column":15}},"loc":{"start":{"line":57,"column":16},"end":{"line":63,"column":5}}},"2":{"name":"defaultLine","decl":{"start":{"line":66,"column":16},"end":{"line":66,"column":27}},"loc":{"start":{"line":66,"column":60},"end":{"line":72,"column":1}}},"3":{"name":"defaultRect","decl":{"start":{"line":80,"column":9},"end":{"line":80,"column":20}},"loc":{"start":{"line":80,"column":79},"end":{"line":94,"column":1}}},"4":{"name":"defaultText","decl":{"start":{"line":96,"column":9},"end":{"line":96,"column":20}},"loc":{"start":{"line":96,"column":20},"end":{"line":106,"column":1}}}},"branchMap":{"0":{"loc":{"start":{"line":66,"column":54},"end":{"line":66,"column":60}},"type":"default-arg","locations":[{"start":{"line":66,"column":54},"end":{"line":66,"column":60}}]},"1":{"loc":{"start":{"line":80,"column":52},"end":{"line":80,"column":53}},"type":"default-arg","locations":[{"start":{"line":80,"column":52},"end":{"line":80,"column":53}}]},"2":{"loc":{"start":{"line":80,"column":73},"end":{"line":80,"column":79}},"type":"default-arg","locations":[{"start":{"line":80,"column":73},"end":{"line":80,"column":79}}]}},"s":{"0":4,"1":4,"2":4,"3":4,"4":4,"5":0,"6":1,"7":16,"8":1,"9":8,"10":8},"f":{"0":4,"1":0,"2":16,"3":8,"4":8},"b":{"0":[16],"1":[4],"2":[4]}}
,"/Users/sth1pal/Documents/Development/JavaScript/nodejs/ts6/dev/hsLibs/d3/hsGraphD3/src/Graph.ts": {"path":"/Users/sth1pal/Documents/Development/JavaScript/nodejs/ts6/dev/hsLibs/d3/hsGraphD3/src/Graph.ts","statementMap":{"0":{"start":{"line":48,"column":0},"end":{"line":48,"column":41}},"1":{"start":{"line":48,"column":57},"end":{"line":48,"column":70}},"2":{"start":{"line":49,"column":0},"end":{"line":49,"column":37}},"3":{"start":{"line":51,"column":0},"end":{"line":51,"column":42}},"4":{"start":{"line":57,"column":0},"end":{"line":57,"column":41}},"5":{"start":{"line":58,"column":0},"end":{"line":58,"column":41}},"6":{"start":{"line":59,"column":0},"end":{"line":59,"column":51}},"7":{"start":{"line":61,"column":22},"end":{"line":61,"column":24}},"8":{"start":{"line":63,"column":0},"end":{"line":63,"column":20}},"9":{"start":{"line":71,"column":17},"end":{"line":71,"column":36}},"10":{"start":{"line":72,"column":4},"end":{"line":72,"column":35}},"11":{"start":{"line":73,"column":4},"end":{"line":73,"column":35}},"12":{"start":{"line":74,"column":16},"end":{"line":78,"column":53}},"13":{"start":{"line":80,"column":4},"end":{"line":80,"column":22}},"14":{"start":{"line":81,"column":4},"end":{"line":84,"column":22}},"15":{"start":{"line":85,"column":4},"end":{"line":85,"column":42}},"16":{"start":{"line":86,"column":4},"end":{"line":86,"column":44}},"17":{"start":{"line":87,"column":4},"end":{"line":90,"column":22}},"18":{"start":{"line":91,"column":4},"end":{"line":91,"column":15}},"19":{"start":{"line":99,"column":4},"end":{"line":99,"column":84}},"20":{"start":{"line":109,"column":8},"end":{"line":109,"column":16}},"21":{"start":{"line":105,"column":12},"end":{"line":105,"column":29}},"22":{"start":{"line":106,"column":12},"end":{"line":106,"column":73}},"23":{"start":{"line":110,"column":8},"end":{"line":110,"column":32}},"24":{"start":{"line":111,"column":8},"end":{"line":111,"column":35}},"25":{"start":{"line":112,"column":21},"end":{"line":112,"column":47}},"26":{"start":{"line":113,"column":8},"end":{"line":113,"column":35}},"27":{"start":{"line":114,"column":8},"end":{"line":114,"column":42}},"28":{"start":{"line":115,"column":8},"end":{"line":115,"column":68}},"29":{"start":{"line":116,"column":8},"end":{"line":116,"column":66}},"30":{"start":{"line":117,"column":8},"end":{"line":117,"column":46}},"31":{"start":{"line":117,"column":32},"end":{"line":117,"column":45}},"32":{"start":{"line":121,"column":8},"end":{"line":121,"column":36}},"33":{"start":{"line":125,"column":20},"end":{"line":125,"column":31}},"34":{"start":{"line":126,"column":8},"end":{"line":134,"column":9}},"35":{"start":{"line":127,"column":12},"end":{"line":133,"column":13}},"36":{"start":{"line":128,"column":16},"end":{"line":128,"column":143}},"37":{"start":{"line":129,"column":16},"end":{"line":129,"column":56}},"38":{"start":{"line":130,"column":16},"end":{"line":130,"column":58}},"39":{"start":{"line":131,"column":16},"end":{"line":131,"column":104}},"40":{"start":{"line":132,"column":16},"end":{"line":132,"column":35}},"41":{"start":{"line":143,"column":8},"end":{"line":144,"column":36}},"42":{"start":{"line":143,"column":36},"end":{"line":143,"column":45}},"43":{"start":{"line":144,"column":15},"end":{"line":144,"column":34}},"44":{"start":{"line":145,"column":8},"end":{"line":145,"column":26}},"45":{"start":{"line":146,"column":8},"end":{"line":146,"column":37}},"46":{"start":{"line":147,"column":8},"end":{"line":147,"column":28}},"47":{"start":{"line":148,"column":8},"end":{"line":148,"column":44}},"48":{"start":{"line":148,"column":31},"end":{"line":148,"column":42}},"49":{"start":{"line":157,"column":8},"end":{"line":157,"column":22}},"50":{"start":{"line":158,"column":8},"end":{"line":158,"column":51}},"51":{"start":{"line":166,"column":23},"end":{"line":166,"column":48}},"52":{"start":{"line":167,"column":8},"end":{"line":173,"column":51}},"53":{"start":{"line":174,"column":8},"end":{"line":182,"column":33}},"54":{"start":{"line":188,"column":12},"end":{"line":188,"column":65}},"55":{"start":{"line":189,"column":49},"end":{"line":189,"column":73}},"56":{"start":{"line":190,"column":12},"end":{"line":190,"column":76}},"57":{"start":{"line":191,"column":12},"end":{"line":191,"column":76}},"58":{"start":{"line":192,"column":12},"end":{"line":192,"column":36}},"59":{"start":{"line":194,"column":20},"end":{"line":194,"column":42}},"60":{"start":{"line":195,"column":20},"end":{"line":195,"column":42}},"61":{"start":{"line":196,"column":8},"end":{"line":198,"column":66}},"62":{"start":{"line":199,"column":8},"end":{"line":201,"column":67}},"63":{"start":{"line":103,"column":0},"end":{"line":203,"column":1}}},"fnMap":{"0":{"name":"createBaseSVG","decl":{"start":{"line":70,"column":9},"end":{"line":70,"column":22}},"loc":{"start":{"line":70,"column":36},"end":{"line":92,"column":1}}},"1":{"name":"updateBaseSVG","decl":{"start":{"line":98,"column":9},"end":{"line":98,"column":22}},"loc":{"start":{"line":98,"column":36},"end":{"line":100,"column":1}}},"2":{"name":"(anonymous_2)","decl":{"start":{"line":108,"column":4},"end":{"line":108,"column":15}},"loc":{"start":{"line":108,"column":24},"end":{"line":118,"column":5}}},"3":{"name":"(anonymous_3)","decl":{"start":{"line":117,"column":26},"end":{"line":117,"column":28}},"loc":{"start":{"line":117,"column":32},"end":{"line":117,"column":45}}},"4":{"name":"(anonymous_4)","decl":{"start":{"line":120,"column":4},"end":{"line":120,"column":14}},"loc":{"start":{"line":120,"column":23},"end":{"line":122,"column":5}}},"5":{"name":"(anonymous_5)","decl":{"start":{"line":124,"column":4},"end":{"line":124,"column":9}},"loc":{"start":{"line":124,"column":10},"end":{"line":135,"column":5}}},"6":{"name":"(anonymous_6)","decl":{"start":{"line":141,"column":11},"end":{"line":141,"column":16}},"loc":{"start":{"line":141,"column":45},"end":{"line":149,"column":5}}},"7":{"name":"(anonymous_7)","decl":{"start":{"line":148,"column":26},"end":{"line":148,"column":27}},"loc":{"start":{"line":148,"column":31},"end":{"line":148,"column":42}}},"8":{"name":"(anonymous_8)","decl":{"start":{"line":156,"column":11},"end":{"line":156,"column":19}},"loc":{"start":{"line":156,"column":72},"end":{"line":159,"column":5}}},"9":{"name":"(anonymous_9)","decl":{"start":{"line":165,"column":12},"end":{"line":165,"column":21}},"loc":{"start":{"line":165,"column":36},"end":{"line":183,"column":5}}},"10":{"name":"(anonymous_10)","decl":{"start":{"line":185,"column":12},"end":{"line":185,"column":20}},"loc":{"start":{"line":185,"column":31},"end":{"line":202,"column":5}}},"11":{"name":"expandDomain","decl":{"start":{"line":187,"column":17},"end":{"line":187,"column":29}},"loc":{"start":{"line":187,"column":82},"end":{"line":193,"column":9}}}},"branchMap":{"0":{"loc":{"start":{"line":126,"column":8},"end":{"line":134,"column":9}},"type":"if","locations":[{"start":{"line":126,"column":8},"end":{"line":134,"column":9}},{"start":{"line":126,"column":8},"end":{"line":134,"column":9}}]},"1":{"loc":{"start":{"line":127,"column":12},"end":{"line":133,"column":13}},"type":"if","locations":[{"start":{"line":127,"column":12},"end":{"line":133,"column":13}},{"start":{"line":127,"column":12},"end":{"line":133,"column":13}}]},"2":{"loc":{"start":{"line":127,"column":16},"end":{"line":127,"column":57}},"type":"binary-expr","locations":[{"start":{"line":127,"column":16},"end":{"line":127,"column":57}},{"start":{"line":127,"column":61},"end":{"line":127,"column":104}}]},"3":{"loc":{"start":{"line":143,"column":8},"end":{"line":144,"column":36}},"type":"if","locations":[{"start":{"line":143,"column":8},"end":{"line":144,"column":36}},{"start":{"line":143,"column":8},"end":{"line":144,"column":36}}]},"4":{"loc":{"start":{"line":188,"column":31},"end":{"line":188,"column":47}},"type":"binary-expr","locations":[{"start":{"line":188,"column":31},"end":{"line":188,"column":47}},{"start":{"line":188,"column":51},"end":{"line":188,"column":64}}]}},"s":{"0":1,"1":1,"2":1,"3":1,"4":1,"5":1,"6":1,"7":1,"8":1,"9":1,"10":1,"11":1,"12":1,"13":1,"14":1,"15":1,"16":1,"17":1,"18":1,"19":1,"20":1,"21":1,"22":1,"23":1,"24":1,"25":1,"26":1,"27":1,"28":1,"29":1,"30":1,"31":0,"32":0,"33":0,"34":0,"35":0,"36":0,"37":0,"38":0,"39":0,"40":0,"41":0,"42":0,"43":0,"44":0,"45":0,"46":0,"47":0,"48":0,"49":0,"50":0,"51":0,"52":0,"53":0,"54":0,"55":0,"56":0,"57":0,"58":0,"59":0,"60":0,"61":0,"62":0,"63":1},"f":{"0":1,"1":1,"2":1,"3":0,"4":0,"5":0,"6":0,"7":0,"8":0,"9":0,"10":0,"11":0},"b":{"0":[0,0],"1":[0,0],"2":[0,0],"3":[0,0],"4":[0,0]}}
,"/Users/sth1pal/Documents/Development/JavaScript/nodejs/ts6/dev/hsLibs/d3/hsGraphD3/src/GraphComponent.ts": {"path":"/Users/sth1pal/Documents/Development/JavaScript/nodejs/ts6/dev/hsLibs/d3/hsGraphD3/src/GraphComponent.ts","statementMap":{"0":{"start":{"line":7,"column":0},"end":{"line":7,"column":37}},"1":{"start":{"line":7,"column":53},"end":{"line":7,"column":78}},"2":{"start":{"line":8,"column":0},"end":{"line":8,"column":41}},"3":{"start":{"line":13,"column":26},"end":{"line":13,"column":30}},"4":{"start":{"line":18,"column":8},"end":{"line":34,"column":10}},"5":{"start":{"line":35,"column":8},"end":{"line":35,"column":57}},"6":{"start":{"line":15,"column":0},"end":{"line":38,"column":1}}},"fnMap":{"0":{"name":"(anonymous_0)","decl":{"start":{"line":17,"column":4},"end":{"line":17,"column":15}},"loc":{"start":{"line":17,"column":30},"end":{"line":36,"column":5}}}},"branchMap":{"0":{"loc":{"start":{"line":18,"column":22},"end":{"line":18,"column":25}},"type":"binary-expr","locations":[{"start":{"line":18,"column":22},"end":{"line":18,"column":25}},{"start":{"line":18,"column":29},"end":{"line":34,"column":9}}]}},"s":{"0":1,"1":1,"2":1,"3":1,"4":4,"5":4,"6":1},"f":{"0":4},"b":{"0":[4,1]}}
,"/Users/sth1pal/Documents/Development/JavaScript/nodejs/ts6/dev/hsLibs/d3/hsGraphD3/src/Plot.ts": {"path":"/Users/sth1pal/Documents/Development/JavaScript/nodejs/ts6/dev/hsLibs/d3/hsGraphD3/src/Plot.ts","statementMap":{"0":{"start":{"line":9,"column":0},"end":{"line":9,"column":41}},"1":{"start":{"line":9,"column":57},"end":{"line":9,"column":72}},"2":{"start":{"line":12,"column":0},"end":{"line":12,"column":51}},"3":{"start":{"line":17,"column":26},"end":{"line":17,"column":27}},"4":{"start":{"line":21,"column":8},"end":{"line":21,"column":48}},"5":{"start":{"line":22,"column":8},"end":{"line":22,"column":48}},"6":{"start":{"line":23,"column":8},"end":{"line":23,"column":118}},"7":{"start":{"line":24,"column":8},"end":{"line":24,"column":118}},"8":{"start":{"line":19,"column":0},"end":{"line":27,"column":1}},"9":{"start":{"line":29,"column":0},"end":{"line":31,"column":1}},"10":{"start":{"line":49,"column":8},"end":{"line":49,"column":19}},"11":{"start":{"line":46,"column":12},"end":{"line":46,"column":36}},"12":{"start":{"line":50,"column":8},"end":{"line":53,"column":10}},"13":{"start":{"line":54,"column":23},"end":{"line":54,"column":55}},"14":{"start":{"line":55,"column":8},"end":{"line":55,"column":68}},"15":{"start":{"line":40,"column":8},"end":{"line":40,"column":38}},"16":{"start":{"line":41,"column":8},"end":{"line":41,"column":50}},"17":{"start":{"line":64,"column":24},"end":{"line":64,"column":44}},"18":{"start":{"line":67,"column":8},"end":{"line":76,"column":9}},"19":{"start":{"line":68,"column":24},"end":{"line":68,"column":42}},"20":{"start":{"line":69,"column":12},"end":{"line":69,"column":72}},"21":{"start":{"line":70,"column":30},"end":{"line":70,"column":59}},"22":{"start":{"line":71,"column":25},"end":{"line":71,"column":62}},"23":{"start":{"line":72,"column":12},"end":{"line":72,"column":35}},"24":{"start":{"line":73,"column":12},"end":{"line":73,"column":77}},"25":{"start":{"line":75,"column":12},"end":{"line":75,"column":126}},"26":{"start":{"line":85,"column":20},"end":{"line":85,"column":41}},"27":{"start":{"line":86,"column":8},"end":{"line":88,"column":11}},"28":{"start":{"line":87,"column":12},"end":{"line":87,"column":57}},"29":{"start":{"line":36,"column":21},"end":{"line":36,"column":69}},"30":{"start":{"line":33,"column":0},"end":{"line":107,"column":1}}},"fnMap":{"0":{"name":"(anonymous_0)","decl":{"start":{"line":20,"column":4},"end":{"line":20,"column":15}},"loc":{"start":{"line":20,"column":48},"end":{"line":25,"column":5}}},"1":{"name":"(anonymous_1)","decl":{"start":{"line":26,"column":11},"end":{"line":26,"column":16}},"loc":{"start":{"line":26,"column":47},"end":{"line":26,"column":57}}},"2":{"name":"(anonymous_2)","decl":{"start":{"line":48,"column":4},"end":{"line":48,"column":15}},"loc":{"start":{"line":48,"column":28},"end":{"line":56,"column":5}}},"3":{"name":"(anonymous_3)","decl":{"start":{"line":39,"column":11},"end":{"line":39,"column":16}},"loc":{"start":{"line":39,"column":58},"end":{"line":42,"column":5}}},"4":{"name":"(anonymous_4)","decl":{"start":{"line":63,"column":4},"end":{"line":63,"column":12}},"loc":{"start":{"line":63,"column":45},"end":{"line":77,"column":5}}},"5":{"name":"(anonymous_5)","decl":{"start":{"line":83,"column":4},"end":{"line":83,"column":9}},"loc":{"start":{"line":83,"column":20},"end":{"line":89,"column":5}}},"6":{"name":"(anonymous_6)","decl":{"start":{"line":86,"column":28},"end":{"line":86,"column":29}},"loc":{"start":{"line":86,"column":54},"end":{"line":88,"column":9}}}},"branchMap":{"0":{"loc":{"start":{"line":23,"column":46},"end":{"line":23,"column":81}},"type":"binary-expr","locations":[{"start":{"line":23,"column":46},"end":{"line":23,"column":81}},{"start":{"line":23,"column":85},"end":{"line":23,"column":117}}]},"1":{"loc":{"start":{"line":24,"column":46},"end":{"line":24,"column":81}},"type":"binary-expr","locations":[{"start":{"line":24,"column":46},"end":{"line":24,"column":81}},{"start":{"line":24,"column":85},"end":{"line":24,"column":117}}]},"2":{"loc":{"start":{"line":67,"column":8},"end":{"line":76,"column":9}},"type":"if","locations":[{"start":{"line":67,"column":8},"end":{"line":76,"column":9}},{"start":{"line":67,"column":8},"end":{"line":76,"column":9}}]}},"s":{"0":1,"1":1,"2":1,"3":1,"4":0,"5":0,"6":0,"7":0,"8":1,"9":1,"10":1,"11":1,"12":1,"13":1,"14":1,"15":0,"16":0,"17":0,"18":0,"19":0,"20":0,"21":0,"22":0,"23":0,"24":0,"25":0,"26":0,"27":0,"28":0,"29":1,"30":1},"f":{"0":0,"1":0,"2":1,"3":0,"4":0,"5":0,"6":0},"b":{"0":[0,0],"1":[0,0],"2":[0,0]}}
}
