{"/Users/sth1pal/Documents/Development/JavaScript/nodejs/ts6/dev/hsLibs/d3/hsGraphD3/src/Axis.ts": {"path":"/Users/sth1pal/Documents/Development/JavaScript/nodejs/ts6/dev/hsLibs/d3/hsGraphD3/src/Axis.ts","statementMap":{"0":{"start":{"line":7,"column":0},"end":{"line":7,"column":38}},"1":{"start":{"line":8,"column":0},"end":{"line":8,"column":38}},"2":{"start":{"line":9,"column":0},"end":{"line":9,"column":42}},"3":{"start":{"line":9,"column":57},"end":{"line":9,"column":69}},"4":{"start":{"line":10,"column":0},"end":{"line":10,"column":52}},"5":{"start":{"line":15,"column":0},"end":{"line":15,"column":46}},"6":{"start":{"line":18,"column":0},"end":{"line":18,"column":46}},"7":{"start":{"line":19,"column":0},"end":{"line":19,"column":46}},"8":{"start":{"line":21,"column":0},"end":{"line":21,"column":null}},"9":{"start":{"line":22,"column":4},"end":{"line":22,"column":null}},"10":{"start":{"line":23,"column":4},"end":{"line":23,"column":null}},"11":{"start":{"line":49,"column":8},"end":{"line":49,"column":30}},"12":{"start":{"line":46,"column":12},"end":{"line":46,"column":30}},"13":{"start":{"line":50,"column":8},"end":{"line":50,"column":65}},"14":{"start":{"line":51,"column":8},"end":{"line":51,"column":63}},"15":{"start":{"line":54,"column":33},"end":{"line":54,"column":50}},"16":{"start":{"line":57,"column":8},"end":{"line":62,"column":10}},"17":{"start":{"line":72,"column":34},"end":{"line":72,"column":56}},"18":{"start":{"line":73,"column":8},"end":{"line":75,"column":null}},"19":{"start":{"line":74,"column":12},"end":{"line":74,"column":91}},"20":{"start":{"line":74,"column":38},"end":{"line":74,"column":89}},"21":{"start":{"line":43,"column":0},"end":{"line":43,"column":13}},"22":{"start":{"line":44,"column":11},"end":{"line":44,"column":25}},"23":{"start":{"line":86,"column":8},"end":{"line":86,"column":23}},"24":{"start":{"line":87,"column":8},"end":{"line":87,"column":59}},"25":{"start":{"line":88,"column":8},"end":{"line":88,"column":23}},"26":{"start":{"line":89,"column":8},"end":{"line":89,"column":45}},"27":{"start":{"line":93,"column":8},"end":{"line":100,"column":10}},"28":{"start":{"line":104,"column":8},"end":{"line":104,"column":64}},"29":{"start":{"line":108,"column":22},"end":{"line":108,"column":41}},"30":{"start":{"line":109,"column":26},"end":{"line":109,"column":45}},"31":{"start":{"line":110,"column":26},"end":{"line":110,"column":45}},"32":{"start":{"line":111,"column":36},"end":{"line":111,"column":68}},"33":{"start":{"line":113,"column":41},"end":{"line":113,"column":73}},"34":{"start":{"line":114,"column":8},"end":{"line":115,"column":57}},"35":{"start":{"line":117,"column":8},"end":{"line":117,"column":40}},"36":{"start":{"line":119,"column":8},"end":{"line":127,"column":null}},"37":{"start":{"line":120,"column":12},"end":{"line":120,"column":38}},"38":{"start":{"line":121,"column":30},"end":{"line":121,"column":116}},"39":{"start":{"line":122,"column":12},"end":{"line":122,"column":87}},"40":{"start":{"line":124,"column":12},"end":{"line":124,"column":40}},"41":{"start":{"line":125,"column":30},"end":{"line":125,"column":115}},"42":{"start":{"line":126,"column":12},"end":{"line":126,"column":87}},"43":{"start":{"line":128,"column":8},"end":{"line":128,"column":39}},"44":{"start":{"line":129,"column":8},"end":{"line":129,"column":44}},"45":{"start":{"line":130,"column":8},"end":{"line":130,"column":46}},"46":{"start":{"line":131,"column":8},"end":{"line":134,"column":null}},"47":{"start":{"line":133,"column":12},"end":{"line":133,"column":75}},"48":{"start":{"line":135,"column":8},"end":{"line":139,"column":null}},"49":{"start":{"line":136,"column":12},"end":{"line":136,"column":54}},"50":{"start":{"line":138,"column":12},"end":{"line":138,"column":75}},"51":{"start":{"line":140,"column":8},"end":{"line":144,"column":null}},"52":{"start":{"line":141,"column":12},"end":{"line":141,"column":73}},"53":{"start":{"line":143,"column":12},"end":{"line":143,"column":81}},"54":{"start":{"line":80,"column":0},"end":{"line":80,"column":13}}},"fnMap":{"0":{"name":"(anonymous_0)","decl":{"start":{"line":21,"column":0},"end":{"line":21,"column":12}},"loc":{"start":{"line":21,"column":21},"end":{"line":24,"column":1}}},"1":{"name":"(anonymous_1)","decl":{"start":{"line":48,"column":4},"end":{"line":48,"column":16}},"loc":{"start":{"line":48,"column":28},"end":{"line":52,"column":5}}},"2":{"name":"(anonymous_2)","decl":{"start":{"line":54,"column":4},"end":{"line":54,"column":15}},"loc":{"start":{"line":54,"column":28},"end":{"line":54,"column":52}}},"3":{"name":"(anonymous_3)","decl":{"start":{"line":56,"column":11},"end":{"line":56,"column":25}},"loc":{"start":{"line":56,"column":25},"end":{"line":63,"column":5}}},"4":{"name":"(anonymous_4)","decl":{"start":{"line":65,"column":4},"end":{"line":65,"column":14}},"loc":{"start":{"line":65,"column":29},"end":{"line":66,"column":5}}},"5":{"name":"(anonymous_5)","decl":{"start":{"line":68,"column":4},"end":{"line":68,"column":13}},"loc":{"start":{"line":68,"column":13},"end":{"line":69,"column":5}}},"6":{"name":"(anonymous_6)","decl":{"start":{"line":71,"column":4},"end":{"line":71,"column":19}},"loc":{"start":{"line":71,"column":19},"end":{"line":76,"column":5}}},"7":{"name":"(anonymous_7)","decl":{"start":{"line":74,"column":30},"end":{"line":74,"column":34}},"loc":{"start":{"line":74,"column":38},"end":{"line":74,"column":89}}},"8":{"name":"(anonymous_8)","decl":{"start":{"line":85,"column":4},"end":{"line":85,"column":16}},"loc":{"start":{"line":85,"column":43},"end":{"line":90,"column":5}}},"9":{"name":"(anonymous_9)","decl":{"start":{"line":92,"column":11},"end":{"line":92,"column":25}},"loc":{"start":{"line":92,"column":25},"end":{"line":101,"column":5}}},"10":{"name":"(anonymous_10)","decl":{"start":{"line":103,"column":4},"end":{"line":103,"column":15}},"loc":{"start":{"line":103,"column":23},"end":{"line":105,"column":5}}},"11":{"name":"(anonymous_11)","decl":{"start":{"line":107,"column":11},"end":{"line":107,"column":26}},"loc":{"start":{"line":107,"column":26},"end":{"line":145,"column":5}}}},"branchMap":{"0":{"loc":{"start":{"line":21,"column":12},"end":{"line":21,"column":21}},"type":"binary-expr","locations":[{"start":{"line":21,"column":12},"end":{"line":21,"column":21}},{"start":{"line":21,"column":12},"end":{"line":21,"column":null}}]},"1":{"loc":{"start":{"line":73,"column":8},"end":{"line":75,"column":null}},"type":"if","locations":[{"start":{"line":73,"column":8},"end":{"line":75,"column":null}},{"start":{"line":73,"column":8},"end":{"line":75,"column":null}}]},"2":{"loc":{"start":{"line":74,"column":62},"end":{"line":74,"column":84}},"type":"cond-expr","locations":[{"start":{"line":74,"column":62},"end":{"line":74,"column":84}},{"start":{"line":74,"column":87},"end":{"line":74,"column":89}}]},"3":{"loc":{"start":{"line":119,"column":8},"end":{"line":127,"column":null}},"type":"if","locations":[{"start":{"line":119,"column":8},"end":{"line":127,"column":null}},{"start":{"line":119,"column":8},"end":{"line":127,"column":null}}]},"4":{"loc":{"start":{"line":131,"column":8},"end":{"line":134,"column":null}},"type":"if","locations":[{"start":{"line":131,"column":8},"end":{"line":134,"column":null}},{"start":{"line":131,"column":8},"end":{"line":134,"column":null}}]},"5":{"loc":{"start":{"line":135,"column":8},"end":{"line":139,"column":null}},"type":"if","locations":[{"start":{"line":135,"column":8},"end":{"line":139,"column":null}},{"start":{"line":135,"column":8},"end":{"line":139,"column":null}}]},"6":{"loc":{"start":{"line":140,"column":8},"end":{"line":144,"column":null}},"type":"if","locations":[{"start":{"line":140,"column":8},"end":{"line":144,"column":null}},{"start":{"line":140,"column":8},"end":{"line":144,"column":null}}]}},"s":{"0":9,"1":9,"2":9,"3":9,"4":9,"5":9,"6":9,"7":9,"8":9,"9":9,"10":9,"11":10,"12":10,"13":10,"14":10,"15":10,"16":10,"17":8,"18":8,"19":8,"20":16,"21":9,"22":9,"23":20,"24":20,"25":20,"26":20,"27":20,"28":16,"29":16,"30":16,"31":16,"32":16,"33":16,"34":16,"35":16,"36":16,"37":8,"38":8,"39":8,"40":8,"41":8,"42":8,"43":16,"44":16,"45":16,"46":16,"47":0,"48":16,"49":16,"50":0,"51":16,"52":16,"53":0,"54":9},"f":{"0":9,"1":10,"2":10,"3":10,"4":8,"5":8,"6":8,"7":16,"8":20,"9":20,"10":16,"11":16},"b":{"0":[9,9],"1":[8,0],"2":[16,0],"3":[8,8],"4":[16,0],"5":[16,0],"6":[16,0]}}
,"/Users/sth1pal/Documents/Development/JavaScript/nodejs/ts6/dev/hsLibs/d3/hsGraphD3/src/Canvas.ts": {"path":"/Users/sth1pal/Documents/Development/JavaScript/nodejs/ts6/dev/hsLibs/d3/hsGraphD3/src/Canvas.ts","statementMap":{"0":{"start":{"line":4,"column":0},"end":{"line":4,"column":56}},"1":{"start":{"line":5,"column":0},"end":{"line":5,"column":50}},"2":{"start":{"line":14,"column":8},"end":{"line":14,"column":32}},"3":{"start":{"line":17,"column":33},"end":{"line":17,"column":52}},"4":{"start":{"line":20,"column":8},"end":{"line":20,"column":50}},"5":{"start":{"line":24,"column":8},"end":{"line":24,"column":59}},"6":{"start":{"line":35,"column":23},"end":{"line":35,"column":47}},"7":{"start":{"line":36,"column":21},"end":{"line":36,"column":50}},"8":{"start":{"line":37,"column":8},"end":{"line":39,"column":54}},"9":{"start":{"line":10,"column":0},"end":{"line":10,"column":13}},"10":{"start":{"line":11,"column":11},"end":{"line":11,"column":27}}},"fnMap":{"0":{"name":"(anonymous_0)","decl":{"start":{"line":13,"column":4},"end":{"line":13,"column":16}},"loc":{"start":{"line":13,"column":31},"end":{"line":15,"column":5}}},"1":{"name":"(anonymous_1)","decl":{"start":{"line":17,"column":4},"end":{"line":17,"column":15}},"loc":{"start":{"line":17,"column":28},"end":{"line":17,"column":54}}},"2":{"name":"(anonymous_2)","decl":{"start":{"line":19,"column":11},"end":{"line":19,"column":25}},"loc":{"start":{"line":19,"column":25},"end":{"line":21,"column":5}}},"3":{"name":"(anonymous_3)","decl":{"start":{"line":23,"column":4},"end":{"line":23,"column":14}},"loc":{"start":{"line":23,"column":29},"end":{"line":25,"column":5}}},"4":{"name":"(anonymous_4)","decl":{"start":{"line":27,"column":4},"end":{"line":27,"column":13}},"loc":{"start":{"line":27,"column":13},"end":{"line":28,"column":5}}},"5":{"name":"(anonymous_5)","decl":{"start":{"line":34,"column":11},"end":{"line":34,"column":26}},"loc":{"start":{"line":34,"column":26},"end":{"line":40,"column":5}}}},"branchMap":{},"s":{"0":9,"1":9,"2":10,"3":10,"4":10,"5":8,"6":8,"7":8,"8":8,"9":9,"10":9},"f":{"0":10,"1":10,"2":10,"3":8,"4":8,"5":8},"b":{}}
,"/Users/sth1pal/Documents/Development/JavaScript/nodejs/ts6/dev/hsLibs/d3/hsGraphD3/src/CartSeriesPlot.ts": {"path":"/Users/sth1pal/Documents/Development/JavaScript/nodejs/ts6/dev/hsLibs/d3/hsGraphD3/src/CartSeriesPlot.ts","statementMap":{"0":{"start":{"line":14,"column":0},"end":{"line":14,"column":72}},"1":{"start":{"line":19,"column":0},"end":{"line":19,"column":56}},"2":{"start":{"line":37,"column":8},"end":{"line":37,"column":31}},"3":{"start":{"line":38,"column":8},"end":{"line":38,"column":25}},"4":{"start":{"line":42,"column":8},"end":{"line":46,"column":10}},"5":{"start":{"line":53,"column":8},"end":{"line":53,"column":65}},"6":{"start":{"line":54,"column":8},"end":{"line":54,"column":null}},"7":{"start":{"line":54,"column":21},"end":{"line":54,"column":52}},"8":{"start":{"line":55,"column":8},"end":{"line":55,"column":66}},"9":{"start":{"line":56,"column":8},"end":{"line":56,"column":66}},"10":{"start":{"line":57,"column":8},"end":{"line":57,"column":54}},"11":{"start":{"line":59,"column":45},"end":{"line":59,"column":79}},"12":{"start":{"line":60,"column":8},"end":{"line":60,"column":null}},"13":{"start":{"line":60,"column":27},"end":{"line":60,"column":59}},"14":{"start":{"line":62,"column":21},"end":{"line":62,"column":45}},"15":{"start":{"line":63,"column":8},"end":{"line":63,"column":39}},"16":{"start":{"line":65,"column":21},"end":{"line":65,"column":45}},"17":{"start":{"line":66,"column":8},"end":{"line":66,"column":37}},"18":{"start":{"line":68,"column":24},"end":{"line":68,"column":51}},"19":{"start":{"line":69,"column":8},"end":{"line":69,"column":51}},"20":{"start":{"line":70,"column":8},"end":{"line":70,"column":47}},"21":{"start":{"line":78,"column":46},"end":{"line":78,"column":81}},"22":{"start":{"line":79,"column":8},"end":{"line":79,"column":null}},"23":{"start":{"line":79,"column":40},"end":{"line":79,"column":93}},"24":{"start":{"line":80,"column":8},"end":{"line":80,"column":null}},"25":{"start":{"line":80,"column":40},"end":{"line":80,"column":90}},"26":{"start":{"line":81,"column":8},"end":{"line":81,"column":null}},"27":{"start":{"line":81,"column":40},"end":{"line":81,"column":90}},"28":{"start":{"line":29,"column":0},"end":{"line":29,"column":22}}},"fnMap":{"0":{"name":"(anonymous_0)","decl":{"start":{"line":36,"column":4},"end":{"line":36,"column":16}},"loc":{"start":{"line":36,"column":74},"end":{"line":39,"column":5}}},"1":{"name":"(anonymous_1)","decl":{"start":{"line":41,"column":4},"end":{"line":41,"column":8}},"loc":{"start":{"line":41,"column":18},"end":{"line":47,"column":5}}},"2":{"name":"(anonymous_2)","decl":{"start":{"line":52,"column":4},"end":{"line":52,"column":14}},"loc":{"start":{"line":52,"column":40},"end":{"line":71,"column":5}}},"3":{"name":"(anonymous_3)","decl":{"start":{"line":73,"column":4},"end":{"line":73,"column":13}},"loc":{"start":{"line":73,"column":43},"end":{"line":74,"column":5}}},"4":{"name":"(anonymous_4)","decl":{"start":{"line":77,"column":4},"end":{"line":77,"column":19}},"loc":{"start":{"line":77,"column":32},"end":{"line":82,"column":5}}}},"branchMap":{"0":{"loc":{"start":{"line":54,"column":8},"end":{"line":54,"column":null}},"type":"if","locations":[{"start":{"line":54,"column":8},"end":{"line":54,"column":null}},{"start":{"line":54,"column":8},"end":{"line":54,"column":null}}]},"1":{"loc":{"start":{"line":60,"column":8},"end":{"line":60,"column":null}},"type":"if","locations":[{"start":{"line":60,"column":8},"end":{"line":60,"column":null}},{"start":{"line":60,"column":8},"end":{"line":60,"column":null}}]},"2":{"loc":{"start":{"line":79,"column":8},"end":{"line":79,"column":null}},"type":"if","locations":[{"start":{"line":79,"column":8},"end":{"line":79,"column":null}},{"start":{"line":79,"column":8},"end":{"line":79,"column":null}}]},"3":{"loc":{"start":{"line":80,"column":8},"end":{"line":80,"column":null}},"type":"if","locations":[{"start":{"line":80,"column":8},"end":{"line":80,"column":null}},{"start":{"line":80,"column":8},"end":{"line":80,"column":null}}]},"4":{"loc":{"start":{"line":81,"column":8},"end":{"line":81,"column":null}},"type":"if","locations":[{"start":{"line":81,"column":8},"end":{"line":81,"column":null}},{"start":{"line":81,"column":8},"end":{"line":81,"column":null}}]}},"s":{"0":9,"1":9,"2":8,"3":8,"4":8,"5":8,"6":8,"7":8,"8":8,"9":8,"10":8,"11":8,"12":8,"13":4,"14":8,"15":8,"16":8,"17":8,"18":8,"19":8,"20":8,"21":8,"22":8,"23":6,"24":8,"25":5,"26":8,"27":3,"28":9},"f":{"0":8,"1":8,"2":8,"3":8,"4":8},"b":{"0":[8,0],"1":[4,4],"2":[6,2],"3":[5,3],"4":[3,5]}}
,"/Users/sth1pal/Documents/Development/JavaScript/nodejs/ts6/dev/hsLibs/d3/hsGraphD3/src/Graph.ts": {"path":"/Users/sth1pal/Documents/Development/JavaScript/nodejs/ts6/dev/hsLibs/d3/hsGraphD3/src/Graph.ts","statementMap":{"0":{"start":{"line":18,"column":0},"end":{"line":18,"column":42}},"1":{"start":{"line":18,"column":57},"end":{"line":18,"column":70}},"2":{"start":{"line":20,"column":0},"end":{"line":20,"column":38}},"3":{"start":{"line":21,"column":0},"end":{"line":21,"column":38}},"4":{"start":{"line":26,"column":0},"end":{"line":26,"column":62}},"5":{"start":{"line":27,"column":0},"end":{"line":27,"column":43}},"6":{"start":{"line":29,"column":0},"end":{"line":29,"column":42}},"7":{"start":{"line":30,"column":0},"end":{"line":30,"column":42}},"8":{"start":{"line":31,"column":0},"end":{"line":31,"column":44}},"9":{"start":{"line":36,"column":26},"end":{"line":36,"column":30}},"10":{"start":{"line":167,"column":12},"end":{"line":167,"column":46}},"11":{"start":{"line":170,"column":12},"end":{"line":170,"column":32}},"12":{"start":{"line":172,"column":14},"end":{"line":172,"column":46}},"13":{"start":{"line":175,"column":8},"end":{"line":175,"column":25}},"14":{"start":{"line":176,"column":8},"end":{"line":176,"column":43}},"15":{"start":{"line":177,"column":8},"end":{"line":177,"column":62}},"16":{"start":{"line":178,"column":8},"end":{"line":178,"column":40}},"17":{"start":{"line":179,"column":8},"end":{"line":179,"column":61}},"18":{"start":{"line":180,"column":8},"end":{"line":180,"column":28}},"19":{"start":{"line":181,"column":8},"end":{"line":181,"column":22}},"20":{"start":{"line":182,"column":8},"end":{"line":182,"column":46}},"21":{"start":{"line":182,"column":32},"end":{"line":182,"column":45}},"22":{"start":{"line":186,"column":8},"end":{"line":186,"column":36}},"23":{"start":{"line":190,"column":8},"end":{"line":190,"column":36}},"24":{"start":{"line":195,"column":8},"end":{"line":197,"column":10}},"25":{"start":{"line":220,"column":40},"end":{"line":220,"column":66}},"26":{"start":{"line":223,"column":12},"end":{"line":226,"column":null}},"27":{"start":{"line":224,"column":16},"end":{"line":224,"column":53}},"28":{"start":{"line":225,"column":16},"end":{"line":225,"column":40}},"29":{"start":{"line":227,"column":51},"end":{"line":227,"column":78}},"30":{"start":{"line":228,"column":12},"end":{"line":228,"column":70}},"31":{"start":{"line":229,"column":12},"end":{"line":229,"column":39}},"32":{"start":{"line":232,"column":23},"end":{"line":232,"column":42}},"33":{"start":{"line":233,"column":8},"end":{"line":233,"column":113}},"34":{"start":{"line":235,"column":8},"end":{"line":235,"column":33}},"35":{"start":{"line":237,"column":22},"end":{"line":237,"column":26}},"36":{"start":{"line":238,"column":8},"end":{"line":253,"column":10}},"37":{"start":{"line":241,"column":20},"end":{"line":248,"column":null}},"38":{"start":{"line":242,"column":24},"end":{"line":242,"column":86}},"39":{"start":{"line":243,"column":24},"end":{"line":243,"column":121}},"40":{"start":{"line":244,"column":24},"end":{"line":246,"column":null}},"41":{"start":{"line":245,"column":28},"end":{"line":245,"column":72}},"42":{"start":{"line":248,"column":31},"end":{"line":248,"column":67}},"43":{"start":{"line":249,"column":20},"end":{"line":249,"column":58}},"44":{"start":{"line":251,"column":12},"end":{"line":251,"column":56}},"45":{"start":{"line":269,"column":8},"end":{"line":269,"column":49}},"46":{"start":{"line":280,"column":8},"end":{"line":280,"column":62}},"47":{"start":{"line":280,"column":40},"end":{"line":280,"column":60}},"48":{"start":{"line":285,"column":8},"end":{"line":285,"column":48}},"49":{"start":{"line":286,"column":8},"end":{"line":286,"column":25}},"50":{"start":{"line":287,"column":8},"end":{"line":287,"column":88}},"51":{"start":{"line":287,"column":57},"end":{"line":287,"column":86}},"52":{"start":{"line":292,"column":8},"end":{"line":292,"column":85}},"53":{"start":{"line":292,"column":57},"end":{"line":292,"column":83}},"54":{"start":{"line":303,"column":8},"end":{"line":306,"column":10}},"55":{"start":{"line":310,"column":25},"end":{"line":310,"column":45}},"56":{"start":{"line":311,"column":8},"end":{"line":311,"column":50}},"57":{"start":{"line":312,"column":8},"end":{"line":312,"column":94}},"58":{"start":{"line":312,"column":40},"end":{"line":312,"column":92}},"59":{"start":{"line":319,"column":8},"end":{"line":329,"column":10}},"60":{"start":{"line":334,"column":8},"end":{"line":340,"column":10}},"61":{"start":{"line":345,"column":20},"end":{"line":345,"column":31}},"62":{"start":{"line":347,"column":8},"end":{"line":355,"column":null}},"63":{"start":{"line":348,"column":12},"end":{"line":354,"column":null}},"64":{"start":{"line":349,"column":16},"end":{"line":349,"column":146}},"65":{"start":{"line":350,"column":16},"end":{"line":350,"column":57}},"66":{"start":{"line":351,"column":16},"end":{"line":351,"column":59}},"67":{"start":{"line":352,"column":16},"end":{"line":352,"column":106}},"68":{"start":{"line":353,"column":16},"end":{"line":353,"column":40}},"69":{"start":{"line":364,"column":8},"end":{"line":368,"column":58}},"70":{"start":{"line":376,"column":8},"end":{"line":376,"column":88}},"71":{"start":{"line":156,"column":0},"end":{"line":156,"column":22}}},"fnMap":{"0":{"name":"(anonymous_0)","decl":{"start":{"line":174,"column":4},"end":{"line":174,"column":16}},"loc":{"start":{"line":174,"column":24},"end":{"line":183,"column":5}}},"1":{"name":"(anonymous_1)","decl":{"start":{"line":182,"column":26},"end":{"line":182,"column":29}},"loc":{"start":{"line":182,"column":32},"end":{"line":182,"column":45}}},"2":{"name":"(anonymous_2)","decl":{"start":{"line":185,"column":4},"end":{"line":185,"column":15}},"loc":{"start":{"line":185,"column":23},"end":{"line":187,"column":5}}},"3":{"name":"(anonymous_3)","decl":{"start":{"line":189,"column":4},"end":{"line":189,"column":15}},"loc":{"start":{"line":189,"column":23},"end":{"line":191,"column":5}}},"4":{"name":"(anonymous_4)","decl":{"start":{"line":194,"column":4},"end":{"line":194,"column":15}},"loc":{"start":{"line":194,"column":21},"end":{"line":198,"column":5}}},"5":{"name":"(anonymous_5)","decl":{"start":{"line":206,"column":11},"end":{"line":206,"column":21}},"loc":{"start":{"line":206,"column":66},"end":{"line":207,"column":5}}},"6":{"name":"(anonymous_6)","decl":{"start":{"line":219,"column":11},"end":{"line":219,"column":17}},"loc":{"start":{"line":219,"column":42},"end":{"line":254,"column":5}}},"7":{"name":"renderGraph","decl":{"start":{"line":222,"column":17},"end":{"line":222,"column":28}},"loc":{"start":{"line":222,"column":28},"end":{"line":230,"column":9}}},"8":{"name":"(anonymous_8)","decl":{"start":{"line":239,"column":20},"end":{"line":239,"column":21}},"loc":{"start":{"line":239,"column":70},"end":{"line":252,"column":13}}},"9":{"name":"listener","decl":{"start":{"line":240,"column":25},"end":{"line":240,"column":33}},"loc":{"start":{"line":240,"column":33},"end":{"line":250,"column":17}}},"10":{"name":"(anonymous_10)","decl":{"start":{"line":267,"column":11},"end":{"line":267,"column":20}},"loc":{"start":{"line":267,"column":55},"end":{"line":270,"column":5}}},"11":{"name":"(anonymous_11)","decl":{"start":{"line":279,"column":4},"end":{"line":279,"column":14}},"loc":{"start":{"line":279,"column":25},"end":{"line":281,"column":5}}},"12":{"name":"(anonymous_12)","decl":{"start":{"line":280,"column":32},"end":{"line":280,"column":36}},"loc":{"start":{"line":280,"column":40},"end":{"line":280,"column":60}}},"13":{"name":"(anonymous_13)","decl":{"start":{"line":284,"column":4},"end":{"line":284,"column":13}},"loc":{"start":{"line":284,"column":55},"end":{"line":288,"column":5}}},"14":{"name":"(anonymous_14)","decl":{"start":{"line":287,"column":32},"end":{"line":287,"column":33}},"loc":{"start":{"line":287,"column":57},"end":{"line":287,"column":86}}},"15":{"name":"(anonymous_15)","decl":{"start":{"line":291,"column":4},"end":{"line":291,"column":19}},"loc":{"start":{"line":291,"column":44},"end":{"line":293,"column":5}}},"16":{"name":"(anonymous_16)","decl":{"start":{"line":292,"column":32},"end":{"line":292,"column":33}},"loc":{"start":{"line":292,"column":57},"end":{"line":292,"column":83}}},"17":{"name":"(anonymous_17)","decl":{"start":{"line":302,"column":14},"end":{"line":302,"column":28}},"loc":{"start":{"line":302,"column":28},"end":{"line":307,"column":5}}},"18":{"name":"(anonymous_18)","decl":{"start":{"line":309,"column":14},"end":{"line":309,"column":26}},"loc":{"start":{"line":309,"column":26},"end":{"line":313,"column":5}}},"19":{"name":"(anonymous_19)","decl":{"start":{"line":312,"column":32},"end":{"line":312,"column":36}},"loc":{"start":{"line":312,"column":40},"end":{"line":312,"column":92}}},"20":{"name":"(anonymous_20)","decl":{"start":{"line":318,"column":12},"end":{"line":318,"column":25}},"loc":{"start":{"line":318,"column":25},"end":{"line":330,"column":5}}},"21":{"name":"(anonymous_21)","decl":{"start":{"line":333,"column":12},"end":{"line":333,"column":28}},"loc":{"start":{"line":333,"column":41},"end":{"line":341,"column":5}}},"22":{"name":"(anonymous_22)","decl":{"start":{"line":344,"column":12},"end":{"line":344,"column":18}},"loc":{"start":{"line":344,"column":18},"end":{"line":356,"column":5}}},"23":{"name":"(anonymous_23)","decl":{"start":{"line":363,"column":12},"end":{"line":363,"column":25}},"loc":{"start":{"line":363,"column":39},"end":{"line":369,"column":5}}},"24":{"name":"(anonymous_24)","decl":{"start":{"line":375,"column":12},"end":{"line":375,"column":25}},"loc":{"start":{"line":375,"column":39},"end":{"line":377,"column":5}}}},"branchMap":{"0":{"loc":{"start":{"line":223,"column":12},"end":{"line":226,"column":null}},"type":"if","locations":[{"start":{"line":223,"column":12},"end":{"line":226,"column":null}},{"start":{"line":223,"column":12},"end":{"line":226,"column":null}}]},"1":{"loc":{"start":{"line":242,"column":50},"end":{"line":242,"column":58}},"type":"binary-expr","locations":[{"start":{"line":242,"column":50},"end":{"line":242,"column":58}},{"start":{"line":242,"column":62},"end":{"line":242,"column":85}}]},"2":{"loc":{"start":{"line":244,"column":24},"end":{"line":246,"column":null}},"type":"if","locations":[{"start":{"line":244,"column":24},"end":{"line":246,"column":null}},{"start":{"line":244,"column":24},"end":{"line":246,"column":null}}]},"3":{"loc":{"start":{"line":347,"column":8},"end":{"line":355,"column":null}},"type":"if","locations":[{"start":{"line":347,"column":8},"end":{"line":355,"column":null}},{"start":{"line":347,"column":8},"end":{"line":355,"column":null}}]},"4":{"loc":{"start":{"line":348,"column":12},"end":{"line":354,"column":null}},"type":"if","locations":[{"start":{"line":348,"column":12},"end":{"line":354,"column":null}},{"start":{"line":348,"column":12},"end":{"line":354,"column":null}}]},"5":{"loc":{"start":{"line":348,"column":16},"end":{"line":348,"column":58}},"type":"binary-expr","locations":[{"start":{"line":348,"column":16},"end":{"line":348,"column":58}},{"start":{"line":348,"column":62},"end":{"line":348,"column":106}}]}},"s":{"0":9,"1":9,"2":9,"3":9,"4":9,"5":9,"6":9,"7":9,"8":9,"9":9,"10":10,"11":10,"12":10,"13":10,"14":10,"15":10,"16":10,"17":10,"18":10,"19":10,"20":10,"21":0,"22":10,"23":16,"24":4,"25":8,"26":8,"27":8,"28":8,"29":8,"30":8,"31":8,"32":8,"33":8,"34":8,"35":8,"36":8,"37":0,"38":0,"39":0,"40":0,"41":0,"42":0,"43":0,"44":0,"45":8,"46":8,"47":40,"48":8,"49":8,"50":8,"51":40,"52":8,"53":40,"54":10,"55":10,"56":10,"57":10,"58":50,"59":10,"60":10,"61":10,"62":10,"63":10,"64":0,"65":0,"66":0,"67":0,"68":0,"69":10,"70":10,"71":9},"f":{"0":10,"1":0,"2":10,"3":16,"4":4,"5":0,"6":8,"7":8,"8":0,"9":0,"10":8,"11":8,"12":40,"13":8,"14":40,"15":8,"16":40,"17":10,"18":10,"19":50,"20":10,"21":10,"22":10,"23":10,"24":10},"b":{"0":[8,0],"1":[0,0],"2":[0,0],"3":[10,0],"4":[0,10],"5":[10,10]}}
,"/Users/sth1pal/Documents/Development/JavaScript/nodejs/ts6/dev/hsLibs/d3/hsGraphD3/src/GraphCartesian.ts": {"path":"/Users/sth1pal/Documents/Development/JavaScript/nodejs/ts6/dev/hsLibs/d3/hsGraphD3/src/GraphCartesian.ts","statementMap":{"0":{"start":{"line":60,"column":0},"end":{"line":60,"column":37}},"1":{"start":{"line":60,"column":52},"end":{"line":60,"column":74}},"2":{"start":{"line":65,"column":0},"end":{"line":65,"column":47}},"3":{"start":{"line":67,"column":0},"end":{"line":67,"column":47}},"4":{"start":{"line":69,"column":0},"end":{"line":69,"column":47}},"5":{"start":{"line":73,"column":0},"end":{"line":73,"column":24}},"6":{"start":{"line":74,"column":0},"end":{"line":74,"column":22}},"7":{"start":{"line":75,"column":0},"end":{"line":75,"column":22}},"8":{"start":{"line":76,"column":0},"end":{"line":76,"column":22}},"9":{"start":{"line":77,"column":0},"end":{"line":77,"column":28}},"10":{"start":{"line":78,"column":0},"end":{"line":78,"column":25}},"11":{"start":{"line":93,"column":23},"end":{"line":93,"column":50}},"12":{"start":{"line":94,"column":47},"end":{"line":94,"column":74}},"13":{"start":{"line":95,"column":8},"end":{"line":95,"column":84}},"14":{"start":{"line":96,"column":8},"end":{"line":96,"column":84}},"15":{"start":{"line":97,"column":8},"end":{"line":97,"column":89}},"16":{"start":{"line":98,"column":8},"end":{"line":98,"column":22}},"17":{"start":{"line":106,"column":47},"end":{"line":106,"column":74}},"18":{"start":{"line":107,"column":24},"end":{"line":107,"column":58}},"19":{"start":{"line":108,"column":23},"end":{"line":108,"column":41}},"20":{"start":{"line":109,"column":8},"end":{"line":109,"column":146}},"21":{"start":{"line":110,"column":8},"end":{"line":110,"column":146}},"22":{"start":{"line":111,"column":8},"end":{"line":111,"column":96}},"23":{"start":{"line":115,"column":20},"end":{"line":115,"column":42}},"24":{"start":{"line":116,"column":21},"end":{"line":116,"column":40}},"25":{"start":{"line":117,"column":8},"end":{"line":117,"column":87}},"26":{"start":{"line":118,"column":8},"end":{"line":118,"column":87}},"27":{"start":{"line":119,"column":8},"end":{"line":119,"column":87}},"28":{"start":{"line":120,"column":8},"end":{"line":120,"column":19}},"29":{"start":{"line":126,"column":8},"end":{"line":126,"column":30}},"30":{"start":{"line":127,"column":8},"end":{"line":127,"column":43}},"31":{"start":{"line":128,"column":8},"end":{"line":128,"column":43}},"32":{"start":{"line":83,"column":0},"end":{"line":83,"column":13}}},"fnMap":{"0":{"name":"(anonymous_0)","decl":{"start":{"line":92,"column":11},"end":{"line":92,"column":20}},"loc":{"start":{"line":92,"column":59},"end":{"line":99,"column":5}}},"1":{"name":"(anonymous_1)","decl":{"start":{"line":105,"column":14},"end":{"line":105,"column":23}},"loc":{"start":{"line":105,"column":23},"end":{"line":112,"column":5}}},"2":{"name":"(anonymous_2)","decl":{"start":{"line":114,"column":14},"end":{"line":114,"column":28}},"loc":{"start":{"line":114,"column":58},"end":{"line":121,"column":5}}},"3":{"name":"(anonymous_3)","decl":{"start":{"line":125,"column":4},"end":{"line":125,"column":14}},"loc":{"start":{"line":125,"column":25},"end":{"line":129,"column":5}}}},"branchMap":{"0":{"loc":{"start":{"line":95,"column":38},"end":{"line":95,"column":64}},"type":"binary-expr","locations":[{"start":{"line":95,"column":38},"end":{"line":95,"column":64}},{"start":{"line":95,"column":69},"end":{"line":95,"column":83}}]},"1":{"loc":{"start":{"line":96,"column":38},"end":{"line":96,"column":64}},"type":"binary-expr","locations":[{"start":{"line":96,"column":38},"end":{"line":96,"column":64}},{"start":{"line":96,"column":69},"end":{"line":96,"column":83}}]},"2":{"loc":{"start":{"line":97,"column":38},"end":{"line":97,"column":65}},"type":"binary-expr","locations":[{"start":{"line":97,"column":38},"end":{"line":97,"column":65}},{"start":{"line":97,"column":69},"end":{"line":97,"column":88}}]},"3":{"loc":{"start":{"line":117,"column":62},"end":{"line":117,"column":69}},"type":"cond-expr","locations":[{"start":{"line":117,"column":62},"end":{"line":117,"column":69}},{"start":{"line":117,"column":73},"end":{"line":117,"column":86}}]},"4":{"loc":{"start":{"line":117,"column":20},"end":{"line":117,"column":27}},"type":"binary-expr","locations":[{"start":{"line":117,"column":20},"end":{"line":117,"column":27}},{"start":{"line":117,"column":32},"end":{"line":117,"column":58}}]},"5":{"loc":{"start":{"line":118,"column":62},"end":{"line":118,"column":69}},"type":"cond-expr","locations":[{"start":{"line":118,"column":62},"end":{"line":118,"column":69}},{"start":{"line":118,"column":73},"end":{"line":118,"column":86}}]},"6":{"loc":{"start":{"line":118,"column":20},"end":{"line":118,"column":27}},"type":"binary-expr","locations":[{"start":{"line":118,"column":20},"end":{"line":118,"column":27}},{"start":{"line":118,"column":32},"end":{"line":118,"column":58}}]},"7":{"loc":{"start":{"line":119,"column":62},"end":{"line":119,"column":70}},"type":"cond-expr","locations":[{"start":{"line":119,"column":62},"end":{"line":119,"column":70}},{"start":{"line":119,"column":73},"end":{"line":119,"column":86}}]},"8":{"loc":{"start":{"line":119,"column":20},"end":{"line":119,"column":28}},"type":"binary-expr","locations":[{"start":{"line":119,"column":20},"end":{"line":119,"column":28}},{"start":{"line":119,"column":32},"end":{"line":119,"column":59}}]}},"s":{"0":9,"1":9,"2":9,"3":9,"4":9,"5":9,"6":9,"7":9,"8":9,"9":9,"10":9,"11":8,"12":8,"13":8,"14":8,"15":8,"16":8,"17":8,"18":8,"19":8,"20":8,"21":8,"22":8,"23":8,"24":8,"25":8,"26":8,"27":8,"28":8,"29":8,"30":8,"31":8,"32":9},"f":{"0":8,"1":8,"2":8,"3":8},"b":{"0":[8,8],"1":[8,8],"2":[8,8],"3":[0,8],"4":[8,0],"5":[0,8],"6":[8,0],"7":[0,8],"8":[8,0]}}
,"/Users/sth1pal/Documents/Development/JavaScript/nodejs/ts6/dev/hsLibs/d3/hsGraphD3/src/GraphComponent.ts": {"path":"/Users/sth1pal/Documents/Development/JavaScript/nodejs/ts6/dev/hsLibs/d3/hsGraphD3/src/GraphComponent.ts","statementMap":{"0":{"start":{"line":85,"column":8},"end":{"line":85,"column":23}},"1":{"start":{"line":86,"column":8},"end":{"line":88,"column":null}},"2":{"start":{"line":87,"column":12},"end":{"line":87,"column":66}},"3":{"start":{"line":89,"column":8},"end":{"line":89,"column":60}},"4":{"start":{"line":77,"column":0},"end":{"line":77,"column":22}}},"fnMap":{"0":{"name":"(anonymous_0)","decl":{"start":{"line":84,"column":4},"end":{"line":84,"column":16}},"loc":{"start":{"line":84,"column":46},"end":{"line":90,"column":5}}}},"branchMap":{"0":{"loc":{"start":{"line":86,"column":8},"end":{"line":88,"column":null}},"type":"if","locations":[{"start":{"line":86,"column":8},"end":{"line":88,"column":null}},{"start":{"line":86,"column":8},"end":{"line":88,"column":null}}]}},"s":{"0":50,"1":50,"2":40,"3":50,"4":9},"f":{"0":50},"b":{"0":[40,10]}}
,"/Users/sth1pal/Documents/Development/JavaScript/nodejs/ts6/dev/hsLibs/d3/hsGraphD3/src/Grid.ts": {"path":"/Users/sth1pal/Documents/Development/JavaScript/nodejs/ts6/dev/hsLibs/d3/hsGraphD3/src/Grid.ts","statementMap":{"0":{"start":{"line":7,"column":0},"end":{"line":7,"column":42}},"1":{"start":{"line":7,"column":57},"end":{"line":7,"column":69}},"2":{"start":{"line":8,"column":0},"end":{"line":8,"column":52}},"3":{"start":{"line":14,"column":0},"end":{"line":14,"column":46}},"4":{"start":{"line":15,"column":0},"end":{"line":15,"column":46}},"5":{"start":{"line":16,"column":0},"end":{"line":16,"column":42}},"6":{"start":{"line":19,"column":0},"end":{"line":19,"column":null}},"7":{"start":{"line":20,"column":4},"end":{"line":20,"column":null}},"8":{"start":{"line":21,"column":4},"end":{"line":21,"column":null}},"9":{"start":{"line":44,"column":8},"end":{"line":44,"column":31}},"10":{"start":{"line":39,"column":12},"end":{"line":42,"column":6}},"11":{"start":{"line":47,"column":26},"end":{"line":47,"column":44}},"12":{"start":{"line":50,"column":8},"end":{"line":60,"column":10}},"13":{"start":{"line":64,"column":8},"end":{"line":64,"column":96}},"14":{"start":{"line":65,"column":8},"end":{"line":65,"column":96}},"15":{"start":{"line":66,"column":8},"end":{"line":66,"column":94}},"16":{"start":{"line":67,"column":8},"end":{"line":67,"column":94}},"17":{"start":{"line":74,"column":8},"end":{"line":79,"column":null}},"18":{"start":{"line":75,"column":12},"end":{"line":75,"column":57}},"19":{"start":{"line":76,"column":12},"end":{"line":76,"column":57}},"20":{"start":{"line":77,"column":12},"end":{"line":77,"column":57}},"21":{"start":{"line":78,"column":12},"end":{"line":78,"column":57}},"22":{"start":{"line":36,"column":0},"end":{"line":36,"column":13}},"23":{"start":{"line":37,"column":11},"end":{"line":37,"column":26}},"24":{"start":{"line":87,"column":26},"end":{"line":87,"column":38}},"25":{"start":{"line":87,"column":50},"end":{"line":87,"column":63}},"26":{"start":{"line":87,"column":75},"end":{"line":87,"column":80}},"27":{"start":{"line":88,"column":26},"end":{"line":88,"column":47}},"28":{"start":{"line":89,"column":8},"end":{"line":89,"column":51}},"29":{"start":{"line":90,"column":8},"end":{"line":90,"column":85}},"30":{"start":{"line":94,"column":37},"end":{"line":94,"column":82}},"31":{"start":{"line":95,"column":8},"end":{"line":116,"column":null}},"32":{"start":{"line":96,"column":26},"end":{"line":96,"column":45}},"33":{"start":{"line":97,"column":26},"end":{"line":97,"column":62}},"34":{"start":{"line":98,"column":27},"end":{"line":98,"column":46}},"35":{"start":{"line":99,"column":27},"end":{"line":99,"column":46}},"36":{"start":{"line":100,"column":12},"end":{"line":100,"column":39}},"37":{"start":{"line":101,"column":22},"end":{"line":103,"column":85}},"38":{"start":{"line":106,"column":65},"end":{"line":106,"column":136}},"39":{"start":{"line":106,"column":134},"end":{"line":106,"column":135}},"40":{"start":{"line":107,"column":12},"end":{"line":107,"column":38}},"41":{"start":{"line":108,"column":12},"end":{"line":115,"column":64}},"42":{"start":{"line":111,"column":44},"end":{"line":111,"column":62}},"43":{"start":{"line":112,"column":44},"end":{"line":112,"column":62}},"44":{"start":{"line":114,"column":44},"end":{"line":114,"column":62}},"45":{"start":{"line":115,"column":44},"end":{"line":115,"column":62}},"46":{"start":{"line":83,"column":0},"end":{"line":83,"column":13}}},"fnMap":{"0":{"name":"(anonymous_0)","decl":{"start":{"line":19,"column":0},"end":{"line":19,"column":12}},"loc":{"start":{"line":19,"column":22},"end":{"line":22,"column":1}}},"1":{"name":"(anonymous_1)","decl":{"start":{"line":43,"column":4},"end":{"line":43,"column":16}},"loc":{"start":{"line":43,"column":28},"end":{"line":45,"column":5}}},"2":{"name":"(anonymous_2)","decl":{"start":{"line":47,"column":4},"end":{"line":47,"column":8}},"loc":{"start":{"line":47,"column":21},"end":{"line":47,"column":46}}},"3":{"name":"(anonymous_3)","decl":{"start":{"line":49,"column":11},"end":{"line":49,"column":25}},"loc":{"start":{"line":49,"column":25},"end":{"line":61,"column":5}}},"4":{"name":"(anonymous_4)","decl":{"start":{"line":63,"column":4},"end":{"line":63,"column":14}},"loc":{"start":{"line":63,"column":25},"end":{"line":68,"column":5}}},"5":{"name":"(anonymous_5)","decl":{"start":{"line":70,"column":4},"end":{"line":70,"column":13}},"loc":{"start":{"line":70,"column":13},"end":{"line":71,"column":5}}},"6":{"name":"(anonymous_6)","decl":{"start":{"line":73,"column":4},"end":{"line":73,"column":19}},"loc":{"start":{"line":73,"column":19},"end":{"line":80,"column":5}}},"7":{"name":"(anonymous_7)","decl":{"start":{"line":87,"column":4},"end":{"line":87,"column":26}},"loc":{"start":{"line":87,"column":96},"end":{"line":91,"column":5}}},"8":{"name":"(anonymous_8)","decl":{"start":{"line":93,"column":4},"end":{"line":93,"column":19}},"loc":{"start":{"line":93,"column":19},"end":{"line":117,"column":5}}},"9":{"name":"(anonymous_9)","decl":{"start":{"line":106,"column":124},"end":{"line":106,"column":125}},"loc":{"start":{"line":106,"column":134},"end":{"line":106,"column":135}}},"10":{"name":"(anonymous_10)","decl":{"start":{"line":111,"column":39},"end":{"line":111,"column":40}},"loc":{"start":{"line":111,"column":44},"end":{"line":111,"column":62}}},"11":{"name":"(anonymous_11)","decl":{"start":{"line":112,"column":39},"end":{"line":112,"column":40}},"loc":{"start":{"line":112,"column":44},"end":{"line":112,"column":62}}},"12":{"name":"(anonymous_12)","decl":{"start":{"line":114,"column":39},"end":{"line":114,"column":40}},"loc":{"start":{"line":114,"column":44},"end":{"line":114,"column":62}}},"13":{"name":"(anonymous_13)","decl":{"start":{"line":115,"column":39},"end":{"line":115,"column":40}},"loc":{"start":{"line":115,"column":44},"end":{"line":115,"column":62}}}},"branchMap":{"0":{"loc":{"start":{"line":19,"column":12},"end":{"line":19,"column":22}},"type":"binary-expr","locations":[{"start":{"line":19,"column":12},"end":{"line":19,"column":22}},{"start":{"line":19,"column":12},"end":{"line":19,"column":null}}]},"1":{"loc":{"start":{"line":74,"column":8},"end":{"line":79,"column":null}},"type":"if","locations":[{"start":{"line":74,"column":8},"end":{"line":79,"column":null}},{"start":{"line":74,"column":8},"end":{"line":79,"column":null}}]},"2":{"loc":{"start":{"line":87,"column":80},"end":{"line":87,"column":96}},"type":"default-arg","locations":[{"start":{"line":87,"column":80},"end":{"line":87,"column":96}}]},"3":{"loc":{"start":{"line":95,"column":8},"end":{"line":116,"column":null}},"type":"if","locations":[{"start":{"line":95,"column":8},"end":{"line":116,"column":null}},{"start":{"line":95,"column":8},"end":{"line":116,"column":null}}]},"4":{"loc":{"start":{"line":97,"column":56},"end":{"line":97,"column":57}},"type":"cond-expr","locations":[{"start":{"line":97,"column":56},"end":{"line":97,"column":57}},{"start":{"line":97,"column":60},"end":{"line":97,"column":62}}]},"5":{"loc":{"start":{"line":102,"column":16},"end":{"line":102,"column":85}},"type":"cond-expr","locations":[{"start":{"line":102,"column":16},"end":{"line":102,"column":85}},{"start":{"line":103,"column":16},"end":{"line":103,"column":85}}]}},"s":{"0":9,"1":9,"2":9,"3":9,"4":9,"5":9,"6":9,"7":9,"8":9,"9":10,"10":10,"11":10,"12":10,"13":8,"14":8,"15":8,"16":8,"17":8,"18":8,"19":8,"20":8,"21":8,"22":9,"23":9,"24":32,"25":32,"26":32,"27":32,"28":32,"29":32,"30":32,"31":32,"32":30,"33":30,"34":30,"35":30,"36":30,"37":30,"38":30,"39":200,"40":30,"41":30,"42":200,"43":200,"44":200,"45":200,"46":9},"f":{"0":9,"1":10,"2":10,"3":10,"4":8,"5":8,"6":8,"7":32,"8":32,"9":200,"10":200,"11":200,"12":200,"13":200},"b":{"0":[9,9],"1":[8,0],"2":[0],"3":[30,2],"4":[15,15],"5":[16,14]}}
,"/Users/sth1pal/Documents/Development/JavaScript/nodejs/ts6/dev/hsLibs/d3/hsGraphD3/src/NumericSeriesPlot.ts": {"path":"/Users/sth1pal/Documents/Development/JavaScript/nodejs/ts6/dev/hsLibs/d3/hsGraphD3/src/NumericSeriesPlot.ts","statementMap":{"0":{"start":{"line":30,"column":0},"end":{"line":30,"column":46}},"1":{"start":{"line":30,"column":61},"end":{"line":30,"column":79}},"2":{"start":{"line":31,"column":0},"end":{"line":31,"column":42}},"3":{"start":{"line":32,"column":0},"end":{"line":32,"column":42}},"4":{"start":{"line":39,"column":0},"end":{"line":39,"column":56}},"5":{"start":{"line":44,"column":4},"end":{"line":44,"column":83}},"6":{"start":{"line":44,"column":27},"end":{"line":44,"column":82}},"7":{"start":{"line":58,"column":8},"end":{"line":58,"column":37}},"8":{"start":{"line":62,"column":8},"end":{"line":62,"column":39}},"9":{"start":{"line":63,"column":46},"end":{"line":63,"column":81}},"10":{"start":{"line":64,"column":8},"end":{"line":64,"column":null}},"11":{"start":{"line":64,"column":66},"end":{"line":64,"column":83}},"12":{"start":{"line":65,"column":8},"end":{"line":65,"column":30}},"13":{"start":{"line":72,"column":46},"end":{"line":72,"column":88}},"14":{"start":{"line":73,"column":8},"end":{"line":81,"column":null}},"15":{"start":{"line":74,"column":32},"end":{"line":75,"column":43}},"16":{"start":{"line":75,"column":38},"end":{"line":75,"column":42}},"17":{"start":{"line":76,"column":12},"end":{"line":76,"column":36}},"18":{"start":{"line":77,"column":12},"end":{"line":80,"column":62}},"19":{"start":{"line":85,"column":8},"end":{"line":85,"column":85}},"20":{"start":{"line":86,"column":8},"end":{"line":86,"column":81}},"21":{"start":{"line":86,"column":70},"end":{"line":86,"column":79}},"22":{"start":{"line":90,"column":8},"end":{"line":90,"column":85}},"23":{"start":{"line":91,"column":20},"end":{"line":91,"column":22}},"24":{"start":{"line":92,"column":8},"end":{"line":100,"column":null}},"25":{"start":{"line":93,"column":24},"end":{"line":93,"column":42}},"26":{"start":{"line":94,"column":25},"end":{"line":94,"column":98}},"27":{"start":{"line":95,"column":25},"end":{"line":95,"column":96}},"28":{"start":{"line":96,"column":25},"end":{"line":96,"column":99}},"29":{"start":{"line":97,"column":12},"end":{"line":97,"column":36}},"30":{"start":{"line":98,"column":12},"end":{"line":99,"column":88}},"31":{"start":{"line":101,"column":8},"end":{"line":101,"column":89}},"32":{"start":{"line":101,"column":70},"end":{"line":101,"column":87}},"33":{"start":{"line":105,"column":8},"end":{"line":110,"column":88}},"34":{"start":{"line":106,"column":40},"end":{"line":106,"column":95}},"35":{"start":{"line":107,"column":40},"end":{"line":107,"column":95}},"36":{"start":{"line":108,"column":40},"end":{"line":110,"column":86}},"37":{"start":{"line":119,"column":21},"end":{"line":122,"column":46}},"38":{"start":{"line":123,"column":8},"end":{"line":123,"column":46}},"39":{"start":{"line":127,"column":8},"end":{"line":127,"column":81}},"40":{"start":{"line":51,"column":0},"end":{"line":51,"column":22}}},"fnMap":{"0":{"name":"accessor","decl":{"start":{"line":43,"column":9},"end":{"line":43,"column":17}},"loc":{"start":{"line":43,"column":67},"end":{"line":45,"column":1}}},"1":{"name":"(anonymous_1)","decl":{"start":{"line":44,"column":11},"end":{"line":44,"column":12}},"loc":{"start":{"line":44,"column":27},"end":{"line":44,"column":82}}},"2":{"name":"(anonymous_2)","decl":{"start":{"line":57,"column":4},"end":{"line":57,"column":14}},"loc":{"start":{"line":57,"column":40},"end":{"line":59,"column":5}}},"3":{"name":"(anonymous_3)","decl":{"start":{"line":61,"column":4},"end":{"line":61,"column":13}},"loc":{"start":{"line":61,"column":50},"end":{"line":66,"column":5}}},"4":{"name":"(anonymous_4)","decl":{"start":{"line":71,"column":14},"end":{"line":71,"column":29}},"loc":{"start":{"line":71,"column":61},"end":{"line":82,"column":5}}},"5":{"name":"(anonymous_5)","decl":{"start":{"line":75,"column":33},"end":{"line":75,"column":34}},"loc":{"start":{"line":75,"column":38},"end":{"line":75,"column":42}}},"6":{"name":"(anonymous_6)","decl":{"start":{"line":84,"column":14},"end":{"line":84,"column":26}},"loc":{"start":{"line":84,"column":58},"end":{"line":87,"column":5}}},"7":{"name":"(anonymous_7)","decl":{"start":{"line":86,"column":59},"end":{"line":86,"column":60}},"loc":{"start":{"line":86,"column":70},"end":{"line":86,"column":79}}},"8":{"name":"(anonymous_8)","decl":{"start":{"line":89,"column":14},"end":{"line":89,"column":26}},"loc":{"start":{"line":89,"column":58},"end":{"line":102,"column":5}}},"9":{"name":"(anonymous_9)","decl":{"start":{"line":101,"column":59},"end":{"line":101,"column":60}},"loc":{"start":{"line":101,"column":70},"end":{"line":101,"column":87}}},"10":{"name":"(anonymous_10)","decl":{"start":{"line":104,"column":14},"end":{"line":104,"column":26}},"loc":{"start":{"line":104,"column":84},"end":{"line":111,"column":5}}},"11":{"name":"(anonymous_11)","decl":{"start":{"line":106,"column":24},"end":{"line":106,"column":25}},"loc":{"start":{"line":106,"column":40},"end":{"line":106,"column":95}}},"12":{"name":"(anonymous_12)","decl":{"start":{"line":107,"column":24},"end":{"line":107,"column":25}},"loc":{"start":{"line":107,"column":40},"end":{"line":107,"column":95}}},"13":{"name":"(anonymous_13)","decl":{"start":{"line":108,"column":24},"end":{"line":108,"column":25}},"loc":{"start":{"line":108,"column":40},"end":{"line":110,"column":86}}},"14":{"name":"(anonymous_14)","decl":{"start":{"line":118,"column":14},"end":{"line":118,"column":21}},"loc":{"start":{"line":118,"column":83},"end":{"line":124,"column":5}}},"15":{"name":"(anonymous_15)","decl":{"start":{"line":126,"column":14},"end":{"line":126,"column":28}},"loc":{"start":{"line":126,"column":51},"end":{"line":128,"column":5}}}},"branchMap":{"0":{"loc":{"start":{"line":44,"column":55},"end":{"line":44,"column":56}},"type":"cond-expr","locations":[{"start":{"line":44,"column":55},"end":{"line":44,"column":56}},{"start":{"line":44,"column":59},"end":{"line":44,"column":81}}]},"1":{"loc":{"start":{"line":64,"column":8},"end":{"line":64,"column":null}},"type":"if","locations":[{"start":{"line":64,"column":8},"end":{"line":64,"column":null}},{"start":{"line":64,"column":8},"end":{"line":64,"column":null}}]},"2":{"loc":{"start":{"line":64,"column":12},"end":{"line":64,"column":34}},"type":"binary-expr","locations":[{"start":{"line":64,"column":12},"end":{"line":64,"column":34}},{"start":{"line":64,"column":38},"end":{"line":64,"column":62}}]},"3":{"loc":{"start":{"line":73,"column":8},"end":{"line":81,"column":null}},"type":"if","locations":[{"start":{"line":73,"column":8},"end":{"line":81,"column":null}},{"start":{"line":73,"column":8},"end":{"line":81,"column":null}}]},"4":{"loc":{"start":{"line":85,"column":20},"end":{"line":85,"column":29}},"type":"binary-expr","locations":[{"start":{"line":85,"column":20},"end":{"line":85,"column":29}},{"start":{"line":85,"column":33},"end":{"line":85,"column":84}}]},"5":{"loc":{"start":{"line":90,"column":20},"end":{"line":90,"column":29}},"type":"binary-expr","locations":[{"start":{"line":90,"column":20},"end":{"line":90,"column":29}},{"start":{"line":90,"column":33},"end":{"line":90,"column":84}}]},"6":{"loc":{"start":{"line":92,"column":8},"end":{"line":100,"column":null}},"type":"if","locations":[{"start":{"line":92,"column":8},"end":{"line":100,"column":null}},{"start":{"line":92,"column":8},"end":{"line":100,"column":null}}]},"7":{"loc":{"start":{"line":98,"column":56},"end":{"line":98,"column":69}},"type":"cond-expr","locations":[{"start":{"line":98,"column":56},"end":{"line":98,"column":69}},{"start":{"line":99,"column":16},"end":{"line":99,"column":87}}]},"8":{"loc":{"start":{"line":109,"column":40},"end":{"line":109,"column":96}},"type":"cond-expr","locations":[{"start":{"line":109,"column":40},"end":{"line":109,"column":96}},{"start":{"line":110,"column":40},"end":{"line":110,"column":86}}]},"9":{"loc":{"start":{"line":118,"column":82},"end":{"line":118,"column":83}},"type":"default-arg","locations":[{"start":{"line":118,"column":82},"end":{"line":118,"column":83}}]}},"s":{"0":9,"1":9,"2":9,"3":9,"4":9,"5":151,"6":205,"7":8,"8":8,"9":8,"10":8,"11":2,"12":8,"13":5,"14":5,"15":5,"16":20,"17":5,"18":5,"19":4,"20":4,"21":4,"22":3,"23":3,"24":3,"25":3,"26":3,"27":3,"28":3,"29":3,"30":3,"31":3,"32":3,"33":12,"34":48,"35":48,"36":48,"37":7,"38":7,"39":5,"40":9},"f":{"0":151,"1":205,"2":8,"3":8,"4":5,"5":20,"6":4,"7":4,"8":3,"9":3,"10":12,"11":48,"12":48,"13":48,"14":7,"15":5},"b":{"0":[2,203],"1":[2,6],"2":[8,3],"3":[5,0],"4":[4,4],"5":[3,2],"6":[3,0],"7":[2,1],"8":[32,16],"9":[0]}}
,"/Users/sth1pal/Documents/Development/JavaScript/nodejs/ts6/dev/hsLibs/d3/hsGraphD3/src/Scale.ts": {"path":"/Users/sth1pal/Documents/Development/JavaScript/nodejs/ts6/dev/hsLibs/d3/hsGraphD3/src/Scale.ts","statementMap":{"0":{"start":{"line":7,"column":0},"end":{"line":7,"column":56}},"1":{"start":{"line":10,"column":0},"end":{"line":10,"column":42}},"2":{"start":{"line":11,"column":0},"end":{"line":11,"column":42}},"3":{"start":{"line":36,"column":13},"end":{"line":47,"column":2}},"4":{"start":{"line":37,"column":30},"end":{"line":45,"column":6}},"5":{"start":{"line":46,"column":4},"end":{"line":46,"column":15}},"6":{"start":{"line":52,"column":32},"end":{"line":52,"column":49}},"7":{"start":{"line":54,"column":26},"end":{"line":54,"column":45}},"8":{"start":{"line":64,"column":8},"end":{"line":67,"column":10}},"9":{"start":{"line":77,"column":8},"end":{"line":77,"column":null}},"10":{"start":{"line":77,"column":25},"end":{"line":77,"column":32}},"11":{"start":{"line":78,"column":40},"end":{"line":78,"column":55}},"12":{"start":{"line":79,"column":25},"end":{"line":79,"column":39}},"13":{"start":{"line":81,"column":8},"end":{"line":86,"column":null}},"14":{"start":{"line":84,"column":16},"end":{"line":84,"column":38}},"15":{"start":{"line":87,"column":8},"end":{"line":95,"column":39}},"16":{"start":{"line":96,"column":8},"end":{"line":96,"column":21}},"17":{"start":{"line":49,"column":0},"end":{"line":49,"column":13}},"18":{"start":{"line":50,"column":11},"end":{"line":50,"column":27}}},"fnMap":{"0":{"name":"(anonymous_0)","decl":{"start":{"line":36,"column":28},"end":{"line":36,"column":29}},"loc":{"start":{"line":36,"column":81},"end":{"line":47,"column":1}}},"1":{"name":"(anonymous_1)","decl":{"start":{"line":52,"column":4},"end":{"line":52,"column":16}},"loc":{"start":{"line":52,"column":28},"end":{"line":52,"column":51}}},"2":{"name":"(anonymous_2)","decl":{"start":{"line":54,"column":4},"end":{"line":54,"column":8}},"loc":{"start":{"line":54,"column":21},"end":{"line":54,"column":47}}},"3":{"name":"(anonymous_3)","decl":{"start":{"line":56,"column":4},"end":{"line":56,"column":14}},"loc":{"start":{"line":56,"column":14},"end":{"line":56,"column":25}}},"4":{"name":"(anonymous_4)","decl":{"start":{"line":58,"column":4},"end":{"line":58,"column":13}},"loc":{"start":{"line":58,"column":13},"end":{"line":58,"column":24}}},"5":{"name":"(anonymous_5)","decl":{"start":{"line":60,"column":4},"end":{"line":60,"column":19}},"loc":{"start":{"line":60,"column":19},"end":{"line":60,"column":24}}},"6":{"name":"(anonymous_6)","decl":{"start":{"line":63,"column":11},"end":{"line":63,"column":25}},"loc":{"start":{"line":63,"column":25},"end":{"line":68,"column":5}}},"7":{"name":"(anonymous_7)","decl":{"start":{"line":76,"column":11},"end":{"line":76,"column":17}},"loc":{"start":{"line":76,"column":104},"end":{"line":97,"column":5}}}},"branchMap":{"0":{"loc":{"start":{"line":42,"column":17},"end":{"line":42,"column":25}},"type":"binary-expr","locations":[{"start":{"line":42,"column":17},"end":{"line":42,"column":25}},{"start":{"line":42,"column":29},"end":{"line":42,"column":35}}]},"1":{"loc":{"start":{"line":43,"column":17},"end":{"line":43,"column":25}},"type":"binary-expr","locations":[{"start":{"line":43,"column":17},"end":{"line":43,"column":25}},{"start":{"line":43,"column":29},"end":{"line":43,"column":35}}]},"2":{"loc":{"start":{"line":77,"column":8},"end":{"line":77,"column":null}},"type":"if","locations":[{"start":{"line":77,"column":8},"end":{"line":77,"column":null}},{"start":{"line":77,"column":8},"end":{"line":77,"column":null}}]},"3":{"loc":{"start":{"line":82,"column":12},"end":{"line":82,"column":26}},"type":"switch","locations":[{"start":{"line":82,"column":12},"end":{"line":82,"column":26}},{"start":{"line":83,"column":12},"end":{"line":84,"column":38}}]},"4":{"loc":{"start":{"line":88,"column":35},"end":{"line":88,"column":44}},"type":"cond-expr","locations":[{"start":{"line":88,"column":35},"end":{"line":88,"column":44}},{"start":{"line":88,"column":47},"end":{"line":88,"column":57}}]},"5":{"loc":{"start":{"line":89,"column":35},"end":{"line":89,"column":44}},"type":"cond-expr","locations":[{"start":{"line":89,"column":35},"end":{"line":89,"column":44}},{"start":{"line":89,"column":47},"end":{"line":89,"column":57}}]},"6":{"loc":{"start":{"line":92,"column":48},"end":{"line":92,"column":56}},"type":"cond-expr","locations":[{"start":{"line":92,"column":48},"end":{"line":92,"column":56}},{"start":{"line":92,"column":67},"end":{"line":92,"column":79}}]},"7":{"loc":{"start":{"line":92,"column":13},"end":{"line":92,"column":18}},"type":"binary-expr","locations":[{"start":{"line":92,"column":13},"end":{"line":92,"column":18}},{"start":{"line":92,"column":22},"end":{"line":92,"column":45}}]},"8":{"loc":{"start":{"line":93,"column":48},"end":{"line":93,"column":56}},"type":"cond-expr","locations":[{"start":{"line":93,"column":48},"end":{"line":93,"column":56}},{"start":{"line":93,"column":67},"end":{"line":93,"column":79}}]},"9":{"loc":{"start":{"line":93,"column":13},"end":{"line":93,"column":18}},"type":"binary-expr","locations":[{"start":{"line":93,"column":13},"end":{"line":93,"column":18}},{"start":{"line":93,"column":22},"end":{"line":93,"column":45}}]}},"s":{"0":9,"1":9,"2":9,"3":9,"4":24,"5":24,"6":10,"7":10,"8":10,"9":24,"10":0,"11":24,"12":24,"13":24,"14":24,"15":24,"16":24,"17":9,"18":9},"f":{"0":24,"1":10,"2":10,"3":8,"4":8,"5":8,"6":10,"7":24},"b":{"0":[24,16],"1":[24,16],"2":[0,24],"3":[24,24],"4":[24,0],"5":[24,0],"6":[16,8],"7":[24,16],"8":[16,8],"9":[24,16]}}
,"/Users/sth1pal/Documents/Development/JavaScript/nodejs/ts6/dev/hsLibs/d3/hsGraphD3/src/Series.ts": {"path":"/Users/sth1pal/Documents/Development/JavaScript/nodejs/ts6/dev/hsLibs/d3/hsGraphD3/src/Series.ts","statementMap":{"0":{"start":{"line":34,"column":0},"end":{"line":34,"column":38}},"1":{"start":{"line":35,"column":0},"end":{"line":35,"column":42}},"2":{"start":{"line":35,"column":57},"end":{"line":35,"column":71}},"3":{"start":{"line":39,"column":0},"end":{"line":39,"column":52}},"4":{"start":{"line":44,"column":0},"end":{"line":44,"column":43}},"5":{"start":{"line":82,"column":8},"end":{"line":82,"column":32}},"6":{"start":{"line":79,"column":12},"end":{"line":79,"column":37}},"7":{"start":{"line":67,"column":8},"end":{"line":73,"column":null}},"8":{"start":{"line":68,"column":12},"end":{"line":68,"column":55}},"9":{"start":{"line":69,"column":12},"end":{"line":69,"column":58}},"10":{"start":{"line":71,"column":12},"end":{"line":71,"column":55}},"11":{"start":{"line":72,"column":12},"end":{"line":72,"column":55}},"12":{"start":{"line":76,"column":41},"end":{"line":76,"column":83}},"13":{"start":{"line":86,"column":26},"end":{"line":86,"column":45}},"14":{"start":{"line":91,"column":26},"end":{"line":91,"column":65}},"15":{"start":{"line":92,"column":8},"end":{"line":92,"column":108}},"16":{"start":{"line":92,"column":56},"end":{"line":92,"column":106}},"17":{"start":{"line":96,"column":8},"end":{"line":99,"column":11}},"18":{"start":{"line":97,"column":12},"end":{"line":98,"column":null}},"19":{"start":{"line":97,"column":44},"end":{"line":97,"column":80}},"20":{"start":{"line":98,"column":19},"end":{"line":98,"column":70}},"21":{"start":{"line":104,"column":8},"end":{"line":107,"column":11}},"22":{"start":{"line":105,"column":12},"end":{"line":106,"column":null}},"23":{"start":{"line":105,"column":44},"end":{"line":105,"column":77}},"24":{"start":{"line":106,"column":19},"end":{"line":106,"column":67}},"25":{"start":{"line":112,"column":8},"end":{"line":112,"column":18}},"26":{"start":{"line":127,"column":41},"end":{"line":127,"column":53}},"27":{"start":{"line":128,"column":12},"end":{"line":151,"column":15}},"28":{"start":{"line":129,"column":16},"end":{"line":132,"column":null}},"29":{"start":{"line":130,"column":20},"end":{"line":130,"column":78}},"30":{"start":{"line":131,"column":20},"end":{"line":131,"column":49}},"31":{"start":{"line":133,"column":16},"end":{"line":150,"column":20}},"32":{"start":{"line":133,"column":39},"end":{"line":150,"column":18}},"33":{"start":{"line":134,"column":20},"end":{"line":149,"column":null}},"34":{"start":{"line":135,"column":24},"end":{"line":135,"column":73}},"35":{"start":{"line":136,"column":24},"end":{"line":136,"column":73}},"36":{"start":{"line":138,"column":39},"end":{"line":138,"column":68}},"37":{"start":{"line":139,"column":24},"end":{"line":148,"column":null}},"38":{"start":{"line":139,"column":42},"end":{"line":139,"column":126}},"39":{"start":{"line":141,"column":44},"end":{"line":141,"column":90}},"40":{"start":{"line":141,"column":79},"end":{"line":141,"column":88}},"41":{"start":{"line":142,"column":28},"end":{"line":142,"column":84}},"42":{"start":{"line":143,"column":28},"end":{"line":143,"column":84}},"43":{"start":{"line":144,"column":28},"end":{"line":147,"column":null}},"44":{"start":{"line":145,"column":32},"end":{"line":145,"column":70}},"45":{"start":{"line":146,"column":32},"end":{"line":146,"column":70}},"46":{"start":{"line":154,"column":8},"end":{"line":163,"column":null}},"47":{"start":{"line":156,"column":12},"end":{"line":156,"column":84}},"48":{"start":{"line":156,"column":50},"end":{"line":156,"column":82}},"49":{"start":{"line":159,"column":12},"end":{"line":162,"column":15}},"50":{"start":{"line":160,"column":32},"end":{"line":160,"column":66}},"51":{"start":{"line":161,"column":16},"end":{"line":161,"column":43}},"52":{"start":{"line":164,"column":8},"end":{"line":164,"column":23}},"53":{"start":{"line":174,"column":30},"end":{"line":174,"column":59}},"54":{"start":{"line":175,"column":8},"end":{"line":185,"column":null}},"55":{"start":{"line":176,"column":27},"end":{"line":176,"column":95}},"56":{"start":{"line":177,"column":34},"end":{"line":177,"column":58}},"57":{"start":{"line":178,"column":26},"end":{"line":178,"column":44}},"58":{"start":{"line":179,"column":12},"end":{"line":179,"column":84}},"59":{"start":{"line":180,"column":12},"end":{"line":180,"column":37}},"60":{"start":{"line":181,"column":12},"end":{"line":181,"column":79}},"61":{"start":{"line":182,"column":12},"end":{"line":182,"column":26}},"62":{"start":{"line":184,"column":12},"end":{"line":184,"column":135}},"63":{"start":{"line":58,"column":0},"end":{"line":58,"column":13}},"64":{"start":{"line":59,"column":11},"end":{"line":59,"column":27}},"65":{"start":{"line":63,"column":21},"end":{"line":63,"column":76}}},"fnMap":{"0":{"name":"(anonymous_0)","decl":{"start":{"line":81,"column":4},"end":{"line":81,"column":16}},"loc":{"start":{"line":81,"column":28},"end":{"line":83,"column":5}}},"1":{"name":"(anonymous_1)","decl":{"start":{"line":66,"column":11},"end":{"line":66,"column":17}},"loc":{"start":{"line":66,"column":64},"end":{"line":74,"column":5}}},"2":{"name":"(anonymous_2)","decl":{"start":{"line":76,"column":11},"end":{"line":76,"column":17}},"loc":{"start":{"line":76,"column":27},"end":{"line":76,"column":85}}},"3":{"name":"(anonymous_3)","decl":{"start":{"line":86,"column":4},"end":{"line":86,"column":8}},"loc":{"start":{"line":86,"column":21},"end":{"line":86,"column":47}}},"4":{"name":"(anonymous_4)","decl":{"start":{"line":88,"column":4},"end":{"line":88,"column":14}},"loc":{"start":{"line":88,"column":25},"end":{"line":93,"column":5}}},"5":{"name":"(anonymous_5)","decl":{"start":{"line":92,"column":28},"end":{"line":92,"column":29}},"loc":{"start":{"line":92,"column":56},"end":{"line":92,"column":106}}},"6":{"name":"(anonymous_6)","decl":{"start":{"line":95,"column":4},"end":{"line":95,"column":13}},"loc":{"start":{"line":95,"column":55},"end":{"line":100,"column":5}}},"7":{"name":"(anonymous_7)","decl":{"start":{"line":96,"column":28},"end":{"line":96,"column":29}},"loc":{"start":{"line":96,"column":55},"end":{"line":99,"column":9}}},"8":{"name":"(anonymous_8)","decl":{"start":{"line":103,"column":4},"end":{"line":103,"column":19}},"loc":{"start":{"line":103,"column":44},"end":{"line":108,"column":5}}},"9":{"name":"(anonymous_9)","decl":{"start":{"line":104,"column":28},"end":{"line":104,"column":29}},"loc":{"start":{"line":104,"column":55},"end":{"line":107,"column":9}}},"10":{"name":"(anonymous_10)","decl":{"start":{"line":111,"column":4},"end":{"line":111,"column":18}},"loc":{"start":{"line":111,"column":18},"end":{"line":113,"column":5}}},"11":{"name":"(anonymous_11)","decl":{"start":{"line":125,"column":4},"end":{"line":125,"column":16}},"loc":{"start":{"line":125,"column":58},"end":{"line":165,"column":5}}},"12":{"name":"stretchDomains","decl":{"start":{"line":126,"column":17},"end":{"line":126,"column":31}},"loc":{"start":{"line":126,"column":61},"end":{"line":152,"column":9}}},"13":{"name":"(anonymous_13)","decl":{"start":{"line":128,"column":34},"end":{"line":128,"column":37}},"loc":{"start":{"line":128,"column":40},"end":{"line":151,"column":13}}},"14":{"name":"(anonymous_14)","decl":{"start":{"line":133,"column":30},"end":{"line":133,"column":33}},"loc":{"start":{"line":133,"column":36},"end":{"line":150,"column":18}}},"15":{"name":"(anonymous_15)","decl":{"start":{"line":141,"column":66},"end":{"line":141,"column":67}},"loc":{"start":{"line":141,"column":79},"end":{"line":141,"column":88}}},"16":{"name":"(anonymous_16)","decl":{"start":{"line":156,"column":32},"end":{"line":156,"column":33}},"loc":{"start":{"line":156,"column":50},"end":{"line":156,"column":82}}},"17":{"name":"(anonymous_17)","decl":{"start":{"line":159,"column":32},"end":{"line":159,"column":33}},"loc":{"start":{"line":159,"column":59},"end":{"line":162,"column":13}}},"18":{"name":"(anonymous_18)","decl":{"start":{"line":173,"column":4},"end":{"line":173,"column":13}},"loc":{"start":{"line":173,"column":48},"end":{"line":186,"column":5}}}},"branchMap":{"0":{"loc":{"start":{"line":67,"column":8},"end":{"line":73,"column":null}},"type":"if","locations":[{"start":{"line":67,"column":8},"end":{"line":73,"column":null}},{"start":{"line":67,"column":8},"end":{"line":73,"column":null}}]},"1":{"loc":{"start":{"line":97,"column":12},"end":{"line":98,"column":null}},"type":"if","locations":[{"start":{"line":97,"column":12},"end":{"line":98,"column":null}},{"start":{"line":97,"column":12},"end":{"line":98,"column":null}}]},"2":{"loc":{"start":{"line":105,"column":12},"end":{"line":106,"column":null}},"type":"if","locations":[{"start":{"line":105,"column":12},"end":{"line":106,"column":null}},{"start":{"line":105,"column":12},"end":{"line":106,"column":null}}]},"3":{"loc":{"start":{"line":129,"column":16},"end":{"line":132,"column":null}},"type":"if","locations":[{"start":{"line":129,"column":16},"end":{"line":132,"column":null}},{"start":{"line":129,"column":16},"end":{"line":132,"column":null}}]},"4":{"loc":{"start":{"line":133,"column":39},"end":{"line":150,"column":18}},"type":"if","locations":[{"start":{"line":133,"column":39},"end":{"line":150,"column":18}},{"start":{"line":133,"column":39},"end":{"line":150,"column":18}}]},"5":{"loc":{"start":{"line":134,"column":20},"end":{"line":149,"column":null}},"type":"if","locations":[{"start":{"line":134,"column":20},"end":{"line":149,"column":null}},{"start":{"line":134,"column":20},"end":{"line":149,"column":null}}]},"6":{"loc":{"start":{"line":139,"column":24},"end":{"line":148,"column":null}},"type":"if","locations":[{"start":{"line":139,"column":24},"end":{"line":148,"column":null}},{"start":{"line":139,"column":24},"end":{"line":148,"column":null}}]},"7":{"loc":{"start":{"line":144,"column":28},"end":{"line":147,"column":null}},"type":"if","locations":[{"start":{"line":144,"column":28},"end":{"line":147,"column":null}},{"start":{"line":144,"column":28},"end":{"line":147,"column":null}}]},"8":{"loc":{"start":{"line":154,"column":8},"end":{"line":163,"column":null}},"type":"if","locations":[{"start":{"line":154,"column":8},"end":{"line":163,"column":null}},{"start":{"line":154,"column":8},"end":{"line":163,"column":null}}]},"9":{"loc":{"start":{"line":175,"column":8},"end":{"line":185,"column":null}},"type":"if","locations":[{"start":{"line":175,"column":8},"end":{"line":185,"column":null}},{"start":{"line":175,"column":8},"end":{"line":185,"column":null}}]}},"s":{"0":9,"1":9,"2":9,"3":9,"4":9,"5":10,"6":10,"7":54,"8":0,"9":0,"10":54,"11":54,"12":7,"13":18,"14":8,"15":8,"16":8,"17":8,"18":8,"19":8,"20":0,"21":8,"22":8,"23":8,"24":0,"25":10,"26":8,"27":8,"28":24,"29":0,"30":0,"31":24,"32":32,"33":21,"34":0,"35":0,"36":21,"37":21,"38":0,"39":21,"40":94,"41":21,"42":21,"43":21,"44":0,"45":0,"46":8,"47":8,"48":8,"49":0,"50":0,"51":0,"52":8,"53":8,"54":8,"55":8,"56":8,"57":8,"58":8,"59":8,"60":8,"61":8,"62":0,"63":9,"64":9,"65":9},"f":{"0":10,"1":54,"2":7,"3":18,"4":8,"5":8,"6":8,"7":8,"8":8,"9":8,"10":10,"11":8,"12":8,"13":24,"14":32,"15":94,"16":8,"17":0,"18":8},"b":{"0":[0,54],"1":[8,0],"2":[8,0],"3":[0,24],"4":[21,11],"5":[0,21],"6":[0,21],"7":[0,21],"8":[8,0],"9":[8,0]}}
,"/Users/sth1pal/Documents/Development/JavaScript/nodejs/ts6/dev/hsLibs/d3/hsGraphD3/src/SeriesPlot.ts": {"path":"/Users/sth1pal/Documents/Development/JavaScript/nodejs/ts6/dev/hsLibs/d3/hsGraphD3/src/SeriesPlot.ts","statementMap":{"0":{"start":{"line":14,"column":0},"end":{"line":14,"column":50}},"1":{"start":{"line":15,"column":0},"end":{"line":15,"column":50}},"2":{"start":{"line":16,"column":0},"end":{"line":16,"column":50}},"3":{"start":{"line":45,"column":8},"end":{"line":45,"column":23}},"4":{"start":{"line":46,"column":8},"end":{"line":46,"column":36}},"5":{"start":{"line":49,"column":16},"end":{"line":49,"column":38}},"6":{"start":{"line":57,"column":24},"end":{"line":61,"column":10}},"7":{"start":{"line":62,"column":8},"end":{"line":62,"column":33}},"8":{"start":{"line":63,"column":8},"end":{"line":63,"column":35}},"9":{"start":{"line":64,"column":8},"end":{"line":64,"column":34}},"10":{"start":{"line":65,"column":8},"end":{"line":65,"column":19}},"11":{"start":{"line":34,"column":0},"end":{"line":34,"column":22}}},"fnMap":{"0":{"name":"(anonymous_0)","decl":{"start":{"line":44,"column":4},"end":{"line":44,"column":16}},"loc":{"start":{"line":44,"column":47},"end":{"line":47,"column":5}}},"1":{"name":"(anonymous_1)","decl":{"start":{"line":49,"column":4},"end":{"line":49,"column":8}},"loc":{"start":{"line":49,"column":11},"end":{"line":49,"column":40}}},"2":{"name":"(anonymous_2)","decl":{"start":{"line":56,"column":4},"end":{"line":56,"column":15}},"loc":{"start":{"line":56,"column":15},"end":{"line":66,"column":5}}}},"branchMap":{},"s":{"0":9,"1":9,"2":9,"3":8,"4":8,"5":55,"6":8,"7":8,"8":8,"9":8,"10":8,"11":9},"f":{"0":8,"1":55,"2":8},"b":{}}
,"/Users/sth1pal/Documents/Development/JavaScript/nodejs/ts6/dev/hsLibs/d3/hsGraphD3/src/Settings.ts": {"path":"/Users/sth1pal/Documents/Development/JavaScript/nodejs/ts6/dev/hsLibs/d3/hsGraphD3/src/Settings.ts","statementMap":{"0":{"start":{"line":39,"column":0},"end":{"line":39,"column":46}},"1":{"start":{"line":39,"column":59},"end":{"line":39,"column":75}},"2":{"start":{"line":97,"column":0},"end":{"line":97,"column":null}},"3":{"start":{"line":98,"column":4},"end":{"line":98,"column":12}},"4":{"start":{"line":98,"column":12},"end":{"line":98,"column":21}},"5":{"start":{"line":98,"column":21},"end":{"line":98,"column":29}},"6":{"start":{"line":98,"column":29},"end":{"line":98,"column":39}},"7":{"start":{"line":98,"column":39},"end":{"line":98,"column":null}},"8":{"start":{"line":112,"column":13},"end":{"line":119,"column":2}},"9":{"start":{"line":113,"column":4},"end":{"line":118,"column":6}},"10":{"start":{"line":121,"column":13},"end":{"line":125,"column":2}},"11":{"start":{"line":122,"column":20},"end":{"line":122,"column":47}},"12":{"start":{"line":123,"column":4},"end":{"line":123,"column":24}},"13":{"start":{"line":124,"column":4},"end":{"line":124,"column":15}},"14":{"start":{"line":127,"column":13},"end":{"line":132,"column":2}},"15":{"start":{"line":128,"column":4},"end":{"line":131,"column":6}},"16":{"start":{"line":140,"column":13},"end":{"line":147,"column":2}},"17":{"start":{"line":141,"column":4},"end":{"line":146,"column":6}},"18":{"start":{"line":149,"column":13},"end":{"line":160,"column":2}},"19":{"start":{"line":150,"column":4},"end":{"line":159,"column":6}},"20":{"start":{"line":162,"column":13},"end":{"line":172,"column":2}},"21":{"start":{"line":163,"column":4},"end":{"line":171,"column":6}},"22":{"start":{"line":177,"column":4},"end":{"line":181,"column":31}},"23":{"start":{"line":176,"column":0},"end":{"line":176,"column":16}},"24":{"start":{"line":185,"column":4},"end":{"line":187,"column":44}},"25":{"start":{"line":184,"column":0},"end":{"line":184,"column":16}},"26":{"start":{"line":191,"column":4},"end":{"line":192,"column":33}},"27":{"start":{"line":193,"column":4},"end":{"line":193,"column":36}},"28":{"start":{"line":194,"column":4},"end":{"line":194,"column":32}},"29":{"start":{"line":195,"column":4},"end":{"line":195,"column":15}},"30":{"start":{"line":190,"column":0},"end":{"line":190,"column":16}},"31":{"start":{"line":199,"column":4},"end":{"line":204,"column":51}},"32":{"start":{"line":198,"column":0},"end":{"line":198,"column":16}}},"fnMap":{"0":{"name":"(anonymous_0)","decl":{"start":{"line":97,"column":0},"end":{"line":97,"column":12}},"loc":{"start":{"line":97,"column":23},"end":{"line":99,"column":1}}},"1":{"name":"(anonymous_1)","decl":{"start":{"line":112,"column":29},"end":{"line":112,"column":30}},"loc":{"start":{"line":112,"column":81},"end":{"line":119,"column":1}}},"2":{"name":"(anonymous_2)","decl":{"start":{"line":121,"column":27},"end":{"line":121,"column":28}},"loc":{"start":{"line":121,"column":77},"end":{"line":125,"column":1}}},"3":{"name":"(anonymous_3)","decl":{"start":{"line":127,"column":27},"end":{"line":127,"column":28}},"loc":{"start":{"line":127,"column":76},"end":{"line":132,"column":1}}},"4":{"name":"(anonymous_4)","decl":{"start":{"line":140,"column":27},"end":{"line":140,"column":28}},"loc":{"start":{"line":140,"column":112},"end":{"line":147,"column":1}}},"5":{"name":"(anonymous_5)","decl":{"start":{"line":149,"column":27},"end":{"line":149,"column":28}},"loc":{"start":{"line":149,"column":49},"end":{"line":160,"column":1}}},"6":{"name":"(anonymous_6)","decl":{"start":{"line":162,"column":29},"end":{"line":162,"column":30}},"loc":{"start":{"line":162,"column":101},"end":{"line":172,"column":1}}},"7":{"name":"setStroke","decl":{"start":{"line":176,"column":16},"end":{"line":176,"column":25}},"loc":{"start":{"line":176,"column":53},"end":{"line":182,"column":1}}},"8":{"name":"setFill","decl":{"start":{"line":184,"column":16},"end":{"line":184,"column":23}},"loc":{"start":{"line":184,"column":49},"end":{"line":188,"column":1}}},"9":{"name":"setRect","decl":{"start":{"line":190,"column":16},"end":{"line":190,"column":23}},"loc":{"start":{"line":190,"column":54},"end":{"line":196,"column":1}}},"10":{"name":"setText","decl":{"start":{"line":198,"column":16},"end":{"line":198,"column":23}},"loc":{"start":{"line":198,"column":70},"end":{"line":205,"column":1}}}},"branchMap":{"0":{"loc":{"start":{"line":97,"column":12},"end":{"line":97,"column":23}},"type":"binary-expr","locations":[{"start":{"line":97,"column":12},"end":{"line":97,"column":23}},{"start":{"line":97,"column":12},"end":{"line":97,"column":null}}]},"1":{"loc":{"start":{"line":112,"column":56},"end":{"line":112,"column":70}},"type":"default-arg","locations":[{"start":{"line":112,"column":56},"end":{"line":112,"column":70}}]},"2":{"loc":{"start":{"line":121,"column":54},"end":{"line":121,"column":68}},"type":"default-arg","locations":[{"start":{"line":121,"column":54},"end":{"line":121,"column":68}}]},"3":{"loc":{"start":{"line":127,"column":45},"end":{"line":127,"column":59}},"type":"default-arg","locations":[{"start":{"line":127,"column":45},"end":{"line":127,"column":59}}]},"4":{"loc":{"start":{"line":127,"column":69},"end":{"line":127,"column":72}},"type":"default-arg","locations":[{"start":{"line":127,"column":69},"end":{"line":127,"column":72}}]},"5":{"loc":{"start":{"line":140,"column":63},"end":{"line":140,"column":64}},"type":"default-arg","locations":[{"start":{"line":140,"column":63},"end":{"line":140,"column":64}}]},"6":{"loc":{"start":{"line":140,"column":84},"end":{"line":140,"column":98}},"type":"default-arg","locations":[{"start":{"line":140,"column":84},"end":{"line":140,"column":98}}]},"7":{"loc":{"start":{"line":149,"column":33},"end":{"line":149,"column":35}},"type":"default-arg","locations":[{"start":{"line":149,"column":33},"end":{"line":149,"column":35}}]},"8":{"loc":{"start":{"line":162,"column":36},"end":{"line":162,"column":50}},"type":"default-arg","locations":[{"start":{"line":162,"column":36},"end":{"line":162,"column":50}}]},"9":{"loc":{"start":{"line":162,"column":58},"end":{"line":162,"column":76}},"type":"default-arg","locations":[{"start":{"line":162,"column":58},"end":{"line":162,"column":76}}]},"10":{"loc":{"start":{"line":162,"column":83},"end":{"line":162,"column":85}},"type":"default-arg","locations":[{"start":{"line":162,"column":83},"end":{"line":162,"column":85}}]}},"s":{"0":9,"1":9,"2":9,"3":9,"4":9,"5":9,"6":9,"7":9,"8":9,"9":126,"10":9,"11":80,"12":80,"13":80,"14":9,"15":18,"16":9,"17":10,"18":9,"19":20,"20":9,"21":8,"22":86,"23":9,"24":24,"25":9,"26":8,"27":8,"28":8,"29":8,"30":9,"31":16,"32":9},"f":{"0":9,"1":126,"2":80,"3":18,"4":10,"5":20,"6":8,"7":86,"8":24,"9":8,"10":16},"b":{"0":[9,9],"1":[36],"2":[40],"3":[8],"4":[8],"5":[0],"6":[0],"7":[20],"8":[8],"9":[8],"10":[8]}}
,"/Users/sth1pal/Documents/Development/JavaScript/nodejs/ts6/dev/hsLibs/d3/hsGraphD3/src/index.ts": {"path":"/Users/sth1pal/Documents/Development/JavaScript/nodejs/ts6/dev/hsLibs/d3/hsGraphD3/src/index.ts","statementMap":{"0":{"start":{"line":1,"column":0},"end":{"line":1,"column":9}},"1":{"start":{"line":1,"column":9},"end":{"line":1,"column":52}},"2":{"start":{"line":2,"column":0},"end":{"line":2,"column":9}},"3":{"start":{"line":2,"column":9},"end":{"line":2,"column":51}}},"fnMap":{},"branchMap":{},"s":{"0":8,"1":8,"2":8,"3":8},"f":{},"b":{}}
,"/Users/sth1pal/Documents/Development/JavaScript/nodejs/ts6/dev/hsLibs/d3/hsGraphD3/src/plots/Area.ts": {"path":"/Users/sth1pal/Documents/Development/JavaScript/nodejs/ts6/dev/hsLibs/d3/hsGraphD3/src/plots/Area.ts","statementMap":{"0":{"start":{"line":61,"column":0},"end":{"line":61,"column":46}},"1":{"start":{"line":61,"column":61},"end":{"line":61,"column":73}},"2":{"start":{"line":62,"column":0},"end":{"line":62,"column":60}},"3":{"start":{"line":66,"column":0},"end":{"line":66,"column":49}},"4":{"start":{"line":68,"column":0},"end":{"line":68,"column":111}},"5":{"start":{"line":68,"column":83},"end":{"line":68,"column":109}},"6":{"start":{"line":72,"column":20},"end":{"line":72,"column":39}},"7":{"start":{"line":73,"column":8},"end":{"line":73,"column":33}},"8":{"start":{"line":74,"column":8},"end":{"line":74,"column":36}},"9":{"start":{"line":75,"column":8},"end":{"line":75,"column":34}},"10":{"start":{"line":76,"column":8},"end":{"line":76,"column":19}},"11":{"start":{"line":70,"column":0},"end":{"line":70,"column":13}}},"fnMap":{"0":{"name":"(anonymous_0)","decl":{"start":{"line":68,"column":24},"end":{"line":68,"column":25}},"loc":{"start":{"line":68,"column":83},"end":{"line":68,"column":109}}},"1":{"name":"(anonymous_1)","decl":{"start":{"line":71,"column":4},"end":{"line":71,"column":15}},"loc":{"start":{"line":71,"column":15},"end":{"line":77,"column":5}}}},"branchMap":{},"s":{"0":9,"1":9,"2":9,"3":9,"4":9,"5":1,"6":1,"7":1,"8":1,"9":1,"10":1,"11":9},"f":{"0":1,"1":1},"b":{}}
,"/Users/sth1pal/Documents/Development/JavaScript/nodejs/ts6/dev/hsLibs/d3/hsGraphD3/src/plots/Band.ts": {"path":"/Users/sth1pal/Documents/Development/JavaScript/nodejs/ts6/dev/hsLibs/d3/hsGraphD3/src/plots/Band.ts","statementMap":{"0":{"start":{"line":60,"column":0},"end":{"line":60,"column":46}},"1":{"start":{"line":60,"column":61},"end":{"line":60,"column":73}},"2":{"start":{"line":61,"column":0},"end":{"line":61,"column":60}},"3":{"start":{"line":65,"column":0},"end":{"line":65,"column":49}},"4":{"start":{"line":67,"column":0},"end":{"line":67,"column":111}},"5":{"start":{"line":67,"column":83},"end":{"line":67,"column":109}},"6":{"start":{"line":71,"column":20},"end":{"line":71,"column":39}},"7":{"start":{"line":72,"column":8},"end":{"line":72,"column":33}},"8":{"start":{"line":73,"column":8},"end":{"line":73,"column":36}},"9":{"start":{"line":74,"column":8},"end":{"line":74,"column":34}},"10":{"start":{"line":75,"column":8},"end":{"line":75,"column":19}},"11":{"start":{"line":69,"column":0},"end":{"line":69,"column":13}}},"fnMap":{"0":{"name":"(anonymous_0)","decl":{"start":{"line":67,"column":24},"end":{"line":67,"column":25}},"loc":{"start":{"line":67,"column":83},"end":{"line":67,"column":109}}},"1":{"name":"(anonymous_1)","decl":{"start":{"line":70,"column":4},"end":{"line":70,"column":15}},"loc":{"start":{"line":70,"column":15},"end":{"line":76,"column":5}}}},"branchMap":{},"s":{"0":9,"1":9,"2":9,"3":9,"4":9,"5":1,"6":1,"7":1,"8":1,"9":1,"10":1,"11":9},"f":{"0":1,"1":1},"b":{}}
,"/Users/sth1pal/Documents/Development/JavaScript/nodejs/ts6/dev/hsLibs/d3/hsGraphD3/src/plots/Bubble.ts": {"path":"/Users/sth1pal/Documents/Development/JavaScript/nodejs/ts6/dev/hsLibs/d3/hsGraphD3/src/plots/Bubble.ts","statementMap":{"0":{"start":{"line":62,"column":0},"end":{"line":62,"column":46}},"1":{"start":{"line":62,"column":61},"end":{"line":62,"column":75}},"2":{"start":{"line":64,"column":0},"end":{"line":64,"column":60}},"3":{"start":{"line":68,"column":0},"end":{"line":68,"column":49}},"4":{"start":{"line":70,"column":0},"end":{"line":70,"column":115}},"5":{"start":{"line":70,"column":85},"end":{"line":70,"column":113}},"6":{"start":{"line":74,"column":20},"end":{"line":74,"column":39}},"7":{"start":{"line":75,"column":8},"end":{"line":75,"column":34}},"8":{"start":{"line":76,"column":8},"end":{"line":76,"column":35}},"9":{"start":{"line":77,"column":8},"end":{"line":77,"column":34}},"10":{"start":{"line":78,"column":8},"end":{"line":78,"column":19}},"11":{"start":{"line":72,"column":0},"end":{"line":72,"column":13}}},"fnMap":{"0":{"name":"(anonymous_0)","decl":{"start":{"line":70,"column":26},"end":{"line":70,"column":27}},"loc":{"start":{"line":70,"column":85},"end":{"line":70,"column":113}}},"1":{"name":"(anonymous_1)","decl":{"start":{"line":73,"column":4},"end":{"line":73,"column":15}},"loc":{"start":{"line":73,"column":15},"end":{"line":79,"column":5}}}},"branchMap":{},"s":{"0":9,"1":9,"2":9,"3":9,"4":9,"5":1,"6":1,"7":1,"8":1,"9":1,"10":1,"11":9},"f":{"0":1,"1":1},"b":{}}
,"/Users/sth1pal/Documents/Development/JavaScript/nodejs/ts6/dev/hsLibs/d3/hsGraphD3/src/plots/Line.ts": {"path":"/Users/sth1pal/Documents/Development/JavaScript/nodejs/ts6/dev/hsLibs/d3/hsGraphD3/src/plots/Line.ts","statementMap":{"0":{"start":{"line":58,"column":0},"end":{"line":58,"column":46}},"1":{"start":{"line":58,"column":61},"end":{"line":58,"column":73}},"2":{"start":{"line":59,"column":0},"end":{"line":59,"column":60}},"3":{"start":{"line":63,"column":0},"end":{"line":63,"column":49}},"4":{"start":{"line":65,"column":0},"end":{"line":65,"column":112}},"5":{"start":{"line":65,"column":84},"end":{"line":65,"column":110}},"6":{"start":{"line":69,"column":20},"end":{"line":69,"column":39}},"7":{"start":{"line":70,"column":8},"end":{"line":70,"column":19}},"8":{"start":{"line":67,"column":0},"end":{"line":67,"column":13}}},"fnMap":{"0":{"name":"(anonymous_0)","decl":{"start":{"line":65,"column":24},"end":{"line":65,"column":25}},"loc":{"start":{"line":65,"column":84},"end":{"line":65,"column":110}}},"1":{"name":"(anonymous_1)","decl":{"start":{"line":68,"column":4},"end":{"line":68,"column":15}},"loc":{"start":{"line":68,"column":15},"end":{"line":71,"column":5}}}},"branchMap":{},"s":{"0":9,"1":9,"2":9,"3":9,"4":9,"5":3,"6":3,"7":3,"8":9},"f":{"0":3,"1":3},"b":{}}
,"/Users/sth1pal/Documents/Development/JavaScript/nodejs/ts6/dev/hsLibs/d3/hsGraphD3/src/plots/TimeSeries.ts": {"path":"/Users/sth1pal/Documents/Development/JavaScript/nodejs/ts6/dev/hsLibs/d3/hsGraphD3/src/plots/TimeSeries.ts","statementMap":{"0":{"start":{"line":45,"column":0},"end":{"line":45,"column":46}},"1":{"start":{"line":45,"column":61},"end":{"line":45,"column":79}},"2":{"start":{"line":49,"column":0},"end":{"line":49,"column":49}},"3":{"start":{"line":50,"column":0},"end":{"line":50,"column":60}},"4":{"start":{"line":56,"column":0},"end":{"line":56,"column":125}},"5":{"start":{"line":56,"column":91},"end":{"line":56,"column":123}},"6":{"start":{"line":65,"column":8},"end":{"line":65,"column":37}},"7":{"start":{"line":66,"column":24},"end":{"line":66,"column":71}},"8":{"start":{"line":70,"column":20},"end":{"line":70,"column":39}},"9":{"start":{"line":71,"column":8},"end":{"line":71,"column":33}},"10":{"start":{"line":72,"column":8},"end":{"line":72,"column":19}},"11":{"start":{"line":76,"column":8},"end":{"line":76,"column":37}},"12":{"start":{"line":80,"column":8},"end":{"line":80,"column":39}},"13":{"start":{"line":81,"column":8},"end":{"line":81,"column":null}},"14":{"start":{"line":81,"column":46},"end":{"line":81,"column":118}},"15":{"start":{"line":82,"column":18},"end":{"line":82,"column":60}},"16":{"start":{"line":83,"column":8},"end":{"line":88,"column":null}},"17":{"start":{"line":84,"column":34},"end":{"line":84,"column":75}},"18":{"start":{"line":85,"column":27},"end":{"line":85,"column":55}},"19":{"start":{"line":86,"column":12},"end":{"line":86,"column":null}},"20":{"start":{"line":86,"column":49},"end":{"line":86,"column":68}},"21":{"start":{"line":87,"column":12},"end":{"line":87,"column":47}},"22":{"start":{"line":92,"column":8},"end":{"line":92,"column":null}},"23":{"start":{"line":92,"column":34},"end":{"line":92,"column":74}},"24":{"start":{"line":93,"column":46},"end":{"line":93,"column":88}},"25":{"start":{"line":94,"column":8},"end":{"line":94,"column":null}},"26":{"start":{"line":94,"column":46},"end":{"line":94,"column":124}},"27":{"start":{"line":95,"column":18},"end":{"line":95,"column":60}},"28":{"start":{"line":96,"column":8},"end":{"line":106,"column":null}},"29":{"start":{"line":97,"column":26},"end":{"line":97,"column":59}},"30":{"start":{"line":98,"column":32},"end":{"line":98,"column":101}},"31":{"start":{"line":98,"column":96},"end":{"line":98,"column":100}},"32":{"start":{"line":99,"column":12},"end":{"line":99,"column":36}},"33":{"start":{"line":100,"column":12},"end":{"line":105,"column":51}},"34":{"start":{"line":110,"column":8},"end":{"line":110,"column":49}},"35":{"start":{"line":114,"column":8},"end":{"line":117,"column":47}},"36":{"start":{"line":121,"column":8},"end":{"line":124,"column":47}},"37":{"start":{"line":58,"column":0},"end":{"line":58,"column":13}}},"fnMap":{"0":{"name":"(anonymous_0)","decl":{"start":{"line":56,"column":32},"end":{"line":56,"column":33}},"loc":{"start":{"line":56,"column":91},"end":{"line":56,"column":123}}},"1":{"name":"(anonymous_1)","decl":{"start":{"line":64,"column":4},"end":{"line":64,"column":16}},"loc":{"start":{"line":64,"column":74},"end":{"line":67,"column":5}}},"2":{"name":"(anonymous_2)","decl":{"start":{"line":69,"column":4},"end":{"line":69,"column":15}},"loc":{"start":{"line":69,"column":15},"end":{"line":73,"column":5}}},"3":{"name":"(anonymous_3)","decl":{"start":{"line":75,"column":4},"end":{"line":75,"column":14}},"loc":{"start":{"line":75,"column":40},"end":{"line":77,"column":5}}},"4":{"name":"(anonymous_4)","decl":{"start":{"line":79,"column":4},"end":{"line":79,"column":13}},"loc":{"start":{"line":79,"column":50},"end":{"line":89,"column":5}}},"5":{"name":"(anonymous_5)","decl":{"start":{"line":91,"column":4},"end":{"line":91,"column":19}},"loc":{"start":{"line":91,"column":51},"end":{"line":107,"column":5}}},"6":{"name":"(anonymous_6)","decl":{"start":{"line":98,"column":91},"end":{"line":98,"column":92}},"loc":{"start":{"line":98,"column":96},"end":{"line":98,"column":100}}},"7":{"name":"(anonymous_7)","decl":{"start":{"line":109,"column":4},"end":{"line":109,"column":18}},"loc":{"start":{"line":109,"column":41},"end":{"line":111,"column":5}}},"8":{"name":"(anonymous_8)","decl":{"start":{"line":113,"column":4},"end":{"line":113,"column":16}},"loc":{"start":{"line":113,"column":48},"end":{"line":118,"column":5}}},"9":{"name":"(anonymous_9)","decl":{"start":{"line":120,"column":4},"end":{"line":120,"column":16}},"loc":{"start":{"line":120,"column":48},"end":{"line":125,"column":5}}}},"branchMap":{"0":{"loc":{"start":{"line":81,"column":8},"end":{"line":81,"column":null}},"type":"if","locations":[{"start":{"line":81,"column":8},"end":{"line":81,"column":null}},{"start":{"line":81,"column":8},"end":{"line":81,"column":null}}]},"1":{"loc":{"start":{"line":83,"column":8},"end":{"line":88,"column":null}},"type":"if","locations":[{"start":{"line":83,"column":8},"end":{"line":88,"column":null}},{"start":{"line":83,"column":8},"end":{"line":88,"column":null}}]},"2":{"loc":{"start":{"line":86,"column":12},"end":{"line":86,"column":null}},"type":"if","locations":[{"start":{"line":86,"column":12},"end":{"line":86,"column":null}},{"start":{"line":86,"column":12},"end":{"line":86,"column":null}}]},"3":{"loc":{"start":{"line":92,"column":8},"end":{"line":92,"column":null}},"type":"if","locations":[{"start":{"line":92,"column":8},"end":{"line":92,"column":null}},{"start":{"line":92,"column":8},"end":{"line":92,"column":null}}]},"4":{"loc":{"start":{"line":94,"column":8},"end":{"line":94,"column":null}},"type":"if","locations":[{"start":{"line":94,"column":8},"end":{"line":94,"column":null}},{"start":{"line":94,"column":8},"end":{"line":94,"column":null}}]},"5":{"loc":{"start":{"line":96,"column":8},"end":{"line":106,"column":null}},"type":"if","locations":[{"start":{"line":96,"column":8},"end":{"line":106,"column":null}},{"start":{"line":96,"column":8},"end":{"line":106,"column":null}}]}},"s":{"0":9,"1":9,"2":9,"3":9,"4":9,"5":1,"6":1,"7":1,"8":1,"9":1,"10":1,"11":1,"12":1,"13":1,"14":0,"15":1,"16":1,"17":1,"18":1,"19":1,"20":1,"21":1,"22":1,"23":0,"24":1,"25":1,"26":0,"27":1,"28":1,"29":1,"30":1,"31":4,"32":1,"33":1,"34":2,"35":1,"36":1,"37":9},"f":{"0":1,"1":1,"2":1,"3":1,"4":1,"5":1,"6":4,"7":2,"8":1,"9":1},"b":{"0":[0,1],"1":[1,0],"2":[1,0],"3":[0,1],"4":[0,1],"5":[1,0]}}
,"/Users/sth1pal/Documents/Development/JavaScript/nodejs/ts6/dev/hsLibs/d3/hsGraphD3/src/plots/Voronoi.ts": {"path":"/Users/sth1pal/Documents/Development/JavaScript/nodejs/ts6/dev/hsLibs/d3/hsGraphD3/src/plots/Voronoi.ts","statementMap":{"0":{"start":{"line":118,"column":0},"end":{"line":118,"column":46}},"1":{"start":{"line":118,"column":61},"end":{"line":118,"column":76}},"2":{"start":{"line":119,"column":0},"end":{"line":119,"column":51}},"3":{"start":{"line":121,"column":0},"end":{"line":121,"column":60}},"4":{"start":{"line":128,"column":0},"end":{"line":128,"column":49}},"5":{"start":{"line":130,"column":0},"end":{"line":130,"column":117}},"6":{"start":{"line":130,"column":86},"end":{"line":130,"column":115}},"7":{"start":{"line":136,"column":23},"end":{"line":136,"column":38}},"8":{"start":{"line":137,"column":8},"end":{"line":137,"column":null}},"9":{"start":{"line":137,"column":46},"end":{"line":137,"column":121}},"10":{"start":{"line":138,"column":8},"end":{"line":138,"column":null}},"11":{"start":{"line":138,"column":46},"end":{"line":138,"column":121}},"12":{"start":{"line":139,"column":18},"end":{"line":139,"column":60}},"13":{"start":{"line":140,"column":18},"end":{"line":140,"column":60}},"14":{"start":{"line":141,"column":34},"end":{"line":141,"column":65}},"15":{"start":{"line":142,"column":8},"end":{"line":146,"column":76}},"16":{"start":{"line":143,"column":17},"end":{"line":143,"column":41}},"17":{"start":{"line":144,"column":17},"end":{"line":144,"column":41}},"18":{"start":{"line":147,"column":8},"end":{"line":147,"column":36}},"19":{"start":{"line":151,"column":46},"end":{"line":151,"column":86}},"20":{"start":{"line":152,"column":8},"end":{"line":156,"column":null}},"21":{"start":{"line":153,"column":25},"end":{"line":155,"column":49}},"22":{"start":{"line":165,"column":19},"end":{"line":165,"column":20}},"23":{"start":{"line":166,"column":19},"end":{"line":166,"column":23}},"24":{"start":{"line":167,"column":8},"end":{"line":173,"column":11}},"25":{"start":{"line":168,"column":22},"end":{"line":168,"column":83}},"26":{"start":{"line":169,"column":12},"end":{"line":172,"column":null}},"27":{"start":{"line":170,"column":16},"end":{"line":170,"column":25}},"28":{"start":{"line":171,"column":16},"end":{"line":171,"column":25}},"29":{"start":{"line":174,"column":8},"end":{"line":174,"column":20}},"30":{"start":{"line":184,"column":20},"end":{"line":188,"column":18}},"31":{"start":{"line":185,"column":12},"end":{"line":185,"column":27}},"32":{"start":{"line":186,"column":12},"end":{"line":186,"column":27}},"33":{"start":{"line":187,"column":12},"end":{"line":187,"column":23}},"34":{"start":{"line":190,"column":8},"end":{"line":190,"column":86}},"35":{"start":{"line":132,"column":0},"end":{"line":132,"column":13}}},"fnMap":{"0":{"name":"(anonymous_0)","decl":{"start":{"line":130,"column":27},"end":{"line":130,"column":28}},"loc":{"start":{"line":130,"column":86},"end":{"line":130,"column":115}}},"1":{"name":"(anonymous_1)","decl":{"start":{"line":135,"column":4},"end":{"line":135,"column":19}},"loc":{"start":{"line":135,"column":39},"end":{"line":148,"column":5}}},"2":{"name":"(anonymous_2)","decl":{"start":{"line":143,"column":12},"end":{"line":143,"column":13}},"loc":{"start":{"line":143,"column":17},"end":{"line":143,"column":41}}},"3":{"name":"(anonymous_3)","decl":{"start":{"line":144,"column":12},"end":{"line":144,"column":13}},"loc":{"start":{"line":144,"column":17},"end":{"line":144,"column":41}}},"4":{"name":"(anonymous_4)","decl":{"start":{"line":150,"column":4},"end":{"line":150,"column":16}},"loc":{"start":{"line":150,"column":48},"end":{"line":157,"column":5}}},"5":{"name":"(anonymous_5)","decl":{"start":{"line":164,"column":4},"end":{"line":164,"column":10}},"loc":{"start":{"line":164,"column":54},"end":{"line":175,"column":5}}},"6":{"name":"(anonymous_6)","decl":{"start":{"line":167,"column":24},"end":{"line":167,"column":25}},"loc":{"start":{"line":167,"column":33},"end":{"line":173,"column":9}}},"7":{"name":"(anonymous_7)","decl":{"start":{"line":183,"column":4},"end":{"line":183,"column":10}},"loc":{"start":{"line":183,"column":38},"end":{"line":191,"column":5}}},"8":{"name":"(anonymous_8)","decl":{"start":{"line":184,"column":35},"end":{"line":184,"column":36}},"loc":{"start":{"line":184,"column":46},"end":{"line":188,"column":9}}}},"branchMap":{"0":{"loc":{"start":{"line":137,"column":8},"end":{"line":137,"column":null}},"type":"if","locations":[{"start":{"line":137,"column":8},"end":{"line":137,"column":null}},{"start":{"line":137,"column":8},"end":{"line":137,"column":null}}]},"1":{"loc":{"start":{"line":138,"column":8},"end":{"line":138,"column":null}},"type":"if","locations":[{"start":{"line":138,"column":8},"end":{"line":138,"column":null}},{"start":{"line":138,"column":8},"end":{"line":138,"column":null}}]},"2":{"loc":{"start":{"line":152,"column":8},"end":{"line":156,"column":null}},"type":"if","locations":[{"start":{"line":152,"column":8},"end":{"line":156,"column":null}},{"start":{"line":152,"column":8},"end":{"line":156,"column":null}}]},"3":{"loc":{"start":{"line":169,"column":12},"end":{"line":172,"column":null}},"type":"if","locations":[{"start":{"line":169,"column":12},"end":{"line":172,"column":null}},{"start":{"line":169,"column":12},"end":{"line":172,"column":null}}]},"4":{"loc":{"start":{"line":190,"column":31},"end":{"line":190,"column":77}},"type":"cond-expr","locations":[{"start":{"line":190,"column":31},"end":{"line":190,"column":77}},{"start":{"line":190,"column":80},"end":{"line":190,"column":85}}]}},"s":{"0":9,"1":9,"2":9,"3":9,"4":9,"5":9,"6":1,"7":1,"8":1,"9":0,"10":1,"11":0,"12":1,"13":1,"14":1,"15":1,"16":4,"17":4,"18":1,"19":1,"20":1,"21":1,"22":0,"23":0,"24":0,"25":0,"26":0,"27":0,"28":0,"29":0,"30":0,"31":0,"32":0,"33":0,"34":0,"35":9},"f":{"0":1,"1":1,"2":4,"3":4,"4":1,"5":0,"6":0,"7":0,"8":0},"b":{"0":[0,1],"1":[0,1],"2":[1,0],"3":[0,0],"4":[0,0]}}
}
