TN:
SF:/Users/sth1pal/Documents/Development/JavaScript/nodejs/ts6/dev/hsLibs/d3/hsGraphD3/src/Axis.ts
FN:17,(anonymous_0)
FN:26,(anonymous_1)
FN:32,(anonymous_2)
FNF:3
FNH:2
FNDA:1,(anonymous_0)
FNDA:2,(anonymous_1)
FNDA:0,(anonymous_2)
DA:8,1
DA:9,1
DA:12,1
DA:14,1
DA:15,1
DA:17,1
DA:18,1
DA:19,1
DA:22,1
DA:27,2
DA:28,2
DA:29,2
DA:33,0
DA:34,0
DA:36,0
DA:41,0
DA:42,0
DA:43,0
DA:44,0
DA:46,0
DA:47,0
DA:48,0
DA:50,0
DA:51,0
DA:52,0
LF:25
LH:12
BRDA:17,0,0,1
BRDA:17,0,1,1
BRDA:41,1,0,0
BRDA:41,1,1,0
BRF:4
BRH:2
end_of_record
TN:
SF:/Users/sth1pal/Documents/Development/JavaScript/nodejs/ts6/dev/hsLibs/d3/hsGraphD3/src/Defaults.ts
FN:29,(anonymous_0)
FN:57,(anonymous_1)
FN:66,defaultLine
FN:80,defaultRect
FN:96,defaultText
FNF:5
FNH:4
FNDA:4,(anonymous_0)
FNDA:0,(anonymous_1)
FNDA:16,defaultLine
FNDA:8,defaultRect
FNDA:8,defaultText
DA:24,1
DA:31,4
DA:35,4
DA:40,4
DA:42,4
DA:55,4
DA:58,0
DA:66,1
DA:67,16
DA:81,8
DA:97,8
LF:11
LH:10
BRDA:66,0,0,16
BRDA:80,1,0,4
BRDA:80,2,0,4
BRF:3
BRH:3
end_of_record
TN:
SF:/Users/sth1pal/Documents/Development/JavaScript/nodejs/ts6/dev/hsLibs/d3/hsGraphD3/src/Graph.ts
FN:70,createBaseSVG
FN:98,updateBaseSVG
FN:108,(anonymous_2)
FN:117,(anonymous_3)
FN:120,(anonymous_4)
FN:124,(anonymous_5)
FN:141,(anonymous_6)
FN:148,(anonymous_7)
FN:156,(anonymous_8)
FN:165,(anonymous_9)
FN:185,(anonymous_10)
FN:187,expandDomain
FNF:12
FNH:3
FNDA:1,createBaseSVG
FNDA:1,updateBaseSVG
FNDA:1,(anonymous_2)
FNDA:0,(anonymous_3)
FNDA:0,(anonymous_4)
FNDA:0,(anonymous_5)
FNDA:0,(anonymous_6)
FNDA:0,(anonymous_7)
FNDA:0,(anonymous_8)
FNDA:0,(anonymous_9)
FNDA:0,(anonymous_10)
FNDA:0,expandDomain
DA:48,1
DA:49,1
DA:51,1
DA:57,1
DA:58,1
DA:59,1
DA:61,1
DA:63,1
DA:71,1
DA:72,1
DA:73,1
DA:74,1
DA:80,1
DA:81,1
DA:85,1
DA:86,1
DA:87,1
DA:91,1
DA:99,1
DA:103,1
DA:105,1
DA:106,1
DA:109,1
DA:110,1
DA:111,1
DA:112,1
DA:113,1
DA:114,1
DA:115,1
DA:116,1
DA:117,1
DA:121,0
DA:125,0
DA:126,0
DA:127,0
DA:128,0
DA:129,0
DA:130,0
DA:131,0
DA:132,0
DA:143,0
DA:144,0
DA:145,0
DA:146,0
DA:147,0
DA:148,0
DA:157,0
DA:158,0
DA:166,0
DA:167,0
DA:174,0
DA:188,0
DA:189,0
DA:190,0
DA:191,0
DA:192,0
DA:194,0
DA:195,0
DA:196,0
DA:199,0
LF:60
LH:31
BRDA:126,0,0,0
BRDA:126,0,1,0
BRDA:127,1,0,0
BRDA:127,1,1,0
BRDA:127,2,0,0
BRDA:127,2,1,0
BRDA:143,3,0,0
BRDA:143,3,1,0
BRDA:188,4,0,0
BRDA:188,4,1,0
BRF:10
BRH:0
end_of_record
TN:
SF:/Users/sth1pal/Documents/Development/JavaScript/nodejs/ts6/dev/hsLibs/d3/hsGraphD3/src/GraphComponent.ts
FN:17,(anonymous_0)
FNF:1
FNH:1
FNDA:4,(anonymous_0)
DA:7,1
DA:8,1
DA:13,1
DA:15,1
DA:18,4
DA:35,4
LF:6
LH:6
BRDA:18,0,0,4
BRDA:18,0,1,1
BRF:2
BRH:2
end_of_record
TN:
SF:/Users/sth1pal/Documents/Development/JavaScript/nodejs/ts6/dev/hsLibs/d3/hsGraphD3/src/Plot.ts
FN:20,(anonymous_0)
FN:26,(anonymous_1)
FN:48,(anonymous_2)
FN:39,(anonymous_3)
FN:63,(anonymous_4)
FN:83,(anonymous_5)
FN:86,(anonymous_6)
FNF:7
FNH:1
FNDA:0,(anonymous_0)
FNDA:0,(anonymous_1)
FNDA:1,(anonymous_2)
FNDA:0,(anonymous_3)
FNDA:0,(anonymous_4)
FNDA:0,(anonymous_5)
FNDA:0,(anonymous_6)
DA:9,1
DA:12,1
DA:17,1
DA:19,1
DA:21,0
DA:22,0
DA:23,0
DA:24,0
DA:29,1
DA:33,1
DA:36,1
DA:40,0
DA:41,0
DA:46,1
DA:49,1
DA:50,1
DA:54,1
DA:55,1
DA:64,0
DA:67,0
DA:68,0
DA:69,0
DA:70,0
DA:71,0
DA:72,0
DA:73,0
DA:75,0
DA:85,0
DA:86,0
DA:87,0
LF:30
LH:12
BRDA:23,0,0,0
BRDA:23,0,1,0
BRDA:24,1,0,0
BRDA:24,1,1,0
BRDA:67,2,0,0
BRDA:67,2,1,0
BRF:6
BRH:0
end_of_record
