TN:
SF:/Users/sth1pal/Documents/Development/JavaScript/nodejs/ts6/dev/hsLibs/d3/hsGraphD3/src/Axis.ts
FN:19,(anonymous_0)
FN:44,(anonymous_1)
FN:50,(anonymous_2)
FN:52,(anonymous_3)
FN:60,(anonymous_4)
FN:63,(anonymous_5)
FN:66,(anonymous_6)
FN:67,(anonymous_7)
FN:77,(anonymous_8)
FN:84,(anonymous_9)
FN:94,(anonymous_10)
FNF:11
FNH:11
FNDA:4,(anonymous_0)
FNDA:4,(anonymous_1)
FNDA:4,(anonymous_2)
FNDA:4,(anonymous_3)
FNDA:2,(anonymous_4)
FNDA:2,(anonymous_5)
FNDA:2,(anonymous_6)
FNDA:4,(anonymous_7)
FNDA:8,(anonymous_8)
FNDA:8,(anonymous_9)
FNDA:4,(anonymous_10)
DA:7,4
DA:8,4
DA:9,4
DA:10,4
DA:13,4
DA:16,4
DA:17,4
DA:19,4
DA:20,4
DA:21,4
DA:39,4
DA:40,4
DA:42,4
DA:45,4
DA:46,4
DA:47,4
DA:50,4
DA:53,4
DA:67,4
DA:72,4
DA:78,8
DA:79,8
DA:80,8
DA:81,8
DA:85,8
DA:95,4
DA:96,4
DA:97,4
DA:98,4
DA:100,4
DA:101,4
DA:104,4
DA:106,4
DA:107,2
DA:108,2
DA:109,2
DA:111,2
DA:112,2
DA:113,2
DA:115,4
DA:116,4
DA:117,4
DA:118,4
DA:119,4
LF:44
LH:44
BRDA:19,0,0,4
BRDA:19,0,1,4
BRDA:106,1,0,2
BRDA:106,1,1,2
BRF:4
BRH:4
end_of_record
TN:
SF:/Users/sth1pal/Documents/Development/JavaScript/nodejs/ts6/dev/hsLibs/d3/hsGraphD3/src/Canvas.ts
FN:13,(anonymous_0)
FN:17,(anonymous_1)
FN:19,(anonymous_2)
FN:23,(anonymous_3)
FN:27,(anonymous_4)
FN:34,(anonymous_5)
FNF:6
FNH:6
FNDA:4,(anonymous_0)
FNDA:4,(anonymous_1)
FNDA:4,(anonymous_2)
FNDA:2,(anonymous_3)
FNDA:2,(anonymous_4)
FNDA:2,(anonymous_5)
DA:4,4
DA:5,4
DA:10,4
DA:11,4
DA:14,4
DA:17,4
DA:20,4
DA:24,2
DA:35,2
DA:36,2
DA:37,2
LF:11
LH:11
BRF:0
BRH:0
end_of_record
TN:
SF:/Users/sth1pal/Documents/Development/JavaScript/nodejs/ts6/dev/hsLibs/d3/hsGraphD3/src/Graph.ts
FN:82,(anonymous_0)
FN:90,(anonymous_1)
FN:93,(anonymous_2)
FN:97,(anonymous_3)
FN:102,(anonymous_4)
FN:110,(anonymous_5)
FN:126,(anonymous_6)
FN:138,(anonymous_7)
FN:139,(anonymous_8)
FN:143,(anonymous_9)
FN:145,(anonymous_10)
FN:149,(anonymous_11)
FN:150,(anonymous_12)
FN:160,(anonymous_13)
FN:166,(anonymous_14)
FN:169,(anonymous_15)
FN:173,(anonymous_16)
FN:188,(anonymous_17)
FN:199,(anonymous_18)
FN:218,(anonymous_19)
FN:230,(anonymous_20)
FNF:21
FNH:20
FNDA:4,(anonymous_0)
FNDA:0,(anonymous_1)
FNDA:1,(anonymous_2)
FNDA:4,(anonymous_3)
FNDA:1,(anonymous_4)
FNDA:2,(anonymous_5)
FNDA:2,(anonymous_6)
FNDA:2,(anonymous_7)
FNDA:10,(anonymous_8)
FNDA:2,(anonymous_9)
FNDA:10,(anonymous_10)
FNDA:2,(anonymous_11)
FNDA:10,(anonymous_12)
FNDA:4,(anonymous_13)
FNDA:4,(anonymous_14)
FNDA:20,(anonymous_15)
FNDA:4,(anonymous_16)
FNDA:4,(anonymous_17)
FNDA:4,(anonymous_18)
FNDA:4,(anonymous_19)
FNDA:4,(anonymous_20)
DA:13,4
DA:14,4
DA:16,4
DA:17,4
DA:22,4
DA:23,4
DA:24,4
DA:25,4
DA:26,4
DA:30,4
DA:66,4
DA:77,4
DA:80,4
DA:83,4
DA:84,4
DA:85,4
DA:86,4
DA:87,4
DA:88,4
DA:89,4
DA:90,4
DA:94,1
DA:98,4
DA:103,1
DA:111,2
DA:112,2
DA:113,2
DA:115,2
DA:116,2
DA:117,2
DA:118,2
DA:128,2
DA:139,10
DA:144,2
DA:145,10
DA:150,10
DA:161,4
DA:167,4
DA:168,4
DA:169,20
DA:174,4
DA:189,4
DA:200,4
DA:202,4
DA:203,4
DA:204,0
DA:205,0
DA:206,0
DA:207,0
DA:208,0
DA:219,4
DA:231,4
LF:52
LH:47
BRDA:111,0,0,2
BRDA:111,0,1,0
BRDA:115,1,0,0
BRDA:115,1,1,2
BRDA:202,2,0,4
BRDA:202,2,1,0
BRDA:203,3,0,0
BRDA:203,3,1,4
BRDA:203,4,0,4
BRDA:203,4,1,4
BRF:10
BRH:6
end_of_record
TN:
SF:/Users/sth1pal/Documents/Development/JavaScript/nodejs/ts6/dev/hsLibs/d3/hsGraphD3/src/GraphCartesian.ts
FN:80,(anonymous_0)
FN:90,(anonymous_1)
FN:96,(anonymous_2)
FN:99,(anonymous_3)
FN:106,(anonymous_4)
FN:115,(anonymous_5)
FN:131,(anonymous_6)
FNF:7
FNH:7
FNDA:4,(anonymous_0)
FNDA:2,(anonymous_1)
FNDA:2,(anonymous_2)
FNDA:4,(anonymous_3)
FNDA:2,(anonymous_4)
FNDA:2,(anonymous_5)
FNDA:2,(anonymous_6)
DA:65,4
DA:68,4
DA:70,4
DA:72,4
DA:77,4
DA:78,4
DA:81,4
DA:82,4
DA:91,2
DA:92,2
DA:94,2
DA:95,2
DA:96,2
DA:100,4
DA:101,4
DA:102,4
DA:103,4
DA:107,2
DA:108,2
DA:109,2
DA:110,2
DA:111,2
DA:112,2
DA:116,2
DA:117,2
DA:118,2
DA:119,0
DA:120,0
DA:122,2
DA:123,0
DA:124,0
DA:126,2
DA:132,2
DA:133,2
DA:134,2
LF:35
LH:31
BRDA:94,0,0,2
BRDA:94,0,1,2
BRDA:94,0,2,0
BRDA:95,1,0,2
BRDA:95,1,1,2
BRDA:95,1,2,0
BRDA:96,2,0,2
BRDA:96,2,1,2
BRDA:116,3,0,2
BRDA:116,3,1,2
BRDA:117,4,0,2
BRDA:117,4,1,2
BRDA:118,5,0,0
BRDA:118,5,1,2
BRDA:122,6,0,0
BRDA:122,6,1,2
BRF:16
BRH:12
end_of_record
TN:
SF:/Users/sth1pal/Documents/Development/JavaScript/nodejs/ts6/dev/hsLibs/d3/hsGraphD3/src/GraphComponent.ts
FN:70,(anonymous_0)
FNF:1
FNH:1
FNDA:20,(anonymous_0)
DA:63,4
DA:71,20
DA:72,20
DA:73,16
DA:75,20
LF:5
LH:5
BRDA:72,0,0,16
BRDA:72,0,1,4
BRF:2
BRH:2
end_of_record
TN:
SF:/Users/sth1pal/Documents/Development/JavaScript/nodejs/ts6/dev/hsLibs/d3/hsGraphD3/src/Grid.ts
FN:19,(anonymous_0)
FN:42,(anonymous_1)
FN:46,(anonymous_2)
FN:48,(anonymous_3)
FN:61,(anonymous_4)
FN:68,(anonymous_5)
FN:71,(anonymous_6)
FN:83,(anonymous_7)
FN:89,(anonymous_8)
FN:110,(anonymous_9)
FN:111,(anonymous_10)
FNF:11
FNH:11
FNDA:4,(anonymous_0)
FNDA:4,(anonymous_1)
FNDA:4,(anonymous_2)
FNDA:4,(anonymous_3)
FNDA:2,(anonymous_4)
FNDA:2,(anonymous_5)
FNDA:2,(anonymous_6)
FNDA:8,(anonymous_7)
FNDA:8,(anonymous_8)
FNDA:54,(anonymous_9)
FNDA:54,(anonymous_10)
DA:7,4
DA:8,4
DA:14,4
DA:15,4
DA:16,4
DA:19,4
DA:20,4
DA:21,4
DA:35,4
DA:36,4
DA:38,4
DA:43,4
DA:46,4
DA:49,4
DA:62,2
DA:63,2
DA:64,2
DA:65,2
DA:72,2
DA:73,2
DA:74,2
DA:75,2
DA:79,4
DA:83,8
DA:84,8
DA:85,8
DA:86,8
DA:90,8
DA:91,8
DA:92,8
DA:93,8
DA:94,8
DA:95,8
DA:96,8
DA:97,8
DA:104,8
DA:105,8
DA:106,8
DA:110,54
DA:111,54
LF:40
LH:40
BRDA:19,0,0,4
BRDA:19,0,1,4
BRDA:83,1,0,0
BRDA:91,2,0,4
BRDA:91,2,1,4
BRDA:98,3,0,4
BRDA:98,3,1,4
BRDA:99,4,0,4
BRDA:99,4,1,4
BRDA:102,5,0,4
BRDA:102,5,1,4
BRF:11
BRH:10
end_of_record
TN:
SF:/Users/sth1pal/Documents/Development/JavaScript/nodejs/ts6/dev/hsLibs/d3/hsGraphD3/src/Scale.ts
FN:35,(anonymous_0)
FN:52,(anonymous_1)
FN:54,(anonymous_2)
FN:56,(anonymous_3)
FN:58,(anonymous_4)
FN:60,(anonymous_5)
FN:63,(anonymous_6)
FN:77,(anonymous_7)
FNF:8
FNH:8
FNDA:10,(anonymous_0)
FNDA:4,(anonymous_1)
FNDA:4,(anonymous_2)
FNDA:2,(anonymous_3)
FNDA:2,(anonymous_4)
FNDA:2,(anonymous_5)
FNDA:4,(anonymous_6)
FNDA:5,(anonymous_7)
DA:7,4
DA:10,4
DA:35,4
DA:36,10
DA:45,10
DA:49,4
DA:50,4
DA:52,4
DA:54,4
DA:64,4
DA:78,5
DA:79,5
DA:81,5
DA:84,5
DA:87,5
DA:95,5
LF:16
LH:16
BRDA:41,0,0,10
BRDA:41,0,1,10
BRDA:42,1,0,10
BRDA:42,1,1,10
BRDA:82,2,0,5
BRDA:82,2,1,5
BRDA:88,3,0,5
BRDA:88,3,1,0
BRDA:89,4,0,5
BRDA:89,4,1,0
BRDA:92,5,0,4
BRDA:92,5,1,1
BRDA:92,6,0,5
BRDA:92,6,1,4
BRDA:93,7,0,4
BRDA:93,7,1,1
BRDA:93,8,0,5
BRDA:93,8,1,4
BRF:18
BRH:16
end_of_record
TN:
SF:/Users/sth1pal/Documents/Development/JavaScript/nodejs/ts6/dev/hsLibs/d3/hsGraphD3/src/Series.ts
FN:70,(anonymous_0)
FN:54,(anonymous_1)
FN:64,(anonymous_2)
FN:75,(anonymous_3)
FN:77,(anonymous_4)
FN:78,(anonymous_5)
FN:81,(anonymous_6)
FN:82,(anonymous_7)
FN:86,(anonymous_8)
FN:87,(anonymous_9)
FN:91,(anonymous_10)
FN:105,(anonymous_11)
FN:106,(anonymous_12)
FN:107,(anonymous_13)
FN:124,(anonymous_14)
FNF:15
FNH:15
FNDA:4,(anonymous_0)
FNDA:6,(anonymous_1)
FNDA:4,(anonymous_2)
FNDA:4,(anonymous_3)
FNDA:2,(anonymous_4)
FNDA:2,(anonymous_5)
FNDA:2,(anonymous_6)
FNDA:2,(anonymous_7)
FNDA:2,(anonymous_8)
FNDA:2,(anonymous_9)
FNDA:4,(anonymous_10)
FNDA:2,(anonymous_11)
FNDA:2,(anonymous_12)
FNDA:5,(anonymous_13)
FNDA:2,(anonymous_14)
DA:36,4
DA:38,4
DA:46,4
DA:47,4
DA:51,4
DA:55,6
DA:56,0
DA:57,0
DA:59,6
DA:60,6
DA:64,4
DA:67,4
DA:71,4
DA:75,4
DA:78,2
DA:82,2
DA:87,2
DA:92,4
DA:106,2
DA:107,2
DA:108,5
DA:109,5
DA:110,5
DA:111,5
DA:112,5
DA:115,2
DA:125,2
DA:126,2
DA:127,2
DA:128,2
DA:129,2
DA:130,2
DA:131,2
DA:132,2
DA:134,0
LF:35
LH:32
BRDA:55,0,0,0
BRDA:55,0,1,6
BRDA:105,1,0,0
BRDA:109,2,0,1
BRDA:109,2,1,4
BRDA:110,3,0,5
BRDA:110,3,1,0
BRDA:110,4,0,5
BRDA:110,4,1,0
BRDA:126,5,0,2
BRDA:126,5,1,0
BRF:11
BRH:6
end_of_record
TN:
SF:/Users/sth1pal/Documents/Development/JavaScript/nodejs/ts6/dev/hsLibs/d3/hsGraphD3/src/SeriesPlot.ts
FN:60,(anonymous_0)
FN:66,(anonymous_1)
FN:68,(anonymous_2)
FN:71,(anonymous_3)
FN:80,(anonymous_4)
FN:86,(anonymous_5)
FN:88,(anonymous_6)
FN:106,(anonymous_7)
FN:111,(anonymous_8)
FN:118,(anonymous_9)
FN:119,(anonymous_10)
FN:120,(anonymous_11)
FN:122,(anonymous_12)
FN:123,(anonymous_13)
FN:124,(anonymous_14)
FN:127,(anonymous_15)
FN:129,(anonymous_16)
FN:130,(anonymous_17)
FN:135,(anonymous_18)
FNF:19
FNH:19
FNDA:2,(anonymous_0)
FNDA:6,(anonymous_1)
FNDA:2,(anonymous_2)
FNDA:2,(anonymous_3)
FNDA:2,(anonymous_4)
FNDA:2,(anonymous_5)
FNDA:5,(anonymous_6)
FNDA:1,(anonymous_7)
FNDA:2,(anonymous_8)
FNDA:8,(anonymous_9)
FNDA:8,(anonymous_10)
FNDA:8,(anonymous_11)
FNDA:8,(anonymous_12)
FNDA:8,(anonymous_13)
FNDA:8,(anonymous_14)
FNDA:1,(anonymous_15)
FNDA:4,(anonymous_16)
FNDA:4,(anonymous_17)
FNDA:1,(anonymous_18)
DA:17,3
DA:19,3
DA:26,3
DA:27,3
DA:28,3
DA:29,3
DA:30,3
DA:39,3
DA:53,2
DA:58,2
DA:61,2
DA:62,2
DA:63,2
DA:66,6
DA:68,2
DA:72,2
DA:81,2
DA:82,2
DA:83,2
DA:87,2
DA:88,5
DA:89,2
DA:91,1
DA:94,2
DA:95,2
DA:96,2
DA:98,2
DA:99,2
DA:107,1
DA:108,1
DA:112,2
DA:113,2
DA:115,2
DA:116,2
DA:117,2
DA:118,8
DA:119,8
DA:120,8
DA:122,8
DA:123,8
DA:124,8
DA:128,1
DA:129,4
DA:130,4
DA:133,1
DA:134,1
DA:135,1
LF:47
LH:47
BRDA:89,0,0,1
BRDA:89,0,1,1
BRDA:120,1,0,4
BRDA:120,1,1,4
BRDA:124,2,0,4
BRDA:124,2,1,4
BRF:6
BRH:6
end_of_record
TN:
SF:/Users/sth1pal/Documents/Development/JavaScript/nodejs/ts6/dev/hsLibs/d3/hsGraphD3/src/Settings.ts
FN:96,(anonymous_0)
FN:111,(anonymous_1)
FN:120,(anonymous_2)
FN:133,(anonymous_3)
FN:142,(anonymous_4)
FN:154,(anonymous_5)
FN:168,setStroke
FN:176,setFill
FN:182,setRect
FN:190,setText
FNF:10
FNH:10
FNDA:4,(anonymous_0)
FNDA:40,(anonymous_1)
FNDA:4,(anonymous_2)
FNDA:4,(anonymous_3)
FNDA:8,(anonymous_4)
FNDA:2,(anonymous_5)
FNDA:22,setStroke
FNDA:4,setFill
FNDA:2,setRect
FNDA:4,setText
DA:40,4
DA:41,4
DA:96,4
DA:97,4
DA:111,4
DA:112,40
DA:120,4
DA:121,4
DA:133,4
DA:134,4
DA:142,4
DA:143,8
DA:154,4
DA:155,2
DA:168,4
DA:169,22
DA:176,4
DA:177,4
DA:182,4
DA:183,2
DA:185,2
DA:186,2
DA:187,2
DA:190,4
DA:191,4
LF:25
LH:25
BRDA:96,0,0,4
BRDA:96,0,1,4
BRDA:111,1,0,20
BRDA:120,2,0,0
BRDA:133,3,0,0
BRDA:133,4,0,0
BRDA:142,5,0,8
BRDA:154,6,0,2
BRDA:154,7,0,2
BRF:9
BRH:6
end_of_record
TN:
SF:/Users/sth1pal/Documents/Development/JavaScript/nodejs/ts6/dev/hsLibs/d3/hsGraphD3/src/index.ts
FNF:0
FNH:0
DA:1,3
DA:4,3
DA:5,3
LF:3
LH:3
BRF:0
BRH:0
end_of_record
TN:
SF:/Users/sth1pal/Documents/Development/JavaScript/nodejs/ts6/dev/hsLibs/d3/hsGraphD3/src/plots/Bubble.ts
FN:41,(anonymous_0)
FN:45,(anonymous_1)
FN:54,(anonymous_2)
FN:60,(anonymous_3)
FNF:4
FNH:4
FNDA:1,(anonymous_0)
FNDA:1,(anonymous_1)
FNDA:1,(anonymous_2)
FNDA:1,(anonymous_3)
DA:25,3
DA:27,3
DA:29,3
DA:41,1
DA:42,1
DA:46,1
DA:47,1
DA:55,1
DA:60,3
LF:9
LH:9
BRF:0
BRH:0
end_of_record
TN:
SF:/Users/sth1pal/Documents/Development/JavaScript/nodejs/ts6/dev/hsLibs/d3/hsGraphD3/src/plots/Line.ts
FN:78,(anonymous_0)
FN:82,(anonymous_1)
FN:87,(anonymous_2)
FN:96,(anonymous_3)
FN:103,(anonymous_4)
FNF:5
FNH:5
FNDA:1,(anonymous_0)
FNDA:1,(anonymous_1)
FNDA:1,(anonymous_2)
FNDA:1,(anonymous_3)
FNDA:1,(anonymous_4)
DA:60,3
DA:63,3
DA:65,3
DA:78,1
DA:79,1
DA:83,1
DA:84,1
DA:88,1
DA:89,1
DA:97,1
DA:98,1
DA:103,3
LF:12
LH:12
BRF:0
BRH:0
end_of_record
