TN:
SF:/Users/sth1pal/Documents/Development/JavaScript/nodejs/ts6/dev/hsLibs/d3/hsGraphD3/src/Axis.ts
FN:45,(anonymous_0)
FN:74,(anonymous_1)
FN:80,(anonymous_2)
FN:82,(anonymous_3)
FN:91,(anonymous_4)
FN:94,(anonymous_5)
FN:96,(anonymous_6)
FN:99,(anonymous_7)
FN:102,(anonymous_8)
FN:112,(anonymous_9)
FN:119,(anonymous_10)
FN:131,(anonymous_11)
FN:135,(anonymous_12)
FN:162,(anonymous_13)
FN:196,(anonymous_14)
FNF:15
FNH:14
FNDA:10,(anonymous_0)
FNDA:12,(anonymous_1)
FNDA:12,(anonymous_2)
FNDA:12,(anonymous_3)
FNDA:10,(anonymous_4)
FNDA:10,(anonymous_5)
FNDA:10,(anonymous_6)
FNDA:20,(anonymous_7)
FNDA:0,(anonymous_8)
FNDA:24,(anonymous_9)
FNDA:24,(anonymous_10)
FNDA:20,(anonymous_11)
FNDA:20,(anonymous_12)
FNDA:20,(anonymous_13)
FNDA:20,(anonymous_14)
DA:30,10
DA:31,10
DA:32,10
DA:37,10
DA:41,10
DA:42,10
DA:45,10
DA:46,10
DA:47,10
DA:69,10
DA:70,10
DA:72,12
DA:75,12
DA:76,12
DA:77,12
DA:80,12
DA:83,12
DA:97,10
DA:98,10
DA:99,20
DA:106,10
DA:113,24
DA:114,24
DA:115,24
DA:116,24
DA:120,24
DA:132,20
DA:136,20
DA:137,20
DA:138,20
DA:141,20
DA:142,20
DA:143,20
DA:144,20
DA:146,20
DA:147,20
DA:148,0
DA:150,20
DA:151,20
DA:153,0
DA:155,20
DA:156,20
DA:158,0
DA:163,20
DA:164,20
DA:165,20
DA:166,10
DA:167,10
DA:168,10
DA:169,10
DA:170,10
DA:171,10
DA:172,0
DA:173,10
DA:174,0
DA:175,0
DA:177,10
DA:178,10
DA:180,10
DA:181,10
DA:182,10
DA:183,10
DA:184,10
DA:185,10
DA:186,0
DA:187,0
DA:188,10
DA:189,0
DA:191,10
DA:192,10
DA:198,20
DA:199,10
DA:200,10
DA:202,10
DA:203,10
DA:205,20
DA:206,20
LF:77
LH:68
BRDA:45,0,0,10
BRDA:45,0,1,10
BRDA:98,1,0,10
BRDA:98,1,1,0
BRDA:99,2,0,20
BRDA:99,2,1,0
BRDA:147,3,0,0
BRDA:147,3,1,20
BRDA:150,4,0,20
BRDA:150,4,1,0
BRDA:155,5,0,20
BRDA:155,5,1,0
BRDA:165,6,0,10
BRDA:165,6,1,10
BRDA:168,7,0,10
BRDA:168,7,1,0
BRDA:168,8,0,2
BRDA:168,8,1,8
BRDA:168,9,0,10
BRDA:168,9,1,2
BRDA:169,10,0,1
BRDA:169,10,1,9
BRDA:171,11,0,0
BRDA:171,11,1,10
BRDA:173,12,0,0
BRDA:173,12,1,10
BRDA:177,13,0,1
BRDA:177,13,1,9
BRDA:182,14,0,10
BRDA:182,14,1,0
BRDA:182,15,0,8
BRDA:182,15,1,2
BRDA:182,16,0,10
BRDA:182,16,1,8
BRDA:185,17,0,0
BRDA:185,17,1,10
BRDA:188,18,0,0
BRDA:188,18,1,10
BRDA:191,19,0,1
BRDA:191,19,1,9
BRDA:198,20,0,10
BRDA:198,20,1,10
BRDA:200,21,0,9
BRDA:200,21,1,1
BRDA:203,22,0,9
BRDA:203,22,1,1
BRF:46
BRH:35
end_of_record
TN:
SF:/Users/sth1pal/Documents/Development/JavaScript/nodejs/ts6/dev/hsLibs/d3/hsGraphD3/src/Canvas.ts
FN:41,(anonymous_0)
FN:45,(anonymous_1)
FN:47,(anonymous_2)
FN:51,(anonymous_3)
FN:55,(anonymous_4)
FN:61,(anonymous_5)
FN:69,(anonymous_6)
FNF:7
FNH:6
FNDA:12,(anonymous_0)
FNDA:12,(anonymous_1)
FNDA:12,(anonymous_2)
FNDA:10,(anonymous_3)
FNDA:10,(anonymous_4)
FNDA:10,(anonymous_5)
FNDA:0,(anonymous_6)
DA:32,10
DA:33,10
DA:38,10
DA:39,10
DA:42,12
DA:45,12
DA:48,12
DA:52,10
DA:62,10
DA:63,10
DA:64,10
LF:11
LH:11
BRF:0
BRH:0
end_of_record
TN:
SF:/Users/sth1pal/Documents/Development/JavaScript/nodejs/ts6/dev/hsLibs/d3/hsGraphD3/src/CartSeriesPlot.ts
FN:46,(anonymous_0)
FN:51,(anonymous_1)
FN:54,(anonymous_2)
FN:65,(anonymous_3)
FN:75,(anonymous_4)
FN:96,(anonymous_5)
FN:102,(anonymous_6)
FN:109,(anonymous_7)
FN:118,(anonymous_8)
FN:122,(anonymous_9)
FN:135,(anonymous_10)
FNF:11
FNH:9
FNDA:12,(anonymous_0)
FNDA:0,(anonymous_1)
FNDA:12,(anonymous_2)
FNDA:12,(anonymous_3)
FNDA:12,(anonymous_4)
FNDA:12,(anonymous_5)
FNDA:12,(anonymous_6)
FNDA:0,(anonymous_7)
FNDA:4,(anonymous_8)
FNDA:12,(anonymous_9)
FNDA:7,(anonymous_10)
DA:14,10
DA:15,10
DA:24,10
DA:25,10
DA:45,10
DA:47,12
DA:51,0
DA:55,12
DA:66,12
DA:67,12
DA:68,12
DA:69,12
DA:76,12
DA:77,12
DA:78,12
DA:79,12
DA:81,12
DA:82,12
DA:84,12
DA:85,12
DA:87,12
DA:88,12
DA:90,12
DA:91,12
DA:92,12
DA:93,12
DA:97,12
DA:98,12
DA:103,12
DA:104,12
DA:105,12
DA:106,12
DA:110,0
DA:119,4
DA:123,12
DA:124,12
DA:125,12
DA:126,12
DA:136,7
LF:39
LH:37
BRDA:67,0,0,4
BRDA:67,0,1,8
BRDA:68,1,0,0
BRDA:68,1,1,12
BRDA:82,2,0,4
BRDA:82,2,1,8
BRDA:119,3,0,2
BRDA:119,3,1,2
BRDA:124,4,0,6
BRDA:124,4,1,6
BRDA:125,5,0,8
BRDA:125,5,1,4
BRDA:126,6,0,6
BRDA:126,6,1,6
BRF:14
BRH:13
end_of_record
TN:
SF:/Users/sth1pal/Documents/Development/JavaScript/nodejs/ts6/dev/hsLibs/d3/hsGraphD3/src/Graph.ts
FN:258,(anonymous_0)
FN:266,(anonymous_1)
FN:269,(anonymous_2)
FN:273,(anonymous_3)
FN:278,(anonymous_4)
FN:288,(anonymous_5)
FN:301,(anonymous_6)
FN:305,renderLifecycle
FN:322,(anonymous_8)
FN:323,listener
FN:351,(anonymous_10)
FN:362,(anonymous_11)
FN:363,(anonymous_12)
FN:367,(anonymous_13)
FN:371,(anonymous_14)
FN:375,(anonymous_15)
FN:376,(anonymous_16)
FN:380,(anonymous_17)
FN:381,(anonymous_18)
FN:391,(anonymous_19)
FN:398,(anonymous_20)
FN:401,(anonymous_21)
FN:407,(anonymous_22)
FN:430,(anonymous_23)
FN:441,(anonymous_24)
FN:460,(anonymous_25)
FN:472,(anonymous_26)
FNF:27
FNH:21
FNDA:12,(anonymous_0)
FNDA:0,(anonymous_1)
FNDA:16,(anonymous_2)
FNDA:20,(anonymous_3)
FNDA:5,(anonymous_4)
FNDA:0,(anonymous_5)
FNDA:10,(anonymous_6)
FNDA:10,renderLifecycle
FNDA:0,(anonymous_8)
FNDA:0,listener
FNDA:12,(anonymous_10)
FNDA:10,(anonymous_11)
FNDA:50,(anonymous_12)
FNDA:10,(anonymous_13)
FNDA:50,(anonymous_14)
FNDA:10,(anonymous_15)
FNDA:50,(anonymous_16)
FNDA:0,(anonymous_17)
FNDA:0,(anonymous_18)
FNDA:12,(anonymous_19)
FNDA:12,(anonymous_20)
FNDA:60,(anonymous_21)
FNDA:12,(anonymous_22)
FNDA:12,(anonymous_23)
FNDA:12,(anonymous_24)
FNDA:12,(anonymous_25)
FNDA:12,(anonymous_26)
DA:59,10
DA:61,10
DA:62,10
DA:67,10
DA:69,10
DA:71,10
DA:72,10
DA:73,10
DA:83,10
DA:240,10
DA:251,12
DA:254,12
DA:256,12
DA:259,12
DA:260,12
DA:261,12
DA:262,12
DA:263,12
DA:264,12
DA:265,12
DA:266,12
DA:270,16
DA:274,20
DA:279,5
DA:302,10
DA:303,10
DA:306,10
DA:307,10
DA:308,10
DA:309,10
DA:311,10
DA:312,10
DA:313,10
DA:316,10
DA:317,10
DA:319,10
DA:321,10
DA:324,0
DA:325,0
DA:326,0
DA:327,0
DA:328,0
DA:329,0
DA:332,0
DA:333,0
DA:335,0
DA:352,12
DA:363,50
DA:368,10
DA:369,10
DA:371,50
DA:376,50
DA:381,0
DA:392,12
DA:399,12
DA:400,12
DA:401,60
DA:408,12
DA:431,12
DA:442,12
DA:444,12
DA:445,12
DA:446,0
DA:447,0
DA:448,0
DA:449,0
DA:450,0
DA:461,12
DA:473,12
LF:69
LH:54
BRDA:307,0,0,10
BRDA:307,0,1,0
BRDA:325,1,0,0
BRDA:325,1,1,0
BRDA:327,2,0,0
BRDA:327,2,1,0
BRDA:328,3,0,0
BRDA:328,3,1,0
BRDA:328,4,0,0
BRDA:328,4,1,0
BRDA:444,5,0,12
BRDA:444,5,1,0
BRDA:445,6,0,0
BRDA:445,6,1,12
BRDA:445,7,0,12
BRDA:445,7,1,12
BRF:16
BRH:5
end_of_record
TN:
SF:/Users/sth1pal/Documents/Development/JavaScript/nodejs/ts6/dev/hsLibs/d3/hsGraphD3/src/GraphCartesian.ts
FN:113,(anonymous_0)
FN:129,(anonymous_1)
FN:137,(anonymous_2)
FN:150,(anonymous_3)
FN:161,(anonymous_4)
FNF:5
FNH:5
FNDA:12,(anonymous_0)
FNDA:12,(anonymous_1)
FNDA:10,(anonymous_2)
FNDA:10,(anonymous_3)
FNDA:10,(anonymous_4)
DA:83,10
DA:88,10
DA:90,10
DA:92,10
DA:96,10
DA:97,10
DA:98,10
DA:99,10
DA:100,10
DA:101,10
DA:102,10
DA:107,10
DA:114,12
DA:115,12
DA:116,12
DA:117,12
DA:118,12
DA:130,12
DA:138,10
DA:139,10
DA:140,10
DA:141,10
DA:142,10
DA:143,10
DA:151,10
DA:152,10
DA:153,10
DA:154,10
DA:155,10
DA:156,10
DA:162,10
DA:163,10
DA:164,10
LF:33
LH:33
BRDA:116,0,0,12
BRDA:116,0,1,12
BRDA:117,1,0,12
BRDA:117,1,1,12
BRDA:118,2,0,12
BRDA:118,2,1,12
BRDA:153,3,0,0
BRDA:153,3,1,10
BRDA:153,4,0,10
BRDA:153,4,1,0
BRDA:154,5,0,0
BRDA:154,5,1,10
BRDA:154,6,0,10
BRDA:154,6,1,0
BRDA:155,7,0,0
BRDA:155,7,1,10
BRDA:155,8,0,10
BRDA:155,8,1,0
BRF:18
BRH:12
end_of_record
TN:
SF:/Users/sth1pal/Documents/Development/JavaScript/nodejs/ts6/dev/hsLibs/d3/hsGraphD3/src/GraphComponent.ts
FN:89,(anonymous_0)
FNF:1
FNH:1
FNDA:60,(anonymous_0)
DA:82,10
DA:90,60
DA:91,60
DA:92,48
DA:94,60
LF:5
LH:5
BRDA:91,0,0,48
BRDA:91,0,1,12
BRF:2
BRH:2
end_of_record
TN:
SF:/Users/sth1pal/Documents/Development/JavaScript/nodejs/ts6/dev/hsLibs/d3/hsGraphD3/src/Grid.ts
FN:42,(anonymous_0)
FN:66,(anonymous_1)
FN:70,(anonymous_2)
FN:72,(anonymous_3)
FN:86,(anonymous_4)
FN:93,(anonymous_5)
FN:95,(anonymous_6)
FN:104,(anonymous_7)
FN:111,(anonymous_8)
FN:117,(anonymous_9)
FN:128,(anonymous_10)
FN:133,(anonymous_11)
FN:134,(anonymous_12)
FN:136,(anonymous_13)
FN:137,(anonymous_14)
FNF:15
FNH:14
FNDA:10,(anonymous_0)
FNDA:12,(anonymous_1)
FNDA:12,(anonymous_2)
FNDA:12,(anonymous_3)
FNDA:10,(anonymous_4)
FNDA:10,(anonymous_5)
FNDA:10,(anonymous_6)
FNDA:0,(anonymous_7)
FNDA:40,(anonymous_8)
FNDA:40,(anonymous_9)
FNDA:236,(anonymous_10)
FNDA:236,(anonymous_11)
FNDA:236,(anonymous_12)
FNDA:236,(anonymous_13)
FNDA:236,(anonymous_14)
DA:30,10
DA:31,10
DA:37,10
DA:38,10
DA:39,10
DA:42,10
DA:43,10
DA:44,10
DA:59,10
DA:60,10
DA:62,12
DA:67,12
DA:70,12
DA:73,12
DA:87,10
DA:88,10
DA:89,10
DA:90,10
DA:96,10
DA:97,10
DA:98,10
DA:99,10
DA:100,10
DA:107,10
DA:111,40
DA:112,40
DA:113,40
DA:114,40
DA:118,40
DA:119,40
DA:120,38
DA:121,38
DA:122,38
DA:123,38
DA:124,38
DA:125,38
DA:128,236
DA:129,38
DA:130,38
DA:133,236
DA:134,236
DA:136,236
DA:137,236
LF:43
LH:43
BRDA:42,0,0,10
BRDA:42,0,1,10
BRDA:96,1,0,10
BRDA:96,1,1,0
BRDA:111,2,0,0
BRDA:119,3,0,38
BRDA:119,3,1,2
BRDA:121,4,0,19
BRDA:121,4,1,19
BRDA:126,5,0,20
BRDA:126,5,1,18
BRF:11
BRH:9
end_of_record
TN:
SF:/Users/sth1pal/Documents/Development/JavaScript/nodejs/ts6/dev/hsLibs/d3/hsGraphD3/src/Scale.ts
FN:135,(anonymous_0)
FN:155,(anonymous_1)
FN:157,(anonymous_2)
FN:158,(anonymous_3)
FN:159,(anonymous_4)
FN:160,(anonymous_5)
FN:161,(anonymous_6)
FN:164,(anonymous_7)
FN:177,(anonymous_8)
FN:198,(anonymous_9)
FN:200,(anonymous_10)
FN:203,_range
FN:214,_domain
FN:224,(anonymous_13)
FN:228,(anonymous_14)
FN:229,(anonymous_15)
FN:240,(anonymous_16)
FN:240,(anonymous_17)
FN:242,(anonymous_18)
FN:244,(anonymous_19)
FN:254,(anonymous_20)
FN:258,(anonymous_21)
FN:260,(anonymous_22)
FN:270,(anonymous_23)
FN:271,(anonymous_24)
FN:274,(anonymous_25)
FN:281,(anonymous_26)
FN:285,(anonymous_27)
FN:287,(anonymous_28)
FN:297,(anonymous_29)
FN:301,(anonymous_30)
FN:303,(anonymous_31)
FN:313,(anonymous_32)
FN:317,(anonymous_33)
FNF:34
FNH:27
FNDA:36,(anonymous_0)
FNDA:12,(anonymous_1)
FNDA:12,(anonymous_2)
FNDA:10,(anonymous_3)
FNDA:10,(anonymous_4)
FNDA:10,(anonymous_5)
FNDA:0,(anonymous_6)
FNDA:12,(anonymous_7)
FNDA:30,(anonymous_8)
FNDA:30,(anonymous_9)
FNDA:30,(anonymous_10)
FNDA:68,_range
FNDA:52,_domain
FNDA:1428,(anonymous_13)
FNDA:0,(anonymous_14)
FNDA:20,(anonymous_15)
FNDA:28,(anonymous_16)
FNDA:34,(anonymous_17)
FNDA:0,(anonymous_18)
FNDA:30,(anonymous_19)
FNDA:2,(anonymous_20)
FNDA:5,(anonymous_21)
FNDA:2,(anonymous_22)
FNDA:2,(anonymous_23)
FNDA:4,(anonymous_24)
FNDA:2,(anonymous_25)
FNDA:0,(anonymous_26)
FNDA:0,(anonymous_27)
FNDA:0,(anonymous_28)
FNDA:28,(anonymous_29)
FNDA:45,(anonymous_30)
FNDA:28,(anonymous_31)
FNDA:28,(anonymous_32)
FNDA:0,(anonymous_33)
DA:49,10
DA:51,10
DA:54,10
DA:135,10
DA:136,36
DA:145,36
DA:152,10
DA:153,10
DA:155,12
DA:157,12
DA:165,12
DA:178,30
DA:179,30
DA:185,30
DA:189,10
DA:198,30
DA:204,68
DA:205,30
DA:206,30
DA:208,38
DA:215,52
DA:216,31
DA:217,31
DA:219,21
DA:223,30
DA:224,1428
DA:226,30
DA:227,30
DA:228,30
DA:229,30
DA:230,30
DA:232,30
DA:233,30
DA:234,30
DA:235,30
DA:240,34
DA:242,0
DA:245,30
DA:246,30
DA:254,2
DA:255,2
DA:258,5
DA:261,2
DA:262,2
DA:263,2
DA:264,2
DA:265,2
DA:266,2
DA:267,2
DA:271,4
DA:275,2
DA:281,0
DA:282,0
DA:285,0
DA:288,0
DA:289,0
DA:297,28
DA:298,28
DA:301,45
DA:304,28
DA:305,28
DA:313,28
DA:317,0
LF:63
LH:56
BRDA:141,0,0,36
BRDA:141,0,1,24
BRDA:142,1,0,36
BRDA:142,1,1,24
BRDA:178,2,0,0
BRDA:178,2,1,30
BRDA:204,3,0,30
BRDA:204,3,1,38
BRDA:215,4,0,31
BRDA:215,4,1,21
BRDA:247,5,0,20
BRDA:247,5,1,10
BRDA:247,6,0,30
BRDA:247,6,1,20
BRDA:248,7,0,20
BRDA:248,7,1,10
BRDA:248,8,0,30
BRDA:248,8,1,20
BRDA:275,9,0,2
BRDA:275,9,1,0
BRDA:290,10,0,0
BRDA:290,10,1,0
BRDA:290,11,0,0
BRDA:290,11,1,0
BRDA:291,12,0,0
BRDA:291,12,1,0
BRDA:291,13,0,0
BRDA:291,13,1,0
BRDA:306,14,0,22
BRDA:306,14,1,6
BRDA:306,15,0,28
BRDA:306,15,1,22
BRDA:307,16,0,22
BRDA:307,16,1,6
BRDA:307,17,0,28
BRDA:307,17,1,22
BRF:36
BRH:26
end_of_record
TN:
SF:/Users/sth1pal/Documents/Development/JavaScript/nodejs/ts6/dev/hsLibs/d3/hsGraphD3/src/Series.ts
FN:106,(anonymous_0)
FN:91,(anonymous_1)
FN:101,(anonymous_2)
FN:111,(anonymous_3)
FN:113,(anonymous_4)
FN:117,(anonymous_5)
FN:120,(anonymous_6)
FN:121,(anonymous_7)
FN:131,(anonymous_8)
FN:132,(anonymous_9)
FN:137,(anonymous_10)
FN:138,(anonymous_11)
FN:144,(anonymous_12)
FN:164,(anonymous_13)
FN:165,(anonymous_14)
FN:168,(anonymous_15)
FN:171,(anonymous_16)
FN:177,(anonymous_17)
FN:186,(anonymous_18)
FNF:19
FNH:16
FNDA:12,(anonymous_0)
FNDA:70,(anonymous_1)
FNDA:8,(anonymous_2)
FNDA:22,(anonymous_3)
FNDA:10,(anonymous_4)
FNDA:12,(anonymous_5)
FNDA:10,(anonymous_6)
FNDA:12,(anonymous_7)
FNDA:10,(anonymous_8)
FNDA:12,(anonymous_9)
FNDA:0,(anonymous_10)
FNDA:0,(anonymous_11)
FNDA:12,(anonymous_12)
FNDA:10,(anonymous_13)
FNDA:12,(anonymous_14)
FNDA:12,(anonymous_15)
FNDA:0,(anonymous_16)
FNDA:12,(anonymous_17)
FNDA:12,(anonymous_18)
DA:34,10
DA:39,10
DA:43,10
DA:83,10
DA:84,10
DA:88,10
DA:92,70
DA:93,0
DA:94,0
DA:96,70
DA:97,70
DA:101,8
DA:104,12
DA:107,12
DA:111,22
DA:116,10
DA:117,12
DA:121,10
DA:122,12
DA:132,12
DA:138,0
DA:145,12
DA:165,12
DA:166,10
DA:168,12
DA:171,0
DA:172,0
DA:173,0
DA:177,12
DA:178,10
DA:187,12
DA:188,12
DA:189,12
DA:190,12
DA:191,12
DA:192,12
DA:193,12
DA:194,12
DA:195,12
DA:197,0
LF:40
LH:33
BRDA:92,0,0,0
BRDA:92,0,1,70
BRDA:122,1,0,12
BRDA:122,1,1,0
BRDA:133,2,0,12
BRDA:133,2,1,0
BRDA:139,3,0,0
BRDA:139,3,1,0
BRDA:166,4,0,10
BRDA:166,4,1,0
BRDA:188,5,0,12
BRDA:188,5,1,0
BRF:12
BRH:5
end_of_record
TN:
SF:/Users/sth1pal/Documents/Development/JavaScript/nodejs/ts6/dev/hsLibs/d3/hsGraphD3/src/SeriesPlot.ts
FN:58,value
FN:60,(anonymous_1)
FN:86,(anonymous_2)
FN:92,(anonymous_3)
FN:99,(anonymous_4)
FN:111,(anonymous_5)
FN:114,(anonymous_6)
FN:116,(anonymous_7)
FN:129,(anonymous_8)
FN:130,(anonymous_9)
FN:138,(anonymous_10)
FN:139,(anonymous_11)
FN:159,(anonymous_12)
FN:166,(anonymous_13)
FN:171,(anonymous_14)
FN:173,(anonymous_15)
FN:175,(anonymous_16)
FN:182,(anonymous_17)
FN:192,(anonymous_18)
FN:195,(anonymous_19)
FN:200,(anonymous_20)
FN:206,(anonymous_21)
FNF:22
FNH:21
FNDA:28,value
FNDA:132,(anonymous_1)
FNDA:12,(anonymous_2)
FNDA:77,(anonymous_3)
FNDA:12,(anonymous_4)
FNDA:12,(anonymous_5)
FNDA:36,(anonymous_6)
FNDA:48,(anonymous_7)
FNDA:24,(anonymous_8)
FNDA:108,(anonymous_9)
FNDA:4,(anonymous_10)
FNDA:24,(anonymous_11)
FNDA:24,(anonymous_12)
FNDA:12,(anonymous_13)
FNDA:12,(anonymous_14)
FNDA:12,(anonymous_15)
FNDA:0,(anonymous_16)
FNDA:48,(anonymous_17)
FNDA:24,(anonymous_18)
FNDA:24,(anonymous_19)
FNDA:12,(anonymous_20)
FNDA:24,(anonymous_21)
DA:18,10
DA:21,10
DA:22,10
DA:23,10
DA:59,28
DA:60,132
DA:70,10
DA:87,12
DA:88,12
DA:89,12
DA:92,77
DA:100,12
DA:105,12
DA:106,12
DA:107,12
DA:108,12
DA:112,12
DA:113,12
DA:114,12
DA:115,36
DA:116,48
DA:117,28
DA:118,28
DA:120,4
DA:121,4
DA:123,24
DA:130,24
DA:131,108
DA:132,108
DA:133,108
DA:134,108
DA:139,4
DA:140,24
DA:141,24
DA:142,24
DA:160,24
DA:167,12
DA:168,12
DA:183,48
DA:184,16
DA:193,24
DA:194,24
DA:195,24
DA:201,12
DA:202,12
DA:204,4
DA:205,4
DA:206,24
LF:48
LH:48
BRDA:60,0,0,4
BRDA:60,0,1,128
BRDA:116,1,0,28
BRDA:116,1,1,20
BRDA:119,2,0,4
BRDA:119,2,1,24
BRDA:120,3,0,4
BRDA:120,3,1,2
BRDA:123,4,0,24
BRDA:123,4,1,22
BRDA:141,5,0,12
BRDA:141,5,1,12
BRDA:168,6,0,12
BRDA:168,6,1,0
BRDA:183,7,0,16
BRDA:183,7,1,32
BRDA:194,8,0,4
BRDA:194,8,1,20
BRDA:194,9,0,24
BRDA:194,9,1,8
BRDA:202,10,0,4
BRDA:202,10,1,8
BRF:22
BRH:21
end_of_record
TN:
SF:/Users/sth1pal/Documents/Development/JavaScript/nodejs/ts6/dev/hsLibs/d3/hsGraphD3/src/Settings.ts
FN:97,(anonymous_0)
FN:112,(anonymous_1)
FN:121,(anonymous_2)
FN:127,(anonymous_3)
FN:140,(anonymous_4)
FN:149,(anonymous_5)
FN:162,(anonymous_6)
FN:176,setStroke
FN:184,setFill
FN:190,setRect
FN:198,setText
FNF:11
FNH:11
FNDA:10,(anonymous_0)
FNDA:156,(anonymous_1)
FNDA:96,(anonymous_2)
FNDA:24,(anonymous_3)
FNDA:12,(anonymous_4)
FNDA:24,(anonymous_5)
FNDA:12,(anonymous_6)
FNDA:112,setStroke
FNDA:34,setFill
FNDA:10,setRect
FNDA:20,setText
DA:39,10
DA:97,10
DA:98,10
DA:112,10
DA:113,156
DA:121,10
DA:122,96
DA:123,96
DA:124,96
DA:127,10
DA:128,24
DA:140,10
DA:141,12
DA:149,10
DA:150,24
DA:162,10
DA:163,12
DA:176,10
DA:177,112
DA:184,10
DA:185,34
DA:190,10
DA:191,10
DA:193,10
DA:194,10
DA:195,10
DA:198,10
DA:199,20
LF:28
LH:28
BRDA:97,0,0,10
BRDA:97,0,1,10
BRDA:112,1,0,48
BRDA:121,2,0,48
BRDA:127,3,0,12
BRDA:127,4,0,12
BRDA:140,5,0,0
BRDA:140,6,0,0
BRDA:149,7,0,24
BRDA:162,8,0,12
BRDA:162,9,0,12
BRDA:162,10,0,12
BRF:12
BRH:10
end_of_record
TN:
SF:/Users/sth1pal/Documents/Development/JavaScript/nodejs/ts6/dev/hsLibs/d3/hsGraphD3/src/index.ts
FNF:0
FNH:0
DA:1,9
DA:2,9
LF:2
LH:2
BRF:0
BRH:0
end_of_record
TN:
SF:/Users/sth1pal/Documents/Development/JavaScript/nodejs/ts6/dev/hsLibs/d3/hsGraphD3/src/plots/Area.ts
FN:75,(anonymous_0)
FN:78,(anonymous_1)
FNF:2
FNH:2
FNDA:1,(anonymous_0)
FNDA:1,(anonymous_1)
DA:68,10
DA:69,10
DA:73,10
DA:75,10
DA:77,10
DA:79,1
DA:80,1
DA:81,1
DA:82,1
DA:83,1
LF:10
LH:10
BRF:0
BRH:0
end_of_record
TN:
SF:/Users/sth1pal/Documents/Development/JavaScript/nodejs/ts6/dev/hsLibs/d3/hsGraphD3/src/plots/Bar.ts
FN:115,(anonymous_0)
FN:119,(anonymous_1)
FNF:2
FNH:2
FNDA:2,(anonymous_0)
FNDA:25,(anonymous_1)
DA:109,10
DA:112,10
DA:113,10
DA:115,10
DA:118,10
DA:119,25
LF:6
LH:6
BRF:0
BRH:0
end_of_record
TN:
SF:/Users/sth1pal/Documents/Development/JavaScript/nodejs/ts6/dev/hsLibs/d3/hsGraphD3/src/plots/Bubble.ts
FN:70,(anonymous_0)
FN:73,(anonymous_1)
FNF:2
FNH:2
FNDA:1,(anonymous_0)
FNDA:1,(anonymous_1)
DA:62,10
DA:64,10
DA:68,10
DA:70,10
DA:72,10
DA:74,1
DA:75,1
DA:76,1
DA:77,1
DA:78,1
LF:10
LH:10
BRF:0
BRH:0
end_of_record
TN:
SF:/Users/sth1pal/Documents/Development/JavaScript/nodejs/ts6/dev/hsLibs/d3/hsGraphD3/src/plots/Column.ts
FN:113,(anonymous_0)
FN:117,(anonymous_1)
FNF:2
FNH:2
FNDA:2,(anonymous_0)
FNDA:25,(anonymous_1)
DA:107,10
DA:110,10
DA:111,10
DA:113,10
DA:116,10
DA:117,25
LF:6
LH:6
BRF:0
BRH:0
end_of_record
TN:
SF:/Users/sth1pal/Documents/Development/JavaScript/nodejs/ts6/dev/hsLibs/d3/hsGraphD3/src/plots/Line.ts
FN:71,(anonymous_0)
FNF:1
FNH:1
FNDA:4,(anonymous_0)
DA:64,10
DA:65,10
DA:69,10
DA:71,10
DA:73,10
LF:5
LH:5
BRF:0
BRH:0
end_of_record
TN:
SF:/Users/sth1pal/Documents/Development/JavaScript/nodejs/ts6/dev/hsLibs/d3/hsGraphD3/src/plots/NumericSeriesPlot.ts
FN:56,accessor
FN:62,(anonymous_1)
FN:63,(anonymous_2)
FN:76,(anonymous_3)
FN:80,(anonymous_4)
FN:83,(anonymous_5)
FN:89,(anonymous_6)
FN:93,(anonymous_7)
FN:102,(anonymous_8)
FN:104,(anonymous_9)
FN:107,(anonymous_10)
FN:119,(anonymous_11)
FN:122,(anonymous_12)
FN:128,(anonymous_13)
FN:129,(anonymous_14)
FN:130,(anonymous_15)
FN:138,(anonymous_16)
FN:138,(anonymous_17)
FNF:18
FNH:17
FNDA:54,accessor
FNDA:16,(anonymous_1)
FNDA:186,(anonymous_2)
FNDA:8,(anonymous_3)
FNDA:8,(anonymous_4)
FNDA:2,(anonymous_5)
FNDA:5,(anonymous_6)
FNDA:20,(anonymous_7)
FNDA:5,(anonymous_8)
FNDA:5,(anonymous_9)
FNDA:2,(anonymous_10)
FNDA:2,(anonymous_11)
FNDA:12,(anonymous_12)
FNDA:48,(anonymous_13)
FNDA:48,(anonymous_14)
FNDA:48,(anonymous_15)
FNDA:6,(anonymous_16)
FNDA:0,(anonymous_17)
DA:29,10
DA:30,10
DA:31,10
DA:39,10
DA:56,10
DA:57,54
DA:58,54
DA:61,54
DA:62,16
DA:63,186
DA:70,10
DA:77,8
DA:81,8
DA:82,8
DA:83,8
DA:84,8
DA:90,5
DA:91,5
DA:92,5
DA:93,20
DA:94,5
DA:95,5
DA:103,5
DA:104,5
DA:108,2
DA:109,2
DA:110,2
DA:111,2
DA:112,2
DA:113,2
DA:114,2
DA:115,2
DA:116,2
DA:119,2
DA:123,12
DA:124,12
DA:125,12
DA:126,12
DA:127,12
DA:128,48
DA:129,48
DA:130,48
DA:138,0
DA:139,6
DA:143,6
LF:45
LH:44
BRDA:56,0,0,42
BRDA:62,1,0,4
BRDA:62,1,1,50
BRDA:63,2,0,6
BRDA:63,2,1,180
BRDA:83,3,0,2
BRDA:83,3,1,6
BRDA:83,4,0,8
BRDA:83,4,1,2
BRDA:91,5,0,5
BRDA:91,5,1,0
BRDA:103,6,0,5
BRDA:103,6,1,5
BRDA:108,7,0,2
BRDA:108,7,1,1
BRDA:110,8,0,2
BRDA:110,8,1,0
BRDA:116,9,0,2
BRDA:116,9,1,0
BRDA:138,10,0,0
BRF:20
BRH:16
end_of_record
TN:
SF:/Users/sth1pal/Documents/Development/JavaScript/nodejs/ts6/dev/hsLibs/d3/hsGraphD3/src/plots/OrdinalSeriesPlot.ts
FN:61,accessor
FN:65,(anonymous_1)
FN:66,(anonymous_2)
FN:74,(anonymous_3)
FN:84,(anonymous_4)
FN:90,(anonymous_5)
FN:97,(anonymous_6)
FN:106,(anonymous_7)
FN:110,(anonymous_8)
FN:119,(anonymous_9)
FN:122,(anonymous_10)
FN:124,(anonymous_11)
FN:127,(anonymous_12)
FN:131,(anonymous_13)
FN:140,(anonymous_14)
FN:142,(anonymous_15)
FN:152,(anonymous_16)
FN:154,(anonymous_17)
FN:154,(anonymous_18)
FN:161,(anonymous_19)
FN:164,(anonymous_20)
FN:165,(anonymous_21)
FN:166,(anonymous_22)
FN:167,(anonymous_23)
FN:170,(anonymous_24)
FN:174,(anonymous_25)
FN:175,(anonymous_26)
FN:176,(anonymous_27)
FN:177,(anonymous_28)
FN:181,(anonymous_29)
FN:186,(anonymous_30)
FN:186,(anonymous_31)
FN:192,(anonymous_32)
FN:193,(anonymous_33)
FN:195,(anonymous_34)
FN:196,(anonymous_35)
FN:201,stepLine
FN:204,(anonymous_37)
FN:205,(anonymous_38)
FN:214,(anonymous_39)
FN:218,(anonymous_40)
FNF:41
FNH:37
FNDA:20,accessor
FNDA:0,(anonymous_1)
FNDA:168,(anonymous_2)
FNDA:4,(anonymous_3)
FNDA:8,(anonymous_4)
FNDA:24,(anonymous_5)
FNDA:4,(anonymous_6)
FNDA:4,(anonymous_7)
FNDA:4,(anonymous_8)
FNDA:0,(anonymous_9)
FNDA:2,(anonymous_10)
FNDA:2,(anonymous_11)
FNDA:4,(anonymous_12)
FNDA:24,(anonymous_13)
FNDA:10,(anonymous_14)
FNDA:50,(anonymous_15)
FNDA:8,(anonymous_16)
FNDA:192,(anonymous_17)
FNDA:0,(anonymous_18)
FNDA:48,(anonymous_19)
FNDA:24,(anonymous_20)
FNDA:24,(anonymous_21)
FNDA:24,(anonymous_22)
FNDA:24,(anonymous_23)
FNDA:48,(anonymous_24)
FNDA:24,(anonymous_25)
FNDA:24,(anonymous_26)
FNDA:24,(anonymous_27)
FNDA:24,(anonymous_28)
FNDA:2,(anonymous_29)
FNDA:12,(anonymous_30)
FNDA:0,(anonymous_31)
FNDA:6,(anonymous_32)
FNDA:6,(anonymous_33)
FNDA:6,(anonymous_34)
FNDA:6,(anonymous_35)
FNDA:2,stepLine
FNDA:2,(anonymous_37)
FNDA:12,(anonymous_38)
FNDA:2,(anonymous_39)
FNDA:2,(anonymous_40)
DA:23,10
DA:32,10
DA:35,10
DA:61,10
DA:62,20
DA:63,20
DA:64,20
DA:65,0
DA:66,168
DA:73,10
DA:75,4
DA:76,4
DA:77,4
DA:78,4
DA:79,4
DA:80,4
DA:81,4
DA:85,8
DA:86,8
DA:87,4
DA:88,4
DA:89,4
DA:90,24
DA:92,4
DA:98,4
DA:99,4
DA:100,4
DA:101,4
DA:107,4
DA:111,4
DA:112,4
DA:113,4
DA:123,2
DA:124,2
DA:128,4
DA:129,4
DA:130,4
DA:131,24
DA:132,4
DA:133,4
DA:141,10
DA:142,50
DA:143,10
DA:144,10
DA:145,10
DA:146,10
DA:147,10
DA:148,10
DA:149,10
DA:153,8
DA:154,192
DA:155,8
DA:156,8
DA:158,8
DA:159,4
DA:160,4
DA:161,48
DA:162,4
DA:163,4
DA:164,24
DA:165,24
DA:166,24
DA:167,24
DA:169,4
DA:170,48
DA:171,4
DA:172,4
DA:173,4
DA:174,24
DA:175,24
DA:176,24
DA:177,24
DA:182,2
DA:183,2
DA:184,2
DA:185,2
DA:186,12
DA:187,2
DA:188,2
DA:190,2
DA:192,6
DA:193,6
DA:195,6
DA:196,6
DA:197,2
DA:204,2
DA:205,2
DA:206,12
DA:207,12
DA:208,12
DA:212,2
DA:214,2
DA:215,2
DA:216,2
DA:218,2
DA:219,2
DA:220,2
DA:222,2
LF:98
LH:97
BRDA:61,0,0,20
BRDA:65,1,0,0
BRDA:65,1,1,20
BRDA:66,2,0,96
BRDA:66,2,1,72
BRDA:85,3,0,4
BRDA:85,3,1,4
BRDA:86,4,0,4
BRDA:86,4,1,4
BRDA:86,5,0,8
BRDA:86,5,1,8
BRDA:90,6,0,0
BRDA:90,6,1,24
BRDA:129,7,0,4
BRDA:129,7,1,0
BRDA:141,8,0,10
BRDA:141,8,1,0
BRDA:143,9,0,10
BRDA:143,9,1,6
BRDA:147,10,0,10
BRDA:147,10,1,0
BRDA:148,11,0,10
BRDA:148,11,1,0
BRDA:154,12,0,8
BRDA:154,12,1,0
BRDA:158,13,0,4
BRDA:158,13,1,4
BRDA:186,14,0,2
BRDA:186,14,1,0
BRDA:191,15,0,1
BRDA:191,15,1,1
BRDA:208,16,0,2
BRDA:208,16,1,10
BRDA:209,17,0,6
BRDA:209,17,1,6
BRF:35
BRH:27
end_of_record
TN:
SF:/Users/sth1pal/Documents/Development/JavaScript/nodejs/ts6/dev/hsLibs/d3/hsGraphD3/src/plots/TimeSeries.ts
FN:87,(anonymous_0)
FN:95,(anonymous_1)
FN:100,(anonymous_2)
FN:106,(anonymous_3)
FN:110,(anonymous_4)
FN:122,(anonymous_5)
FN:129,(anonymous_6)
FN:140,(anonymous_7)
FN:144,(anonymous_8)
FN:151,(anonymous_9)
FNF:10
FNH:10
FNDA:1,(anonymous_0)
FNDA:1,(anonymous_1)
FNDA:1,(anonymous_2)
FNDA:1,(anonymous_3)
FNDA:1,(anonymous_4)
FNDA:1,(anonymous_5)
FNDA:4,(anonymous_6)
FNDA:2,(anonymous_7)
FNDA:1,(anonymous_8)
FNDA:1,(anonymous_9)
DA:76,10
DA:80,10
DA:81,10
DA:87,10
DA:89,10
DA:96,1
DA:97,1
DA:101,1
DA:103,1
DA:107,1
DA:111,1
DA:112,1
DA:113,1
DA:114,1
DA:115,1
DA:116,1
DA:117,1
DA:118,1
DA:123,1
DA:124,1
DA:125,1
DA:126,1
DA:127,1
DA:128,1
DA:129,4
DA:130,1
DA:131,1
DA:141,2
DA:145,1
DA:152,1
LF:30
LH:30
BRDA:112,0,0,0
BRDA:112,0,1,1
BRDA:114,1,0,1
BRDA:114,1,1,0
BRDA:117,2,0,1
BRDA:117,2,1,0
BRDA:123,3,0,0
BRDA:123,3,1,1
BRDA:125,4,0,0
BRDA:125,4,1,1
BRDA:127,5,0,1
BRDA:127,5,1,0
BRF:12
BRH:6
end_of_record
TN:
SF:/Users/sth1pal/Documents/Development/JavaScript/nodejs/ts6/dev/hsLibs/d3/hsGraphD3/src/plots/Voronoi.ts
FN:122,(anonymous_0)
FN:127,(anonymous_1)
FN:133,(anonymous_2)
FN:141,(anonymous_3)
FN:142,(anonymous_4)
FN:148,(anonymous_5)
FN:164,(anonymous_6)
FN:167,(anonymous_7)
FN:183,(anonymous_8)
FN:184,(anonymous_9)
FNF:10
FNH:6
FNDA:1,(anonymous_0)
FNDA:1,(anonymous_1)
FNDA:1,(anonymous_2)
FNDA:4,(anonymous_3)
FNDA:4,(anonymous_4)
FNDA:1,(anonymous_5)
FNDA:0,(anonymous_6)
FNDA:0,(anonymous_7)
FNDA:0,(anonymous_8)
FNDA:0,(anonymous_9)
DA:110,10
DA:111,10
DA:113,10
DA:120,10
DA:122,10
DA:124,10
DA:128,1
DA:129,1
DA:130,1
DA:134,1
DA:135,1
DA:136,1
DA:137,1
DA:138,1
DA:139,1
DA:140,1
DA:141,4
DA:142,4
DA:145,1
DA:149,1
DA:150,1
DA:151,1
DA:165,0
DA:166,0
DA:167,0
DA:168,0
DA:169,0
DA:170,0
DA:171,0
DA:174,0
DA:184,0
DA:185,0
DA:186,0
DA:187,0
DA:189,0
LF:35
LH:22
BRDA:135,0,0,0
BRDA:135,0,1,1
BRDA:136,1,0,0
BRDA:136,1,1,1
BRDA:150,2,0,1
BRDA:150,2,1,0
BRDA:169,3,0,0
BRDA:169,3,1,0
BRDA:189,4,0,0
BRDA:189,4,1,0
BRF:10
BRH:3
end_of_record
