TN:
SF:/Users/sth1pal/Documents/Development/JavaScript/nodejs/ts6/dev/hsLibs/d3/hsGraphD3/src/Axis.ts
FN:45,(anonymous_0)
FN:74,(anonymous_1)
FN:80,(anonymous_2)
FN:82,(anonymous_3)
FN:91,(anonymous_4)
FN:94,(anonymous_5)
FN:97,(anonymous_6)
FN:100,(anonymous_7)
FN:112,(anonymous_8)
FN:119,(anonymous_9)
FN:131,(anonymous_10)
FN:135,(anonymous_11)
FN:162,(anonymous_12)
FN:196,(anonymous_13)
FNF:14
FNH:14
FNDA:8,(anonymous_0)
FNDA:10,(anonymous_1)
FNDA:18,(anonymous_2)
FNDA:10,(anonymous_3)
FNDA:8,(anonymous_4)
FNDA:8,(anonymous_5)
FNDA:8,(anonymous_6)
FNDA:16,(anonymous_7)
FNDA:20,(anonymous_8)
FNDA:20,(anonymous_9)
FNDA:16,(anonymous_10)
FNDA:16,(anonymous_11)
FNDA:16,(anonymous_12)
FNDA:16,(anonymous_13)
DA:30,8
DA:31,8
DA:32,8
DA:37,8
DA:42,8
DA:43,8
DA:45,8
DA:46,8
DA:47,8
DA:69,8
DA:70,8
DA:72,10
DA:75,10
DA:76,10
DA:77,10
DA:80,18
DA:83,10
DA:98,8
DA:99,8
DA:100,16
DA:106,8
DA:113,20
DA:114,20
DA:115,20
DA:116,20
DA:120,20
DA:132,16
DA:136,16
DA:137,16
DA:138,16
DA:141,16
DA:142,16
DA:143,16
DA:144,16
DA:146,16
DA:147,16
DA:148,0
DA:150,16
DA:151,16
DA:153,0
DA:155,16
DA:156,16
DA:158,0
DA:163,16
DA:164,16
DA:165,16
DA:166,8
DA:167,8
DA:168,8
DA:169,8
DA:170,8
DA:171,8
DA:172,0
DA:173,8
DA:174,0
DA:175,0
DA:177,8
DA:178,8
DA:180,8
DA:181,8
DA:182,8
DA:183,8
DA:184,8
DA:185,8
DA:186,0
DA:187,0
DA:188,8
DA:189,0
DA:191,8
DA:192,8
DA:198,16
DA:199,8
DA:200,8
DA:202,8
DA:203,8
DA:205,16
DA:206,16
LF:77
LH:68
BRDA:45,0,0,8
BRDA:45,0,1,8
BRDA:99,1,0,8
BRDA:99,1,1,0
BRDA:100,2,0,16
BRDA:100,2,1,0
BRDA:147,3,0,0
BRDA:147,3,1,16
BRDA:150,4,0,16
BRDA:150,4,1,0
BRDA:155,5,0,16
BRDA:155,5,1,0
BRDA:165,6,0,8
BRDA:165,6,1,8
BRDA:168,7,0,8
BRDA:168,7,1,0
BRDA:168,8,0,1
BRDA:168,8,1,7
BRDA:168,9,0,8
BRDA:168,9,1,1
BRDA:169,10,0,0
BRDA:169,10,1,8
BRDA:171,11,0,0
BRDA:171,11,1,8
BRDA:173,12,0,0
BRDA:173,12,1,8
BRDA:177,13,0,0
BRDA:177,13,1,8
BRDA:182,14,0,8
BRDA:182,14,1,0
BRDA:182,15,0,7
BRDA:182,15,1,1
BRDA:182,16,0,8
BRDA:182,16,1,7
BRDA:185,17,0,0
BRDA:185,17,1,8
BRDA:188,18,0,0
BRDA:188,18,1,8
BRDA:191,19,0,0
BRDA:191,19,1,8
BRDA:198,20,0,8
BRDA:198,20,1,8
BRDA:200,21,0,8
BRDA:200,21,1,0
BRDA:203,22,0,8
BRDA:203,22,1,0
BRF:46
BRH:30
end_of_record
TN:
SF:/Users/sth1pal/Documents/Development/JavaScript/nodejs/ts6/dev/hsLibs/d3/hsGraphD3/src/Canvas.ts
FN:41,(anonymous_0)
FN:45,(anonymous_1)
FN:47,(anonymous_2)
FN:51,(anonymous_3)
FN:55,(anonymous_4)
FN:62,(anonymous_5)
FNF:6
FNH:6
FNDA:10,(anonymous_0)
FNDA:18,(anonymous_1)
FNDA:10,(anonymous_2)
FNDA:8,(anonymous_3)
FNDA:8,(anonymous_4)
FNDA:8,(anonymous_5)
DA:32,8
DA:33,8
DA:38,8
DA:39,8
DA:42,10
DA:45,18
DA:48,10
DA:52,8
DA:63,8
DA:64,8
DA:65,8
LF:11
LH:11
BRF:0
BRH:0
end_of_record
TN:
SF:/Users/sth1pal/Documents/Development/JavaScript/nodejs/ts6/dev/hsLibs/d3/hsGraphD3/src/CartSeriesPlot.ts
FN:41,(anonymous_0)
FN:46,(anonymous_1)
FN:57,(anonymous_2)
FN:66,(anonymous_3)
FN:86,(anonymous_4)
FN:91,(anonymous_5)
FNF:6
FNH:6
FNDA:8,(anonymous_0)
FNDA:8,(anonymous_1)
FNDA:8,(anonymous_2)
FNDA:8,(anonymous_3)
FNDA:8,(anonymous_4)
FNDA:8,(anonymous_5)
DA:14,8
DA:23,8
DA:24,8
DA:34,8
DA:42,8
DA:43,8
DA:47,8
DA:58,8
DA:59,8
DA:60,8
DA:61,8
DA:67,8
DA:68,8
DA:69,8
DA:70,8
DA:72,8
DA:73,8
DA:75,8
DA:76,8
DA:78,8
DA:79,8
DA:81,8
DA:82,8
DA:83,8
DA:92,8
DA:93,8
DA:94,8
DA:95,8
LF:28
LH:28
BRDA:59,0,0,4
BRDA:59,0,1,4
BRDA:60,1,0,0
BRDA:60,1,1,8
BRDA:73,2,0,4
BRDA:73,2,1,4
BRDA:93,3,0,5
BRDA:93,3,1,3
BRDA:94,4,0,6
BRDA:94,4,1,2
BRDA:95,5,0,1
BRDA:95,5,1,7
BRF:12
BRH:11
end_of_record
TN:
SF:/Users/sth1pal/Documents/Development/JavaScript/nodejs/ts6/dev/hsLibs/d3/hsGraphD3/src/Graph.ts
FN:244,(anonymous_0)
FN:252,(anonymous_1)
FN:255,(anonymous_2)
FN:259,(anonymous_3)
FN:264,(anonymous_4)
FN:276,(anonymous_5)
FN:289,(anonymous_6)
FN:293,renderLifecycle
FN:310,(anonymous_8)
FN:311,listener
FN:339,(anonymous_10)
FN:351,(anonymous_11)
FN:352,(anonymous_12)
FN:356,(anonymous_13)
FN:360,(anonymous_14)
FN:367,(anonymous_15)
FN:368,(anonymous_16)
FN:378,(anonymous_17)
FN:385,(anonymous_18)
FN:388,(anonymous_19)
FN:394,(anonymous_20)
FN:416,(anonymous_21)
FN:427,(anonymous_22)
FN:446,(anonymous_23)
FN:458,(anonymous_24)
FNF:25
FNH:21
FNDA:10,(anonymous_0)
FNDA:0,(anonymous_1)
FNDA:8,(anonymous_2)
FNDA:16,(anonymous_3)
FNDA:3,(anonymous_4)
FNDA:0,(anonymous_5)
FNDA:8,(anonymous_6)
FNDA:8,renderLifecycle
FNDA:0,(anonymous_8)
FNDA:0,listener
FNDA:8,(anonymous_10)
FNDA:8,(anonymous_11)
FNDA:40,(anonymous_12)
FNDA:8,(anonymous_13)
FNDA:40,(anonymous_14)
FNDA:8,(anonymous_15)
FNDA:40,(anonymous_16)
FNDA:10,(anonymous_17)
FNDA:10,(anonymous_18)
FNDA:50,(anonymous_19)
FNDA:10,(anonymous_20)
FNDA:10,(anonymous_21)
FNDA:10,(anonymous_22)
FNDA:10,(anonymous_23)
FNDA:10,(anonymous_24)
DA:59,8
DA:61,8
DA:62,8
DA:67,8
DA:69,8
DA:71,8
DA:72,8
DA:73,8
DA:83,8
DA:226,8
DA:237,10
DA:240,10
DA:242,10
DA:245,10
DA:246,10
DA:247,10
DA:248,10
DA:249,10
DA:250,10
DA:251,10
DA:252,10
DA:256,8
DA:260,16
DA:265,3
DA:290,8
DA:291,8
DA:294,8
DA:295,8
DA:296,8
DA:297,8
DA:299,8
DA:300,8
DA:301,8
DA:304,8
DA:305,8
DA:307,8
DA:309,8
DA:312,0
DA:313,0
DA:314,0
DA:315,0
DA:316,0
DA:317,0
DA:320,0
DA:321,0
DA:323,0
DA:341,8
DA:352,40
DA:357,8
DA:358,8
DA:360,8
DA:361,40
DA:362,40
DA:368,40
DA:379,10
DA:386,10
DA:387,10
DA:388,50
DA:395,10
DA:417,10
DA:428,10
DA:430,10
DA:431,10
DA:432,0
DA:433,0
DA:434,0
DA:435,0
DA:436,0
DA:447,10
DA:459,10
LF:70
LH:56
BRDA:295,0,0,8
BRDA:295,0,1,0
BRDA:313,1,0,0
BRDA:313,1,1,0
BRDA:315,2,0,0
BRDA:315,2,1,0
BRDA:316,3,0,0
BRDA:316,3,1,0
BRDA:316,4,0,0
BRDA:316,4,1,0
BRDA:430,5,0,10
BRDA:430,5,1,0
BRDA:431,6,0,0
BRDA:431,6,1,10
BRDA:431,7,0,10
BRDA:431,7,1,10
BRF:16
BRH:5
end_of_record
TN:
SF:/Users/sth1pal/Documents/Development/JavaScript/nodejs/ts6/dev/hsLibs/d3/hsGraphD3/src/GraphCartesian.ts
FN:109,(anonymous_0)
FN:125,(anonymous_1)
FN:133,(anonymous_2)
FN:146,(anonymous_3)
FN:157,(anonymous_4)
FNF:5
FNH:5
FNDA:10,(anonymous_0)
FNDA:8,(anonymous_1)
FNDA:8,(anonymous_2)
FNDA:8,(anonymous_3)
FNDA:8,(anonymous_4)
DA:83,8
DA:88,8
DA:90,8
DA:92,8
DA:96,8
DA:97,8
DA:98,8
DA:99,8
DA:100,8
DA:101,8
DA:102,8
DA:107,8
DA:110,10
DA:111,10
DA:112,10
DA:113,10
DA:114,10
DA:126,8
DA:134,8
DA:135,8
DA:136,8
DA:137,8
DA:138,8
DA:139,8
DA:147,8
DA:148,8
DA:149,8
DA:150,8
DA:151,8
DA:152,8
DA:158,8
DA:159,8
DA:160,8
LF:33
LH:33
BRDA:112,0,0,10
BRDA:112,0,1,10
BRDA:113,1,0,10
BRDA:113,1,1,10
BRDA:114,2,0,10
BRDA:114,2,1,10
BRDA:149,3,0,0
BRDA:149,3,1,8
BRDA:149,4,0,8
BRDA:149,4,1,0
BRDA:150,5,0,0
BRDA:150,5,1,8
BRDA:150,6,0,8
BRDA:150,6,1,0
BRDA:151,7,0,0
BRDA:151,7,1,8
BRDA:151,8,0,8
BRDA:151,8,1,0
BRF:18
BRH:12
end_of_record
TN:
SF:/Users/sth1pal/Documents/Development/JavaScript/nodejs/ts6/dev/hsLibs/d3/hsGraphD3/src/GraphComponent.ts
FN:84,(anonymous_0)
FNF:1
FNH:1
FNDA:50,(anonymous_0)
DA:77,8
DA:85,50
DA:86,50
DA:87,40
DA:89,50
LF:5
LH:5
BRDA:86,0,0,40
BRDA:86,0,1,10
BRF:2
BRH:2
end_of_record
TN:
SF:/Users/sth1pal/Documents/Development/JavaScript/nodejs/ts6/dev/hsLibs/d3/hsGraphD3/src/Grid.ts
FN:42,(anonymous_0)
FN:66,(anonymous_1)
FN:70,(anonymous_2)
FN:72,(anonymous_3)
FN:86,(anonymous_4)
FN:93,(anonymous_5)
FN:96,(anonymous_6)
FN:110,(anonymous_7)
FN:116,(anonymous_8)
FN:127,(anonymous_9)
FN:132,(anonymous_10)
FN:133,(anonymous_11)
FN:135,(anonymous_12)
FN:136,(anonymous_13)
FNF:14
FNH:14
FNDA:8,(anonymous_0)
FNDA:10,(anonymous_1)
FNDA:18,(anonymous_2)
FNDA:10,(anonymous_3)
FNDA:8,(anonymous_4)
FNDA:8,(anonymous_5)
FNDA:8,(anonymous_6)
FNDA:32,(anonymous_7)
FNDA:32,(anonymous_8)
FNDA:187,(anonymous_9)
FNDA:187,(anonymous_10)
FNDA:187,(anonymous_11)
FNDA:187,(anonymous_12)
FNDA:187,(anonymous_13)
DA:30,8
DA:31,8
DA:37,8
DA:38,8
DA:39,8
DA:42,8
DA:43,8
DA:44,8
DA:59,8
DA:60,8
DA:62,10
DA:67,10
DA:70,18
DA:73,10
DA:87,8
DA:88,8
DA:89,8
DA:90,8
DA:97,8
DA:98,8
DA:99,8
DA:100,8
DA:101,8
DA:106,8
DA:110,32
DA:111,32
DA:112,32
DA:113,32
DA:117,32
DA:118,32
DA:119,30
DA:120,30
DA:121,30
DA:122,30
DA:123,30
DA:124,30
DA:127,187
DA:128,30
DA:129,30
DA:132,187
DA:133,187
DA:135,187
DA:136,187
LF:43
LH:43
BRDA:42,0,0,8
BRDA:42,0,1,8
BRDA:97,1,0,8
BRDA:97,1,1,0
BRDA:110,2,0,0
BRDA:118,3,0,30
BRDA:118,3,1,2
BRDA:120,4,0,15
BRDA:120,4,1,15
BRDA:125,5,0,16
BRDA:125,5,1,14
BRF:11
BRH:9
end_of_record
TN:
SF:/Users/sth1pal/Documents/Development/JavaScript/nodejs/ts6/dev/hsLibs/d3/hsGraphD3/src/Scale.ts
FN:132,(anonymous_0)
FN:152,(anonymous_1)
FN:154,(anonymous_2)
FN:155,(anonymous_3)
FN:156,(anonymous_4)
FN:157,(anonymous_5)
FN:160,(anonymous_6)
FN:173,(anonymous_7)
FN:194,(anonymous_8)
FN:196,(anonymous_9)
FN:199,_range
FN:210,_domain
FN:220,(anonymous_12)
FN:224,(anonymous_13)
FN:225,(anonymous_14)
FN:236,(anonymous_15)
FN:236,(anonymous_16)
FN:238,(anonymous_17)
FN:240,(anonymous_18)
FN:250,(anonymous_19)
FN:254,(anonymous_20)
FN:256,(anonymous_21)
FN:266,(anonymous_22)
FN:267,(anonymous_23)
FN:270,(anonymous_24)
FN:277,(anonymous_25)
FN:281,(anonymous_26)
FN:283,(anonymous_27)
FN:293,(anonymous_28)
FN:297,(anonymous_29)
FN:299,(anonymous_30)
FN:309,(anonymous_31)
FN:313,(anonymous_32)
FNF:33
FNH:21
FNDA:30,(anonymous_0)
FNDA:10,(anonymous_1)
FNDA:18,(anonymous_2)
FNDA:8,(anonymous_3)
FNDA:8,(anonymous_4)
FNDA:8,(anonymous_5)
FNDA:10,(anonymous_6)
FNDA:24,(anonymous_7)
FNDA:24,(anonymous_8)
FNDA:24,(anonymous_9)
FNDA:54,_range
FNDA:42,_domain
FNDA:941,(anonymous_12)
FNDA:0,(anonymous_13)
FNDA:16,(anonymous_14)
FNDA:24,(anonymous_15)
FNDA:30,(anonymous_16)
FNDA:0,(anonymous_17)
FNDA:24,(anonymous_18)
FNDA:0,(anonymous_19)
FNDA:0,(anonymous_20)
FNDA:0,(anonymous_21)
FNDA:0,(anonymous_22)
FNDA:0,(anonymous_23)
FNDA:0,(anonymous_24)
FNDA:0,(anonymous_25)
FNDA:0,(anonymous_26)
FNDA:0,(anonymous_27)
FNDA:24,(anonymous_28)
FNDA:40,(anonymous_29)
FNDA:24,(anonymous_30)
FNDA:24,(anonymous_31)
FNDA:0,(anonymous_32)
DA:49,8
DA:51,8
DA:54,8
DA:132,8
DA:133,30
DA:142,30
DA:149,8
DA:150,8
DA:152,10
DA:154,18
DA:161,10
DA:174,24
DA:175,24
DA:181,24
DA:185,8
DA:194,24
DA:200,54
DA:201,24
DA:202,24
DA:204,30
DA:211,42
DA:212,25
DA:213,25
DA:215,17
DA:219,24
DA:220,941
DA:222,24
DA:223,24
DA:224,24
DA:225,24
DA:226,24
DA:228,24
DA:229,24
DA:230,24
DA:231,24
DA:236,30
DA:238,0
DA:241,24
DA:242,24
DA:250,0
DA:251,0
DA:254,0
DA:257,0
DA:258,0
DA:259,0
DA:260,0
DA:261,0
DA:262,0
DA:263,0
DA:267,0
DA:271,0
DA:277,0
DA:278,0
DA:281,0
DA:284,0
DA:285,0
DA:293,24
DA:294,24
DA:297,40
DA:300,24
DA:301,24
DA:309,24
DA:313,0
LF:63
LH:44
BRDA:138,0,0,30
BRDA:138,0,1,20
BRDA:139,1,0,30
BRDA:139,1,1,20
BRDA:174,2,0,0
BRDA:174,2,1,24
BRDA:200,3,0,24
BRDA:200,3,1,30
BRDA:211,4,0,25
BRDA:211,4,1,17
BRDA:243,5,0,16
BRDA:243,5,1,8
BRDA:243,6,0,24
BRDA:243,6,1,16
BRDA:244,7,0,16
BRDA:244,7,1,8
BRDA:244,8,0,24
BRDA:244,8,1,16
BRDA:271,9,0,0
BRDA:271,9,1,0
BRDA:286,10,0,0
BRDA:286,10,1,0
BRDA:286,11,0,0
BRDA:286,11,1,0
BRDA:287,12,0,0
BRDA:287,12,1,0
BRDA:287,13,0,0
BRDA:287,13,1,0
BRDA:302,14,0,20
BRDA:302,14,1,4
BRDA:302,15,0,24
BRDA:302,15,1,20
BRDA:303,16,0,20
BRDA:303,16,1,4
BRDA:303,17,0,24
BRDA:303,17,1,20
BRF:36
BRH:25
end_of_record
TN:
SF:/Users/sth1pal/Documents/Development/JavaScript/nodejs/ts6/dev/hsLibs/d3/hsGraphD3/src/Series.ts
FN:61,expandNumDomain
FN:68,(anonymous_1)
FN:75,(anonymous_2)
FN:87,expandOrdinalDomain
FN:93,(anonymous_4)
FN:101,(anonymous_5)
FN:110,stretchDomains
FN:112,(anonymous_7)
FN:115,(anonymous_8)
FN:149,(anonymous_9)
FN:134,(anonymous_10)
FN:144,(anonymous_11)
FN:154,(anonymous_12)
FN:156,(anonymous_13)
FN:160,(anonymous_14)
FN:163,(anonymous_15)
FN:164,(anonymous_16)
FN:176,(anonymous_17)
FN:177,(anonymous_18)
FN:183,(anonymous_19)
FN:197,(anonymous_20)
FN:200,(anonymous_21)
FN:203,(anonymous_22)
FN:216,(anonymous_23)
FNF:24
FNH:20
FNDA:20,expandNumDomain
FNDA:4,(anonymous_1)
FNDA:80,(anonymous_2)
FNDA:0,expandOrdinalDomain
FNDA:0,(anonymous_4)
FNDA:0,(anonymous_5)
FNDA:8,stretchDomains
FNDA:24,(anonymous_7)
FNDA:32,(anonymous_8)
FNDA:10,(anonymous_9)
FNDA:56,(anonymous_10)
FNDA:6,(anonymous_11)
FNDA:26,(anonymous_12)
FNDA:8,(anonymous_13)
FNDA:8,(anonymous_14)
FNDA:8,(anonymous_15)
FNDA:8,(anonymous_16)
FNDA:8,(anonymous_17)
FNDA:8,(anonymous_18)
FNDA:10,(anonymous_19)
FNDA:8,(anonymous_20)
FNDA:8,(anonymous_21)
FNDA:0,(anonymous_22)
FNDA:8,(anonymous_23)
DA:34,8
DA:35,8
DA:41,8
DA:45,8
DA:62,20
DA:63,20
DA:64,20
DA:67,20
DA:68,4
DA:69,1
DA:70,1
DA:72,19
DA:73,19
DA:75,80
DA:76,19
DA:77,19
DA:78,19
DA:79,0
DA:80,0
DA:84,20
DA:88,0
DA:89,0
DA:90,0
DA:92,0
DA:93,0
DA:94,0
DA:95,0
DA:98,0
DA:99,0
DA:101,0
DA:102,0
DA:103,0
DA:107,0
DA:111,8
DA:112,8
DA:113,24
DA:114,24
DA:115,32
DA:116,20
DA:117,0
DA:118,20
DA:126,8
DA:127,8
DA:131,8
DA:135,56
DA:136,0
DA:137,0
DA:139,56
DA:140,56
DA:144,6
DA:147,10
DA:150,10
DA:154,26
DA:159,8
DA:160,8
DA:164,8
DA:177,8
DA:184,10
DA:198,8
DA:200,8
DA:203,0
DA:204,0
DA:205,0
DA:208,8
DA:217,8
DA:218,8
DA:219,8
DA:220,8
DA:221,8
DA:222,8
DA:223,8
DA:224,8
DA:225,8
DA:227,0
LF:74
LH:52
BRDA:62,0,0,20
BRDA:62,0,1,0
BRDA:67,1,0,1
BRDA:67,1,1,19
BRDA:73,2,0,0
BRDA:73,2,1,19
BRDA:78,3,0,0
BRDA:78,3,1,19
BRDA:88,4,0,0
BRDA:88,4,1,0
BRDA:92,5,0,0
BRDA:92,5,1,0
BRDA:95,6,0,0
BRDA:95,6,1,0
BRDA:99,7,0,0
BRDA:99,7,1,0
BRDA:103,8,0,0
BRDA:103,8,1,0
BRDA:115,9,0,20
BRDA:115,9,1,12
BRDA:117,10,0,0
BRDA:117,10,1,20
BRDA:135,11,0,0
BRDA:135,11,1,56
BRDA:165,12,0,8
BRDA:165,12,1,0
BRDA:178,13,0,8
BRDA:178,13,1,0
BRDA:198,14,0,8
BRDA:198,14,1,0
BRDA:218,15,0,8
BRDA:218,15,1,0
BRF:32
BRH:13
end_of_record
TN:
SF:/Users/sth1pal/Documents/Development/JavaScript/nodejs/ts6/dev/hsLibs/d3/hsGraphD3/src/SeriesPlot.ts
FN:50,(anonymous_0)
FN:55,(anonymous_1)
FN:62,(anonymous_2)
FN:75,(anonymous_3)
FNF:4
FNH:4
FNDA:8,(anonymous_0)
FNDA:48,(anonymous_1)
FNDA:8,(anonymous_2)
FNDA:8,(anonymous_3)
DA:20,8
DA:21,8
DA:22,8
DA:40,8
DA:51,8
DA:52,8
DA:55,48
DA:63,8
DA:68,8
DA:69,8
DA:70,8
DA:71,8
DA:76,8
DA:77,8
LF:14
LH:14
BRDA:77,0,0,8
BRDA:77,0,1,0
BRF:2
BRH:1
end_of_record
TN:
SF:/Users/sth1pal/Documents/Development/JavaScript/nodejs/ts6/dev/hsLibs/d3/hsGraphD3/src/Settings.ts
FN:97,(anonymous_0)
FN:112,(anonymous_1)
FN:121,(anonymous_2)
FN:127,(anonymous_3)
FN:140,(anonymous_4)
FN:149,(anonymous_5)
FN:162,(anonymous_6)
FN:176,setStroke
FN:184,setFill
FN:190,setRect
FN:198,setText
FNF:11
FNH:11
FNDA:8,(anonymous_0)
FNDA:126,(anonymous_1)
FNDA:80,(anonymous_2)
FNDA:18,(anonymous_3)
FNDA:10,(anonymous_4)
FNDA:20,(anonymous_5)
FNDA:8,(anonymous_6)
FNDA:86,setStroke
FNDA:24,setFill
FNDA:8,setRect
FNDA:16,setText
DA:39,8
DA:97,8
DA:98,8
DA:112,8
DA:113,126
DA:121,8
DA:122,80
DA:123,80
DA:124,80
DA:127,8
DA:128,18
DA:140,8
DA:141,10
DA:149,8
DA:150,20
DA:162,8
DA:163,8
DA:176,8
DA:177,86
DA:184,8
DA:185,24
DA:190,8
DA:191,8
DA:193,8
DA:194,8
DA:195,8
DA:198,8
DA:199,16
LF:28
LH:28
BRDA:97,0,0,8
BRDA:97,0,1,8
BRDA:112,1,0,36
BRDA:121,2,0,40
BRDA:127,3,0,8
BRDA:127,4,0,8
BRDA:140,5,0,0
BRDA:140,6,0,0
BRDA:149,7,0,20
BRDA:162,8,0,8
BRDA:162,9,0,8
BRDA:162,10,0,8
BRF:12
BRH:10
end_of_record
TN:
SF:/Users/sth1pal/Documents/Development/JavaScript/nodejs/ts6/dev/hsLibs/d3/hsGraphD3/src/index.ts
FNF:0
FNH:0
DA:1,7
DA:2,7
LF:2
LH:2
BRF:0
BRH:0
end_of_record
TN:
SF:/Users/sth1pal/Documents/Development/JavaScript/nodejs/ts6/dev/hsLibs/d3/hsGraphD3/src/plots/Area.ts
FN:75,(anonymous_0)
FN:78,(anonymous_1)
FNF:2
FNH:2
FNDA:1,(anonymous_0)
FNDA:1,(anonymous_1)
DA:68,8
DA:69,8
DA:73,8
DA:75,8
DA:77,8
DA:79,1
DA:80,1
DA:81,1
DA:82,1
DA:83,1
LF:10
LH:10
BRF:0
BRH:0
end_of_record
TN:
SF:/Users/sth1pal/Documents/Development/JavaScript/nodejs/ts6/dev/hsLibs/d3/hsGraphD3/src/plots/Bar.ts
FN:77,(anonymous_0)
FN:81,(anonymous_1)
FN:87,(anonymous_2)
FN:93,(anonymous_3)
FN:96,(anonymous_4)
FN:101,(anonymous_5)
FN:102,(anonymous_6)
FN:103,(anonymous_7)
FN:104,(anonymous_8)
FNF:9
FNH:0
FNDA:0,(anonymous_0)
FNDA:0,(anonymous_1)
FNDA:0,(anonymous_2)
FNDA:0,(anonymous_3)
FNDA:0,(anonymous_4)
FNDA:0,(anonymous_5)
FNDA:0,(anonymous_6)
FNDA:0,(anonymous_7)
FNDA:0,(anonymous_8)
DA:67,8
DA:69,8
DA:72,8
DA:74,8
DA:77,8
DA:80,8
DA:82,0
DA:83,0
DA:84,0
DA:88,0
DA:89,0
DA:90,0
DA:94,0
DA:95,0
DA:96,0
DA:97,0
DA:98,0
DA:99,0
DA:100,0
DA:101,0
DA:102,0
DA:103,0
DA:104,0
LF:23
LH:6
BRF:0
BRH:0
end_of_record
TN:
SF:/Users/sth1pal/Documents/Development/JavaScript/nodejs/ts6/dev/hsLibs/d3/hsGraphD3/src/plots/Bubble.ts
FN:70,(anonymous_0)
FN:73,(anonymous_1)
FNF:2
FNH:2
FNDA:1,(anonymous_0)
FNDA:1,(anonymous_1)
DA:62,8
DA:64,8
DA:68,8
DA:70,8
DA:72,8
DA:74,1
DA:75,1
DA:76,1
DA:77,1
DA:78,1
LF:10
LH:10
BRF:0
BRH:0
end_of_record
TN:
SF:/Users/sth1pal/Documents/Development/JavaScript/nodejs/ts6/dev/hsLibs/d3/hsGraphD3/src/plots/Column.ts
FN:77,(anonymous_0)
FN:81,(anonymous_1)
FN:87,(anonymous_2)
FN:93,(anonymous_3)
FN:96,(anonymous_4)
FN:101,(anonymous_5)
FN:102,(anonymous_6)
FN:103,(anonymous_7)
FN:104,(anonymous_8)
FNF:9
FNH:0
FNDA:0,(anonymous_0)
FNDA:0,(anonymous_1)
FNDA:0,(anonymous_2)
FNDA:0,(anonymous_3)
FNDA:0,(anonymous_4)
FNDA:0,(anonymous_5)
FNDA:0,(anonymous_6)
FNDA:0,(anonymous_7)
FNDA:0,(anonymous_8)
DA:67,8
DA:69,8
DA:72,8
DA:74,8
DA:77,8
DA:80,8
DA:82,0
DA:83,0
DA:84,0
DA:88,0
DA:89,0
DA:90,0
DA:94,0
DA:95,0
DA:96,0
DA:97,0
DA:98,0
DA:99,0
DA:100,0
DA:101,0
DA:102,0
DA:103,0
DA:104,0
LF:23
LH:6
BRF:0
BRH:0
end_of_record
TN:
SF:/Users/sth1pal/Documents/Development/JavaScript/nodejs/ts6/dev/hsLibs/d3/hsGraphD3/src/plots/Line.ts
FN:71,(anonymous_0)
FNF:1
FNH:1
FNDA:4,(anonymous_0)
DA:64,8
DA:65,8
DA:69,8
DA:71,8
DA:73,8
LF:5
LH:5
BRF:0
BRH:0
end_of_record
TN:
SF:/Users/sth1pal/Documents/Development/JavaScript/nodejs/ts6/dev/hsLibs/d3/hsGraphD3/src/plots/NumericSeriesPlot.ts
FN:55,accessor
FN:61,(anonymous_1)
FN:62,(anonymous_2)
FN:75,(anonymous_3)
FN:79,(anonymous_4)
FN:82,(anonymous_5)
FN:88,(anonymous_6)
FN:92,(anonymous_7)
FN:101,(anonymous_8)
FN:103,(anonymous_9)
FN:106,(anonymous_10)
FN:118,(anonymous_11)
FN:121,(anonymous_12)
FN:127,(anonymous_13)
FN:128,(anonymous_14)
FN:129,(anonymous_15)
FN:137,(anonymous_16)
FN:137,(anonymous_17)
FN:145,(anonymous_18)
FNF:19
FNH:18
FNDA:45,accessor
FNDA:8,(anonymous_1)
FNDA:167,(anonymous_2)
FNDA:8,(anonymous_3)
FNDA:8,(anonymous_4)
FNDA:1,(anonymous_5)
FNDA:5,(anonymous_6)
FNDA:20,(anonymous_7)
FNDA:5,(anonymous_8)
FNDA:5,(anonymous_9)
FNDA:1,(anonymous_10)
FNDA:1,(anonymous_11)
FNDA:10,(anonymous_12)
FNDA:40,(anonymous_13)
FNDA:40,(anonymous_14)
FNDA:40,(anonymous_15)
FNDA:6,(anonymous_16)
FNDA:0,(anonymous_17)
FNDA:5,(anonymous_18)
DA:29,8
DA:30,8
DA:31,8
DA:38,8
DA:55,8
DA:56,45
DA:57,45
DA:60,45
DA:61,8
DA:62,167
DA:69,8
DA:76,8
DA:80,8
DA:81,8
DA:82,8
DA:83,8
DA:89,5
DA:90,5
DA:91,5
DA:92,20
DA:93,5
DA:94,5
DA:102,5
DA:103,5
DA:107,1
DA:108,1
DA:109,1
DA:110,1
DA:111,1
DA:112,1
DA:113,1
DA:114,1
DA:115,1
DA:118,1
DA:122,10
DA:123,10
DA:124,10
DA:125,10
DA:126,10
DA:127,40
DA:128,40
DA:129,40
DA:137,0
DA:138,6
DA:142,6
DA:146,5
LF:46
LH:45
BRDA:55,0,0,35
BRDA:61,1,0,2
BRDA:61,1,1,43
BRDA:62,2,0,5
BRDA:62,2,1,162
BRDA:82,3,0,1
BRDA:82,3,1,7
BRDA:82,4,0,8
BRDA:82,4,1,1
BRDA:90,5,0,5
BRDA:90,5,1,0
BRDA:102,6,0,5
BRDA:102,6,1,5
BRDA:107,7,0,1
BRDA:107,7,1,1
BRDA:109,8,0,1
BRDA:109,8,1,0
BRDA:115,9,0,1
BRDA:115,9,1,0
BRDA:137,10,0,0
BRF:20
BRH:16
end_of_record
TN:
SF:/Users/sth1pal/Documents/Development/JavaScript/nodejs/ts6/dev/hsLibs/d3/hsGraphD3/src/plots/OrdinalSeriesPlot.ts
FN:54,accessor
FN:60,(anonymous_1)
FN:61,(anonymous_2)
FN:70,(anonymous_3)
FN:81,(anonymous_4)
FN:85,(anonymous_5)
FN:91,(anonymous_6)
FN:94,(anonymous_7)
FN:97,(anonymous_8)
FN:101,(anonymous_9)
FNF:10
FNH:0
FNDA:0,accessor
FNDA:0,(anonymous_1)
FNDA:0,(anonymous_2)
FNDA:0,(anonymous_3)
FNDA:0,(anonymous_4)
FNDA:0,(anonymous_5)
FNDA:0,(anonymous_6)
FNDA:0,(anonymous_7)
FNDA:0,(anonymous_8)
FNDA:0,(anonymous_9)
DA:22,8
DA:30,8
DA:54,8
DA:55,0
DA:56,0
DA:59,0
DA:60,0
DA:61,0
DA:68,8
DA:71,0
DA:72,0
DA:73,0
DA:74,0
DA:75,0
DA:76,0
DA:82,0
DA:86,0
DA:98,0
DA:99,0
DA:100,0
DA:101,0
DA:102,0
DA:103,0
LF:23
LH:4
BRDA:54,0,0,0
BRDA:60,1,0,0
BRDA:60,1,1,0
BRDA:61,2,0,0
BRDA:61,2,1,0
BRDA:99,3,0,0
BRDA:99,3,1,0
BRF:7
BRH:0
end_of_record
TN:
SF:/Users/sth1pal/Documents/Development/JavaScript/nodejs/ts6/dev/hsLibs/d3/hsGraphD3/src/plots/TimeSeries.ts
FN:87,(anonymous_0)
FN:95,(anonymous_1)
FN:100,(anonymous_2)
FN:106,(anonymous_3)
FN:110,(anonymous_4)
FN:122,(anonymous_5)
FN:129,(anonymous_6)
FN:140,(anonymous_7)
FN:144,(anonymous_8)
FN:151,(anonymous_9)
FNF:10
FNH:7
FNDA:1,(anonymous_0)
FNDA:1,(anonymous_1)
FNDA:1,(anonymous_2)
FNDA:1,(anonymous_3)
FNDA:1,(anonymous_4)
FNDA:0,(anonymous_5)
FNDA:0,(anonymous_6)
FNDA:1,(anonymous_7)
FNDA:1,(anonymous_8)
FNDA:0,(anonymous_9)
DA:76,8
DA:80,8
DA:81,8
DA:87,8
DA:89,8
DA:96,1
DA:97,1
DA:101,1
DA:103,1
DA:107,1
DA:111,1
DA:112,1
DA:113,1
DA:114,1
DA:115,1
DA:116,1
DA:117,1
DA:118,1
DA:123,0
DA:124,0
DA:125,0
DA:126,0
DA:127,0
DA:128,0
DA:129,0
DA:130,0
DA:131,0
DA:141,1
DA:145,1
DA:152,0
LF:30
LH:20
BRDA:112,0,0,0
BRDA:112,0,1,1
BRDA:114,1,0,1
BRDA:114,1,1,0
BRDA:117,2,0,1
BRDA:117,2,1,0
BRDA:123,3,0,0
BRDA:123,3,1,0
BRDA:125,4,0,0
BRDA:125,4,1,0
BRDA:127,5,0,0
BRDA:127,5,1,0
BRF:12
BRH:3
end_of_record
TN:
SF:/Users/sth1pal/Documents/Development/JavaScript/nodejs/ts6/dev/hsLibs/d3/hsGraphD3/src/plots/Voronoi.ts
FN:122,(anonymous_0)
FN:127,(anonymous_1)
FN:133,(anonymous_2)
FN:141,(anonymous_3)
FN:142,(anonymous_4)
FN:148,(anonymous_5)
FN:164,(anonymous_6)
FN:167,(anonymous_7)
FN:183,(anonymous_8)
FN:184,(anonymous_9)
FNF:10
FNH:6
FNDA:1,(anonymous_0)
FNDA:1,(anonymous_1)
FNDA:1,(anonymous_2)
FNDA:4,(anonymous_3)
FNDA:4,(anonymous_4)
FNDA:1,(anonymous_5)
FNDA:0,(anonymous_6)
FNDA:0,(anonymous_7)
FNDA:0,(anonymous_8)
FNDA:0,(anonymous_9)
DA:110,8
DA:111,8
DA:113,8
DA:120,8
DA:122,8
DA:124,8
DA:128,1
DA:129,1
DA:130,1
DA:134,1
DA:135,1
DA:136,1
DA:137,1
DA:138,1
DA:139,1
DA:140,1
DA:141,4
DA:142,4
DA:145,1
DA:149,1
DA:150,1
DA:151,1
DA:165,0
DA:166,0
DA:167,0
DA:168,0
DA:169,0
DA:170,0
DA:171,0
DA:174,0
DA:184,0
DA:185,0
DA:186,0
DA:187,0
DA:189,0
LF:35
LH:22
BRDA:135,0,0,0
BRDA:135,0,1,1
BRDA:136,1,0,0
BRDA:136,1,1,1
BRDA:150,2,0,1
BRDA:150,2,1,0
BRDA:169,3,0,0
BRDA:169,3,1,0
BRDA:189,4,0,0
BRDA:189,4,1,0
BRF:10
BRH:3
end_of_record
